
*** Running vivado
    with args -log versal_ibert_urlp_2_0.vds -m64 -product Vivado -mode batch -messageDb vivado.pb -notrace -source versal_ibert_urlp_2_0.tcl



****** Vivado v2023.2 (64-bit)
  **** SW Build 4029153 on Fri Oct 13 20:14:34 MDT 2023
  **** IP Build 4028589 on Sat Oct 14 00:45:43 MDT 2023
  **** SharedData Build 4025554 on Tue Oct 10 17:18:54 MDT 2023
    ** Copyright 1986-2022 Xilinx, Inc. All Rights Reserved.
    ** Copyright 2022-2023 Advanced Micro Devices, Inc. All Rights Reserved.

source versal_ibert_urlp_2_0.tcl -notrace
create_project: Time (s): cpu = 00:00:05 ; elapsed = 00:00:08 . Memory (MB): peak = 583.211 ; gain = 182.793
INFO: [IP_Flow 19-6924] IPCACHE: Running cache check for IP inst: versal_ibert_urlp_2_0
Command: synth_design -top versal_ibert_urlp_2_0 -part xcvp1202-vsva2785-2MHP-e-S -incremental_mode off -mode out_of_context
Starting synth_design
Attempting to get a license for feature 'Synthesis' and/or device 'xcvp1202'
INFO: [Common 17-349] Got license for feature 'Synthesis' and/or device 'xcvp1202'
INFO: [Device 21-403] Loading part xcvp1202-vsva2785-2MHP-e-S
INFO: [Synth 8-7079] Multithreading enabled for synth_design using a maximum of 2 processes.
INFO: [Synth 8-7078] Launching helper process for spawning children vivado processes
INFO: [Synth 8-7075] Helper process launched with PID 4232
---------------------------------------------------------------------------------
Starting RTL Elaboration : Time (s): cpu = 00:00:04 ; elapsed = 00:00:19 . Memory (MB): peak = 2616.969 ; gain = 426.801
---------------------------------------------------------------------------------
INFO: [Synth 8-6157] synthesizing module 'versal_ibert_urlp_2_0' [c:/Vulcan/Design_Tool/Board_Demo/VC707/versal_ibert/versal_ibert.gen/sources_1/bd/versal_ibert/ip/versal_ibert_urlp_2_0/synth/versal_ibert_urlp_2_0.v:53]
INFO: [Synth 8-6157] synthesizing module 'util_reduced_logic_v2_0_5_util_reduced_logic' [c:/Vulcan/Design_Tool/Board_Demo/VC707/versal_ibert/versal_ibert.gen/sources_1/bd/versal_ibert/ipshared/7747/hdl/util_reduced_logic_v2_0_vl_rfs.v:118]
INFO: [Synth 8-6155] done synthesizing module 'util_reduced_logic_v2_0_5_util_reduced_logic' (0#1) [c:/Vulcan/Design_Tool/Board_Demo/VC707/versal_ibert/versal_ibert.gen/sources_1/bd/versal_ibert/ipshared/7747/hdl/util_reduced_logic_v2_0_vl_rfs.v:118]
INFO: [Synth 8-6155] done synthesizing module 'versal_ibert_urlp_2_0' (0#1) [c:/Vulcan/Design_Tool/Board_Demo/VC707/versal_ibert/versal_ibert.gen/sources_1/bd/versal_ibert/ip/versal_ibert_urlp_2_0/synth/versal_ibert_urlp_2_0.v:53]
---------------------------------------------------------------------------------
Finished RTL Elaboration : Time (s): cpu = 00:00:06 ; elapsed = 00:00:23 . Memory (MB): peak = 2728.883 ; gain = 538.715
---------------------------------------------------------------------------------
---------------------------------------------------------------------------------
Start Handling Custom Attributes
---------------------------------------------------------------------------------
---------------------------------------------------------------------------------
Finished Handling Custom Attributes : Time (s): cpu = 00:00:06 ; elapsed = 00:00:24 . Memory (MB): peak = 2746.816 ; gain = 556.648
---------------------------------------------------------------------------------
---------------------------------------------------------------------------------
Finished RTL Optimization Phase 1 : Time (s): cpu = 00:00:06 ; elapsed = 00:00:24 . Memory (MB): peak = 2746.816 ; gain = 556.648
---------------------------------------------------------------------------------
Netlist sorting complete. Time (s): cpu = 00:00:00 ; elapsed = 00:00:00 . Memory (MB): peak = 2746.816 ; gain = 0.000
INFO: [Constraints 18-6336] Loading Clock Expansion Window constraints config file for device xcvp1202.
INFO: [Constraints 18-6359] No Clock Expansion Window constraints config file entry for device xcvp1202.  GCLK Deskew mode will be Off and cannot be enabled via GCLK_DESKEW override.
INFO: [Constraints 18-5720] The default GCLK Deskew mode is Off.
INFO: [Project 1-570] Preparing netlist for logic optimization

Processing XDC Constraints
Initializing timing engine
Completed Processing XDC Constraints

Netlist sorting complete. Time (s): cpu = 00:00:00 ; elapsed = 00:00:00.001 . Memory (MB): peak = 2871.887 ; gain = 0.000
INFO: [Project 1-111] Unisim Transformation Summary:
No Unisim elements were transformed.

The system cannot find the path specified.
Constraint Validation Runtime : Time (s): cpu = 00:00:00 ; elapsed = 00:00:00.059 . Memory (MB): peak = 2872.840 ; gain = 0.953
INFO: [Designutils 20-5008] Incremental synthesis strategy off
---------------------------------------------------------------------------------
Finished Constraint Validation : Time (s): cpu = 00:00:17 ; elapsed = 00:00:41 . Memory (MB): peak = 2872.840 ; gain = 682.672
---------------------------------------------------------------------------------
---------------------------------------------------------------------------------
Start Loading Part and Timing Information
---------------------------------------------------------------------------------
Loading part: xcvp1202-vsva2785-2MHP-e-S
INFO: [Synth 8-6742] Reading net delay rules and data
---------------------------------------------------------------------------------
Finished Loading Part and Timing Information : Time (s): cpu = 00:00:17 ; elapsed = 00:00:41 . Memory (MB): peak = 2872.840 ; gain = 682.672
---------------------------------------------------------------------------------
---------------------------------------------------------------------------------
Start Applying 'set_property' XDC Constraints
---------------------------------------------------------------------------------
---------------------------------------------------------------------------------
Finished applying 'set_property' XDC Constraints : Time (s): cpu = 00:00:17 ; elapsed = 00:00:41 . Memory (MB): peak = 2872.840 ; gain = 682.672
---------------------------------------------------------------------------------
---------------------------------------------------------------------------------
Finished RTL Optimization Phase 2 : Time (s): cpu = 00:00:17 ; elapsed = 00:00:42 . Memory (MB): peak = 2872.840 ; gain = 682.672
---------------------------------------------------------------------------------
---------------------------------------------------------------------------------
Start RTL Component Statistics 
---------------------------------------------------------------------------------
Detailed RTL Component Info : 
---------------------------------------------------------------------------------
Finished RTL Component Statistics 
---------------------------------------------------------------------------------
---------------------------------------------------------------------------------
Start Part Resource Summary
---------------------------------------------------------------------------------
Part Resources:
DSPs: 3984 (col length:166)
BRAMs: 2682 (col length: RAMB18 168 RAMB36 84)
---------------------------------------------------------------------------------
Finished Part Resource Summary
---------------------------------------------------------------------------------
---------------------------------------------------------------------------------
Start Cross Boundary and Area Optimization
---------------------------------------------------------------------------------
WARNING: [Synth 8-7080] Parallel synthesis criteria is not met
WARNING: [Synth 8-3330] design versal_ibert_urlp_2_0 has an empty top module
---------------------------------------------------------------------------------
Finished Cross Boundary and Area Optimization : Time (s): cpu = 00:00:20 ; elapsed = 00:00:48 . Memory (MB): peak = 2872.840 ; gain = 682.672
---------------------------------------------------------------------------------
INFO: [Device 21-8972] Using routethru equations.
---------------------------------------------------------------------------------
Start Applying XDC Timing Constraints
---------------------------------------------------------------------------------
---------------------------------------------------------------------------------
Finished Applying XDC Timing Constraints : Time (s): cpu = 00:00:56 ; elapsed = 00:02:09 . Memory (MB): peak = 4366.113 ; gain = 2175.945
---------------------------------------------------------------------------------
---------------------------------------------------------------------------------
Start Timing Optimization
---------------------------------------------------------------------------------
---------------------------------------------------------------------------------
Finished Timing Optimization : Time (s): cpu = 00:00:56 ; elapsed = 00:02:09 . Memory (MB): peak = 4366.113 ; gain = 2175.945
---------------------------------------------------------------------------------
---------------------------------------------------------------------------------
Start Technology Mapping
---------------------------------------------------------------------------------
INFO: [Synth 8-11322] No global retiming is needed without any clock constraint
---------------------------------------------------------------------------------
Finished Technology Mapping : Time (s): cpu = 00:00:56 ; elapsed = 00:02:10 . Memory (MB): peak = 4375.672 ; gain = 2185.504
---------------------------------------------------------------------------------
---------------------------------------------------------------------------------
Start IO Insertion
---------------------------------------------------------------------------------
---------------------------------------------------------------------------------
Start Flattening Before IO Insertion
---------------------------------------------------------------------------------
---------------------------------------------------------------------------------
Finished Flattening Before IO Insertion
---------------------------------------------------------------------------------
---------------------------------------------------------------------------------
Start Final Netlist Cleanup
---------------------------------------------------------------------------------
---------------------------------------------------------------------------------
Finished Final Netlist Cleanup
---------------------------------------------------------------------------------
---------------------------------------------------------------------------------
Finished IO Insertion : Time (s): cpu = 00:01:00 ; elapsed = 00:02:18 . Memory (MB): peak = 4391.449 ; gain = 2201.281
---------------------------------------------------------------------------------
---------------------------------------------------------------------------------
Start Renaming Generated Instances
---------------------------------------------------------------------------------
---------------------------------------------------------------------------------
Finished Renaming Generated Instances : Time (s): cpu = 00:01:00 ; elapsed = 00:02:18 . Memory (MB): peak = 4391.449 ; gain = 2201.281
---------------------------------------------------------------------------------
---------------------------------------------------------------------------------
Start Rebuilding User Hierarchy
---------------------------------------------------------------------------------
---------------------------------------------------------------------------------
Finished Rebuilding User Hierarchy : Time (s): cpu = 00:01:00 ; elapsed = 00:02:18 . Memory (MB): peak = 4391.449 ; gain = 2201.281
---------------------------------------------------------------------------------
---------------------------------------------------------------------------------
Start Renaming Generated Ports
---------------------------------------------------------------------------------
---------------------------------------------------------------------------------
Finished Renaming Generated Ports : Time (s): cpu = 00:01:00 ; elapsed = 00:02:18 . Memory (MB): peak = 4391.449 ; gain = 2201.281
---------------------------------------------------------------------------------
---------------------------------------------------------------------------------
Start Handling Custom Attributes
---------------------------------------------------------------------------------
---------------------------------------------------------------------------------
Finished Handling Custom Attributes : Time (s): cpu = 00:01:00 ; elapsed = 00:02:18 . Memory (MB): peak = 4391.449 ; gain = 2201.281
---------------------------------------------------------------------------------
---------------------------------------------------------------------------------
Start Renaming Generated Nets
---------------------------------------------------------------------------------
---------------------------------------------------------------------------------
Finished Renaming Generated Nets : Time (s): cpu = 00:01:00 ; elapsed = 00:02:18 . Memory (MB): peak = 4391.449 ; gain = 2201.281
---------------------------------------------------------------------------------
---------------------------------------------------------------------------------
Start Writing Synthesis Report
---------------------------------------------------------------------------------

Report BlackBoxes: 
+-+--------------+----------+
| |BlackBox name |Instances |
+-+--------------+----------+
+-+--------------+----------+

Report Cell Usage: 
+-+-----+------+
| |Cell |Count |
+-+-----+------+
+-+-----+------+
---------------------------------------------------------------------------------
Finished Writing Synthesis Report : Time (s): cpu = 00:01:00 ; elapsed = 00:02:18 . Memory (MB): peak = 4391.449 ; gain = 2201.281
---------------------------------------------------------------------------------
Synthesis finished with 0 errors, 0 critical warnings and 2 warnings.
Synthesis Optimization Runtime : Time (s): cpu = 00:00:50 ; elapsed = 00:02:10 . Memory (MB): peak = 4391.449 ; gain = 2075.258
Synthesis Optimization Complete : Time (s): cpu = 00:01:00 ; elapsed = 00:02:19 . Memory (MB): peak = 4391.449 ; gain = 2201.281
INFO: [Project 1-571] Translating synthesized netlist
Netlist sorting complete. Time (s): cpu = 00:00:00 ; elapsed = 00:00:00 . Memory (MB): peak = 4391.449 ; gain = 0.000
INFO: [Constraints 18-6336] Loading Clock Expansion Window constraints config file for device xcvp1202.
INFO: [Constraints 18-6359] No Clock Expansion Window constraints config file entry for device xcvp1202.  GCLK Deskew mode will be Off and cannot be enabled via GCLK_DESKEW override.
INFO: [Constraints 18-5720] The default GCLK Deskew mode is Off.
INFO: [Project 1-570] Preparing netlist for logic optimization
INFO: [Opt 31-138] Pushed 0 inverter(s) to 0 load pin(s).
Netlist sorting complete. Time (s): cpu = 00:00:00 ; elapsed = 00:00:00.001 . Memory (MB): peak = 4483.246 ; gain = 0.000
INFO: [Project 1-111] Unisim Transformation Summary:
No Unisim elements were transformed.

The system cannot find the path specified.
Synth Design complete | Checksum: 64bc146d
INFO: [Common 17-83] Releasing license: Synthesis
27 Infos, 2 Warnings, 0 Critical Warnings and 0 Errors encountered.
synth_design completed successfully
synth_design: Time (s): cpu = 00:01:18 ; elapsed = 00:03:27 . Memory (MB): peak = 4483.246 ; gain = 3819.719
INFO: [Common 17-1381] The checkpoint 'C:/Vulcan/Design_Tool/Board_Demo/VC707/versal_ibert/versal_ibert.runs/versal_ibert_urlp_2_0_synth_1/versal_ibert_urlp_2_0.dcp' has been generated.
INFO: [Common 17-1381] The checkpoint 'C:/Vulcan/Design_Tool/Board_Demo/VC707/versal_ibert/versal_ibert.runs/versal_ibert_urlp_2_0_synth_1/versal_ibert_urlp_2_0.dcp' has been generated.
INFO: [runtcl-4] Executing : report_utilization -file versal_ibert_urlp_2_0_utilization_synth.rpt -pb versal_ibert_urlp_2_0_utilization_synth.pb
INFO: [Common 17-206] Exiting Vivado at Mon May  6 17:59:11 2024...
