
*** Running vivado
    with args -log design_1_v_proc_ss_0_0.vds -m64 -product Vivado -mode batch -messageDb vivado.pb -notrace -source design_1_v_proc_ss_0_0.tcl



****** Vivado v2023.2 (64-bit)
  **** SW Build 4029153 on Fri Oct 13 20:14:34 MDT 2023
  **** IP Build 4028589 on Sat Oct 14 00:45:43 MDT 2023
  **** SharedData Build 4025554 on Tue Oct 10 17:18:54 MDT 2023
    ** Copyright 1986-2022 Xilinx, Inc. All Rights Reserved.
    ** Copyright 2022-2023 Advanced Micro Devices, Inc. All Rights Reserved.

source design_1_v_proc_ss_0_0.tcl -notrace
INFO: [IP_Flow 19-6924] IPCACHE: Running cache check for IP inst: design_1_v_proc_ss_0_0
Command: synth_design -top design_1_v_proc_ss_0_0 -part xc7vx485tffg1761-2 -incremental_mode off -mode out_of_context
Starting synth_design
Attempting to get a license for feature 'Synthesis' and/or device 'xc7vx485t'
INFO: [Common 17-349] Got license for feature 'Synthesis' and/or device 'xc7vx485t'
INFO: [Device 21-403] Loading part xc7vx485tffg1761-2
INFO: [Synth 8-7079] Multithreading enabled for synth_design using a maximum of 2 processes.
INFO: [Synth 8-7078] Launching helper process for spawning children vivado processes
INFO: [Synth 8-7075] Helper process launched with PID 16976
---------------------------------------------------------------------------------
Starting RTL Elaboration : Time (s): cpu = 00:00:03 ; elapsed = 00:00:04 . Memory (MB): peak = 1627.793 ; gain = 440.535
---------------------------------------------------------------------------------
INFO: [Synth 8-6157] synthesizing module 'design_1_v_proc_ss_0_0' [c:/Vulcan/Design_Tool/Board_Demo/VC707/hdmi_output/hdmi_output.gen/sources_1/bd/design_1/ip/design_1_v_proc_ss_0_0/synth/design_1_v_proc_ss_0_0.v:53]
INFO: [Synth 8-6157] synthesizing module 'bd_d92b' [c:/Vulcan/Design_Tool/Board_Demo/VC707/hdmi_output/hdmi_output.gen/sources_1/bd/design_1/ip/design_1_v_proc_ss_0_0/bd_0/synth/bd_d92b.v:10]
INFO: [Synth 8-6157] synthesizing module 'bd_d92b_csc_0' [C:/Vulcan/Design_Tool/Board_Demo/VC707/hdmi_output/hdmi_output.runs/design_1_v_proc_ss_0_0_synth_1/.Xil/Vivado-9868-Vulcan/realtime/bd_d92b_csc_0_stub.v:6]
INFO: [Synth 8-6155] done synthesizing module 'bd_d92b_csc_0' (0#1) [C:/Vulcan/Design_Tool/Board_Demo/VC707/hdmi_output/hdmi_output.runs/design_1_v_proc_ss_0_0_synth_1/.Xil/Vivado-9868-Vulcan/realtime/bd_d92b_csc_0_stub.v:6]
WARNING: [Synth 8-7071] port 'interrupt' of module 'bd_d92b_csc_0' is unconnected for instance 'csc' [c:/Vulcan/Design_Tool/Board_Demo/VC707/hdmi_output/hdmi_output.gen/sources_1/bd/design_1/ip/design_1_v_proc_ss_0_0/bd_0/synth/bd_d92b.v:162]
WARNING: [Synth 8-7023] instance 'csc' of module 'bd_d92b_csc_0' has 38 connections declared, but only 37 given [c:/Vulcan/Design_Tool/Board_Demo/VC707/hdmi_output/hdmi_output.gen/sources_1/bd/design_1/ip/design_1_v_proc_ss_0_0/bd_0/synth/bd_d92b.v:162]
INFO: [Synth 8-6155] done synthesizing module 'bd_d92b' (0#1) [c:/Vulcan/Design_Tool/Board_Demo/VC707/hdmi_output/hdmi_output.gen/sources_1/bd/design_1/ip/design_1_v_proc_ss_0_0/bd_0/synth/bd_d92b.v:10]
INFO: [Synth 8-6155] done synthesizing module 'design_1_v_proc_ss_0_0' (0#1) [c:/Vulcan/Design_Tool/Board_Demo/VC707/hdmi_output/hdmi_output.gen/sources_1/bd/design_1/ip/design_1_v_proc_ss_0_0/synth/design_1_v_proc_ss_0_0.v:53]
---------------------------------------------------------------------------------
Finished RTL Elaboration : Time (s): cpu = 00:00:04 ; elapsed = 00:00:05 . Memory (MB): peak = 1740.168 ; gain = 552.910
---------------------------------------------------------------------------------
---------------------------------------------------------------------------------
Start Handling Custom Attributes
---------------------------------------------------------------------------------
---------------------------------------------------------------------------------
Finished Handling Custom Attributes : Time (s): cpu = 00:00:04 ; elapsed = 00:00:05 . Memory (MB): peak = 1740.168 ; gain = 552.910
---------------------------------------------------------------------------------
---------------------------------------------------------------------------------
Finished RTL Optimization Phase 1 : Time (s): cpu = 00:00:04 ; elapsed = 00:00:05 . Memory (MB): peak = 1740.168 ; gain = 552.910
---------------------------------------------------------------------------------
Netlist sorting complete. Time (s): cpu = 00:00:00 ; elapsed = 00:00:00.004 . Memory (MB): peak = 1740.168 ; gain = 0.000
INFO: [Project 1-570] Preparing netlist for logic optimization

Processing XDC Constraints
Initializing timing engine
Parsing XDC File [c:/Vulcan/Design_Tool/Board_Demo/VC707/hdmi_output/hdmi_output.gen/sources_1/bd/design_1/ip/design_1_v_proc_ss_0_0/bd_0/ip/ip_0/bd_d92b_csc_0/bd_d92b_csc_0_in_context.xdc] for cell 'inst/csc'
Finished Parsing XDC File [c:/Vulcan/Design_Tool/Board_Demo/VC707/hdmi_output/hdmi_output.gen/sources_1/bd/design_1/ip/design_1_v_proc_ss_0_0/bd_0/ip/ip_0/bd_d92b_csc_0/bd_d92b_csc_0_in_context.xdc] for cell 'inst/csc'
WARNING: [Designutils 20-1758] instance inst wraps a black box. Constraint reading is skipped for elaborated designs in this case. Skipping constraint file 'c:/Vulcan/Design_Tool/Board_Demo/VC707/hdmi_output/hdmi_output.gen/sources_1/bd/design_1/ip/design_1_v_proc_ss_0_0/design_1_v_proc_ss_0_0_ooc.xdc'.
Parsing XDC File [C:/Vulcan/Design_Tool/Board_Demo/VC707/hdmi_output/hdmi_output.runs/design_1_v_proc_ss_0_0_synth_1/dont_touch.xdc]
Finished Parsing XDC File [C:/Vulcan/Design_Tool/Board_Demo/VC707/hdmi_output/hdmi_output.runs/design_1_v_proc_ss_0_0_synth_1/dont_touch.xdc]
Completed Processing XDC Constraints

Netlist sorting complete. Time (s): cpu = 00:00:00 ; elapsed = 00:00:00 . Memory (MB): peak = 1740.168 ; gain = 0.000
INFO: [Project 1-111] Unisim Transformation Summary:
No Unisim elements were transformed.

The system cannot find the path specified.
Constraint Validation Runtime : Time (s): cpu = 00:00:00 ; elapsed = 00:00:00.014 . Memory (MB): peak = 1740.168 ; gain = 0.000
INFO: [Designutils 20-5008] Incremental synthesis strategy off
---------------------------------------------------------------------------------
Finished Constraint Validation : Time (s): cpu = 00:00:09 ; elapsed = 00:00:12 . Memory (MB): peak = 1740.168 ; gain = 552.910
---------------------------------------------------------------------------------
---------------------------------------------------------------------------------
Start Loading Part and Timing Information
---------------------------------------------------------------------------------
Loading part: xc7vx485tffg1761-2
---------------------------------------------------------------------------------
Finished Loading Part and Timing Information : Time (s): cpu = 00:00:09 ; elapsed = 00:00:12 . Memory (MB): peak = 1740.168 ; gain = 552.910
---------------------------------------------------------------------------------
---------------------------------------------------------------------------------
Start Applying 'set_property' XDC Constraints
---------------------------------------------------------------------------------
Applied set_property KEEP_HIERARCHY = SOFT for inst. (constraint file  auto generated constraint).
Applied set_property KEEP_HIERARCHY = SOFT for inst/csc. (constraint file  auto generated constraint).
---------------------------------------------------------------------------------
Finished applying 'set_property' XDC Constraints : Time (s): cpu = 00:00:09 ; elapsed = 00:00:12 . Memory (MB): peak = 1740.168 ; gain = 552.910
---------------------------------------------------------------------------------
---------------------------------------------------------------------------------
Finished RTL Optimization Phase 2 : Time (s): cpu = 00:00:09 ; elapsed = 00:00:12 . Memory (MB): peak = 1740.168 ; gain = 552.910
---------------------------------------------------------------------------------
---------------------------------------------------------------------------------
Start RTL Component Statistics 
---------------------------------------------------------------------------------
Detailed RTL Component Info : 
---------------------------------------------------------------------------------
Finished RTL Component Statistics 
---------------------------------------------------------------------------------
---------------------------------------------------------------------------------
Start Part Resource Summary
---------------------------------------------------------------------------------
Part Resources:
DSPs: 2800 (col length:140)
BRAMs: 2060 (col length: RAMB18 140 RAMB36 70)
---------------------------------------------------------------------------------
Finished Part Resource Summary
---------------------------------------------------------------------------------
---------------------------------------------------------------------------------
Start Cross Boundary and Area Optimization
---------------------------------------------------------------------------------
WARNING: [Synth 8-7080] Parallel synthesis criteria is not met
---------------------------------------------------------------------------------
Finished Cross Boundary and Area Optimization : Time (s): cpu = 00:00:10 ; elapsed = 00:00:13 . Memory (MB): peak = 1740.168 ; gain = 552.910
---------------------------------------------------------------------------------
---------------------------------------------------------------------------------
Start Applying XDC Timing Constraints
---------------------------------------------------------------------------------
---------------------------------------------------------------------------------
Finished Applying XDC Timing Constraints : Time (s): cpu = 00:00:13 ; elapsed = 00:00:17 . Memory (MB): peak = 1740.168 ; gain = 552.910
---------------------------------------------------------------------------------
---------------------------------------------------------------------------------
Start Timing Optimization
---------------------------------------------------------------------------------
---------------------------------------------------------------------------------
Finished Timing Optimization : Time (s): cpu = 00:00:13 ; elapsed = 00:00:17 . Memory (MB): peak = 1740.168 ; gain = 552.910
---------------------------------------------------------------------------------
---------------------------------------------------------------------------------
Start Technology Mapping
---------------------------------------------------------------------------------
---------------------------------------------------------------------------------
Finished Technology Mapping : Time (s): cpu = 00:00:13 ; elapsed = 00:00:17 . Memory (MB): peak = 1740.168 ; gain = 552.910
---------------------------------------------------------------------------------
---------------------------------------------------------------------------------
Start IO Insertion
---------------------------------------------------------------------------------
---------------------------------------------------------------------------------
Start Flattening Before IO Insertion
---------------------------------------------------------------------------------
---------------------------------------------------------------------------------
Finished Flattening Before IO Insertion
---------------------------------------------------------------------------------
---------------------------------------------------------------------------------
Start Final Netlist Cleanup
---------------------------------------------------------------------------------
---------------------------------------------------------------------------------
Finished Final Netlist Cleanup
---------------------------------------------------------------------------------
---------------------------------------------------------------------------------
Finished IO Insertion : Time (s): cpu = 00:00:14 ; elapsed = 00:00:20 . Memory (MB): peak = 1740.168 ; gain = 552.910
---------------------------------------------------------------------------------
---------------------------------------------------------------------------------
Start Renaming Generated Instances
---------------------------------------------------------------------------------
---------------------------------------------------------------------------------
Finished Renaming Generated Instances : Time (s): cpu = 00:00:14 ; elapsed = 00:00:20 . Memory (MB): peak = 1740.168 ; gain = 552.910
---------------------------------------------------------------------------------
---------------------------------------------------------------------------------
Start Rebuilding User Hierarchy
---------------------------------------------------------------------------------
---------------------------------------------------------------------------------
Finished Rebuilding User Hierarchy : Time (s): cpu = 00:00:14 ; elapsed = 00:00:20 . Memory (MB): peak = 1740.168 ; gain = 552.910
---------------------------------------------------------------------------------
---------------------------------------------------------------------------------
Start Renaming Generated Ports
---------------------------------------------------------------------------------
---------------------------------------------------------------------------------
Finished Renaming Generated Ports : Time (s): cpu = 00:00:14 ; elapsed = 00:00:20 . Memory (MB): peak = 1740.168 ; gain = 552.910
---------------------------------------------------------------------------------
---------------------------------------------------------------------------------
Start Handling Custom Attributes
---------------------------------------------------------------------------------
---------------------------------------------------------------------------------
Finished Handling Custom Attributes : Time (s): cpu = 00:00:14 ; elapsed = 00:00:20 . Memory (MB): peak = 1740.168 ; gain = 552.910
---------------------------------------------------------------------------------
---------------------------------------------------------------------------------
Start Renaming Generated Nets
---------------------------------------------------------------------------------
---------------------------------------------------------------------------------
Finished Renaming Generated Nets : Time (s): cpu = 00:00:14 ; elapsed = 00:00:20 . Memory (MB): peak = 1740.168 ; gain = 552.910
---------------------------------------------------------------------------------
---------------------------------------------------------------------------------
Start Writing Synthesis Report
---------------------------------------------------------------------------------

Report BlackBoxes: 
+------+--------------+----------+
|      |BlackBox name |Instances |
+------+--------------+----------+
|1     |bd_d92b_csc_0 |         1|
+------+--------------+----------+

Report Cell Usage: 
+------+------------+------+
|      |Cell        |Count |
+------+------------+------+
|1     |bd_d92b_csc |     1|
+------+------------+------+
---------------------------------------------------------------------------------
Finished Writing Synthesis Report : Time (s): cpu = 00:00:14 ; elapsed = 00:00:20 . Memory (MB): peak = 1740.168 ; gain = 552.910
---------------------------------------------------------------------------------
Synthesis finished with 0 errors, 0 critical warnings and 1 warnings.
Synthesis Optimization Runtime : Time (s): cpu = 00:00:10 ; elapsed = 00:00:18 . Memory (MB): peak = 1740.168 ; gain = 552.910
Synthesis Optimization Complete : Time (s): cpu = 00:00:15 ; elapsed = 00:00:20 . Memory (MB): peak = 1740.168 ; gain = 552.910
INFO: [Project 1-571] Translating synthesized netlist
Netlist sorting complete. Time (s): cpu = 00:00:00 ; elapsed = 00:00:00.004 . Memory (MB): peak = 1740.168 ; gain = 0.000
INFO: [Project 1-570] Preparing netlist for logic optimization
INFO: [Opt 31-138] Pushed 0 inverter(s) to 0 load pin(s).
Netlist sorting complete. Time (s): cpu = 00:00:00 ; elapsed = 00:00:00 . Memory (MB): peak = 1764.391 ; gain = 0.000
INFO: [Project 1-111] Unisim Transformation Summary:
No Unisim elements were transformed.

The system cannot find the path specified.
Synth Design complete | Checksum: afb61f54
INFO: [Common 17-83] Releasing license: Synthesis
20 Infos, 4 Warnings, 0 Critical Warnings and 0 Errors encountered.
synth_design completed successfully
synth_design: Time (s): cpu = 00:00:19 ; elapsed = 00:00:26 . Memory (MB): peak = 1764.391 ; gain = 1165.551
INFO: [Common 17-1381] The checkpoint 'C:/Vulcan/Design_Tool/Board_Demo/VC707/hdmi_output/hdmi_output.runs/design_1_v_proc_ss_0_0_synth_1/design_1_v_proc_ss_0_0.dcp' has been generated.
INFO: [Coretcl 2-1648] Added synthesis output to IP cache for IP design_1_v_proc_ss_0_0, cache-ID = 6ba154947c90ac07
INFO: [Coretcl 2-1174] Renamed 2 cell refs.
INFO: [Common 17-1381] The checkpoint 'C:/Vulcan/Design_Tool/Board_Demo/VC707/hdmi_output/hdmi_output.runs/design_1_v_proc_ss_0_0_synth_1/design_1_v_proc_ss_0_0.dcp' has been generated.
INFO: [runtcl-4] Executing : report_utilization -file design_1_v_proc_ss_0_0_utilization_synth.rpt -pb design_1_v_proc_ss_0_0_utilization_synth.pb
INFO: [Common 17-206] Exiting Vivado at Mon May  6 14:35:40 2024...
