

================================================================
== Vitis HLS Report for 'AXIvideo2MultiPixStream_Pipeline_loop_wait_for_start'
================================================================
* Date:           Mon May  6 14:33:44 2024

* Version:        2023.2 (Build 4023990 on Oct 11 2023)
* Project:        prj
* Solution:       sol (Vivado IP Flow Target)
* Product family: virtex7
* Target device:  xc7vx485t-ffg1761-2


================================================================
== Performance Estimates
================================================================
+ Timing: 
    * Summary: 
    +--------+---------+----------+------------+
    |  Clock |  Target | Estimated| Uncertainty|
    +--------+---------+----------+------------+
    |ap_clk  |  6.74 ns|  2.688 ns|     1.82 ns|
    +--------+---------+----------+------------+

+ Latency: 
    * Summary: 
    +---------+---------+-----------+-----------+-----+-----+---------+
    |  Latency (cycles) |   Latency (absolute)  |  Interval | Pipeline|
    |   min   |   max   |    min    |    max    | min | max |   Type  |
    +---------+---------+-----------+-----------+-----+-----+---------+
    |        2|        2|  13.474 ns|  13.474 ns|    2|    2|       no|
    +---------+---------+-----------+-----------+-----+-----+---------+

    + Detail: 
        * Instance: 
        N/A

        * Loop: 
        +-----------------------+---------+---------+----------+-----------+-----------+------+----------+
        |                       |  Latency (cycles) | Iteration|  Initiation Interval  | Trip |          |
        |       Loop Name       |   min   |   max   |  Latency |  achieved |   target  | Count| Pipelined|
        +-----------------------+---------+---------+----------+-----------+-----------+------+----------+
        |- loop_wait_for_start  |        0|        0|         1|          1|          1|     0|       yes|
        +-----------------------+---------+---------+----------+-----------+-----------+------+----------+

============================================================
+ Verbose Summary: Synthesis Manager
============================================================
InlineROM: 1
ExposeGlobal: 0
============================================================
+ Verbose Summary: CDFG Model
============================================================
IsTopModel: 0
ResetActiveHigh: 1
IsCombinational: 0
IsDatapathOnly: 0
HasWiredReturn: 1
HasMFsm: 2
HasVarLatency: 1
IsPipeline: 0
IsRtlPipelined: 0
IsInstanceOverlapped: 0
IsDontTouch: 0
HasImplIP: 0
IsGatedGlobalClock: 0

+ Individual pipeline summary: 
  * Pipeline-0: initiation interval (II) = 1, depth = 1


============================================================
+ Verbose Summary: Schedule
============================================================
* Number of FSM states : 1
* Pipeline : 1
  Pipeline-0 : II = 1, D = 1, States = { 1 }
* Dataflow Pipeline: 0

* FSM state transitions: 
1 --> 

* FSM state operations: 

State 1 <SV = 0> <Delay = 2.68>
ST_1 : Operation 4 [1/1] (0.00ns)   --->   "%axi_last = alloca i32 1"   --->   Operation 4 'alloca' 'axi_last' <Predicate = true> <Delay = 0.00>
ST_1 : Operation 5 [1/1] (0.00ns)   --->   "%specaxissidechannel_ln0 = specaxissidechannel void @_ssdm_op_SpecAXISSideChannel, i40 %s_axis_video_V_data_V, i5 %s_axis_video_V_keep_V, i5 %s_axis_video_V_strb_V, i1 %s_axis_video_V_user_V, i1 %s_axis_video_V_last_V, i1 %s_axis_video_V_id_V, i1 %s_axis_video_V_dest_V, void @empty_32"   --->   Operation 5 'specaxissidechannel' 'specaxissidechannel_ln0' <Predicate = true> <Delay = 0.00>
ST_1 : Operation 6 [1/1] (0.00ns)   --->   "%specinterface_ln0 = specinterface void @_ssdm_op_SpecInterface, i40 %s_axis_video_V_data_V, void @empty_36, i32 0, i32 0, void @empty_42, i32 0, i32 0, void @empty_43, void @empty_43, void @empty_43, i32 0, i32 0, i32 0, i32 0, void @empty_43, void @empty_43, i32 4294967295, i32 0"   --->   Operation 6 'specinterface' 'specinterface_ln0' <Predicate = true> <Delay = 0.00>
ST_1 : Operation 7 [1/1] (0.00ns)   --->   "%specinterface_ln0 = specinterface void @_ssdm_op_SpecInterface, i5 %s_axis_video_V_keep_V, void @empty_36, i32 0, i32 0, void @empty_42, i32 0, i32 0, void @empty_43, void @empty_43, void @empty_43, i32 0, i32 0, i32 0, i32 0, void @empty_43, void @empty_43, i32 4294967295, i32 0"   --->   Operation 7 'specinterface' 'specinterface_ln0' <Predicate = true> <Delay = 0.00>
ST_1 : Operation 8 [1/1] (0.00ns)   --->   "%specinterface_ln0 = specinterface void @_ssdm_op_SpecInterface, i5 %s_axis_video_V_strb_V, void @empty_36, i32 0, i32 0, void @empty_42, i32 0, i32 0, void @empty_43, void @empty_43, void @empty_43, i32 0, i32 0, i32 0, i32 0, void @empty_43, void @empty_43, i32 4294967295, i32 0"   --->   Operation 8 'specinterface' 'specinterface_ln0' <Predicate = true> <Delay = 0.00>
ST_1 : Operation 9 [1/1] (0.00ns)   --->   "%specinterface_ln0 = specinterface void @_ssdm_op_SpecInterface, i1 %s_axis_video_V_user_V, void @empty_36, i32 0, i32 0, void @empty_42, i32 0, i32 0, void @empty_43, void @empty_43, void @empty_43, i32 0, i32 0, i32 0, i32 0, void @empty_43, void @empty_43, i32 4294967295, i32 0"   --->   Operation 9 'specinterface' 'specinterface_ln0' <Predicate = true> <Delay = 0.00>
ST_1 : Operation 10 [1/1] (0.00ns)   --->   "%specinterface_ln0 = specinterface void @_ssdm_op_SpecInterface, i1 %s_axis_video_V_last_V, void @empty_36, i32 0, i32 0, void @empty_42, i32 0, i32 0, void @empty_43, void @empty_43, void @empty_43, i32 0, i32 0, i32 0, i32 0, void @empty_43, void @empty_43, i32 4294967295, i32 0"   --->   Operation 10 'specinterface' 'specinterface_ln0' <Predicate = true> <Delay = 0.00>
ST_1 : Operation 11 [1/1] (0.00ns)   --->   "%specinterface_ln0 = specinterface void @_ssdm_op_SpecInterface, i1 %s_axis_video_V_id_V, void @empty_36, i32 0, i32 0, void @empty_42, i32 0, i32 0, void @empty_43, void @empty_43, void @empty_43, i32 0, i32 0, i32 0, i32 0, void @empty_43, void @empty_43, i32 4294967295, i32 0"   --->   Operation 11 'specinterface' 'specinterface_ln0' <Predicate = true> <Delay = 0.00>
ST_1 : Operation 12 [1/1] (0.00ns)   --->   "%specinterface_ln0 = specinterface void @_ssdm_op_SpecInterface, i1 %s_axis_video_V_dest_V, void @empty_36, i32 0, i32 0, void @empty_42, i32 0, i32 0, void @empty_43, void @empty_43, void @empty_43, i32 0, i32 0, i32 0, i32 0, void @empty_43, void @empty_43, i32 4294967295, i32 0"   --->   Operation 12 'specinterface' 'specinterface_ln0' <Predicate = true> <Delay = 0.00>
ST_1 : Operation 13 [1/1] (0.84ns)   --->   "%store_ln516 = store i36 0, i36 %axi_data_out" [C:/Vulcan/Design_Tool/Board_Demo/VC707/hdmi_output/hdmi_output.runs/bd_d92b_csc_0_synth_1/prj/sol/.autopilot/db/v_csc.cpp:516]   --->   Operation 13 'store' 'store_ln516' <Predicate = true> <Delay = 0.84>
ST_1 : Operation 14 [1/1] (0.84ns)   --->   "%br_ln0 = br void %while.cond"   --->   Operation 14 'br' 'br_ln0' <Predicate = true> <Delay = 0.84>
ST_1 : Operation 15 [1/1] (0.00ns)   --->   "%sof = phi i1 0, void %newFuncRoot, i1 %axi_user, void %while.body"   --->   Operation 15 'phi' 'sof' <Predicate = true> <Delay = 0.00>
ST_1 : Operation 16 [1/1] (0.00ns)   --->   "%br_ln533 = br i1 %sof, void %while.body, void %loop_height.exitStub" [C:/Vulcan/Design_Tool/Board_Demo/VC707/hdmi_output/hdmi_output.runs/bd_d92b_csc_0_synth_1/prj/sol/.autopilot/db/v_csc.cpp:533]   --->   Operation 16 'br' 'br_ln533' <Predicate = true> <Delay = 0.00>
ST_1 : Operation 17 [1/1] (0.00ns)   --->   "%specpipeline_ln535 = specpipeline void @_ssdm_op_SpecPipeline, i32 1, i32 0, i32 0, i32 0, void @empty_43" [C:/Vulcan/Design_Tool/Board_Demo/VC707/hdmi_output/hdmi_output.runs/bd_d92b_csc_0_synth_1/prj/sol/.autopilot/db/v_csc.cpp:535]   --->   Operation 17 'specpipeline' 'specpipeline_ln535' <Predicate = (!sof)> <Delay = 0.00>
ST_1 : Operation 18 [1/1] (0.00ns)   --->   "%speclooptripcount_ln536 = speclooptripcount void @_ssdm_op_SpecLoopTripCount, i64 0, i64 0, i64 0" [C:/Vulcan/Design_Tool/Board_Demo/VC707/hdmi_output/hdmi_output.runs/bd_d92b_csc_0_synth_1/prj/sol/.autopilot/db/v_csc.cpp:536]   --->   Operation 18 'speclooptripcount' 'speclooptripcount_ln536' <Predicate = (!sof)> <Delay = 0.00>
ST_1 : Operation 19 [1/1] (0.00ns)   --->   "%specloopname_ln533 = specloopname void @_ssdm_op_SpecLoopName, void @empty_37" [C:/Vulcan/Design_Tool/Board_Demo/VC707/hdmi_output/hdmi_output.runs/bd_d92b_csc_0_synth_1/prj/sol/.autopilot/db/v_csc.cpp:533]   --->   Operation 19 'specloopname' 'specloopname_ln533' <Predicate = (!sof)> <Delay = 0.00>
ST_1 : Operation 20 [1/1] (1.00ns)   --->   "%empty = read i54 @_ssdm_op_Read.axis.volatile.i40P0A.i5P0A.i5P0A.i1P0A.i1P0A.i1P0A.i1P0A, i40 %s_axis_video_V_data_V, i5 %s_axis_video_V_keep_V, i5 %s_axis_video_V_strb_V, i1 %s_axis_video_V_user_V, i1 %s_axis_video_V_last_V, i1 %s_axis_video_V_id_V, i1 %s_axis_video_V_dest_V" [C:/Vulcan/Design_Tool/Board_Demo/VC707/hdmi_output/hdmi_output.runs/bd_d92b_csc_0_synth_1/prj/sol/.autopilot/db/v_csc.cpp:537]   --->   Operation 20 'read' 'empty' <Predicate = (!sof)> <Delay = 1.00> <CoreInst = "axis">   --->   Core 115 'axis' <Latency = 0> <II = 1> <Delay = 1.00> <Adapter> <Opcode : >
ST_1 : Operation 21 [1/1] (0.00ns)   --->   "%p_cast11 = extractvalue i54 %empty" [C:/Vulcan/Design_Tool/Board_Demo/VC707/hdmi_output/hdmi_output.runs/bd_d92b_csc_0_synth_1/prj/sol/.autopilot/db/v_csc.cpp:537]   --->   Operation 21 'extractvalue' 'p_cast11' <Predicate = (!sof)> <Delay = 0.00>
ST_1 : Operation 22 [1/1] (0.00ns)   --->   "%axi_user = extractvalue i54 %empty" [C:/Vulcan/Design_Tool/Board_Demo/VC707/hdmi_output/hdmi_output.runs/bd_d92b_csc_0_synth_1/prj/sol/.autopilot/db/v_csc.cpp:537]   --->   Operation 22 'extractvalue' 'axi_user' <Predicate = (!sof)> <Delay = 0.00>
ST_1 : Operation 23 [1/1] (0.00ns)   --->   "%axi_last_6 = extractvalue i54 %empty" [C:/Vulcan/Design_Tool/Board_Demo/VC707/hdmi_output/hdmi_output.runs/bd_d92b_csc_0_synth_1/prj/sol/.autopilot/db/v_csc.cpp:537]   --->   Operation 23 'extractvalue' 'axi_last_6' <Predicate = (!sof)> <Delay = 0.00>
ST_1 : Operation 24 [1/1] (0.00ns)   --->   "%axi_data = trunc i40 %p_cast11" [C:/Vulcan/Design_Tool/Board_Demo/VC707/hdmi_output/hdmi_output.runs/bd_d92b_csc_0_synth_1/prj/sol/.autopilot/db/v_csc.cpp:537]   --->   Operation 24 'trunc' 'axi_data' <Predicate = (!sof)> <Delay = 0.00>
ST_1 : Operation 25 [1/1] (0.84ns)   --->   "%store_ln516 = store i36 %axi_data, i36 %axi_data_out" [C:/Vulcan/Design_Tool/Board_Demo/VC707/hdmi_output/hdmi_output.runs/bd_d92b_csc_0_synth_1/prj/sol/.autopilot/db/v_csc.cpp:516]   --->   Operation 25 'store' 'store_ln516' <Predicate = (!sof)> <Delay = 0.84>
ST_1 : Operation 26 [1/1] (0.00ns)   --->   "%store_ln533 = store i1 %axi_last_6, i1 %axi_last" [C:/Vulcan/Design_Tool/Board_Demo/VC707/hdmi_output/hdmi_output.runs/bd_d92b_csc_0_synth_1/prj/sol/.autopilot/db/v_csc.cpp:533]   --->   Operation 26 'store' 'store_ln533' <Predicate = (!sof)> <Delay = 0.00>
ST_1 : Operation 27 [1/1] (0.00ns)   --->   "%br_ln533 = br void %while.cond" [C:/Vulcan/Design_Tool/Board_Demo/VC707/hdmi_output/hdmi_output.runs/bd_d92b_csc_0_synth_1/prj/sol/.autopilot/db/v_csc.cpp:533]   --->   Operation 27 'br' 'br_ln533' <Predicate = (!sof)> <Delay = 0.00>
ST_1 : Operation 28 [1/1] (0.00ns)   --->   "%axi_last_load = load i1 %axi_last"   --->   Operation 28 'load' 'axi_last_load' <Predicate = (sof)> <Delay = 0.00>
ST_1 : Operation 29 [1/1] (0.00ns)   --->   "%write_ln0 = write void @_ssdm_op_Write.ap_auto.i1P0A, i1 %axi_last_out, i1 %axi_last_load"   --->   Operation 29 'write' 'write_ln0' <Predicate = (sof)> <Delay = 0.00>
ST_1 : Operation 30 [1/1] (0.00ns)   --->   "%ret_ln0 = ret"   --->   Operation 30 'ret' 'ret_ln0' <Predicate = (sof)> <Delay = 0.00>


============================================================
+ Verbose Summary: Timing violations
============================================================
Target clock period: 6.737ns, clock uncertainty: 1.819ns.

 <State 1>: 2.688ns
The critical path consists of the following:
	multiplexor before 'phi' operation 1 bit ('axi.user') with incoming values : ('axi.user', C:/Vulcan/Design_Tool/Board_Demo/VC707/hdmi_output/hdmi_output.runs/bd_d92b_csc_0_synth_1/prj/sol/.autopilot/db/v_csc.cpp:537) [22]  (0.844 ns)
	'phi' operation 1 bit ('axi.user') with incoming values : ('axi.user', C:/Vulcan/Design_Tool/Board_Demo/VC707/hdmi_output/hdmi_output.runs/bd_d92b_csc_0_synth_1/prj/sol/.autopilot/db/v_csc.cpp:537) [22]  (0.000 ns)
	axis read operation ('empty', C:/Vulcan/Design_Tool/Board_Demo/VC707/hdmi_output/hdmi_output.runs/bd_d92b_csc_0_synth_1/prj/sol/.autopilot/db/v_csc.cpp:537) on port 's_axis_video_V_data_V' (C:/Vulcan/Design_Tool/Board_Demo/VC707/hdmi_output/hdmi_output.runs/bd_d92b_csc_0_synth_1/prj/sol/.autopilot/db/v_csc.cpp:537) [28]  (1.000 ns)
	'store' operation 0 bit ('store_ln516', C:/Vulcan/Design_Tool/Board_Demo/VC707/hdmi_output/hdmi_output.runs/bd_d92b_csc_0_synth_1/prj/sol/.autopilot/db/v_csc.cpp:516) of variable 'axi.data', C:/Vulcan/Design_Tool/Board_Demo/VC707/hdmi_output/hdmi_output.runs/bd_d92b_csc_0_synth_1/prj/sol/.autopilot/db/v_csc.cpp:537 on local variable 'axi_data_out' [33]  (0.844 ns)


============================================================
+ Verbose Summary: Binding
============================================================
N/A
* FSMD analyzer results:
  - Output states:
 - Input state : 
  - Chain level:
	State 1


============================================================
+ Verbose Summary: Datapath Resource usage 
============================================================
N/A
