

================================================================
== Vitis HLS Report for 'AXIvideo2MultiPixStream_Pipeline_loop_width'
================================================================
* Date:           Mon May  6 14:33:45 2024

* Version:        2023.2 (Build 4023990 on Oct 11 2023)
* Project:        prj
* Solution:       sol (Vivado IP Flow Target)
* Product family: virtex7
* Target device:  xc7vx485t-ffg1761-2


================================================================
== Performance Estimates
================================================================
+ Timing: 
    * Summary: 
    +--------+---------+----------+------------+
    |  Clock |  Target | Estimated| Uncertainty|
    +--------+---------+----------+------------+
    |ap_clk  |  6.74 ns|  4.021 ns|     1.82 ns|
    +--------+---------+----------+------------+

+ Latency: 
    * Summary: 
    +---------+---------+----------+-----------+-----+------+---------+
    |  Latency (cycles) |  Latency (absolute)  |  Interval  | Pipeline|
    |   min   |   max   |    min   |    max    | min |  max |   Type  |
    +---------+---------+----------+-----------+-----+------+---------+
    |       66|     3842|  0.445 us|  25.884 us|   66|  3842|       no|
    +---------+---------+----------+-----------+-----+------+---------+

    + Detail: 
        * Instance: 
        N/A

        * Loop: 
        +--------------+---------+---------+----------+-----------+-----------+-----------+----------+
        |              |  Latency (cycles) | Iteration|  Initiation Interval  |    Trip   |          |
        |   Loop Name  |   min   |   max   |  Latency |  achieved |   target  |   Count   | Pipelined|
        +--------------+---------+---------+----------+-----------+-----------+-----------+----------+
        |- loop_width  |       64|     3840|         2|          1|          1|  64 ~ 3840|       yes|
        +--------------+---------+---------+----------+-----------+-----------+-----------+----------+

============================================================
+ Verbose Summary: Synthesis Manager
============================================================
InlineROM: 1
ExposeGlobal: 0
============================================================
+ Verbose Summary: CDFG Model
============================================================
IsTopModel: 0
ResetActiveHigh: 1
IsCombinational: 0
IsDatapathOnly: 0
HasWiredReturn: 1
HasMFsm: 2
HasVarLatency: 1
IsPipeline: 0
IsRtlPipelined: 0
IsInstanceOverlapped: 0
IsDontTouch: 0
HasImplIP: 0
IsGatedGlobalClock: 0

+ Individual pipeline summary: 
  * Pipeline-0: initiation interval (II) = 1, depth = 2


============================================================
+ Verbose Summary: Schedule
============================================================
* Number of FSM states : 2
* Pipeline : 1
  Pipeline-0 : II = 1, D = 2, States = { 1 2 }
* Dataflow Pipeline: 0

* FSM state transitions: 
1 --> 2 
2 --> 

* FSM state operations: 

State 1 <SV = 0> <Delay = 4.02>
ST_1 : Operation 5 [1/1] (0.00ns)   --->   "%j = alloca i32 1" [C:/Vulcan/Design_Tool/Board_Demo/VC707/hdmi_output/hdmi_output.runs/bd_d92b_csc_0_synth_1/prj/sol/.autopilot/db/v_csc.cpp:545]   --->   Operation 5 'alloca' 'j' <Predicate = true> <Delay = 0.00>
ST_1 : Operation 6 [1/1] (0.00ns)   --->   "%axi_data = alloca i32 1" [C:/Vulcan/Design_Tool/Board_Demo/VC707/hdmi_output/hdmi_output.runs/bd_d92b_csc_0_synth_1/prj/sol/.autopilot/db/v_csc.cpp:516]   --->   Operation 6 'alloca' 'axi_data' <Predicate = true> <Delay = 0.00>
ST_1 : Operation 7 [1/1] (0.00ns)   --->   "%axi_last = alloca i32 1" [C:/Vulcan/Design_Tool/Board_Demo/VC707/hdmi_output/hdmi_output.runs/bd_d92b_csc_0_synth_1/prj/sol/.autopilot/db/v_csc.cpp:516]   --->   Operation 7 'alloca' 'axi_last' <Predicate = true> <Delay = 0.00>
ST_1 : Operation 8 [1/1] (0.00ns)   --->   "%specaxissidechannel_ln0 = specaxissidechannel void @_ssdm_op_SpecAXISSideChannel, i40 %s_axis_video_V_data_V, i5 %s_axis_video_V_keep_V, i5 %s_axis_video_V_strb_V, i1 %s_axis_video_V_user_V, i1 %s_axis_video_V_last_V, i1 %s_axis_video_V_id_V, i1 %s_axis_video_V_dest_V, void @empty_32"   --->   Operation 8 'specaxissidechannel' 'specaxissidechannel_ln0' <Predicate = true> <Delay = 0.00>
ST_1 : Operation 9 [1/1] (0.00ns)   --->   "%specinterface_ln0 = specinterface void @_ssdm_op_SpecInterface, i40 %s_axis_video_V_data_V, void @empty_36, i32 0, i32 0, void @empty_42, i32 0, i32 0, void @empty_43, void @empty_43, void @empty_43, i32 0, i32 0, i32 0, i32 0, void @empty_43, void @empty_43, i32 4294967295, i32 0"   --->   Operation 9 'specinterface' 'specinterface_ln0' <Predicate = true> <Delay = 0.00>
ST_1 : Operation 10 [1/1] (0.00ns)   --->   "%specinterface_ln0 = specinterface void @_ssdm_op_SpecInterface, i5 %s_axis_video_V_keep_V, void @empty_36, i32 0, i32 0, void @empty_42, i32 0, i32 0, void @empty_43, void @empty_43, void @empty_43, i32 0, i32 0, i32 0, i32 0, void @empty_43, void @empty_43, i32 4294967295, i32 0"   --->   Operation 10 'specinterface' 'specinterface_ln0' <Predicate = true> <Delay = 0.00>
ST_1 : Operation 11 [1/1] (0.00ns)   --->   "%specinterface_ln0 = specinterface void @_ssdm_op_SpecInterface, i5 %s_axis_video_V_strb_V, void @empty_36, i32 0, i32 0, void @empty_42, i32 0, i32 0, void @empty_43, void @empty_43, void @empty_43, i32 0, i32 0, i32 0, i32 0, void @empty_43, void @empty_43, i32 4294967295, i32 0"   --->   Operation 11 'specinterface' 'specinterface_ln0' <Predicate = true> <Delay = 0.00>
ST_1 : Operation 12 [1/1] (0.00ns)   --->   "%specinterface_ln0 = specinterface void @_ssdm_op_SpecInterface, i1 %s_axis_video_V_user_V, void @empty_36, i32 0, i32 0, void @empty_42, i32 0, i32 0, void @empty_43, void @empty_43, void @empty_43, i32 0, i32 0, i32 0, i32 0, void @empty_43, void @empty_43, i32 4294967295, i32 0"   --->   Operation 12 'specinterface' 'specinterface_ln0' <Predicate = true> <Delay = 0.00>
ST_1 : Operation 13 [1/1] (0.00ns)   --->   "%specinterface_ln0 = specinterface void @_ssdm_op_SpecInterface, i1 %s_axis_video_V_last_V, void @empty_36, i32 0, i32 0, void @empty_42, i32 0, i32 0, void @empty_43, void @empty_43, void @empty_43, i32 0, i32 0, i32 0, i32 0, void @empty_43, void @empty_43, i32 4294967295, i32 0"   --->   Operation 13 'specinterface' 'specinterface_ln0' <Predicate = true> <Delay = 0.00>
ST_1 : Operation 14 [1/1] (0.00ns)   --->   "%specinterface_ln0 = specinterface void @_ssdm_op_SpecInterface, i1 %s_axis_video_V_id_V, void @empty_36, i32 0, i32 0, void @empty_42, i32 0, i32 0, void @empty_43, void @empty_43, void @empty_43, i32 0, i32 0, i32 0, i32 0, void @empty_43, void @empty_43, i32 4294967295, i32 0"   --->   Operation 14 'specinterface' 'specinterface_ln0' <Predicate = true> <Delay = 0.00>
ST_1 : Operation 15 [1/1] (0.00ns)   --->   "%specinterface_ln0 = specinterface void @_ssdm_op_SpecInterface, i1 %s_axis_video_V_dest_V, void @empty_36, i32 0, i32 0, void @empty_42, i32 0, i32 0, void @empty_43, void @empty_43, void @empty_43, i32 0, i32 0, i32 0, i32 0, void @empty_43, void @empty_43, i32 4294967295, i32 0"   --->   Operation 15 'specinterface' 'specinterface_ln0' <Predicate = true> <Delay = 0.00>
ST_1 : Operation 16 [1/1] (0.00ns)   --->   "%specinterface_ln0 = specinterface void @_ssdm_op_SpecInterface, i36 %stream_in, void @empty_30, i32 0, i32 0, void @empty_43, i32 0, i32 0, void @empty_43, void @empty_43, void @empty_43, i32 0, i32 0, i32 0, i32 0, void @empty_43, void @empty_43, i32 4294967295, i32 0"   --->   Operation 16 'specinterface' 'specinterface_ln0' <Predicate = true> <Delay = 0.00>
ST_1 : Operation 17 [1/1] (0.00ns)   --->   "%cond_read = read i1 @_ssdm_op_Read.ap_auto.i1, i1 %cond"   --->   Operation 17 'read' 'cond_read' <Predicate = true> <Delay = 0.00>
ST_1 : Operation 18 [1/1] (0.00ns)   --->   "%cols_read = read i12 @_ssdm_op_Read.ap_auto.i12, i12 %cols"   --->   Operation 18 'read' 'cols_read' <Predicate = true> <Delay = 0.00>
ST_1 : Operation 19 [1/1] (0.00ns)   --->   "%axi_data_13_read = read i36 @_ssdm_op_Read.ap_auto.i36, i36 %axi_data_13"   --->   Operation 19 'read' 'axi_data_13_read' <Predicate = true> <Delay = 0.00>
ST_1 : Operation 20 [1/1] (0.00ns)   --->   "%axi_last_2_read = read i1 @_ssdm_op_Read.ap_auto.i1, i1 %axi_last_2"   --->   Operation 20 'read' 'axi_last_2_read' <Predicate = true> <Delay = 0.00>
ST_1 : Operation 21 [1/1] (0.00ns)   --->   "%sof_4_read = read i1 @_ssdm_op_Read.ap_auto.i1, i1 %sof_4"   --->   Operation 21 'read' 'sof_4_read' <Predicate = true> <Delay = 0.00>
ST_1 : Operation 22 [1/1] (0.84ns)   --->   "%store_ln516 = store i1 %axi_last_2_read, i1 %axi_last" [C:/Vulcan/Design_Tool/Board_Demo/VC707/hdmi_output/hdmi_output.runs/bd_d92b_csc_0_synth_1/prj/sol/.autopilot/db/v_csc.cpp:516]   --->   Operation 22 'store' 'store_ln516' <Predicate = true> <Delay = 0.84>
ST_1 : Operation 23 [1/1] (0.84ns)   --->   "%store_ln516 = store i36 %axi_data_13_read, i36 %axi_data" [C:/Vulcan/Design_Tool/Board_Demo/VC707/hdmi_output/hdmi_output.runs/bd_d92b_csc_0_synth_1/prj/sol/.autopilot/db/v_csc.cpp:516]   --->   Operation 23 'store' 'store_ln516' <Predicate = true> <Delay = 0.84>
ST_1 : Operation 24 [1/1] (0.84ns)   --->   "%store_ln545 = store i12 0, i12 %j" [C:/Vulcan/Design_Tool/Board_Demo/VC707/hdmi_output/hdmi_output.runs/bd_d92b_csc_0_synth_1/prj/sol/.autopilot/db/v_csc.cpp:545]   --->   Operation 24 'store' 'store_ln545' <Predicate = true> <Delay = 0.84>
ST_1 : Operation 25 [1/1] (0.84ns)   --->   "%br_ln0 = br void %for.body16"   --->   Operation 25 'br' 'br_ln0' <Predicate = true> <Delay = 0.84>
ST_1 : Operation 26 [1/1] (0.00ns)   --->   "%eol = phi i1 0, void %newFuncRoot, i1 %axi_last_4, void %if.end"   --->   Operation 26 'phi' 'eol' <Predicate = true> <Delay = 0.00>
ST_1 : Operation 27 [1/1] (0.00ns)   --->   "%sof = phi i1 %sof_4_read, void %newFuncRoot, i1 0, void %if.end"   --->   Operation 27 'phi' 'sof' <Predicate = true> <Delay = 0.00>
ST_1 : Operation 28 [1/1] (0.00ns)   --->   "%j_3 = load i12 %j" [C:/Vulcan/Design_Tool/Board_Demo/VC707/hdmi_output/hdmi_output.runs/bd_d92b_csc_0_synth_1/prj/sol/.autopilot/db/v_csc.cpp:545]   --->   Operation 28 'load' 'j_3' <Predicate = true> <Delay = 0.00>
ST_1 : Operation 29 [1/1] (1.33ns)   --->   "%icmp_ln545 = icmp_eq  i12 %j_3, i12 %cols_read" [C:/Vulcan/Design_Tool/Board_Demo/VC707/hdmi_output/hdmi_output.runs/bd_d92b_csc_0_synth_1/prj/sol/.autopilot/db/v_csc.cpp:545]   --->   Operation 29 'icmp' 'icmp_ln545' <Predicate = true> <Delay = 1.33> <CoreInst = "Cmp">   --->   Core 9 'Cmp' <Latency = 0> <II = 1> <Delay = 1.33> <FuncUnit> <Opcode : 'icmp'> <InPorts = 2> <OutPorts = 1>
ST_1 : Operation 30 [1/1] (0.00ns)   --->   "%speclooptripcount_ln0 = speclooptripcount void @_ssdm_op_SpecLoopTripCount, i64 64, i64 3840, i64 0"   --->   Operation 30 'speclooptripcount' 'speclooptripcount_ln0' <Predicate = true> <Delay = 0.00>
ST_1 : Operation 31 [1/1] (1.33ns)   --->   "%j_4 = add i12 %j_3, i12 1" [C:/Vulcan/Design_Tool/Board_Demo/VC707/hdmi_output/hdmi_output.runs/bd_d92b_csc_0_synth_1/prj/sol/.autopilot/db/v_csc.cpp:545]   --->   Operation 31 'add' 'j_4' <Predicate = true> <Delay = 1.33> <CoreInst = "Adder">   --->   Core 1 'Adder' <Latency = 0> <II = 1> <Delay = 1.33> <FuncUnit> <Opcode : 'add' 'sub'> <InPorts = 2> <OutPorts = 1>
ST_1 : Operation 32 [1/1] (0.00ns)   --->   "%br_ln545 = br i1 %icmp_ln545, void %for.body16.split, void %while.cond65.preheader.exitStub" [C:/Vulcan/Design_Tool/Board_Demo/VC707/hdmi_output/hdmi_output.runs/bd_d92b_csc_0_synth_1/prj/sol/.autopilot/db/v_csc.cpp:545]   --->   Operation 32 'br' 'br_ln545' <Predicate = true> <Delay = 0.00>
ST_1 : Operation 33 [1/1] (0.00ns)   --->   "%specpipeline_ln548 = specpipeline void @_ssdm_op_SpecPipeline, i32 1, i32 0, i32 0, i32 0, void @empty_43" [C:/Vulcan/Design_Tool/Board_Demo/VC707/hdmi_output/hdmi_output.runs/bd_d92b_csc_0_synth_1/prj/sol/.autopilot/db/v_csc.cpp:548]   --->   Operation 33 'specpipeline' 'specpipeline_ln548' <Predicate = (!icmp_ln545)> <Delay = 0.00>
ST_1 : Operation 34 [1/1] (0.00ns)   --->   "%specloopname_ln545 = specloopname void @_ssdm_op_SpecLoopName, void @empty_34" [C:/Vulcan/Design_Tool/Board_Demo/VC707/hdmi_output/hdmi_output.runs/bd_d92b_csc_0_synth_1/prj/sol/.autopilot/db/v_csc.cpp:545]   --->   Operation 34 'specloopname' 'specloopname_ln545' <Predicate = (!icmp_ln545)> <Delay = 0.00>
ST_1 : Operation 35 [1/1] (0.48ns)   --->   "%or_ln549 = or i1 %sof, i1 %eol" [C:/Vulcan/Design_Tool/Board_Demo/VC707/hdmi_output/hdmi_output.runs/bd_d92b_csc_0_synth_1/prj/sol/.autopilot/db/v_csc.cpp:549]   --->   Operation 35 'or' 'or_ln549' <Predicate = (!icmp_ln545)> <Delay = 0.48> <CoreInst = "LogicGate">   --->   Core 74 'LogicGate' <Latency = 0> <II = 1> <Delay = 0.48> <FuncUnit> <Opcode : 'and' 'or' 'xor'> <InPorts = 2> <OutPorts = 1>
ST_1 : Operation 36 [1/1] (0.00ns)   --->   "%br_ln549 = br i1 %or_ln549, void %if.else, void %if.end" [C:/Vulcan/Design_Tool/Board_Demo/VC707/hdmi_output/hdmi_output.runs/bd_d92b_csc_0_synth_1/prj/sol/.autopilot/db/v_csc.cpp:549]   --->   Operation 36 'br' 'br_ln549' <Predicate = (!icmp_ln545)> <Delay = 0.00>
ST_1 : Operation 37 [1/1] (1.00ns)   --->   "%empty = read i54 @_ssdm_op_Read.axis.volatile.i40P0A.i5P0A.i5P0A.i1P0A.i1P0A.i1P0A.i1P0A, i40 %s_axis_video_V_data_V, i5 %s_axis_video_V_keep_V, i5 %s_axis_video_V_strb_V, i1 %s_axis_video_V_user_V, i1 %s_axis_video_V_last_V, i1 %s_axis_video_V_id_V, i1 %s_axis_video_V_dest_V" [C:/Vulcan/Design_Tool/Board_Demo/VC707/hdmi_output/hdmi_output.runs/bd_d92b_csc_0_synth_1/prj/sol/.autopilot/db/v_csc.cpp:556]   --->   Operation 37 'read' 'empty' <Predicate = (!icmp_ln545 & !or_ln549)> <Delay = 1.00> <CoreInst = "axis">   --->   Core 115 'axis' <Latency = 0> <II = 1> <Delay = 1.00> <Adapter> <Opcode : >
ST_1 : Operation 38 [1/1] (0.00ns)   --->   "%p_cast9 = extractvalue i54 %empty" [C:/Vulcan/Design_Tool/Board_Demo/VC707/hdmi_output/hdmi_output.runs/bd_d92b_csc_0_synth_1/prj/sol/.autopilot/db/v_csc.cpp:556]   --->   Operation 38 'extractvalue' 'p_cast9' <Predicate = (!icmp_ln545 & !or_ln549)> <Delay = 0.00>
ST_1 : Operation 39 [1/1] (0.00ns)   --->   "%axi_last_5 = extractvalue i54 %empty" [C:/Vulcan/Design_Tool/Board_Demo/VC707/hdmi_output/hdmi_output.runs/bd_d92b_csc_0_synth_1/prj/sol/.autopilot/db/v_csc.cpp:556]   --->   Operation 39 'extractvalue' 'axi_last_5' <Predicate = (!icmp_ln545 & !or_ln549)> <Delay = 0.00>
ST_1 : Operation 40 [1/1] (0.00ns)   --->   "%axi_data_12 = trunc i40 %p_cast9" [C:/Vulcan/Design_Tool/Board_Demo/VC707/hdmi_output/hdmi_output.runs/bd_d92b_csc_0_synth_1/prj/sol/.autopilot/db/v_csc.cpp:556]   --->   Operation 40 'trunc' 'axi_data_12' <Predicate = (!icmp_ln545 & !or_ln549)> <Delay = 0.00>
ST_1 : Operation 41 [1/1] (0.84ns)   --->   "%store_ln516 = store i1 %axi_last_5, i1 %axi_last" [C:/Vulcan/Design_Tool/Board_Demo/VC707/hdmi_output/hdmi_output.runs/bd_d92b_csc_0_synth_1/prj/sol/.autopilot/db/v_csc.cpp:516]   --->   Operation 41 'store' 'store_ln516' <Predicate = (!icmp_ln545 & !or_ln549)> <Delay = 0.84>
ST_1 : Operation 42 [1/1] (0.84ns)   --->   "%store_ln516 = store i36 %axi_data_12, i36 %axi_data" [C:/Vulcan/Design_Tool/Board_Demo/VC707/hdmi_output/hdmi_output.runs/bd_d92b_csc_0_synth_1/prj/sol/.autopilot/db/v_csc.cpp:516]   --->   Operation 42 'store' 'store_ln516' <Predicate = (!icmp_ln545 & !or_ln549)> <Delay = 0.84>
ST_1 : Operation 43 [1/1] (0.00ns)   --->   "%br_ln0 = br void %if.end"   --->   Operation 43 'br' 'br_ln0' <Predicate = (!icmp_ln545 & !or_ln549)> <Delay = 0.00>
ST_1 : Operation 44 [1/1] (0.84ns)   --->   "%store_ln545 = store i12 %j_4, i12 %j" [C:/Vulcan/Design_Tool/Board_Demo/VC707/hdmi_output/hdmi_output.runs/bd_d92b_csc_0_synth_1/prj/sol/.autopilot/db/v_csc.cpp:545]   --->   Operation 44 'store' 'store_ln545' <Predicate = (!icmp_ln545)> <Delay = 0.84>
ST_1 : Operation 45 [1/1] (0.00ns)   --->   "%br_ln545 = br void %for.body16" [C:/Vulcan/Design_Tool/Board_Demo/VC707/hdmi_output/hdmi_output.runs/bd_d92b_csc_0_synth_1/prj/sol/.autopilot/db/v_csc.cpp:545]   --->   Operation 45 'br' 'br_ln545' <Predicate = (!icmp_ln545)> <Delay = 0.00>
ST_1 : Operation 56 [1/1] (0.00ns)   --->   "%axi_data_load = load i36 %axi_data"   --->   Operation 56 'load' 'axi_data_load' <Predicate = (icmp_ln545)> <Delay = 0.00>
ST_1 : Operation 57 [1/1] (0.00ns)   --->   "%write_ln0 = write void @_ssdm_op_Write.ap_auto.i1P0A, i1 %eol_out, i1 %eol"   --->   Operation 57 'write' 'write_ln0' <Predicate = (icmp_ln545)> <Delay = 0.00>
ST_1 : Operation 58 [1/1] (0.00ns)   --->   "%write_ln0 = write void @_ssdm_op_Write.ap_auto.i36P0A, i36 %axi_data_14_out, i36 %axi_data_load"   --->   Operation 58 'write' 'write_ln0' <Predicate = (icmp_ln545)> <Delay = 0.00>
ST_1 : Operation 59 [1/1] (0.00ns)   --->   "%ret_ln0 = ret"   --->   Operation 59 'ret' 'ret_ln0' <Predicate = (icmp_ln545)> <Delay = 0.00>

State 2 <SV = 1> <Delay = 2.55>
ST_2 : Operation 46 [1/1] (0.00ns)   --->   "%axi_data_15 = load i36 %axi_data" [c:/Vulcan/Design_Tool/Board_Demo/VC707/hdmi_output/hdmi_output.gen/sources_1/bd/design_1/ip/design_1_v_proc_ss_0_0/bd_0/ip/ip_0/src/hls/hls_axi_io.h:63->c:/Vulcan/Design_Tool/Board_Demo/VC707/hdmi_output/hdmi_output.gen/sources_1/bd/design_1/ip/design_1_v_proc_ss_0_0/bd_0/ip/ip_0/src/hls/hls_axi_io.h:85->C:/Vulcan/Design_Tool/Board_Demo/VC707/hdmi_output/hdmi_output.runs/bd_d92b_csc_0_synth_1/prj/sol/.autopilot/db/v_csc.cpp:572]   --->   Operation 46 'load' 'axi_data_15' <Predicate = (!icmp_ln545)> <Delay = 0.00>
ST_2 : Operation 47 [1/1] (0.00ns)   --->   "%axi_last_4 = load i1 %axi_last"   --->   Operation 47 'load' 'axi_last_4' <Predicate = (!icmp_ln545)> <Delay = 0.00>
ST_2 : Operation 48 [1/1] (0.00ns)   --->   "%tmp_s = partselect i12 @_ssdm_op_PartSelect.i12.i36.i32.i32, i36 %axi_data_15, i32 24, i32 35" [c:/Vulcan/Design_Tool/Board_Demo/VC707/hdmi_output/hdmi_output.gen/sources_1/bd/design_1/ip/design_1_v_proc_ss_0_0/bd_0/ip/ip_0/src/hls/hls_axi_io.h:63->c:/Vulcan/Design_Tool/Board_Demo/VC707/hdmi_output/hdmi_output.gen/sources_1/bd/design_1/ip/design_1_v_proc_ss_0_0/bd_0/ip/ip_0/src/hls/hls_axi_io.h:85->C:/Vulcan/Design_Tool/Board_Demo/VC707/hdmi_output/hdmi_output.runs/bd_d92b_csc_0_synth_1/prj/sol/.autopilot/db/v_csc.cpp:571]   --->   Operation 48 'partselect' 'tmp_s' <Predicate = (!icmp_ln545)> <Delay = 0.00>
ST_2 : Operation 49 [1/1] (0.00ns)   --->   "%trunc_ln63 = trunc i36 %axi_data_15" [c:/Vulcan/Design_Tool/Board_Demo/VC707/hdmi_output/hdmi_output.gen/sources_1/bd/design_1/ip/design_1_v_proc_ss_0_0/bd_0/ip/ip_0/src/hls/hls_axi_io.h:63->c:/Vulcan/Design_Tool/Board_Demo/VC707/hdmi_output/hdmi_output.gen/sources_1/bd/design_1/ip/design_1_v_proc_ss_0_0/bd_0/ip/ip_0/src/hls/hls_axi_io.h:85->C:/Vulcan/Design_Tool/Board_Demo/VC707/hdmi_output/hdmi_output.runs/bd_d92b_csc_0_synth_1/prj/sol/.autopilot/db/v_csc.cpp:572]   --->   Operation 49 'trunc' 'trunc_ln63' <Predicate = (!icmp_ln545)> <Delay = 0.00>
ST_2 : Operation 50 [1/1] (0.60ns)   --->   "%select_ln574 = select i1 %cond_read, i12 %tmp_s, i12 %trunc_ln63" [C:/Vulcan/Design_Tool/Board_Demo/VC707/hdmi_output/hdmi_output.runs/bd_d92b_csc_0_synth_1/prj/sol/.autopilot/db/v_csc.cpp:574]   --->   Operation 50 'select' 'select_ln574' <Predicate = (!icmp_ln545)> <Delay = 0.60> <CoreInst = "Sel">   --->   Core 73 'Sel' <Latency = 0> <II = 1> <Delay = 0.60> <FuncUnit> <Opcode : 'select'> <InPorts = 3> <OutPorts = 1>
ST_2 : Operation 51 [1/1] (0.00ns)   --->   "%tmp_1 = partselect i12 @_ssdm_op_PartSelect.i12.i36.i32.i32, i36 %axi_data_15, i32 12, i32 23" [c:/Vulcan/Design_Tool/Board_Demo/VC707/hdmi_output/hdmi_output.gen/sources_1/bd/design_1/ip/design_1_v_proc_ss_0_0/bd_0/ip/ip_0/src/hls/hls_axi_io.h:63->c:/Vulcan/Design_Tool/Board_Demo/VC707/hdmi_output/hdmi_output.gen/sources_1/bd/design_1/ip/design_1_v_proc_ss_0_0/bd_0/ip/ip_0/src/hls/hls_axi_io.h:85->C:/Vulcan/Design_Tool/Board_Demo/VC707/hdmi_output/hdmi_output.runs/bd_d92b_csc_0_synth_1/prj/sol/.autopilot/db/v_csc.cpp:572]   --->   Operation 51 'partselect' 'tmp_1' <Predicate = (!icmp_ln545)> <Delay = 0.00>
ST_2 : Operation 52 [1/1] (0.60ns)   --->   "%select_ln574_1 = select i1 %cond_read, i12 %trunc_ln63, i12 %tmp_1" [C:/Vulcan/Design_Tool/Board_Demo/VC707/hdmi_output/hdmi_output.runs/bd_d92b_csc_0_synth_1/prj/sol/.autopilot/db/v_csc.cpp:574]   --->   Operation 52 'select' 'select_ln574_1' <Predicate = (!icmp_ln545)> <Delay = 0.60> <CoreInst = "Sel">   --->   Core 73 'Sel' <Latency = 0> <II = 1> <Delay = 0.60> <FuncUnit> <Opcode : 'select'> <InPorts = 3> <OutPorts = 1>
ST_2 : Operation 53 [1/1] (0.60ns)   --->   "%select_ln574_2 = select i1 %cond_read, i12 %tmp_1, i12 %tmp_s" [C:/Vulcan/Design_Tool/Board_Demo/VC707/hdmi_output/hdmi_output.runs/bd_d92b_csc_0_synth_1/prj/sol/.autopilot/db/v_csc.cpp:574]   --->   Operation 53 'select' 'select_ln574_2' <Predicate = (!icmp_ln545)> <Delay = 0.60> <CoreInst = "Sel">   --->   Core 73 'Sel' <Latency = 0> <II = 1> <Delay = 0.60> <FuncUnit> <Opcode : 'select'> <InPorts = 3> <OutPorts = 1>
ST_2 : Operation 54 [1/1] (0.00ns)   --->   "%p_0 = bitconcatenate i36 @_ssdm_op_BitConcatenate.i36.i12.i12.i12, i12 %select_ln574_2, i12 %select_ln574_1, i12 %select_ln574" [C:/Vulcan/Design_Tool/Board_Demo/VC707/hdmi_output/hdmi_output.runs/bd_d92b_csc_0_synth_1/prj/sol/.autopilot/db/v_csc.cpp:587]   --->   Operation 54 'bitconcatenate' 'p_0' <Predicate = (!icmp_ln545)> <Delay = 0.00>
ST_2 : Operation 55 [1/1] (1.95ns)   --->   "%write_ln587 = write void @_ssdm_op_Write.ap_fifo.volatile.i36P0A, i36 %stream_in, i36 %p_0" [C:/Vulcan/Design_Tool/Board_Demo/VC707/hdmi_output/hdmi_output.runs/bd_d92b_csc_0_synth_1/prj/sol/.autopilot/db/v_csc.cpp:587]   --->   Operation 55 'write' 'write_ln587' <Predicate = (!icmp_ln545)> <Delay = 1.95> <CoreInst = "FIFO_SRL">   --->   Core 81 'FIFO_SRL' <Latency = 0> <II = 1> <Delay = 1.95> <Storage> <Opcode : 'read' 'write' 'nbread' 'nbwrite'> <Ports = 0> <Width = 36> <Depth = 16> <FIFO>


============================================================
+ Verbose Summary: Timing violations
============================================================
Target clock period: 6.737ns, clock uncertainty: 1.819ns.

 <State 1>: 4.021ns
The critical path consists of the following:
	'store' operation 0 bit ('store_ln545', C:/Vulcan/Design_Tool/Board_Demo/VC707/hdmi_output/hdmi_output.runs/bd_d92b_csc_0_synth_1/prj/sol/.autopilot/db/v_csc.cpp:545) of constant 0 on local variable 'j', C:/Vulcan/Design_Tool/Board_Demo/VC707/hdmi_output/hdmi_output.runs/bd_d92b_csc_0_synth_1/prj/sol/.autopilot/db/v_csc.cpp:545 [35]  (0.844 ns)
	'load' operation 12 bit ('j', C:/Vulcan/Design_Tool/Board_Demo/VC707/hdmi_output/hdmi_output.runs/bd_d92b_csc_0_synth_1/prj/sol/.autopilot/db/v_csc.cpp:545) on local variable 'j', C:/Vulcan/Design_Tool/Board_Demo/VC707/hdmi_output/hdmi_output.runs/bd_d92b_csc_0_synth_1/prj/sol/.autopilot/db/v_csc.cpp:545 [40]  (0.000 ns)
	'icmp' operation 1 bit ('icmp_ln545', C:/Vulcan/Design_Tool/Board_Demo/VC707/hdmi_output/hdmi_output.runs/bd_d92b_csc_0_synth_1/prj/sol/.autopilot/db/v_csc.cpp:545) [41]  (1.333 ns)
	axis read operation ('empty', C:/Vulcan/Design_Tool/Board_Demo/VC707/hdmi_output/hdmi_output.runs/bd_d92b_csc_0_synth_1/prj/sol/.autopilot/db/v_csc.cpp:556) on port 's_axis_video_V_data_V' (C:/Vulcan/Design_Tool/Board_Demo/VC707/hdmi_output/hdmi_output.runs/bd_d92b_csc_0_synth_1/prj/sol/.autopilot/db/v_csc.cpp:556) [51]  (1.000 ns)
	'store' operation 0 bit ('store_ln516', C:/Vulcan/Design_Tool/Board_Demo/VC707/hdmi_output/hdmi_output.runs/bd_d92b_csc_0_synth_1/prj/sol/.autopilot/db/v_csc.cpp:516) of variable 'axi.last', C:/Vulcan/Design_Tool/Board_Demo/VC707/hdmi_output/hdmi_output.runs/bd_d92b_csc_0_synth_1/prj/sol/.autopilot/db/v_csc.cpp:556 on local variable 'axi.last', C:/Vulcan/Design_Tool/Board_Demo/VC707/hdmi_output/hdmi_output.runs/bd_d92b_csc_0_synth_1/prj/sol/.autopilot/db/v_csc.cpp:516 [55]  (0.844 ns)

 <State 2>: 2.559ns
The critical path consists of the following:
	'load' operation 36 bit ('axi.data', c:/Vulcan/Design_Tool/Board_Demo/VC707/hdmi_output/hdmi_output.gen/sources_1/bd/design_1/ip/design_1_v_proc_ss_0_0/bd_0/ip/ip_0/src/hls/hls_axi_io.h:63->c:/Vulcan/Design_Tool/Board_Demo/VC707/hdmi_output/hdmi_output.gen/sources_1/bd/design_1/ip/design_1_v_proc_ss_0_0/bd_0/ip/ip_0/src/hls/hls_axi_io.h:85->C:/Vulcan/Design_Tool/Board_Demo/VC707/hdmi_output/hdmi_output.runs/bd_d92b_csc_0_synth_1/prj/sol/.autopilot/db/v_csc.cpp:572) on local variable 'axi.data', C:/Vulcan/Design_Tool/Board_Demo/VC707/hdmi_output/hdmi_output.runs/bd_d92b_csc_0_synth_1/prj/sol/.autopilot/db/v_csc.cpp:516 [59]  (0.000 ns)
	'select' operation 12 bit ('select_ln574_1', C:/Vulcan/Design_Tool/Board_Demo/VC707/hdmi_output/hdmi_output.runs/bd_d92b_csc_0_synth_1/prj/sol/.autopilot/db/v_csc.cpp:574) [65]  (0.601 ns)
	fifo write operation ('write_ln587', C:/Vulcan/Design_Tool/Board_Demo/VC707/hdmi_output/hdmi_output.runs/bd_d92b_csc_0_synth_1/prj/sol/.autopilot/db/v_csc.cpp:587) on port 'stream_in' (C:/Vulcan/Design_Tool/Board_Demo/VC707/hdmi_output/hdmi_output.runs/bd_d92b_csc_0_synth_1/prj/sol/.autopilot/db/v_csc.cpp:587) [68]  (1.958 ns)


============================================================
+ Verbose Summary: Binding
============================================================
N/A
* FSMD analyzer results:
  - Output states:
 - Input state : 
  - Chain level:
	State 1
	State 2


============================================================
+ Verbose Summary: Datapath Resource usage 
============================================================
N/A
