

================================================================
== Vitis HLS Report for 'v_csc'
================================================================
* Date:           Mon May  6 14:33:47 2024

* Version:        2023.2 (Build 4023990 on Oct 11 2023)
* Project:        prj
* Solution:       sol (Vivado IP Flow Target)
* Product family: virtex7
* Target device:  xc7vx485t-ffg1761-2


================================================================
== Performance Estimates
================================================================
+ Timing: 
    * Summary: 
    +--------+---------+----------+------------+
    |  Clock |  Target | Estimated| Uncertainty|
    +--------+---------+----------+------------+
    |ap_clk  |  6.74 ns|  4.782 ns|     1.82 ns|
    +--------+---------+----------+------------+

+ Latency: 
    * Summary: 
    +---------+----------+-----------+-----------+------+----------+----------+
    |  Latency (cycles)  |   Latency (absolute)  |     Interval    | Pipeline |
    |   min   |    max   |    min    |    max    |  min |    max   |   Type   |
    +---------+----------+-----------+-----------+------+----------+----------+
    |     4679|  16801790|  31.522 us|  0.113 sec|  4679|  16801787|  dataflow|
    +---------+----------+-----------+-----------+------+----------+----------+

    + Detail: 
        * Instance: 
        N/A

        * Loop: 
        N/A

============================================================
+ Verbose Summary: Synthesis Manager
============================================================
InlineROM: 1
ExposeGlobal: 0
============================================================
+ Verbose Summary: CDFG Model
============================================================
IsTopModel: 1
ResetActiveHigh: 1
IsCombinational: 2
IsDatapathOnly: 0
HasWiredReturn: 1
HasMFsm: 0
HasVarLatency: 1
IsPipeline: 0
IsRtlPipelined: 0
IsInstanceOverlapped: 0
IsDontTouch: 0
HasImplIP: 0
IsGatedGlobalClock: 0


============================================================
+ Verbose Summary: Schedule
============================================================
* Number of FSM states : 8
* Pipeline : 0
* Dataflow Pipeline: 1
  DF-Pipeline-0: Size = 8, States = { 1 2 3 4 5 6 7 8 }

* FSM state transitions: 
1 --> 2 
2 --> 3 
3 --> 4 
4 --> 5 
5 --> 6 
6 --> 7 
7 --> 8 
8 --> 

* FSM state operations: 

State 1 <SV = 0> <Delay = 0.00>
ST_1 : Operation 9 [1/1] (0.00ns)   --->   "%HwReg_height_c13 = alloca i64 1" [C:/Vulcan/Design_Tool/Board_Demo/VC707/hdmi_output/hdmi_output.runs/bd_d92b_csc_0_synth_1/prj/sol/.autopilot/db/v_csc.cpp:438]   --->   Operation 9 'alloca' 'HwReg_height_c13' <Predicate = true> <Delay = 0.00> <CoreInst = "FIFO_SRL">   --->   Core 81 'FIFO_SRL' <Latency = 0> <II = 1> <Delay = 2.39> <Storage> <Opcode : 'read' 'write' 'nbread' 'nbwrite'> <Ports = 0> <Width = 12> <Depth = 2> <FIFO>
ST_1 : Operation 10 [1/1] (0.00ns)   --->   "%HwReg_height_c = alloca i64 1" [C:/Vulcan/Design_Tool/Board_Demo/VC707/hdmi_output/hdmi_output.runs/bd_d92b_csc_0_synth_1/prj/sol/.autopilot/db/v_csc.cpp:438]   --->   Operation 10 'alloca' 'HwReg_height_c' <Predicate = true> <Delay = 0.00> <CoreInst = "FIFO_SRL">   --->   Core 81 'FIFO_SRL' <Latency = 0> <II = 1> <Delay = 2.39> <Storage> <Opcode : 'read' 'write' 'nbread' 'nbwrite'> <Ports = 0> <Width = 12> <Depth = 2> <FIFO>
ST_1 : Operation 11 [1/1] (0.00ns)   --->   "%HwReg_width_c11 = alloca i64 1" [C:/Vulcan/Design_Tool/Board_Demo/VC707/hdmi_output/hdmi_output.runs/bd_d92b_csc_0_synth_1/prj/sol/.autopilot/db/v_csc.cpp:438]   --->   Operation 11 'alloca' 'HwReg_width_c11' <Predicate = true> <Delay = 0.00> <CoreInst = "FIFO_SRL">   --->   Core 81 'FIFO_SRL' <Latency = 0> <II = 1> <Delay = 2.39> <Storage> <Opcode : 'read' 'write' 'nbread' 'nbwrite'> <Ports = 0> <Width = 12> <Depth = 2> <FIFO>
ST_1 : Operation 12 [1/1] (0.00ns)   --->   "%HwReg_width_c = alloca i64 1" [C:/Vulcan/Design_Tool/Board_Demo/VC707/hdmi_output/hdmi_output.runs/bd_d92b_csc_0_synth_1/prj/sol/.autopilot/db/v_csc.cpp:438]   --->   Operation 12 'alloca' 'HwReg_width_c' <Predicate = true> <Delay = 0.00> <CoreInst = "FIFO_SRL">   --->   Core 81 'FIFO_SRL' <Latency = 0> <II = 1> <Delay = 2.39> <Storage> <Opcode : 'read' 'write' 'nbread' 'nbwrite'> <Ports = 0> <Width = 12> <Depth = 2> <FIFO>
ST_1 : Operation 13 [1/1] (0.00ns)   --->   "%stream_in = alloca i64 1"   --->   Operation 13 'alloca' 'stream_in' <Predicate = true> <Delay = 0.00> <CoreInst = "FIFO_SRL">   --->   Core 81 'FIFO_SRL' <Latency = 0> <II = 1> <Delay = 1.95> <Storage> <Opcode : 'read' 'write' 'nbread' 'nbwrite'> <Ports = 0> <Width = 36> <Depth = 16> <FIFO>
ST_1 : Operation 14 [1/1] (0.00ns)   --->   "%stream_csc = alloca i64 1"   --->   Operation 14 'alloca' 'stream_csc' <Predicate = true> <Delay = 0.00> <CoreInst = "FIFO_SRL">   --->   Core 81 'FIFO_SRL' <Latency = 0> <II = 1> <Delay = 1.95> <Storage> <Opcode : 'read' 'write' 'nbread' 'nbwrite'> <Ports = 0> <Width = 36> <Depth = 16> <FIFO>

State 2 <SV = 1> <Delay = 4.78>
ST_2 : Operation 15 [1/1] (0.00ns)   --->   "%call_ret = call i524 @Block_entry3_proc, i8 %InVideoFormat, i8 %OutVideoFormat, i16 %width, i16 %height, i16 %ColStart, i16 %ColEnd, i16 %RowStart, i16 %RowEnd, i16 %K11, i16 %K12, i16 %K13, i16 %K21, i16 %K22, i16 %K23, i16 %K31, i16 %K32, i16 %K33, i14 %ROffset, i14 %GOffset, i14 %BOffset, i12 %ClampMin, i12 %ClipMax, i16 %K11_2, i16 %K12_2, i16 %K13_2, i16 %K21_2, i16 %K22_2, i16 %K23_2, i16 %K31_2, i16 %K32_2, i16 %K33_2, i14 %ROffset_2, i14 %GOffset_2, i14 %BOffset_2, i12 %ClampMin_2, i12 %ClipMax_2"   --->   Operation 15 'call' 'call_ret' <Predicate = true> <Delay = 0.00> <CoreType = "Generic">   --->   Core 0 '' <Latency = 0> <II = 1> <Delay = 1.00> <Generic> <Opcode : >
ST_2 : Operation 16 [1/1] (0.00ns)   --->   "%HwReg_InVideoFormat_channel = extractvalue i524 %call_ret"   --->   Operation 16 'extractvalue' 'HwReg_InVideoFormat_channel' <Predicate = true> <Delay = 0.00> <CoreInst = "FIFO_SRL">   --->   Core 81 'FIFO_SRL' <Latency = 0> <II = 1> <Delay = 2.39> <Storage> <Opcode : 'read' 'write' 'nbread' 'nbwrite'> <Ports = 0> <Width = 8> <Depth = 2> <FIFO>
ST_2 : Operation 17 [1/1] (0.00ns)   --->   "%HwReg_OutVideoFormat_channel = extractvalue i524 %call_ret"   --->   Operation 17 'extractvalue' 'HwReg_OutVideoFormat_channel' <Predicate = true> <Delay = 0.00> <CoreInst = "FIFO_SRL">   --->   Core 81 'FIFO_SRL' <Latency = 0> <II = 1> <Delay = 2.39> <Storage> <Opcode : 'read' 'write' 'nbread' 'nbwrite'> <Ports = 0> <Width = 8> <Depth = 2> <FIFO>
ST_2 : Operation 18 [1/1] (0.00ns)   --->   "%HwReg_ColStart_channel = extractvalue i524 %call_ret"   --->   Operation 18 'extractvalue' 'HwReg_ColStart_channel' <Predicate = true> <Delay = 0.00> <CoreInst = "FIFO_SRL">   --->   Core 81 'FIFO_SRL' <Latency = 0> <II = 1> <Delay = 2.39> <Storage> <Opcode : 'read' 'write' 'nbread' 'nbwrite'> <Ports = 0> <Width = 16> <Depth = 2> <FIFO>
ST_2 : Operation 19 [1/1] (0.00ns)   --->   "%HwReg_ColEnd_channel = extractvalue i524 %call_ret"   --->   Operation 19 'extractvalue' 'HwReg_ColEnd_channel' <Predicate = true> <Delay = 0.00> <CoreInst = "FIFO_SRL">   --->   Core 81 'FIFO_SRL' <Latency = 0> <II = 1> <Delay = 2.39> <Storage> <Opcode : 'read' 'write' 'nbread' 'nbwrite'> <Ports = 0> <Width = 16> <Depth = 2> <FIFO>
ST_2 : Operation 20 [1/1] (0.00ns)   --->   "%HwReg_RowStart_channel = extractvalue i524 %call_ret"   --->   Operation 20 'extractvalue' 'HwReg_RowStart_channel' <Predicate = true> <Delay = 0.00> <CoreInst = "FIFO_SRL">   --->   Core 81 'FIFO_SRL' <Latency = 0> <II = 1> <Delay = 2.39> <Storage> <Opcode : 'read' 'write' 'nbread' 'nbwrite'> <Ports = 0> <Width = 16> <Depth = 2> <FIFO>
ST_2 : Operation 21 [1/1] (0.00ns)   --->   "%HwReg_RowEnd_channel = extractvalue i524 %call_ret"   --->   Operation 21 'extractvalue' 'HwReg_RowEnd_channel' <Predicate = true> <Delay = 0.00> <CoreInst = "FIFO_SRL">   --->   Core 81 'FIFO_SRL' <Latency = 0> <II = 1> <Delay = 2.39> <Storage> <Opcode : 'read' 'write' 'nbread' 'nbwrite'> <Ports = 0> <Width = 16> <Depth = 2> <FIFO>
ST_2 : Operation 22 [1/1] (0.00ns)   --->   "%HwReg_K11_channel = extractvalue i524 %call_ret"   --->   Operation 22 'extractvalue' 'HwReg_K11_channel' <Predicate = true> <Delay = 0.00> <CoreInst = "FIFO_SRL">   --->   Core 81 'FIFO_SRL' <Latency = 0> <II = 1> <Delay = 2.39> <Storage> <Opcode : 'read' 'write' 'nbread' 'nbwrite'> <Ports = 0> <Width = 16> <Depth = 2> <FIFO>
ST_2 : Operation 23 [1/1] (0.00ns)   --->   "%HwReg_K12_channel = extractvalue i524 %call_ret"   --->   Operation 23 'extractvalue' 'HwReg_K12_channel' <Predicate = true> <Delay = 0.00> <CoreInst = "FIFO_SRL">   --->   Core 81 'FIFO_SRL' <Latency = 0> <II = 1> <Delay = 2.39> <Storage> <Opcode : 'read' 'write' 'nbread' 'nbwrite'> <Ports = 0> <Width = 16> <Depth = 2> <FIFO>
ST_2 : Operation 24 [1/1] (0.00ns)   --->   "%HwReg_K13_channel = extractvalue i524 %call_ret"   --->   Operation 24 'extractvalue' 'HwReg_K13_channel' <Predicate = true> <Delay = 0.00> <CoreInst = "FIFO_SRL">   --->   Core 81 'FIFO_SRL' <Latency = 0> <II = 1> <Delay = 2.39> <Storage> <Opcode : 'read' 'write' 'nbread' 'nbwrite'> <Ports = 0> <Width = 16> <Depth = 2> <FIFO>
ST_2 : Operation 25 [1/1] (0.00ns)   --->   "%HwReg_K21_channel = extractvalue i524 %call_ret"   --->   Operation 25 'extractvalue' 'HwReg_K21_channel' <Predicate = true> <Delay = 0.00> <CoreInst = "FIFO_SRL">   --->   Core 81 'FIFO_SRL' <Latency = 0> <II = 1> <Delay = 2.39> <Storage> <Opcode : 'read' 'write' 'nbread' 'nbwrite'> <Ports = 0> <Width = 16> <Depth = 2> <FIFO>
ST_2 : Operation 26 [1/1] (0.00ns)   --->   "%HwReg_K22_channel = extractvalue i524 %call_ret"   --->   Operation 26 'extractvalue' 'HwReg_K22_channel' <Predicate = true> <Delay = 0.00> <CoreInst = "FIFO_SRL">   --->   Core 81 'FIFO_SRL' <Latency = 0> <II = 1> <Delay = 2.39> <Storage> <Opcode : 'read' 'write' 'nbread' 'nbwrite'> <Ports = 0> <Width = 16> <Depth = 2> <FIFO>
ST_2 : Operation 27 [1/1] (0.00ns)   --->   "%HwReg_K23_channel = extractvalue i524 %call_ret"   --->   Operation 27 'extractvalue' 'HwReg_K23_channel' <Predicate = true> <Delay = 0.00> <CoreInst = "FIFO_SRL">   --->   Core 81 'FIFO_SRL' <Latency = 0> <II = 1> <Delay = 2.39> <Storage> <Opcode : 'read' 'write' 'nbread' 'nbwrite'> <Ports = 0> <Width = 16> <Depth = 2> <FIFO>
ST_2 : Operation 28 [1/1] (0.00ns)   --->   "%HwReg_K31_channel = extractvalue i524 %call_ret"   --->   Operation 28 'extractvalue' 'HwReg_K31_channel' <Predicate = true> <Delay = 0.00> <CoreInst = "FIFO_SRL">   --->   Core 81 'FIFO_SRL' <Latency = 0> <II = 1> <Delay = 2.39> <Storage> <Opcode : 'read' 'write' 'nbread' 'nbwrite'> <Ports = 0> <Width = 16> <Depth = 2> <FIFO>
ST_2 : Operation 29 [1/1] (0.00ns)   --->   "%HwReg_K32_channel = extractvalue i524 %call_ret"   --->   Operation 29 'extractvalue' 'HwReg_K32_channel' <Predicate = true> <Delay = 0.00> <CoreInst = "FIFO_SRL">   --->   Core 81 'FIFO_SRL' <Latency = 0> <II = 1> <Delay = 2.39> <Storage> <Opcode : 'read' 'write' 'nbread' 'nbwrite'> <Ports = 0> <Width = 16> <Depth = 2> <FIFO>
ST_2 : Operation 30 [1/1] (0.00ns)   --->   "%HwReg_K33_channel = extractvalue i524 %call_ret"   --->   Operation 30 'extractvalue' 'HwReg_K33_channel' <Predicate = true> <Delay = 0.00> <CoreInst = "FIFO_SRL">   --->   Core 81 'FIFO_SRL' <Latency = 0> <II = 1> <Delay = 2.39> <Storage> <Opcode : 'read' 'write' 'nbread' 'nbwrite'> <Ports = 0> <Width = 16> <Depth = 2> <FIFO>
ST_2 : Operation 31 [1/1] (0.00ns)   --->   "%HwReg_ROffset_channel = extractvalue i524 %call_ret"   --->   Operation 31 'extractvalue' 'HwReg_ROffset_channel' <Predicate = true> <Delay = 0.00> <CoreInst = "FIFO_SRL">   --->   Core 81 'FIFO_SRL' <Latency = 0> <II = 1> <Delay = 2.39> <Storage> <Opcode : 'read' 'write' 'nbread' 'nbwrite'> <Ports = 0> <Width = 14> <Depth = 2> <FIFO>
ST_2 : Operation 32 [1/1] (0.00ns)   --->   "%HwReg_GOffset_channel = extractvalue i524 %call_ret"   --->   Operation 32 'extractvalue' 'HwReg_GOffset_channel' <Predicate = true> <Delay = 0.00> <CoreInst = "FIFO_SRL">   --->   Core 81 'FIFO_SRL' <Latency = 0> <II = 1> <Delay = 2.39> <Storage> <Opcode : 'read' 'write' 'nbread' 'nbwrite'> <Ports = 0> <Width = 14> <Depth = 2> <FIFO>
ST_2 : Operation 33 [1/1] (0.00ns)   --->   "%HwReg_BOffset_channel = extractvalue i524 %call_ret"   --->   Operation 33 'extractvalue' 'HwReg_BOffset_channel' <Predicate = true> <Delay = 0.00> <CoreInst = "FIFO_SRL">   --->   Core 81 'FIFO_SRL' <Latency = 0> <II = 1> <Delay = 2.39> <Storage> <Opcode : 'read' 'write' 'nbread' 'nbwrite'> <Ports = 0> <Width = 14> <Depth = 2> <FIFO>
ST_2 : Operation 34 [1/1] (0.00ns)   --->   "%HwReg_ClampMin_channel = extractvalue i524 %call_ret"   --->   Operation 34 'extractvalue' 'HwReg_ClampMin_channel' <Predicate = true> <Delay = 0.00> <CoreInst = "FIFO_SRL">   --->   Core 81 'FIFO_SRL' <Latency = 0> <II = 1> <Delay = 2.39> <Storage> <Opcode : 'read' 'write' 'nbread' 'nbwrite'> <Ports = 0> <Width = 12> <Depth = 2> <FIFO>
ST_2 : Operation 35 [1/1] (0.00ns)   --->   "%HwReg_ClipMax_channel = extractvalue i524 %call_ret"   --->   Operation 35 'extractvalue' 'HwReg_ClipMax_channel' <Predicate = true> <Delay = 0.00> <CoreInst = "FIFO_SRL">   --->   Core 81 'FIFO_SRL' <Latency = 0> <II = 1> <Delay = 2.39> <Storage> <Opcode : 'read' 'write' 'nbread' 'nbwrite'> <Ports = 0> <Width = 12> <Depth = 2> <FIFO>
ST_2 : Operation 36 [1/1] (0.00ns)   --->   "%HwReg_K11_2_channel = extractvalue i524 %call_ret"   --->   Operation 36 'extractvalue' 'HwReg_K11_2_channel' <Predicate = true> <Delay = 0.00> <CoreInst = "FIFO_SRL">   --->   Core 81 'FIFO_SRL' <Latency = 0> <II = 1> <Delay = 2.39> <Storage> <Opcode : 'read' 'write' 'nbread' 'nbwrite'> <Ports = 0> <Width = 16> <Depth = 2> <FIFO>
ST_2 : Operation 37 [1/1] (0.00ns)   --->   "%HwReg_K12_2_channel = extractvalue i524 %call_ret"   --->   Operation 37 'extractvalue' 'HwReg_K12_2_channel' <Predicate = true> <Delay = 0.00> <CoreInst = "FIFO_SRL">   --->   Core 81 'FIFO_SRL' <Latency = 0> <II = 1> <Delay = 2.39> <Storage> <Opcode : 'read' 'write' 'nbread' 'nbwrite'> <Ports = 0> <Width = 16> <Depth = 2> <FIFO>
ST_2 : Operation 38 [1/1] (0.00ns)   --->   "%HwReg_K13_2_channel = extractvalue i524 %call_ret"   --->   Operation 38 'extractvalue' 'HwReg_K13_2_channel' <Predicate = true> <Delay = 0.00> <CoreInst = "FIFO_SRL">   --->   Core 81 'FIFO_SRL' <Latency = 0> <II = 1> <Delay = 2.39> <Storage> <Opcode : 'read' 'write' 'nbread' 'nbwrite'> <Ports = 0> <Width = 16> <Depth = 2> <FIFO>
ST_2 : Operation 39 [1/1] (0.00ns)   --->   "%HwReg_K21_2_channel = extractvalue i524 %call_ret"   --->   Operation 39 'extractvalue' 'HwReg_K21_2_channel' <Predicate = true> <Delay = 0.00> <CoreInst = "FIFO_SRL">   --->   Core 81 'FIFO_SRL' <Latency = 0> <II = 1> <Delay = 2.39> <Storage> <Opcode : 'read' 'write' 'nbread' 'nbwrite'> <Ports = 0> <Width = 16> <Depth = 2> <FIFO>
ST_2 : Operation 40 [1/1] (0.00ns)   --->   "%HwReg_K22_2_channel = extractvalue i524 %call_ret"   --->   Operation 40 'extractvalue' 'HwReg_K22_2_channel' <Predicate = true> <Delay = 0.00> <CoreInst = "FIFO_SRL">   --->   Core 81 'FIFO_SRL' <Latency = 0> <II = 1> <Delay = 2.39> <Storage> <Opcode : 'read' 'write' 'nbread' 'nbwrite'> <Ports = 0> <Width = 16> <Depth = 2> <FIFO>
ST_2 : Operation 41 [1/1] (0.00ns)   --->   "%HwReg_K23_2_channel = extractvalue i524 %call_ret"   --->   Operation 41 'extractvalue' 'HwReg_K23_2_channel' <Predicate = true> <Delay = 0.00> <CoreInst = "FIFO_SRL">   --->   Core 81 'FIFO_SRL' <Latency = 0> <II = 1> <Delay = 2.39> <Storage> <Opcode : 'read' 'write' 'nbread' 'nbwrite'> <Ports = 0> <Width = 16> <Depth = 2> <FIFO>
ST_2 : Operation 42 [1/1] (0.00ns)   --->   "%HwReg_K31_2_channel = extractvalue i524 %call_ret"   --->   Operation 42 'extractvalue' 'HwReg_K31_2_channel' <Predicate = true> <Delay = 0.00> <CoreInst = "FIFO_SRL">   --->   Core 81 'FIFO_SRL' <Latency = 0> <II = 1> <Delay = 2.39> <Storage> <Opcode : 'read' 'write' 'nbread' 'nbwrite'> <Ports = 0> <Width = 16> <Depth = 2> <FIFO>
ST_2 : Operation 43 [1/1] (0.00ns)   --->   "%HwReg_K32_2_channel = extractvalue i524 %call_ret"   --->   Operation 43 'extractvalue' 'HwReg_K32_2_channel' <Predicate = true> <Delay = 0.00> <CoreInst = "FIFO_SRL">   --->   Core 81 'FIFO_SRL' <Latency = 0> <II = 1> <Delay = 2.39> <Storage> <Opcode : 'read' 'write' 'nbread' 'nbwrite'> <Ports = 0> <Width = 16> <Depth = 2> <FIFO>
ST_2 : Operation 44 [1/1] (0.00ns)   --->   "%HwReg_K33_2_channel = extractvalue i524 %call_ret"   --->   Operation 44 'extractvalue' 'HwReg_K33_2_channel' <Predicate = true> <Delay = 0.00> <CoreInst = "FIFO_SRL">   --->   Core 81 'FIFO_SRL' <Latency = 0> <II = 1> <Delay = 2.39> <Storage> <Opcode : 'read' 'write' 'nbread' 'nbwrite'> <Ports = 0> <Width = 16> <Depth = 2> <FIFO>
ST_2 : Operation 45 [1/1] (0.00ns)   --->   "%HwReg_ROffset_2_channel = extractvalue i524 %call_ret"   --->   Operation 45 'extractvalue' 'HwReg_ROffset_2_channel' <Predicate = true> <Delay = 0.00> <CoreInst = "FIFO_SRL">   --->   Core 81 'FIFO_SRL' <Latency = 0> <II = 1> <Delay = 2.39> <Storage> <Opcode : 'read' 'write' 'nbread' 'nbwrite'> <Ports = 0> <Width = 14> <Depth = 2> <FIFO>
ST_2 : Operation 46 [1/1] (0.00ns)   --->   "%HwReg_GOffset_2_channel = extractvalue i524 %call_ret"   --->   Operation 46 'extractvalue' 'HwReg_GOffset_2_channel' <Predicate = true> <Delay = 0.00> <CoreInst = "FIFO_SRL">   --->   Core 81 'FIFO_SRL' <Latency = 0> <II = 1> <Delay = 2.39> <Storage> <Opcode : 'read' 'write' 'nbread' 'nbwrite'> <Ports = 0> <Width = 14> <Depth = 2> <FIFO>
ST_2 : Operation 47 [1/1] (0.00ns)   --->   "%HwReg_BOffset_2_channel = extractvalue i524 %call_ret"   --->   Operation 47 'extractvalue' 'HwReg_BOffset_2_channel' <Predicate = true> <Delay = 0.00> <CoreInst = "FIFO_SRL">   --->   Core 81 'FIFO_SRL' <Latency = 0> <II = 1> <Delay = 2.39> <Storage> <Opcode : 'read' 'write' 'nbread' 'nbwrite'> <Ports = 0> <Width = 14> <Depth = 2> <FIFO>
ST_2 : Operation 48 [1/1] (0.00ns)   --->   "%HwReg_ClampMin_2_channel = extractvalue i524 %call_ret"   --->   Operation 48 'extractvalue' 'HwReg_ClampMin_2_channel' <Predicate = true> <Delay = 0.00> <CoreInst = "FIFO_SRL">   --->   Core 81 'FIFO_SRL' <Latency = 0> <II = 1> <Delay = 2.39> <Storage> <Opcode : 'read' 'write' 'nbread' 'nbwrite'> <Ports = 0> <Width = 12> <Depth = 2> <FIFO>
ST_2 : Operation 49 [1/1] (0.00ns)   --->   "%HwReg_ClipMax_2_channel = extractvalue i524 %call_ret"   --->   Operation 49 'extractvalue' 'HwReg_ClipMax_2_channel' <Predicate = true> <Delay = 0.00> <CoreInst = "FIFO_SRL">   --->   Core 81 'FIFO_SRL' <Latency = 0> <II = 1> <Delay = 2.39> <Storage> <Opcode : 'read' 'write' 'nbread' 'nbwrite'> <Ports = 0> <Width = 12> <Depth = 2> <FIFO>
ST_2 : Operation 50 [1/1] (0.00ns)   --->   "%HwReg_width_c12_channel = extractvalue i524 %call_ret"   --->   Operation 50 'extractvalue' 'HwReg_width_c12_channel' <Predicate = true> <Delay = 0.00> <CoreInst = "FIFO_SRL">   --->   Core 81 'FIFO_SRL' <Latency = 0> <II = 1> <Delay = 2.39> <Storage> <Opcode : 'read' 'write' 'nbread' 'nbwrite'> <Ports = 0> <Width = 12> <Depth = 2> <FIFO>
ST_2 : Operation 51 [1/1] (0.00ns)   --->   "%HwReg_height_c14_channel = extractvalue i524 %call_ret"   --->   Operation 51 'extractvalue' 'HwReg_height_c14_channel' <Predicate = true> <Delay = 0.00> <CoreInst = "FIFO_SRL">   --->   Core 81 'FIFO_SRL' <Latency = 0> <II = 1> <Delay = 2.39> <Storage> <Opcode : 'read' 'write' 'nbread' 'nbwrite'> <Ports = 0> <Width = 12> <Depth = 2> <FIFO>
ST_2 : Operation 52 [2/2] (4.78ns)   --->   "%call_ln446 = call void @AXIvideo2MultiPixStream, i40 %s_axis_video_V_data_V, i5 %s_axis_video_V_keep_V, i5 %s_axis_video_V_strb_V, i1 %s_axis_video_V_user_V, i1 %s_axis_video_V_last_V, i1 %s_axis_video_V_id_V, i1 %s_axis_video_V_dest_V, i36 %stream_in, i12 %HwReg_height_c14_channel, i12 %HwReg_width_c12_channel, i8 %HwReg_InVideoFormat_channel, i12 %HwReg_width_c11, i12 %HwReg_height_c13" [C:/Vulcan/Design_Tool/Board_Demo/VC707/hdmi_output/hdmi_output.runs/bd_d92b_csc_0_synth_1/prj/sol/.autopilot/db/v_csc.cpp:446]   --->   Operation 52 'call' 'call_ln446' <Predicate = true> <Delay = 4.78> <CoreType = "Generic">   --->   Core 0 '' <Latency = 0> <II = 1> <Delay = 1.00> <Generic> <Opcode : >

State 3 <SV = 2> <Delay = 0.00>
ST_3 : Operation 53 [1/2] (0.00ns)   --->   "%call_ln446 = call void @AXIvideo2MultiPixStream, i40 %s_axis_video_V_data_V, i5 %s_axis_video_V_keep_V, i5 %s_axis_video_V_strb_V, i1 %s_axis_video_V_user_V, i1 %s_axis_video_V_last_V, i1 %s_axis_video_V_id_V, i1 %s_axis_video_V_dest_V, i36 %stream_in, i12 %HwReg_height_c14_channel, i12 %HwReg_width_c12_channel, i8 %HwReg_InVideoFormat_channel, i12 %HwReg_width_c11, i12 %HwReg_height_c13" [C:/Vulcan/Design_Tool/Board_Demo/VC707/hdmi_output/hdmi_output.runs/bd_d92b_csc_0_synth_1/prj/sol/.autopilot/db/v_csc.cpp:446]   --->   Operation 53 'call' 'call_ln446' <Predicate = true> <Delay = 0.00> <CoreType = "Generic">   --->   Core 0 '' <Latency = 0> <II = 1> <Delay = 1.00> <Generic> <Opcode : >

State 4 <SV = 3> <Delay = 2.39>
ST_4 : Operation 54 [2/2] (2.39ns)   --->   "%call_ln468 = call void @v_csc_core, i36 %stream_in, i12 %HwReg_height_c13, i12 %HwReg_width_c11, i16 %HwReg_ColStart_channel, i16 %HwReg_ColEnd_channel, i16 %HwReg_RowStart_channel, i16 %HwReg_RowEnd_channel, i16 %HwReg_K11_channel, i16 %HwReg_K12_channel, i16 %HwReg_K13_channel, i16 %HwReg_K21_channel, i16 %HwReg_K22_channel, i16 %HwReg_K23_channel, i16 %HwReg_K31_channel, i16 %HwReg_K32_channel, i16 %HwReg_K33_channel, i14 %HwReg_ROffset_channel, i14 %HwReg_GOffset_channel, i14 %HwReg_BOffset_channel, i12 %HwReg_ClampMin_channel, i12 %HwReg_ClipMax_channel, i16 %HwReg_K11_2_channel, i16 %HwReg_K12_2_channel, i16 %HwReg_K13_2_channel, i16 %HwReg_K21_2_channel, i16 %HwReg_K22_2_channel, i16 %HwReg_K23_2_channel, i16 %HwReg_K31_2_channel, i16 %HwReg_K32_2_channel, i16 %HwReg_K33_2_channel, i14 %HwReg_ROffset_2_channel, i14 %HwReg_GOffset_2_channel, i14 %HwReg_BOffset_2_channel, i12 %HwReg_ClampMin_2_channel, i12 %HwReg_ClipMax_2_channel, i36 %stream_csc, i12 %HwReg_width_c, i12 %HwReg_height_c" [C:/Vulcan/Design_Tool/Board_Demo/VC707/hdmi_output/hdmi_output.runs/bd_d92b_csc_0_synth_1/prj/sol/.autopilot/db/v_csc.cpp:468]   --->   Operation 54 'call' 'call_ln468' <Predicate = true> <Delay = 2.39> <CoreType = "Generic">   --->   Core 0 '' <Latency = 0> <II = 1> <Delay = 1.00> <Generic> <Opcode : >

State 5 <SV = 4> <Delay = 0.00>
ST_5 : Operation 55 [1/2] (0.00ns)   --->   "%call_ln468 = call void @v_csc_core, i36 %stream_in, i12 %HwReg_height_c13, i12 %HwReg_width_c11, i16 %HwReg_ColStart_channel, i16 %HwReg_ColEnd_channel, i16 %HwReg_RowStart_channel, i16 %HwReg_RowEnd_channel, i16 %HwReg_K11_channel, i16 %HwReg_K12_channel, i16 %HwReg_K13_channel, i16 %HwReg_K21_channel, i16 %HwReg_K22_channel, i16 %HwReg_K23_channel, i16 %HwReg_K31_channel, i16 %HwReg_K32_channel, i16 %HwReg_K33_channel, i14 %HwReg_ROffset_channel, i14 %HwReg_GOffset_channel, i14 %HwReg_BOffset_channel, i12 %HwReg_ClampMin_channel, i12 %HwReg_ClipMax_channel, i16 %HwReg_K11_2_channel, i16 %HwReg_K12_2_channel, i16 %HwReg_K13_2_channel, i16 %HwReg_K21_2_channel, i16 %HwReg_K22_2_channel, i16 %HwReg_K23_2_channel, i16 %HwReg_K31_2_channel, i16 %HwReg_K32_2_channel, i16 %HwReg_K33_2_channel, i14 %HwReg_ROffset_2_channel, i14 %HwReg_GOffset_2_channel, i14 %HwReg_BOffset_2_channel, i12 %HwReg_ClampMin_2_channel, i12 %HwReg_ClipMax_2_channel, i36 %stream_csc, i12 %HwReg_width_c, i12 %HwReg_height_c" [C:/Vulcan/Design_Tool/Board_Demo/VC707/hdmi_output/hdmi_output.runs/bd_d92b_csc_0_synth_1/prj/sol/.autopilot/db/v_csc.cpp:468]   --->   Operation 55 'call' 'call_ln468' <Predicate = true> <Delay = 0.00> <CoreType = "Generic">   --->   Core 0 '' <Latency = 0> <II = 1> <Delay = 1.00> <Generic> <Opcode : >

State 6 <SV = 5> <Delay = 2.39>
ST_6 : Operation 56 [2/2] (2.39ns)   --->   "%call_ln500 = call void @MultiPixStream2AXIvideo, i36 %stream_csc, i40 %m_axis_video_V_data_V, i5 %m_axis_video_V_keep_V, i5 %m_axis_video_V_strb_V, i1 %m_axis_video_V_user_V, i1 %m_axis_video_V_last_V, i1 %m_axis_video_V_id_V, i1 %m_axis_video_V_dest_V, i12 %HwReg_height_c, i12 %HwReg_width_c, i8 %HwReg_OutVideoFormat_channel" [C:/Vulcan/Design_Tool/Board_Demo/VC707/hdmi_output/hdmi_output.runs/bd_d92b_csc_0_synth_1/prj/sol/.autopilot/db/v_csc.cpp:500]   --->   Operation 56 'call' 'call_ln500' <Predicate = true> <Delay = 2.39> <CoreType = "Generic">   --->   Core 0 '' <Latency = 0> <II = 1> <Delay = 1.00> <Generic> <Opcode : >

State 7 <SV = 6> <Delay = 0.00>
ST_7 : Operation 57 [1/2] (0.00ns)   --->   "%call_ln500 = call void @MultiPixStream2AXIvideo, i36 %stream_csc, i40 %m_axis_video_V_data_V, i5 %m_axis_video_V_keep_V, i5 %m_axis_video_V_strb_V, i1 %m_axis_video_V_user_V, i1 %m_axis_video_V_last_V, i1 %m_axis_video_V_id_V, i1 %m_axis_video_V_dest_V, i12 %HwReg_height_c, i12 %HwReg_width_c, i8 %HwReg_OutVideoFormat_channel" [C:/Vulcan/Design_Tool/Board_Demo/VC707/hdmi_output/hdmi_output.runs/bd_d92b_csc_0_synth_1/prj/sol/.autopilot/db/v_csc.cpp:500]   --->   Operation 57 'call' 'call_ln500' <Predicate = true> <Delay = 0.00> <CoreType = "Generic">   --->   Core 0 '' <Latency = 0> <II = 1> <Delay = 1.00> <Generic> <Opcode : >

State 8 <SV = 7> <Delay = 0.00>
ST_8 : Operation 58 [1/1] (0.00ns)   --->   "%empty = specchannel i32 @_ssdm_op_SpecChannel, void @HwReg_OC_height_c13_str, i32 1, void @p_str, void @p_str, i32 2, i32 0, i12 %HwReg_height_c13, i12 %HwReg_height_c13" [C:/Vulcan/Design_Tool/Board_Demo/VC707/hdmi_output/hdmi_output.runs/bd_d92b_csc_0_synth_1/prj/sol/.autopilot/db/v_csc.cpp:438]   --->   Operation 58 'specchannel' 'empty' <Predicate = true> <Delay = 0.00>
ST_8 : Operation 59 [1/1] (0.00ns)   --->   "%specinterface_ln438 = specinterface void @_ssdm_op_SpecInterface, i12 %HwReg_height_c13, void @ap_fifo_str, i32 0, i32 0, void @p_str, i32 0, i32 0, void @p_str, void @p_str, void @p_str, i32 2, i32 2, i32 16, i32 16, void @p_str, void @p_str, i32 4294967295, i32 0" [C:/Vulcan/Design_Tool/Board_Demo/VC707/hdmi_output/hdmi_output.runs/bd_d92b_csc_0_synth_1/prj/sol/.autopilot/db/v_csc.cpp:438]   --->   Operation 59 'specinterface' 'specinterface_ln438' <Predicate = true> <Delay = 0.00>
ST_8 : Operation 60 [1/1] (0.00ns)   --->   "%empty_67 = specchannel i32 @_ssdm_op_SpecChannel, void @HwReg_OC_height_c_str, i32 1, void @p_str, void @p_str, i32 2, i32 0, i12 %HwReg_height_c, i12 %HwReg_height_c" [C:/Vulcan/Design_Tool/Board_Demo/VC707/hdmi_output/hdmi_output.runs/bd_d92b_csc_0_synth_1/prj/sol/.autopilot/db/v_csc.cpp:438]   --->   Operation 60 'specchannel' 'empty_67' <Predicate = true> <Delay = 0.00>
ST_8 : Operation 61 [1/1] (0.00ns)   --->   "%specinterface_ln438 = specinterface void @_ssdm_op_SpecInterface, i12 %HwReg_height_c, void @ap_fifo_str, i32 0, i32 0, void @p_str, i32 0, i32 0, void @p_str, void @p_str, void @p_str, i32 2, i32 2, i32 16, i32 16, void @p_str, void @p_str, i32 4294967295, i32 0" [C:/Vulcan/Design_Tool/Board_Demo/VC707/hdmi_output/hdmi_output.runs/bd_d92b_csc_0_synth_1/prj/sol/.autopilot/db/v_csc.cpp:438]   --->   Operation 61 'specinterface' 'specinterface_ln438' <Predicate = true> <Delay = 0.00>
ST_8 : Operation 62 [1/1] (0.00ns)   --->   "%empty_68 = specchannel i32 @_ssdm_op_SpecChannel, void @HwReg_OC_width_c11_str, i32 1, void @p_str, void @p_str, i32 2, i32 0, i12 %HwReg_width_c11, i12 %HwReg_width_c11" [C:/Vulcan/Design_Tool/Board_Demo/VC707/hdmi_output/hdmi_output.runs/bd_d92b_csc_0_synth_1/prj/sol/.autopilot/db/v_csc.cpp:438]   --->   Operation 62 'specchannel' 'empty_68' <Predicate = true> <Delay = 0.00>
ST_8 : Operation 63 [1/1] (0.00ns)   --->   "%specinterface_ln438 = specinterface void @_ssdm_op_SpecInterface, i12 %HwReg_width_c11, void @ap_fifo_str, i32 0, i32 0, void @p_str, i32 0, i32 0, void @p_str, void @p_str, void @p_str, i32 2, i32 2, i32 16, i32 16, void @p_str, void @p_str, i32 4294967295, i32 0" [C:/Vulcan/Design_Tool/Board_Demo/VC707/hdmi_output/hdmi_output.runs/bd_d92b_csc_0_synth_1/prj/sol/.autopilot/db/v_csc.cpp:438]   --->   Operation 63 'specinterface' 'specinterface_ln438' <Predicate = true> <Delay = 0.00>
ST_8 : Operation 64 [1/1] (0.00ns)   --->   "%empty_69 = specchannel i32 @_ssdm_op_SpecChannel, void @HwReg_OC_width_c_str, i32 1, void @p_str, void @p_str, i32 2, i32 0, i12 %HwReg_width_c, i12 %HwReg_width_c" [C:/Vulcan/Design_Tool/Board_Demo/VC707/hdmi_output/hdmi_output.runs/bd_d92b_csc_0_synth_1/prj/sol/.autopilot/db/v_csc.cpp:438]   --->   Operation 64 'specchannel' 'empty_69' <Predicate = true> <Delay = 0.00>
ST_8 : Operation 65 [1/1] (0.00ns)   --->   "%specinterface_ln438 = specinterface void @_ssdm_op_SpecInterface, i12 %HwReg_width_c, void @ap_fifo_str, i32 0, i32 0, void @p_str, i32 0, i32 0, void @p_str, void @p_str, void @p_str, i32 2, i32 2, i32 16, i32 16, void @p_str, void @p_str, i32 4294967295, i32 0" [C:/Vulcan/Design_Tool/Board_Demo/VC707/hdmi_output/hdmi_output.runs/bd_d92b_csc_0_synth_1/prj/sol/.autopilot/db/v_csc.cpp:438]   --->   Operation 65 'specinterface' 'specinterface_ln438' <Predicate = true> <Delay = 0.00>
ST_8 : Operation 66 [1/1] (0.00ns)   --->   "%specdataflowpipeline_ln438 = specdataflowpipeline void @_ssdm_op_SpecDataflowPipeline, i32 4294967295, i32 0, void @empty_43" [C:/Vulcan/Design_Tool/Board_Demo/VC707/hdmi_output/hdmi_output.runs/bd_d92b_csc_0_synth_1/prj/sol/.autopilot/db/v_csc.cpp:438]   --->   Operation 66 'specdataflowpipeline' 'specdataflowpipeline_ln438' <Predicate = true> <Delay = 0.00>
ST_8 : Operation 67 [1/1] (0.00ns)   --->   "%spectopmodule_ln220 = spectopmodule void @_ssdm_op_SpecTopModule, void @empty_33" [C:/Vulcan/Design_Tool/Board_Demo/VC707/hdmi_output/hdmi_output.runs/bd_d92b_csc_0_synth_1/prj/sol/.autopilot/db/v_csc.cpp:220]   --->   Operation 67 'spectopmodule' 'spectopmodule_ln220' <Predicate = true> <Delay = 0.00>
ST_8 : Operation 68 [1/1] (0.00ns)   --->   "%specinterface_ln0 = specinterface void @_ssdm_op_SpecInterface, i40 %s_axis_video_V_data_V, i5 %s_axis_video_V_keep_V, i5 %s_axis_video_V_strb_V, i1 %s_axis_video_V_user_V, i1 %s_axis_video_V_last_V, i1 %s_axis_video_V_id_V, i1 %s_axis_video_V_dest_V, void @empty_36, i32 1, i32 1, void @empty_42, i32 0, i32 0, void @empty_43, void @empty_43, void @empty_43, i32 0, i32 0, i32 0, i32 0, void @empty_43, void @empty_43, i32 4294967295, i32 0"   --->   Operation 68 'specinterface' 'specinterface_ln0' <Predicate = true> <Delay = 0.00>
ST_8 : Operation 69 [1/1] (0.00ns)   --->   "%specbitsmap_ln0 = specbitsmap void @_ssdm_op_SpecBitsMap, i40 %s_axis_video_V_data_V"   --->   Operation 69 'specbitsmap' 'specbitsmap_ln0' <Predicate = true> <Delay = 0.00>
ST_8 : Operation 70 [1/1] (0.00ns)   --->   "%specbitsmap_ln0 = specbitsmap void @_ssdm_op_SpecBitsMap, i5 %s_axis_video_V_keep_V"   --->   Operation 70 'specbitsmap' 'specbitsmap_ln0' <Predicate = true> <Delay = 0.00>
ST_8 : Operation 71 [1/1] (0.00ns)   --->   "%specbitsmap_ln0 = specbitsmap void @_ssdm_op_SpecBitsMap, i5 %s_axis_video_V_strb_V"   --->   Operation 71 'specbitsmap' 'specbitsmap_ln0' <Predicate = true> <Delay = 0.00>
ST_8 : Operation 72 [1/1] (0.00ns)   --->   "%specbitsmap_ln0 = specbitsmap void @_ssdm_op_SpecBitsMap, i1 %s_axis_video_V_user_V"   --->   Operation 72 'specbitsmap' 'specbitsmap_ln0' <Predicate = true> <Delay = 0.00>
ST_8 : Operation 73 [1/1] (0.00ns)   --->   "%specbitsmap_ln0 = specbitsmap void @_ssdm_op_SpecBitsMap, i1 %s_axis_video_V_last_V"   --->   Operation 73 'specbitsmap' 'specbitsmap_ln0' <Predicate = true> <Delay = 0.00>
ST_8 : Operation 74 [1/1] (0.00ns)   --->   "%specbitsmap_ln0 = specbitsmap void @_ssdm_op_SpecBitsMap, i1 %s_axis_video_V_id_V"   --->   Operation 74 'specbitsmap' 'specbitsmap_ln0' <Predicate = true> <Delay = 0.00>
ST_8 : Operation 75 [1/1] (0.00ns)   --->   "%specbitsmap_ln0 = specbitsmap void @_ssdm_op_SpecBitsMap, i1 %s_axis_video_V_dest_V"   --->   Operation 75 'specbitsmap' 'specbitsmap_ln0' <Predicate = true> <Delay = 0.00>
ST_8 : Operation 76 [1/1] (0.00ns)   --->   "%specbitsmap_ln0 = specbitsmap void @_ssdm_op_SpecBitsMap, i8 %InVideoFormat"   --->   Operation 76 'specbitsmap' 'specbitsmap_ln0' <Predicate = true> <Delay = 0.00>
ST_8 : Operation 77 [1/1] (0.00ns)   --->   "%specinterface_ln0 = specinterface void @_ssdm_op_SpecInterface, i8 %InVideoFormat, void @empty_45, i32 0, i32 0, void @empty_43, i32 0, i32 0, void @empty_46, void @empty_47, void @empty_43, i32 0, i32 0, i32 0, i32 0, void @empty_43, void @empty_43, i32 4294967295, i32 0"   --->   Operation 77 'specinterface' 'specinterface_ln0' <Predicate = true> <Delay = 0.00>
ST_8 : Operation 78 [1/1] (0.00ns)   --->   "%specinterface_ln0 = specinterface void @_ssdm_op_SpecInterface, i8 %InVideoFormat, void @empty_48, i32 0, i32 0, void @empty_43, i32 0, i32 0, void @empty_43, void @empty_43, void @empty_43, i32 0, i32 0, i32 0, i32 0, void @empty_43, void @empty_43, i32 4294967295, i32 0"   --->   Operation 78 'specinterface' 'specinterface_ln0' <Predicate = true> <Delay = 0.00>
ST_8 : Operation 79 [1/1] (0.00ns)   --->   "%specbitsmap_ln0 = specbitsmap void @_ssdm_op_SpecBitsMap, i8 %OutVideoFormat"   --->   Operation 79 'specbitsmap' 'specbitsmap_ln0' <Predicate = true> <Delay = 0.00>
ST_8 : Operation 80 [1/1] (0.00ns)   --->   "%specinterface_ln0 = specinterface void @_ssdm_op_SpecInterface, i8 %OutVideoFormat, void @empty_45, i32 0, i32 0, void @empty_43, i32 0, i32 0, void @empty_46, void @empty_49, void @empty_43, i32 0, i32 0, i32 0, i32 0, void @empty_43, void @empty_43, i32 4294967295, i32 0"   --->   Operation 80 'specinterface' 'specinterface_ln0' <Predicate = true> <Delay = 0.00>
ST_8 : Operation 81 [1/1] (0.00ns)   --->   "%specinterface_ln0 = specinterface void @_ssdm_op_SpecInterface, i8 %OutVideoFormat, void @empty_48, i32 0, i32 0, void @empty_43, i32 0, i32 0, void @empty_43, void @empty_43, void @empty_43, i32 0, i32 0, i32 0, i32 0, void @empty_43, void @empty_43, i32 4294967295, i32 0"   --->   Operation 81 'specinterface' 'specinterface_ln0' <Predicate = true> <Delay = 0.00>
ST_8 : Operation 82 [1/1] (0.00ns)   --->   "%specbitsmap_ln0 = specbitsmap void @_ssdm_op_SpecBitsMap, i16 %width"   --->   Operation 82 'specbitsmap' 'specbitsmap_ln0' <Predicate = true> <Delay = 0.00>
ST_8 : Operation 83 [1/1] (0.00ns)   --->   "%specinterface_ln0 = specinterface void @_ssdm_op_SpecInterface, i16 %width, void @empty_45, i32 0, i32 0, void @empty_43, i32 0, i32 0, void @empty_46, void @empty_20, void @empty_43, i32 0, i32 0, i32 0, i32 0, void @empty_43, void @empty_43, i32 4294967295, i32 0"   --->   Operation 83 'specinterface' 'specinterface_ln0' <Predicate = true> <Delay = 0.00>
ST_8 : Operation 84 [1/1] (0.00ns)   --->   "%specinterface_ln0 = specinterface void @_ssdm_op_SpecInterface, i16 %width, void @empty_48, i32 0, i32 0, void @empty_43, i32 0, i32 0, void @empty_43, void @empty_43, void @empty_43, i32 0, i32 0, i32 0, i32 0, void @empty_43, void @empty_43, i32 4294967295, i32 0"   --->   Operation 84 'specinterface' 'specinterface_ln0' <Predicate = true> <Delay = 0.00>
ST_8 : Operation 85 [1/1] (0.00ns)   --->   "%specbitsmap_ln0 = specbitsmap void @_ssdm_op_SpecBitsMap, i16 %height"   --->   Operation 85 'specbitsmap' 'specbitsmap_ln0' <Predicate = true> <Delay = 0.00>
ST_8 : Operation 86 [1/1] (0.00ns)   --->   "%specinterface_ln0 = specinterface void @_ssdm_op_SpecInterface, i16 %height, void @empty_45, i32 0, i32 0, void @empty_43, i32 0, i32 0, void @empty_46, void @empty_50, void @empty_43, i32 0, i32 0, i32 0, i32 0, void @empty_43, void @empty_43, i32 4294967295, i32 0"   --->   Operation 86 'specinterface' 'specinterface_ln0' <Predicate = true> <Delay = 0.00>
ST_8 : Operation 87 [1/1] (0.00ns)   --->   "%specinterface_ln0 = specinterface void @_ssdm_op_SpecInterface, i16 %height, void @empty_48, i32 0, i32 0, void @empty_43, i32 0, i32 0, void @empty_43, void @empty_43, void @empty_43, i32 0, i32 0, i32 0, i32 0, void @empty_43, void @empty_43, i32 4294967295, i32 0"   --->   Operation 87 'specinterface' 'specinterface_ln0' <Predicate = true> <Delay = 0.00>
ST_8 : Operation 88 [1/1] (0.00ns)   --->   "%specbitsmap_ln0 = specbitsmap void @_ssdm_op_SpecBitsMap, i16 %ColStart"   --->   Operation 88 'specbitsmap' 'specbitsmap_ln0' <Predicate = true> <Delay = 0.00>
ST_8 : Operation 89 [1/1] (0.00ns)   --->   "%specinterface_ln0 = specinterface void @_ssdm_op_SpecInterface, i16 %ColStart, void @empty_45, i32 0, i32 0, void @empty_43, i32 0, i32 0, void @empty_46, void @empty_51, void @empty_43, i32 0, i32 0, i32 0, i32 0, void @empty_43, void @empty_43, i32 4294967295, i32 0"   --->   Operation 89 'specinterface' 'specinterface_ln0' <Predicate = true> <Delay = 0.00>
ST_8 : Operation 90 [1/1] (0.00ns)   --->   "%specinterface_ln0 = specinterface void @_ssdm_op_SpecInterface, i16 %ColStart, void @empty_48, i32 0, i32 0, void @empty_43, i32 0, i32 0, void @empty_43, void @empty_43, void @empty_43, i32 0, i32 0, i32 0, i32 0, void @empty_43, void @empty_43, i32 4294967295, i32 0"   --->   Operation 90 'specinterface' 'specinterface_ln0' <Predicate = true> <Delay = 0.00>
ST_8 : Operation 91 [1/1] (0.00ns)   --->   "%specbitsmap_ln0 = specbitsmap void @_ssdm_op_SpecBitsMap, i16 %ColEnd"   --->   Operation 91 'specbitsmap' 'specbitsmap_ln0' <Predicate = true> <Delay = 0.00>
ST_8 : Operation 92 [1/1] (0.00ns)   --->   "%specinterface_ln0 = specinterface void @_ssdm_op_SpecInterface, i16 %ColEnd, void @empty_45, i32 0, i32 0, void @empty_43, i32 0, i32 0, void @empty_46, void @empty, void @empty_43, i32 0, i32 0, i32 0, i32 0, void @empty_43, void @empty_43, i32 4294967295, i32 0"   --->   Operation 92 'specinterface' 'specinterface_ln0' <Predicate = true> <Delay = 0.00>
ST_8 : Operation 93 [1/1] (0.00ns)   --->   "%specinterface_ln0 = specinterface void @_ssdm_op_SpecInterface, i16 %ColEnd, void @empty_48, i32 0, i32 0, void @empty_43, i32 0, i32 0, void @empty_43, void @empty_43, void @empty_43, i32 0, i32 0, i32 0, i32 0, void @empty_43, void @empty_43, i32 4294967295, i32 0"   --->   Operation 93 'specinterface' 'specinterface_ln0' <Predicate = true> <Delay = 0.00>
ST_8 : Operation 94 [1/1] (0.00ns)   --->   "%specbitsmap_ln0 = specbitsmap void @_ssdm_op_SpecBitsMap, i16 %RowStart"   --->   Operation 94 'specbitsmap' 'specbitsmap_ln0' <Predicate = true> <Delay = 0.00>
ST_8 : Operation 95 [1/1] (0.00ns)   --->   "%specinterface_ln0 = specinterface void @_ssdm_op_SpecInterface, i16 %RowStart, void @empty_45, i32 0, i32 0, void @empty_43, i32 0, i32 0, void @empty_46, void @empty_0, void @empty_43, i32 0, i32 0, i32 0, i32 0, void @empty_43, void @empty_43, i32 4294967295, i32 0"   --->   Operation 95 'specinterface' 'specinterface_ln0' <Predicate = true> <Delay = 0.00>
ST_8 : Operation 96 [1/1] (0.00ns)   --->   "%specinterface_ln0 = specinterface void @_ssdm_op_SpecInterface, i16 %RowStart, void @empty_48, i32 0, i32 0, void @empty_43, i32 0, i32 0, void @empty_43, void @empty_43, void @empty_43, i32 0, i32 0, i32 0, i32 0, void @empty_43, void @empty_43, i32 4294967295, i32 0"   --->   Operation 96 'specinterface' 'specinterface_ln0' <Predicate = true> <Delay = 0.00>
ST_8 : Operation 97 [1/1] (0.00ns)   --->   "%specbitsmap_ln0 = specbitsmap void @_ssdm_op_SpecBitsMap, i16 %RowEnd"   --->   Operation 97 'specbitsmap' 'specbitsmap_ln0' <Predicate = true> <Delay = 0.00>
ST_8 : Operation 98 [1/1] (0.00ns)   --->   "%specinterface_ln0 = specinterface void @_ssdm_op_SpecInterface, i16 %RowEnd, void @empty_45, i32 0, i32 0, void @empty_43, i32 0, i32 0, void @empty_46, void @empty_1, void @empty_43, i32 0, i32 0, i32 0, i32 0, void @empty_43, void @empty_43, i32 4294967295, i32 0"   --->   Operation 98 'specinterface' 'specinterface_ln0' <Predicate = true> <Delay = 0.00>
ST_8 : Operation 99 [1/1] (0.00ns)   --->   "%specinterface_ln0 = specinterface void @_ssdm_op_SpecInterface, i16 %RowEnd, void @empty_48, i32 0, i32 0, void @empty_43, i32 0, i32 0, void @empty_43, void @empty_43, void @empty_43, i32 0, i32 0, i32 0, i32 0, void @empty_43, void @empty_43, i32 4294967295, i32 0"   --->   Operation 99 'specinterface' 'specinterface_ln0' <Predicate = true> <Delay = 0.00>
ST_8 : Operation 100 [1/1] (0.00ns)   --->   "%specbitsmap_ln0 = specbitsmap void @_ssdm_op_SpecBitsMap, i16 %K11"   --->   Operation 100 'specbitsmap' 'specbitsmap_ln0' <Predicate = true> <Delay = 0.00>
ST_8 : Operation 101 [1/1] (0.00ns)   --->   "%specinterface_ln0 = specinterface void @_ssdm_op_SpecInterface, i16 %K11, void @empty_45, i32 0, i32 0, void @empty_43, i32 0, i32 0, void @empty_46, void @empty_2, void @empty_43, i32 0, i32 0, i32 0, i32 0, void @empty_43, void @empty_43, i32 4294967295, i32 0"   --->   Operation 101 'specinterface' 'specinterface_ln0' <Predicate = true> <Delay = 0.00>
ST_8 : Operation 102 [1/1] (0.00ns)   --->   "%specinterface_ln0 = specinterface void @_ssdm_op_SpecInterface, i16 %K11, void @empty_48, i32 0, i32 0, void @empty_43, i32 0, i32 0, void @empty_43, void @empty_43, void @empty_43, i32 0, i32 0, i32 0, i32 0, void @empty_43, void @empty_43, i32 4294967295, i32 0"   --->   Operation 102 'specinterface' 'specinterface_ln0' <Predicate = true> <Delay = 0.00>
ST_8 : Operation 103 [1/1] (0.00ns)   --->   "%specbitsmap_ln0 = specbitsmap void @_ssdm_op_SpecBitsMap, i16 %K12"   --->   Operation 103 'specbitsmap' 'specbitsmap_ln0' <Predicate = true> <Delay = 0.00>
ST_8 : Operation 104 [1/1] (0.00ns)   --->   "%specinterface_ln0 = specinterface void @_ssdm_op_SpecInterface, i16 %K12, void @empty_45, i32 0, i32 0, void @empty_43, i32 0, i32 0, void @empty_46, void @empty_3, void @empty_43, i32 0, i32 0, i32 0, i32 0, void @empty_43, void @empty_43, i32 4294967295, i32 0"   --->   Operation 104 'specinterface' 'specinterface_ln0' <Predicate = true> <Delay = 0.00>
ST_8 : Operation 105 [1/1] (0.00ns)   --->   "%specinterface_ln0 = specinterface void @_ssdm_op_SpecInterface, i16 %K12, void @empty_48, i32 0, i32 0, void @empty_43, i32 0, i32 0, void @empty_43, void @empty_43, void @empty_43, i32 0, i32 0, i32 0, i32 0, void @empty_43, void @empty_43, i32 4294967295, i32 0"   --->   Operation 105 'specinterface' 'specinterface_ln0' <Predicate = true> <Delay = 0.00>
ST_8 : Operation 106 [1/1] (0.00ns)   --->   "%specbitsmap_ln0 = specbitsmap void @_ssdm_op_SpecBitsMap, i16 %K13"   --->   Operation 106 'specbitsmap' 'specbitsmap_ln0' <Predicate = true> <Delay = 0.00>
ST_8 : Operation 107 [1/1] (0.00ns)   --->   "%specinterface_ln0 = specinterface void @_ssdm_op_SpecInterface, i16 %K13, void @empty_45, i32 0, i32 0, void @empty_43, i32 0, i32 0, void @empty_46, void @empty_4, void @empty_43, i32 0, i32 0, i32 0, i32 0, void @empty_43, void @empty_43, i32 4294967295, i32 0"   --->   Operation 107 'specinterface' 'specinterface_ln0' <Predicate = true> <Delay = 0.00>
ST_8 : Operation 108 [1/1] (0.00ns)   --->   "%specinterface_ln0 = specinterface void @_ssdm_op_SpecInterface, i16 %K13, void @empty_48, i32 0, i32 0, void @empty_43, i32 0, i32 0, void @empty_43, void @empty_43, void @empty_43, i32 0, i32 0, i32 0, i32 0, void @empty_43, void @empty_43, i32 4294967295, i32 0"   --->   Operation 108 'specinterface' 'specinterface_ln0' <Predicate = true> <Delay = 0.00>
ST_8 : Operation 109 [1/1] (0.00ns)   --->   "%specbitsmap_ln0 = specbitsmap void @_ssdm_op_SpecBitsMap, i16 %K21"   --->   Operation 109 'specbitsmap' 'specbitsmap_ln0' <Predicate = true> <Delay = 0.00>
ST_8 : Operation 110 [1/1] (0.00ns)   --->   "%specinterface_ln0 = specinterface void @_ssdm_op_SpecInterface, i16 %K21, void @empty_45, i32 0, i32 0, void @empty_43, i32 0, i32 0, void @empty_46, void @empty_5, void @empty_43, i32 0, i32 0, i32 0, i32 0, void @empty_43, void @empty_43, i32 4294967295, i32 0"   --->   Operation 110 'specinterface' 'specinterface_ln0' <Predicate = true> <Delay = 0.00>
ST_8 : Operation 111 [1/1] (0.00ns)   --->   "%specinterface_ln0 = specinterface void @_ssdm_op_SpecInterface, i16 %K21, void @empty_48, i32 0, i32 0, void @empty_43, i32 0, i32 0, void @empty_43, void @empty_43, void @empty_43, i32 0, i32 0, i32 0, i32 0, void @empty_43, void @empty_43, i32 4294967295, i32 0"   --->   Operation 111 'specinterface' 'specinterface_ln0' <Predicate = true> <Delay = 0.00>
ST_8 : Operation 112 [1/1] (0.00ns)   --->   "%specbitsmap_ln0 = specbitsmap void @_ssdm_op_SpecBitsMap, i16 %K22"   --->   Operation 112 'specbitsmap' 'specbitsmap_ln0' <Predicate = true> <Delay = 0.00>
ST_8 : Operation 113 [1/1] (0.00ns)   --->   "%specinterface_ln0 = specinterface void @_ssdm_op_SpecInterface, i16 %K22, void @empty_45, i32 0, i32 0, void @empty_43, i32 0, i32 0, void @empty_46, void @empty_6, void @empty_43, i32 0, i32 0, i32 0, i32 0, void @empty_43, void @empty_43, i32 4294967295, i32 0"   --->   Operation 113 'specinterface' 'specinterface_ln0' <Predicate = true> <Delay = 0.00>
ST_8 : Operation 114 [1/1] (0.00ns)   --->   "%specinterface_ln0 = specinterface void @_ssdm_op_SpecInterface, i16 %K22, void @empty_48, i32 0, i32 0, void @empty_43, i32 0, i32 0, void @empty_43, void @empty_43, void @empty_43, i32 0, i32 0, i32 0, i32 0, void @empty_43, void @empty_43, i32 4294967295, i32 0"   --->   Operation 114 'specinterface' 'specinterface_ln0' <Predicate = true> <Delay = 0.00>
ST_8 : Operation 115 [1/1] (0.00ns)   --->   "%specbitsmap_ln0 = specbitsmap void @_ssdm_op_SpecBitsMap, i16 %K23"   --->   Operation 115 'specbitsmap' 'specbitsmap_ln0' <Predicate = true> <Delay = 0.00>
ST_8 : Operation 116 [1/1] (0.00ns)   --->   "%specinterface_ln0 = specinterface void @_ssdm_op_SpecInterface, i16 %K23, void @empty_45, i32 0, i32 0, void @empty_43, i32 0, i32 0, void @empty_46, void @empty_7, void @empty_43, i32 0, i32 0, i32 0, i32 0, void @empty_43, void @empty_43, i32 4294967295, i32 0"   --->   Operation 116 'specinterface' 'specinterface_ln0' <Predicate = true> <Delay = 0.00>
ST_8 : Operation 117 [1/1] (0.00ns)   --->   "%specinterface_ln0 = specinterface void @_ssdm_op_SpecInterface, i16 %K23, void @empty_48, i32 0, i32 0, void @empty_43, i32 0, i32 0, void @empty_43, void @empty_43, void @empty_43, i32 0, i32 0, i32 0, i32 0, void @empty_43, void @empty_43, i32 4294967295, i32 0"   --->   Operation 117 'specinterface' 'specinterface_ln0' <Predicate = true> <Delay = 0.00>
ST_8 : Operation 118 [1/1] (0.00ns)   --->   "%specbitsmap_ln0 = specbitsmap void @_ssdm_op_SpecBitsMap, i16 %K31"   --->   Operation 118 'specbitsmap' 'specbitsmap_ln0' <Predicate = true> <Delay = 0.00>
ST_8 : Operation 119 [1/1] (0.00ns)   --->   "%specinterface_ln0 = specinterface void @_ssdm_op_SpecInterface, i16 %K31, void @empty_45, i32 0, i32 0, void @empty_43, i32 0, i32 0, void @empty_46, void @empty_8, void @empty_43, i32 0, i32 0, i32 0, i32 0, void @empty_43, void @empty_43, i32 4294967295, i32 0"   --->   Operation 119 'specinterface' 'specinterface_ln0' <Predicate = true> <Delay = 0.00>
ST_8 : Operation 120 [1/1] (0.00ns)   --->   "%specinterface_ln0 = specinterface void @_ssdm_op_SpecInterface, i16 %K31, void @empty_48, i32 0, i32 0, void @empty_43, i32 0, i32 0, void @empty_43, void @empty_43, void @empty_43, i32 0, i32 0, i32 0, i32 0, void @empty_43, void @empty_43, i32 4294967295, i32 0"   --->   Operation 120 'specinterface' 'specinterface_ln0' <Predicate = true> <Delay = 0.00>
ST_8 : Operation 121 [1/1] (0.00ns)   --->   "%specbitsmap_ln0 = specbitsmap void @_ssdm_op_SpecBitsMap, i16 %K32"   --->   Operation 121 'specbitsmap' 'specbitsmap_ln0' <Predicate = true> <Delay = 0.00>
ST_8 : Operation 122 [1/1] (0.00ns)   --->   "%specinterface_ln0 = specinterface void @_ssdm_op_SpecInterface, i16 %K32, void @empty_45, i32 0, i32 0, void @empty_43, i32 0, i32 0, void @empty_46, void @empty_9, void @empty_43, i32 0, i32 0, i32 0, i32 0, void @empty_43, void @empty_43, i32 4294967295, i32 0"   --->   Operation 122 'specinterface' 'specinterface_ln0' <Predicate = true> <Delay = 0.00>
ST_8 : Operation 123 [1/1] (0.00ns)   --->   "%specinterface_ln0 = specinterface void @_ssdm_op_SpecInterface, i16 %K32, void @empty_48, i32 0, i32 0, void @empty_43, i32 0, i32 0, void @empty_43, void @empty_43, void @empty_43, i32 0, i32 0, i32 0, i32 0, void @empty_43, void @empty_43, i32 4294967295, i32 0"   --->   Operation 123 'specinterface' 'specinterface_ln0' <Predicate = true> <Delay = 0.00>
ST_8 : Operation 124 [1/1] (0.00ns)   --->   "%specbitsmap_ln0 = specbitsmap void @_ssdm_op_SpecBitsMap, i16 %K33"   --->   Operation 124 'specbitsmap' 'specbitsmap_ln0' <Predicate = true> <Delay = 0.00>
ST_8 : Operation 125 [1/1] (0.00ns)   --->   "%specinterface_ln0 = specinterface void @_ssdm_op_SpecInterface, i16 %K33, void @empty_45, i32 0, i32 0, void @empty_43, i32 0, i32 0, void @empty_46, void @empty_10, void @empty_43, i32 0, i32 0, i32 0, i32 0, void @empty_43, void @empty_43, i32 4294967295, i32 0"   --->   Operation 125 'specinterface' 'specinterface_ln0' <Predicate = true> <Delay = 0.00>
ST_8 : Operation 126 [1/1] (0.00ns)   --->   "%specinterface_ln0 = specinterface void @_ssdm_op_SpecInterface, i16 %K33, void @empty_48, i32 0, i32 0, void @empty_43, i32 0, i32 0, void @empty_43, void @empty_43, void @empty_43, i32 0, i32 0, i32 0, i32 0, void @empty_43, void @empty_43, i32 4294967295, i32 0"   --->   Operation 126 'specinterface' 'specinterface_ln0' <Predicate = true> <Delay = 0.00>
ST_8 : Operation 127 [1/1] (0.00ns)   --->   "%specbitsmap_ln0 = specbitsmap void @_ssdm_op_SpecBitsMap, i14 %ROffset"   --->   Operation 127 'specbitsmap' 'specbitsmap_ln0' <Predicate = true> <Delay = 0.00>
ST_8 : Operation 128 [1/1] (0.00ns)   --->   "%specinterface_ln0 = specinterface void @_ssdm_op_SpecInterface, i14 %ROffset, void @empty_45, i32 0, i32 0, void @empty_43, i32 0, i32 0, void @empty_46, void @empty_11, void @empty_43, i32 0, i32 0, i32 0, i32 0, void @empty_43, void @empty_43, i32 4294967295, i32 0"   --->   Operation 128 'specinterface' 'specinterface_ln0' <Predicate = true> <Delay = 0.00>
ST_8 : Operation 129 [1/1] (0.00ns)   --->   "%specinterface_ln0 = specinterface void @_ssdm_op_SpecInterface, i14 %ROffset, void @empty_48, i32 0, i32 0, void @empty_43, i32 0, i32 0, void @empty_43, void @empty_43, void @empty_43, i32 0, i32 0, i32 0, i32 0, void @empty_43, void @empty_43, i32 4294967295, i32 0"   --->   Operation 129 'specinterface' 'specinterface_ln0' <Predicate = true> <Delay = 0.00>
ST_8 : Operation 130 [1/1] (0.00ns)   --->   "%specbitsmap_ln0 = specbitsmap void @_ssdm_op_SpecBitsMap, i14 %GOffset"   --->   Operation 130 'specbitsmap' 'specbitsmap_ln0' <Predicate = true> <Delay = 0.00>
ST_8 : Operation 131 [1/1] (0.00ns)   --->   "%specinterface_ln0 = specinterface void @_ssdm_op_SpecInterface, i14 %GOffset, void @empty_45, i32 0, i32 0, void @empty_43, i32 0, i32 0, void @empty_46, void @empty_12, void @empty_43, i32 0, i32 0, i32 0, i32 0, void @empty_43, void @empty_43, i32 4294967295, i32 0"   --->   Operation 131 'specinterface' 'specinterface_ln0' <Predicate = true> <Delay = 0.00>
ST_8 : Operation 132 [1/1] (0.00ns)   --->   "%specinterface_ln0 = specinterface void @_ssdm_op_SpecInterface, i14 %GOffset, void @empty_48, i32 0, i32 0, void @empty_43, i32 0, i32 0, void @empty_43, void @empty_43, void @empty_43, i32 0, i32 0, i32 0, i32 0, void @empty_43, void @empty_43, i32 4294967295, i32 0"   --->   Operation 132 'specinterface' 'specinterface_ln0' <Predicate = true> <Delay = 0.00>
ST_8 : Operation 133 [1/1] (0.00ns)   --->   "%specbitsmap_ln0 = specbitsmap void @_ssdm_op_SpecBitsMap, i14 %BOffset"   --->   Operation 133 'specbitsmap' 'specbitsmap_ln0' <Predicate = true> <Delay = 0.00>
ST_8 : Operation 134 [1/1] (0.00ns)   --->   "%specinterface_ln0 = specinterface void @_ssdm_op_SpecInterface, i14 %BOffset, void @empty_45, i32 0, i32 0, void @empty_43, i32 0, i32 0, void @empty_46, void @empty_13, void @empty_43, i32 0, i32 0, i32 0, i32 0, void @empty_43, void @empty_43, i32 4294967295, i32 0"   --->   Operation 134 'specinterface' 'specinterface_ln0' <Predicate = true> <Delay = 0.00>
ST_8 : Operation 135 [1/1] (0.00ns)   --->   "%specinterface_ln0 = specinterface void @_ssdm_op_SpecInterface, i14 %BOffset, void @empty_48, i32 0, i32 0, void @empty_43, i32 0, i32 0, void @empty_43, void @empty_43, void @empty_43, i32 0, i32 0, i32 0, i32 0, void @empty_43, void @empty_43, i32 4294967295, i32 0"   --->   Operation 135 'specinterface' 'specinterface_ln0' <Predicate = true> <Delay = 0.00>
ST_8 : Operation 136 [1/1] (0.00ns)   --->   "%specbitsmap_ln0 = specbitsmap void @_ssdm_op_SpecBitsMap, i12 %ClampMin"   --->   Operation 136 'specbitsmap' 'specbitsmap_ln0' <Predicate = true> <Delay = 0.00>
ST_8 : Operation 137 [1/1] (0.00ns)   --->   "%specinterface_ln0 = specinterface void @_ssdm_op_SpecInterface, i12 %ClampMin, void @empty_45, i32 0, i32 0, void @empty_43, i32 0, i32 0, void @empty_46, void @empty_14, void @empty_43, i32 0, i32 0, i32 0, i32 0, void @empty_43, void @empty_43, i32 4294967295, i32 0"   --->   Operation 137 'specinterface' 'specinterface_ln0' <Predicate = true> <Delay = 0.00>
ST_8 : Operation 138 [1/1] (0.00ns)   --->   "%specinterface_ln0 = specinterface void @_ssdm_op_SpecInterface, i12 %ClampMin, void @empty_48, i32 0, i32 0, void @empty_43, i32 0, i32 0, void @empty_43, void @empty_43, void @empty_43, i32 0, i32 0, i32 0, i32 0, void @empty_43, void @empty_43, i32 4294967295, i32 0"   --->   Operation 138 'specinterface' 'specinterface_ln0' <Predicate = true> <Delay = 0.00>
ST_8 : Operation 139 [1/1] (0.00ns)   --->   "%specbitsmap_ln0 = specbitsmap void @_ssdm_op_SpecBitsMap, i12 %ClipMax"   --->   Operation 139 'specbitsmap' 'specbitsmap_ln0' <Predicate = true> <Delay = 0.00>
ST_8 : Operation 140 [1/1] (0.00ns)   --->   "%specinterface_ln0 = specinterface void @_ssdm_op_SpecInterface, i12 %ClipMax, void @empty_45, i32 0, i32 0, void @empty_43, i32 0, i32 0, void @empty_46, void @empty_15, void @empty_43, i32 0, i32 0, i32 0, i32 0, void @empty_43, void @empty_43, i32 4294967295, i32 0"   --->   Operation 140 'specinterface' 'specinterface_ln0' <Predicate = true> <Delay = 0.00>
ST_8 : Operation 141 [1/1] (0.00ns)   --->   "%specinterface_ln0 = specinterface void @_ssdm_op_SpecInterface, i12 %ClipMax, void @empty_48, i32 0, i32 0, void @empty_43, i32 0, i32 0, void @empty_43, void @empty_43, void @empty_43, i32 0, i32 0, i32 0, i32 0, void @empty_43, void @empty_43, i32 4294967295, i32 0"   --->   Operation 141 'specinterface' 'specinterface_ln0' <Predicate = true> <Delay = 0.00>
ST_8 : Operation 142 [1/1] (0.00ns)   --->   "%specbitsmap_ln0 = specbitsmap void @_ssdm_op_SpecBitsMap, i16 %K11_2"   --->   Operation 142 'specbitsmap' 'specbitsmap_ln0' <Predicate = true> <Delay = 0.00>
ST_8 : Operation 143 [1/1] (0.00ns)   --->   "%specinterface_ln0 = specinterface void @_ssdm_op_SpecInterface, i16 %K11_2, void @empty_45, i32 0, i32 0, void @empty_43, i32 0, i32 0, void @empty_46, void @empty_16, void @empty_43, i32 0, i32 0, i32 0, i32 0, void @empty_43, void @empty_43, i32 4294967295, i32 0"   --->   Operation 143 'specinterface' 'specinterface_ln0' <Predicate = true> <Delay = 0.00>
ST_8 : Operation 144 [1/1] (0.00ns)   --->   "%specinterface_ln0 = specinterface void @_ssdm_op_SpecInterface, i16 %K11_2, void @empty_48, i32 0, i32 0, void @empty_43, i32 0, i32 0, void @empty_43, void @empty_43, void @empty_43, i32 0, i32 0, i32 0, i32 0, void @empty_43, void @empty_43, i32 4294967295, i32 0"   --->   Operation 144 'specinterface' 'specinterface_ln0' <Predicate = true> <Delay = 0.00>
ST_8 : Operation 145 [1/1] (0.00ns)   --->   "%specbitsmap_ln0 = specbitsmap void @_ssdm_op_SpecBitsMap, i16 %K12_2"   --->   Operation 145 'specbitsmap' 'specbitsmap_ln0' <Predicate = true> <Delay = 0.00>
ST_8 : Operation 146 [1/1] (0.00ns)   --->   "%specinterface_ln0 = specinterface void @_ssdm_op_SpecInterface, i16 %K12_2, void @empty_45, i32 0, i32 0, void @empty_43, i32 0, i32 0, void @empty_46, void @empty_17, void @empty_43, i32 0, i32 0, i32 0, i32 0, void @empty_43, void @empty_43, i32 4294967295, i32 0"   --->   Operation 146 'specinterface' 'specinterface_ln0' <Predicate = true> <Delay = 0.00>
ST_8 : Operation 147 [1/1] (0.00ns)   --->   "%specinterface_ln0 = specinterface void @_ssdm_op_SpecInterface, i16 %K12_2, void @empty_48, i32 0, i32 0, void @empty_43, i32 0, i32 0, void @empty_43, void @empty_43, void @empty_43, i32 0, i32 0, i32 0, i32 0, void @empty_43, void @empty_43, i32 4294967295, i32 0"   --->   Operation 147 'specinterface' 'specinterface_ln0' <Predicate = true> <Delay = 0.00>
ST_8 : Operation 148 [1/1] (0.00ns)   --->   "%specbitsmap_ln0 = specbitsmap void @_ssdm_op_SpecBitsMap, i16 %K13_2"   --->   Operation 148 'specbitsmap' 'specbitsmap_ln0' <Predicate = true> <Delay = 0.00>
ST_8 : Operation 149 [1/1] (0.00ns)   --->   "%specinterface_ln0 = specinterface void @_ssdm_op_SpecInterface, i16 %K13_2, void @empty_45, i32 0, i32 0, void @empty_43, i32 0, i32 0, void @empty_46, void @empty_18, void @empty_43, i32 0, i32 0, i32 0, i32 0, void @empty_43, void @empty_43, i32 4294967295, i32 0"   --->   Operation 149 'specinterface' 'specinterface_ln0' <Predicate = true> <Delay = 0.00>
ST_8 : Operation 150 [1/1] (0.00ns)   --->   "%specinterface_ln0 = specinterface void @_ssdm_op_SpecInterface, i16 %K13_2, void @empty_48, i32 0, i32 0, void @empty_43, i32 0, i32 0, void @empty_43, void @empty_43, void @empty_43, i32 0, i32 0, i32 0, i32 0, void @empty_43, void @empty_43, i32 4294967295, i32 0"   --->   Operation 150 'specinterface' 'specinterface_ln0' <Predicate = true> <Delay = 0.00>
ST_8 : Operation 151 [1/1] (0.00ns)   --->   "%specbitsmap_ln0 = specbitsmap void @_ssdm_op_SpecBitsMap, i16 %K21_2"   --->   Operation 151 'specbitsmap' 'specbitsmap_ln0' <Predicate = true> <Delay = 0.00>
ST_8 : Operation 152 [1/1] (0.00ns)   --->   "%specinterface_ln0 = specinterface void @_ssdm_op_SpecInterface, i16 %K21_2, void @empty_45, i32 0, i32 0, void @empty_43, i32 0, i32 0, void @empty_46, void @empty_19, void @empty_43, i32 0, i32 0, i32 0, i32 0, void @empty_43, void @empty_43, i32 4294967295, i32 0"   --->   Operation 152 'specinterface' 'specinterface_ln0' <Predicate = true> <Delay = 0.00>
ST_8 : Operation 153 [1/1] (0.00ns)   --->   "%specinterface_ln0 = specinterface void @_ssdm_op_SpecInterface, i16 %K21_2, void @empty_48, i32 0, i32 0, void @empty_43, i32 0, i32 0, void @empty_43, void @empty_43, void @empty_43, i32 0, i32 0, i32 0, i32 0, void @empty_43, void @empty_43, i32 4294967295, i32 0"   --->   Operation 153 'specinterface' 'specinterface_ln0' <Predicate = true> <Delay = 0.00>
ST_8 : Operation 154 [1/1] (0.00ns)   --->   "%specbitsmap_ln0 = specbitsmap void @_ssdm_op_SpecBitsMap, i16 %K22_2"   --->   Operation 154 'specbitsmap' 'specbitsmap_ln0' <Predicate = true> <Delay = 0.00>
ST_8 : Operation 155 [1/1] (0.00ns)   --->   "%specinterface_ln0 = specinterface void @_ssdm_op_SpecInterface, i16 %K22_2, void @empty_45, i32 0, i32 0, void @empty_43, i32 0, i32 0, void @empty_46, void @empty_44, void @empty_43, i32 0, i32 0, i32 0, i32 0, void @empty_43, void @empty_43, i32 4294967295, i32 0"   --->   Operation 155 'specinterface' 'specinterface_ln0' <Predicate = true> <Delay = 0.00>
ST_8 : Operation 156 [1/1] (0.00ns)   --->   "%specinterface_ln0 = specinterface void @_ssdm_op_SpecInterface, i16 %K22_2, void @empty_48, i32 0, i32 0, void @empty_43, i32 0, i32 0, void @empty_43, void @empty_43, void @empty_43, i32 0, i32 0, i32 0, i32 0, void @empty_43, void @empty_43, i32 4294967295, i32 0"   --->   Operation 156 'specinterface' 'specinterface_ln0' <Predicate = true> <Delay = 0.00>
ST_8 : Operation 157 [1/1] (0.00ns)   --->   "%specbitsmap_ln0 = specbitsmap void @_ssdm_op_SpecBitsMap, i16 %K23_2"   --->   Operation 157 'specbitsmap' 'specbitsmap_ln0' <Predicate = true> <Delay = 0.00>
ST_8 : Operation 158 [1/1] (0.00ns)   --->   "%specinterface_ln0 = specinterface void @_ssdm_op_SpecInterface, i16 %K23_2, void @empty_45, i32 0, i32 0, void @empty_43, i32 0, i32 0, void @empty_46, void @empty_21, void @empty_43, i32 0, i32 0, i32 0, i32 0, void @empty_43, void @empty_43, i32 4294967295, i32 0"   --->   Operation 158 'specinterface' 'specinterface_ln0' <Predicate = true> <Delay = 0.00>
ST_8 : Operation 159 [1/1] (0.00ns)   --->   "%specinterface_ln0 = specinterface void @_ssdm_op_SpecInterface, i16 %K23_2, void @empty_48, i32 0, i32 0, void @empty_43, i32 0, i32 0, void @empty_43, void @empty_43, void @empty_43, i32 0, i32 0, i32 0, i32 0, void @empty_43, void @empty_43, i32 4294967295, i32 0"   --->   Operation 159 'specinterface' 'specinterface_ln0' <Predicate = true> <Delay = 0.00>
ST_8 : Operation 160 [1/1] (0.00ns)   --->   "%specbitsmap_ln0 = specbitsmap void @_ssdm_op_SpecBitsMap, i16 %K31_2"   --->   Operation 160 'specbitsmap' 'specbitsmap_ln0' <Predicate = true> <Delay = 0.00>
ST_8 : Operation 161 [1/1] (0.00ns)   --->   "%specinterface_ln0 = specinterface void @_ssdm_op_SpecInterface, i16 %K31_2, void @empty_45, i32 0, i32 0, void @empty_43, i32 0, i32 0, void @empty_46, void @empty_22, void @empty_43, i32 0, i32 0, i32 0, i32 0, void @empty_43, void @empty_43, i32 4294967295, i32 0"   --->   Operation 161 'specinterface' 'specinterface_ln0' <Predicate = true> <Delay = 0.00>
ST_8 : Operation 162 [1/1] (0.00ns)   --->   "%specinterface_ln0 = specinterface void @_ssdm_op_SpecInterface, i16 %K31_2, void @empty_48, i32 0, i32 0, void @empty_43, i32 0, i32 0, void @empty_43, void @empty_43, void @empty_43, i32 0, i32 0, i32 0, i32 0, void @empty_43, void @empty_43, i32 4294967295, i32 0"   --->   Operation 162 'specinterface' 'specinterface_ln0' <Predicate = true> <Delay = 0.00>
ST_8 : Operation 163 [1/1] (0.00ns)   --->   "%specbitsmap_ln0 = specbitsmap void @_ssdm_op_SpecBitsMap, i16 %K32_2"   --->   Operation 163 'specbitsmap' 'specbitsmap_ln0' <Predicate = true> <Delay = 0.00>
ST_8 : Operation 164 [1/1] (0.00ns)   --->   "%specinterface_ln0 = specinterface void @_ssdm_op_SpecInterface, i16 %K32_2, void @empty_45, i32 0, i32 0, void @empty_43, i32 0, i32 0, void @empty_46, void @empty_23, void @empty_43, i32 0, i32 0, i32 0, i32 0, void @empty_43, void @empty_43, i32 4294967295, i32 0"   --->   Operation 164 'specinterface' 'specinterface_ln0' <Predicate = true> <Delay = 0.00>
ST_8 : Operation 165 [1/1] (0.00ns)   --->   "%specinterface_ln0 = specinterface void @_ssdm_op_SpecInterface, i16 %K32_2, void @empty_48, i32 0, i32 0, void @empty_43, i32 0, i32 0, void @empty_43, void @empty_43, void @empty_43, i32 0, i32 0, i32 0, i32 0, void @empty_43, void @empty_43, i32 4294967295, i32 0"   --->   Operation 165 'specinterface' 'specinterface_ln0' <Predicate = true> <Delay = 0.00>
ST_8 : Operation 166 [1/1] (0.00ns)   --->   "%specbitsmap_ln0 = specbitsmap void @_ssdm_op_SpecBitsMap, i16 %K33_2"   --->   Operation 166 'specbitsmap' 'specbitsmap_ln0' <Predicate = true> <Delay = 0.00>
ST_8 : Operation 167 [1/1] (0.00ns)   --->   "%specinterface_ln0 = specinterface void @_ssdm_op_SpecInterface, i16 %K33_2, void @empty_45, i32 0, i32 0, void @empty_43, i32 0, i32 0, void @empty_46, void @empty_24, void @empty_43, i32 0, i32 0, i32 0, i32 0, void @empty_43, void @empty_43, i32 4294967295, i32 0"   --->   Operation 167 'specinterface' 'specinterface_ln0' <Predicate = true> <Delay = 0.00>
ST_8 : Operation 168 [1/1] (0.00ns)   --->   "%specinterface_ln0 = specinterface void @_ssdm_op_SpecInterface, i16 %K33_2, void @empty_48, i32 0, i32 0, void @empty_43, i32 0, i32 0, void @empty_43, void @empty_43, void @empty_43, i32 0, i32 0, i32 0, i32 0, void @empty_43, void @empty_43, i32 4294967295, i32 0"   --->   Operation 168 'specinterface' 'specinterface_ln0' <Predicate = true> <Delay = 0.00>
ST_8 : Operation 169 [1/1] (0.00ns)   --->   "%specbitsmap_ln0 = specbitsmap void @_ssdm_op_SpecBitsMap, i14 %ROffset_2"   --->   Operation 169 'specbitsmap' 'specbitsmap_ln0' <Predicate = true> <Delay = 0.00>
ST_8 : Operation 170 [1/1] (0.00ns)   --->   "%specinterface_ln0 = specinterface void @_ssdm_op_SpecInterface, i14 %ROffset_2, void @empty_45, i32 0, i32 0, void @empty_43, i32 0, i32 0, void @empty_46, void @empty_25, void @empty_43, i32 0, i32 0, i32 0, i32 0, void @empty_43, void @empty_43, i32 4294967295, i32 0"   --->   Operation 170 'specinterface' 'specinterface_ln0' <Predicate = true> <Delay = 0.00>
ST_8 : Operation 171 [1/1] (0.00ns)   --->   "%specinterface_ln0 = specinterface void @_ssdm_op_SpecInterface, i14 %ROffset_2, void @empty_48, i32 0, i32 0, void @empty_43, i32 0, i32 0, void @empty_43, void @empty_43, void @empty_43, i32 0, i32 0, i32 0, i32 0, void @empty_43, void @empty_43, i32 4294967295, i32 0"   --->   Operation 171 'specinterface' 'specinterface_ln0' <Predicate = true> <Delay = 0.00>
ST_8 : Operation 172 [1/1] (0.00ns)   --->   "%specbitsmap_ln0 = specbitsmap void @_ssdm_op_SpecBitsMap, i14 %GOffset_2"   --->   Operation 172 'specbitsmap' 'specbitsmap_ln0' <Predicate = true> <Delay = 0.00>
ST_8 : Operation 173 [1/1] (0.00ns)   --->   "%specinterface_ln0 = specinterface void @_ssdm_op_SpecInterface, i14 %GOffset_2, void @empty_45, i32 0, i32 0, void @empty_43, i32 0, i32 0, void @empty_46, void @empty_26, void @empty_43, i32 0, i32 0, i32 0, i32 0, void @empty_43, void @empty_43, i32 4294967295, i32 0"   --->   Operation 173 'specinterface' 'specinterface_ln0' <Predicate = true> <Delay = 0.00>
ST_8 : Operation 174 [1/1] (0.00ns)   --->   "%specinterface_ln0 = specinterface void @_ssdm_op_SpecInterface, i14 %GOffset_2, void @empty_48, i32 0, i32 0, void @empty_43, i32 0, i32 0, void @empty_43, void @empty_43, void @empty_43, i32 0, i32 0, i32 0, i32 0, void @empty_43, void @empty_43, i32 4294967295, i32 0"   --->   Operation 174 'specinterface' 'specinterface_ln0' <Predicate = true> <Delay = 0.00>
ST_8 : Operation 175 [1/1] (0.00ns)   --->   "%specbitsmap_ln0 = specbitsmap void @_ssdm_op_SpecBitsMap, i14 %BOffset_2"   --->   Operation 175 'specbitsmap' 'specbitsmap_ln0' <Predicate = true> <Delay = 0.00>
ST_8 : Operation 176 [1/1] (0.00ns)   --->   "%specinterface_ln0 = specinterface void @_ssdm_op_SpecInterface, i14 %BOffset_2, void @empty_45, i32 0, i32 0, void @empty_43, i32 0, i32 0, void @empty_46, void @empty_27, void @empty_43, i32 0, i32 0, i32 0, i32 0, void @empty_43, void @empty_43, i32 4294967295, i32 0"   --->   Operation 176 'specinterface' 'specinterface_ln0' <Predicate = true> <Delay = 0.00>
ST_8 : Operation 177 [1/1] (0.00ns)   --->   "%specinterface_ln0 = specinterface void @_ssdm_op_SpecInterface, i14 %BOffset_2, void @empty_48, i32 0, i32 0, void @empty_43, i32 0, i32 0, void @empty_43, void @empty_43, void @empty_43, i32 0, i32 0, i32 0, i32 0, void @empty_43, void @empty_43, i32 4294967295, i32 0"   --->   Operation 177 'specinterface' 'specinterface_ln0' <Predicate = true> <Delay = 0.00>
ST_8 : Operation 178 [1/1] (0.00ns)   --->   "%specbitsmap_ln0 = specbitsmap void @_ssdm_op_SpecBitsMap, i12 %ClampMin_2"   --->   Operation 178 'specbitsmap' 'specbitsmap_ln0' <Predicate = true> <Delay = 0.00>
ST_8 : Operation 179 [1/1] (0.00ns)   --->   "%specinterface_ln0 = specinterface void @_ssdm_op_SpecInterface, i12 %ClampMin_2, void @empty_45, i32 0, i32 0, void @empty_43, i32 0, i32 0, void @empty_46, void @empty_28, void @empty_43, i32 0, i32 0, i32 0, i32 0, void @empty_43, void @empty_43, i32 4294967295, i32 0"   --->   Operation 179 'specinterface' 'specinterface_ln0' <Predicate = true> <Delay = 0.00>
ST_8 : Operation 180 [1/1] (0.00ns)   --->   "%specinterface_ln0 = specinterface void @_ssdm_op_SpecInterface, i12 %ClampMin_2, void @empty_48, i32 0, i32 0, void @empty_43, i32 0, i32 0, void @empty_43, void @empty_43, void @empty_43, i32 0, i32 0, i32 0, i32 0, void @empty_43, void @empty_43, i32 4294967295, i32 0"   --->   Operation 180 'specinterface' 'specinterface_ln0' <Predicate = true> <Delay = 0.00>
ST_8 : Operation 181 [1/1] (0.00ns)   --->   "%specbitsmap_ln0 = specbitsmap void @_ssdm_op_SpecBitsMap, i12 %ClipMax_2"   --->   Operation 181 'specbitsmap' 'specbitsmap_ln0' <Predicate = true> <Delay = 0.00>
ST_8 : Operation 182 [1/1] (0.00ns)   --->   "%specinterface_ln0 = specinterface void @_ssdm_op_SpecInterface, i12 %ClipMax_2, void @empty_45, i32 0, i32 0, void @empty_43, i32 0, i32 0, void @empty_46, void @empty_29, void @empty_43, i32 0, i32 0, i32 0, i32 0, void @empty_43, void @empty_43, i32 4294967295, i32 0"   --->   Operation 182 'specinterface' 'specinterface_ln0' <Predicate = true> <Delay = 0.00>
ST_8 : Operation 183 [1/1] (0.00ns)   --->   "%specinterface_ln0 = specinterface void @_ssdm_op_SpecInterface, i12 %ClipMax_2, void @empty_48, i32 0, i32 0, void @empty_43, i32 0, i32 0, void @empty_43, void @empty_43, void @empty_43, i32 0, i32 0, i32 0, i32 0, void @empty_43, void @empty_43, i32 4294967295, i32 0"   --->   Operation 183 'specinterface' 'specinterface_ln0' <Predicate = true> <Delay = 0.00>
ST_8 : Operation 184 [1/1] (0.00ns)   --->   "%specinterface_ln0 = specinterface void @_ssdm_op_SpecInterface, i40 %m_axis_video_V_data_V, i5 %m_axis_video_V_keep_V, i5 %m_axis_video_V_strb_V, i1 %m_axis_video_V_user_V, i1 %m_axis_video_V_last_V, i1 %m_axis_video_V_id_V, i1 %m_axis_video_V_dest_V, void @empty_36, i32 1, i32 1, void @empty_42, i32 0, i32 0, void @empty_43, void @empty_43, void @empty_43, i32 0, i32 0, i32 0, i32 0, void @empty_43, void @empty_43, i32 4294967295, i32 0"   --->   Operation 184 'specinterface' 'specinterface_ln0' <Predicate = true> <Delay = 0.00>
ST_8 : Operation 185 [1/1] (0.00ns)   --->   "%specbitsmap_ln0 = specbitsmap void @_ssdm_op_SpecBitsMap, i40 %m_axis_video_V_data_V"   --->   Operation 185 'specbitsmap' 'specbitsmap_ln0' <Predicate = true> <Delay = 0.00>
ST_8 : Operation 186 [1/1] (0.00ns)   --->   "%specbitsmap_ln0 = specbitsmap void @_ssdm_op_SpecBitsMap, i5 %m_axis_video_V_keep_V"   --->   Operation 186 'specbitsmap' 'specbitsmap_ln0' <Predicate = true> <Delay = 0.00>
ST_8 : Operation 187 [1/1] (0.00ns)   --->   "%specbitsmap_ln0 = specbitsmap void @_ssdm_op_SpecBitsMap, i5 %m_axis_video_V_strb_V"   --->   Operation 187 'specbitsmap' 'specbitsmap_ln0' <Predicate = true> <Delay = 0.00>
ST_8 : Operation 188 [1/1] (0.00ns)   --->   "%specbitsmap_ln0 = specbitsmap void @_ssdm_op_SpecBitsMap, i1 %m_axis_video_V_user_V"   --->   Operation 188 'specbitsmap' 'specbitsmap_ln0' <Predicate = true> <Delay = 0.00>
ST_8 : Operation 189 [1/1] (0.00ns)   --->   "%specbitsmap_ln0 = specbitsmap void @_ssdm_op_SpecBitsMap, i1 %m_axis_video_V_last_V"   --->   Operation 189 'specbitsmap' 'specbitsmap_ln0' <Predicate = true> <Delay = 0.00>
ST_8 : Operation 190 [1/1] (0.00ns)   --->   "%specbitsmap_ln0 = specbitsmap void @_ssdm_op_SpecBitsMap, i1 %m_axis_video_V_id_V"   --->   Operation 190 'specbitsmap' 'specbitsmap_ln0' <Predicate = true> <Delay = 0.00>
ST_8 : Operation 191 [1/1] (0.00ns)   --->   "%specbitsmap_ln0 = specbitsmap void @_ssdm_op_SpecBitsMap, i1 %m_axis_video_V_dest_V"   --->   Operation 191 'specbitsmap' 'specbitsmap_ln0' <Predicate = true> <Delay = 0.00>
ST_8 : Operation 192 [1/1] (0.00ns)   --->   "%specinterface_ln0 = specinterface void @_ssdm_op_SpecInterface, i32 0, void @empty_45, i32 0, i32 0, void @empty_43, i32 0, i32 0, void @empty_46, void @empty_43, void @empty_43, i32 0, i32 0, i32 0, i32 0, void @empty_43, void @empty_43, i32 4294967295, i32 0"   --->   Operation 192 'specinterface' 'specinterface_ln0' <Predicate = true> <Delay = 0.00>
ST_8 : Operation 193 [1/1] (0.00ns)   --->   "%empty_70 = specchannel i32 @_ssdm_op_SpecChannel, void @stream_in_str, i32 1, void @p_str, void @p_str, i32 16, i32 16, i36 %stream_in, i36 %stream_in"   --->   Operation 193 'specchannel' 'empty_70' <Predicate = true> <Delay = 0.00>
ST_8 : Operation 194 [1/1] (0.00ns)   --->   "%specinterface_ln0 = specinterface void @_ssdm_op_SpecInterface, i36 %stream_in, void @empty_30, i32 0, i32 0, void @empty_43, i32 0, i32 0, void @empty_43, void @empty_43, void @empty_43, i32 0, i32 0, i32 0, i32 0, void @empty_43, void @empty_43, i32 4294967295, i32 0"   --->   Operation 194 'specinterface' 'specinterface_ln0' <Predicate = true> <Delay = 0.00>
ST_8 : Operation 195 [1/1] (0.00ns)   --->   "%empty_71 = specchannel i32 @_ssdm_op_SpecChannel, void @stream_csc_str, i32 1, void @p_str, void @p_str, i32 16, i32 16, i36 %stream_csc, i36 %stream_csc"   --->   Operation 195 'specchannel' 'empty_71' <Predicate = true> <Delay = 0.00>
ST_8 : Operation 196 [1/1] (0.00ns)   --->   "%specinterface_ln0 = specinterface void @_ssdm_op_SpecInterface, i36 %stream_csc, void @empty_30, i32 0, i32 0, void @empty_43, i32 0, i32 0, void @empty_43, void @empty_43, void @empty_43, i32 0, i32 0, i32 0, i32 0, void @empty_43, void @empty_43, i32 4294967295, i32 0"   --->   Operation 196 'specinterface' 'specinterface_ln0' <Predicate = true> <Delay = 0.00>
ST_8 : Operation 197 [1/1] (0.00ns)   --->   "%specstablecontent_ln286 = specstablecontent void @_ssdm_op_SpecStableContent, i8 %InVideoFormat, void " [C:/Vulcan/Design_Tool/Board_Demo/VC707/hdmi_output/hdmi_output.runs/bd_d92b_csc_0_synth_1/prj/sol/.autopilot/db/v_csc.cpp:286]   --->   Operation 197 'specstablecontent' 'specstablecontent_ln286' <Predicate = true> <Delay = 0.00>
ST_8 : Operation 198 [1/1] (0.00ns)   --->   "%specstablecontent_ln288 = specstablecontent void @_ssdm_op_SpecStableContent, i8 %OutVideoFormat, void " [C:/Vulcan/Design_Tool/Board_Demo/VC707/hdmi_output/hdmi_output.runs/bd_d92b_csc_0_synth_1/prj/sol/.autopilot/db/v_csc.cpp:288]   --->   Operation 198 'specstablecontent' 'specstablecontent_ln288' <Predicate = true> <Delay = 0.00>
ST_8 : Operation 199 [1/1] (0.00ns)   --->   "%specstablecontent_ln290 = specstablecontent void @_ssdm_op_SpecStableContent, i16 %width, void " [C:/Vulcan/Design_Tool/Board_Demo/VC707/hdmi_output/hdmi_output.runs/bd_d92b_csc_0_synth_1/prj/sol/.autopilot/db/v_csc.cpp:290]   --->   Operation 199 'specstablecontent' 'specstablecontent_ln290' <Predicate = true> <Delay = 0.00>
ST_8 : Operation 200 [1/1] (0.00ns)   --->   "%specstablecontent_ln292 = specstablecontent void @_ssdm_op_SpecStableContent, i16 %height, void " [C:/Vulcan/Design_Tool/Board_Demo/VC707/hdmi_output/hdmi_output.runs/bd_d92b_csc_0_synth_1/prj/sol/.autopilot/db/v_csc.cpp:292]   --->   Operation 200 'specstablecontent' 'specstablecontent_ln292' <Predicate = true> <Delay = 0.00>
ST_8 : Operation 201 [1/1] (0.00ns)   --->   "%specstablecontent_ln295 = specstablecontent void @_ssdm_op_SpecStableContent, i16 %ColStart, void " [C:/Vulcan/Design_Tool/Board_Demo/VC707/hdmi_output/hdmi_output.runs/bd_d92b_csc_0_synth_1/prj/sol/.autopilot/db/v_csc.cpp:295]   --->   Operation 201 'specstablecontent' 'specstablecontent_ln295' <Predicate = true> <Delay = 0.00>
ST_8 : Operation 202 [1/1] (0.00ns)   --->   "%specstablecontent_ln297 = specstablecontent void @_ssdm_op_SpecStableContent, i16 %ColEnd, void " [C:/Vulcan/Design_Tool/Board_Demo/VC707/hdmi_output/hdmi_output.runs/bd_d92b_csc_0_synth_1/prj/sol/.autopilot/db/v_csc.cpp:297]   --->   Operation 202 'specstablecontent' 'specstablecontent_ln297' <Predicate = true> <Delay = 0.00>
ST_8 : Operation 203 [1/1] (0.00ns)   --->   "%specstablecontent_ln299 = specstablecontent void @_ssdm_op_SpecStableContent, i16 %RowStart, void " [C:/Vulcan/Design_Tool/Board_Demo/VC707/hdmi_output/hdmi_output.runs/bd_d92b_csc_0_synth_1/prj/sol/.autopilot/db/v_csc.cpp:299]   --->   Operation 203 'specstablecontent' 'specstablecontent_ln299' <Predicate = true> <Delay = 0.00>
ST_8 : Operation 204 [1/1] (0.00ns)   --->   "%specstablecontent_ln301 = specstablecontent void @_ssdm_op_SpecStableContent, i16 %RowEnd, void " [C:/Vulcan/Design_Tool/Board_Demo/VC707/hdmi_output/hdmi_output.runs/bd_d92b_csc_0_synth_1/prj/sol/.autopilot/db/v_csc.cpp:301]   --->   Operation 204 'specstablecontent' 'specstablecontent_ln301' <Predicate = true> <Delay = 0.00>
ST_8 : Operation 205 [1/1] (0.00ns)   --->   "%specstablecontent_ln304 = specstablecontent void @_ssdm_op_SpecStableContent, i16 %K11, void " [C:/Vulcan/Design_Tool/Board_Demo/VC707/hdmi_output/hdmi_output.runs/bd_d92b_csc_0_synth_1/prj/sol/.autopilot/db/v_csc.cpp:304]   --->   Operation 205 'specstablecontent' 'specstablecontent_ln304' <Predicate = true> <Delay = 0.00>
ST_8 : Operation 206 [1/1] (0.00ns)   --->   "%specstablecontent_ln306 = specstablecontent void @_ssdm_op_SpecStableContent, i16 %K12, void " [C:/Vulcan/Design_Tool/Board_Demo/VC707/hdmi_output/hdmi_output.runs/bd_d92b_csc_0_synth_1/prj/sol/.autopilot/db/v_csc.cpp:306]   --->   Operation 206 'specstablecontent' 'specstablecontent_ln306' <Predicate = true> <Delay = 0.00>
ST_8 : Operation 207 [1/1] (0.00ns)   --->   "%specstablecontent_ln308 = specstablecontent void @_ssdm_op_SpecStableContent, i16 %K13, void " [C:/Vulcan/Design_Tool/Board_Demo/VC707/hdmi_output/hdmi_output.runs/bd_d92b_csc_0_synth_1/prj/sol/.autopilot/db/v_csc.cpp:308]   --->   Operation 207 'specstablecontent' 'specstablecontent_ln308' <Predicate = true> <Delay = 0.00>
ST_8 : Operation 208 [1/1] (0.00ns)   --->   "%specstablecontent_ln310 = specstablecontent void @_ssdm_op_SpecStableContent, i16 %K21, void " [C:/Vulcan/Design_Tool/Board_Demo/VC707/hdmi_output/hdmi_output.runs/bd_d92b_csc_0_synth_1/prj/sol/.autopilot/db/v_csc.cpp:310]   --->   Operation 208 'specstablecontent' 'specstablecontent_ln310' <Predicate = true> <Delay = 0.00>
ST_8 : Operation 209 [1/1] (0.00ns)   --->   "%specstablecontent_ln312 = specstablecontent void @_ssdm_op_SpecStableContent, i16 %K22, void " [C:/Vulcan/Design_Tool/Board_Demo/VC707/hdmi_output/hdmi_output.runs/bd_d92b_csc_0_synth_1/prj/sol/.autopilot/db/v_csc.cpp:312]   --->   Operation 209 'specstablecontent' 'specstablecontent_ln312' <Predicate = true> <Delay = 0.00>
ST_8 : Operation 210 [1/1] (0.00ns)   --->   "%specstablecontent_ln314 = specstablecontent void @_ssdm_op_SpecStableContent, i16 %K23, void " [C:/Vulcan/Design_Tool/Board_Demo/VC707/hdmi_output/hdmi_output.runs/bd_d92b_csc_0_synth_1/prj/sol/.autopilot/db/v_csc.cpp:314]   --->   Operation 210 'specstablecontent' 'specstablecontent_ln314' <Predicate = true> <Delay = 0.00>
ST_8 : Operation 211 [1/1] (0.00ns)   --->   "%specstablecontent_ln316 = specstablecontent void @_ssdm_op_SpecStableContent, i16 %K31, void " [C:/Vulcan/Design_Tool/Board_Demo/VC707/hdmi_output/hdmi_output.runs/bd_d92b_csc_0_synth_1/prj/sol/.autopilot/db/v_csc.cpp:316]   --->   Operation 211 'specstablecontent' 'specstablecontent_ln316' <Predicate = true> <Delay = 0.00>
ST_8 : Operation 212 [1/1] (0.00ns)   --->   "%specstablecontent_ln318 = specstablecontent void @_ssdm_op_SpecStableContent, i16 %K32, void " [C:/Vulcan/Design_Tool/Board_Demo/VC707/hdmi_output/hdmi_output.runs/bd_d92b_csc_0_synth_1/prj/sol/.autopilot/db/v_csc.cpp:318]   --->   Operation 212 'specstablecontent' 'specstablecontent_ln318' <Predicate = true> <Delay = 0.00>
ST_8 : Operation 213 [1/1] (0.00ns)   --->   "%specstablecontent_ln320 = specstablecontent void @_ssdm_op_SpecStableContent, i16 %K33, void " [C:/Vulcan/Design_Tool/Board_Demo/VC707/hdmi_output/hdmi_output.runs/bd_d92b_csc_0_synth_1/prj/sol/.autopilot/db/v_csc.cpp:320]   --->   Operation 213 'specstablecontent' 'specstablecontent_ln320' <Predicate = true> <Delay = 0.00>
ST_8 : Operation 214 [1/1] (0.00ns)   --->   "%specstablecontent_ln322 = specstablecontent void @_ssdm_op_SpecStableContent, i14 %ROffset, void " [C:/Vulcan/Design_Tool/Board_Demo/VC707/hdmi_output/hdmi_output.runs/bd_d92b_csc_0_synth_1/prj/sol/.autopilot/db/v_csc.cpp:322]   --->   Operation 214 'specstablecontent' 'specstablecontent_ln322' <Predicate = true> <Delay = 0.00>
ST_8 : Operation 215 [1/1] (0.00ns)   --->   "%specstablecontent_ln324 = specstablecontent void @_ssdm_op_SpecStableContent, i14 %GOffset, void " [C:/Vulcan/Design_Tool/Board_Demo/VC707/hdmi_output/hdmi_output.runs/bd_d92b_csc_0_synth_1/prj/sol/.autopilot/db/v_csc.cpp:324]   --->   Operation 215 'specstablecontent' 'specstablecontent_ln324' <Predicate = true> <Delay = 0.00>
ST_8 : Operation 216 [1/1] (0.00ns)   --->   "%specstablecontent_ln326 = specstablecontent void @_ssdm_op_SpecStableContent, i14 %BOffset, void " [C:/Vulcan/Design_Tool/Board_Demo/VC707/hdmi_output/hdmi_output.runs/bd_d92b_csc_0_synth_1/prj/sol/.autopilot/db/v_csc.cpp:326]   --->   Operation 216 'specstablecontent' 'specstablecontent_ln326' <Predicate = true> <Delay = 0.00>
ST_8 : Operation 217 [1/1] (0.00ns)   --->   "%specstablecontent_ln328 = specstablecontent void @_ssdm_op_SpecStableContent, i12 %ClampMin, void " [C:/Vulcan/Design_Tool/Board_Demo/VC707/hdmi_output/hdmi_output.runs/bd_d92b_csc_0_synth_1/prj/sol/.autopilot/db/v_csc.cpp:328]   --->   Operation 217 'specstablecontent' 'specstablecontent_ln328' <Predicate = true> <Delay = 0.00>
ST_8 : Operation 218 [1/1] (0.00ns)   --->   "%specstablecontent_ln330 = specstablecontent void @_ssdm_op_SpecStableContent, i12 %ClipMax, void " [C:/Vulcan/Design_Tool/Board_Demo/VC707/hdmi_output/hdmi_output.runs/bd_d92b_csc_0_synth_1/prj/sol/.autopilot/db/v_csc.cpp:330]   --->   Operation 218 'specstablecontent' 'specstablecontent_ln330' <Predicate = true> <Delay = 0.00>
ST_8 : Operation 219 [1/1] (0.00ns)   --->   "%specstablecontent_ln333 = specstablecontent void @_ssdm_op_SpecStableContent, i16 %K11_2, void " [C:/Vulcan/Design_Tool/Board_Demo/VC707/hdmi_output/hdmi_output.runs/bd_d92b_csc_0_synth_1/prj/sol/.autopilot/db/v_csc.cpp:333]   --->   Operation 219 'specstablecontent' 'specstablecontent_ln333' <Predicate = true> <Delay = 0.00>
ST_8 : Operation 220 [1/1] (0.00ns)   --->   "%specstablecontent_ln335 = specstablecontent void @_ssdm_op_SpecStableContent, i16 %K12_2, void " [C:/Vulcan/Design_Tool/Board_Demo/VC707/hdmi_output/hdmi_output.runs/bd_d92b_csc_0_synth_1/prj/sol/.autopilot/db/v_csc.cpp:335]   --->   Operation 220 'specstablecontent' 'specstablecontent_ln335' <Predicate = true> <Delay = 0.00>
ST_8 : Operation 221 [1/1] (0.00ns)   --->   "%specstablecontent_ln337 = specstablecontent void @_ssdm_op_SpecStableContent, i16 %K13_2, void " [C:/Vulcan/Design_Tool/Board_Demo/VC707/hdmi_output/hdmi_output.runs/bd_d92b_csc_0_synth_1/prj/sol/.autopilot/db/v_csc.cpp:337]   --->   Operation 221 'specstablecontent' 'specstablecontent_ln337' <Predicate = true> <Delay = 0.00>
ST_8 : Operation 222 [1/1] (0.00ns)   --->   "%specstablecontent_ln339 = specstablecontent void @_ssdm_op_SpecStableContent, i16 %K21_2, void " [C:/Vulcan/Design_Tool/Board_Demo/VC707/hdmi_output/hdmi_output.runs/bd_d92b_csc_0_synth_1/prj/sol/.autopilot/db/v_csc.cpp:339]   --->   Operation 222 'specstablecontent' 'specstablecontent_ln339' <Predicate = true> <Delay = 0.00>
ST_8 : Operation 223 [1/1] (0.00ns)   --->   "%specstablecontent_ln341 = specstablecontent void @_ssdm_op_SpecStableContent, i16 %K22_2, void " [C:/Vulcan/Design_Tool/Board_Demo/VC707/hdmi_output/hdmi_output.runs/bd_d92b_csc_0_synth_1/prj/sol/.autopilot/db/v_csc.cpp:341]   --->   Operation 223 'specstablecontent' 'specstablecontent_ln341' <Predicate = true> <Delay = 0.00>
ST_8 : Operation 224 [1/1] (0.00ns)   --->   "%specstablecontent_ln343 = specstablecontent void @_ssdm_op_SpecStableContent, i16 %K23_2, void " [C:/Vulcan/Design_Tool/Board_Demo/VC707/hdmi_output/hdmi_output.runs/bd_d92b_csc_0_synth_1/prj/sol/.autopilot/db/v_csc.cpp:343]   --->   Operation 224 'specstablecontent' 'specstablecontent_ln343' <Predicate = true> <Delay = 0.00>
ST_8 : Operation 225 [1/1] (0.00ns)   --->   "%specstablecontent_ln345 = specstablecontent void @_ssdm_op_SpecStableContent, i16 %K31_2, void " [C:/Vulcan/Design_Tool/Board_Demo/VC707/hdmi_output/hdmi_output.runs/bd_d92b_csc_0_synth_1/prj/sol/.autopilot/db/v_csc.cpp:345]   --->   Operation 225 'specstablecontent' 'specstablecontent_ln345' <Predicate = true> <Delay = 0.00>
ST_8 : Operation 226 [1/1] (0.00ns)   --->   "%specstablecontent_ln347 = specstablecontent void @_ssdm_op_SpecStableContent, i16 %K32_2, void " [C:/Vulcan/Design_Tool/Board_Demo/VC707/hdmi_output/hdmi_output.runs/bd_d92b_csc_0_synth_1/prj/sol/.autopilot/db/v_csc.cpp:347]   --->   Operation 226 'specstablecontent' 'specstablecontent_ln347' <Predicate = true> <Delay = 0.00>
ST_8 : Operation 227 [1/1] (0.00ns)   --->   "%specstablecontent_ln349 = specstablecontent void @_ssdm_op_SpecStableContent, i16 %K33_2, void " [C:/Vulcan/Design_Tool/Board_Demo/VC707/hdmi_output/hdmi_output.runs/bd_d92b_csc_0_synth_1/prj/sol/.autopilot/db/v_csc.cpp:349]   --->   Operation 227 'specstablecontent' 'specstablecontent_ln349' <Predicate = true> <Delay = 0.00>
ST_8 : Operation 228 [1/1] (0.00ns)   --->   "%specstablecontent_ln351 = specstablecontent void @_ssdm_op_SpecStableContent, i14 %ROffset_2, void " [C:/Vulcan/Design_Tool/Board_Demo/VC707/hdmi_output/hdmi_output.runs/bd_d92b_csc_0_synth_1/prj/sol/.autopilot/db/v_csc.cpp:351]   --->   Operation 228 'specstablecontent' 'specstablecontent_ln351' <Predicate = true> <Delay = 0.00>
ST_8 : Operation 229 [1/1] (0.00ns)   --->   "%specstablecontent_ln353 = specstablecontent void @_ssdm_op_SpecStableContent, i14 %GOffset_2, void " [C:/Vulcan/Design_Tool/Board_Demo/VC707/hdmi_output/hdmi_output.runs/bd_d92b_csc_0_synth_1/prj/sol/.autopilot/db/v_csc.cpp:353]   --->   Operation 229 'specstablecontent' 'specstablecontent_ln353' <Predicate = true> <Delay = 0.00>
ST_8 : Operation 230 [1/1] (0.00ns)   --->   "%specstablecontent_ln355 = specstablecontent void @_ssdm_op_SpecStableContent, i14 %BOffset_2, void " [C:/Vulcan/Design_Tool/Board_Demo/VC707/hdmi_output/hdmi_output.runs/bd_d92b_csc_0_synth_1/prj/sol/.autopilot/db/v_csc.cpp:355]   --->   Operation 230 'specstablecontent' 'specstablecontent_ln355' <Predicate = true> <Delay = 0.00>
ST_8 : Operation 231 [1/1] (0.00ns)   --->   "%specstablecontent_ln357 = specstablecontent void @_ssdm_op_SpecStableContent, i12 %ClampMin_2, void " [C:/Vulcan/Design_Tool/Board_Demo/VC707/hdmi_output/hdmi_output.runs/bd_d92b_csc_0_synth_1/prj/sol/.autopilot/db/v_csc.cpp:357]   --->   Operation 231 'specstablecontent' 'specstablecontent_ln357' <Predicate = true> <Delay = 0.00>
ST_8 : Operation 232 [1/1] (0.00ns)   --->   "%specstablecontent_ln359 = specstablecontent void @_ssdm_op_SpecStableContent, i12 %ClipMax_2, void " [C:/Vulcan/Design_Tool/Board_Demo/VC707/hdmi_output/hdmi_output.runs/bd_d92b_csc_0_synth_1/prj/sol/.autopilot/db/v_csc.cpp:359]   --->   Operation 232 'specstablecontent' 'specstablecontent_ln359' <Predicate = true> <Delay = 0.00>
ST_8 : Operation 233 [1/1] (0.00ns)   --->   "%specaxissidechannel_ln503 = specaxissidechannel void @_ssdm_op_SpecAXISSideChannel, i40 %m_axis_video_V_data_V, i5 %m_axis_video_V_keep_V, i5 %m_axis_video_V_strb_V, i1 %m_axis_video_V_user_V, i1 %m_axis_video_V_last_V, i1 %m_axis_video_V_id_V, i1 %m_axis_video_V_dest_V, void @empty_31" [C:/Vulcan/Design_Tool/Board_Demo/VC707/hdmi_output/hdmi_output.runs/bd_d92b_csc_0_synth_1/prj/sol/.autopilot/db/v_csc.cpp:503]   --->   Operation 233 'specaxissidechannel' 'specaxissidechannel_ln503' <Predicate = true> <Delay = 0.00>
ST_8 : Operation 234 [1/1] (0.00ns)   --->   "%specaxissidechannel_ln503 = specaxissidechannel void @_ssdm_op_SpecAXISSideChannel, i40 %s_axis_video_V_data_V, i5 %s_axis_video_V_keep_V, i5 %s_axis_video_V_strb_V, i1 %s_axis_video_V_user_V, i1 %s_axis_video_V_last_V, i1 %s_axis_video_V_id_V, i1 %s_axis_video_V_dest_V, void @empty_32" [C:/Vulcan/Design_Tool/Board_Demo/VC707/hdmi_output/hdmi_output.runs/bd_d92b_csc_0_synth_1/prj/sol/.autopilot/db/v_csc.cpp:503]   --->   Operation 234 'specaxissidechannel' 'specaxissidechannel_ln503' <Predicate = true> <Delay = 0.00>
ST_8 : Operation 235 [1/1] (0.00ns)   --->   "%ret_ln503 = ret" [C:/Vulcan/Design_Tool/Board_Demo/VC707/hdmi_output/hdmi_output.runs/bd_d92b_csc_0_synth_1/prj/sol/.autopilot/db/v_csc.cpp:503]   --->   Operation 235 'ret' 'ret_ln503' <Predicate = true> <Delay = 0.00>


============================================================
+ Verbose Summary: Timing violations
============================================================
Target clock period: 6.737ns, clock uncertainty: 1.819ns.

 <State 1>: 0.000ns
The critical path consists of the following:

 <State 2>: 4.782ns
The critical path consists of the following:
	'call' operation 524 bit ('call_ret') to 'Block_entry3_proc' [234]  (0.000 ns)
	'call' operation 0 bit ('call_ln446', C:/Vulcan/Design_Tool/Board_Demo/VC707/hdmi_output/hdmi_output.runs/bd_d92b_csc_0_synth_1/prj/sol/.autopilot/db/v_csc.cpp:446) to 'AXIvideo2MultiPixStream' [271]  (4.782 ns)

 <State 3>: 0.000ns
The critical path consists of the following:

 <State 4>: 2.391ns
The critical path consists of the following:
	'call' operation 0 bit ('call_ln468', C:/Vulcan/Design_Tool/Board_Demo/VC707/hdmi_output/hdmi_output.runs/bd_d92b_csc_0_synth_1/prj/sol/.autopilot/db/v_csc.cpp:468) to 'v_csc_core' [272]  (2.391 ns)

 <State 5>: 0.000ns
The critical path consists of the following:

 <State 6>: 2.391ns
The critical path consists of the following:
	'call' operation 0 bit ('call_ln500', C:/Vulcan/Design_Tool/Board_Demo/VC707/hdmi_output/hdmi_output.runs/bd_d92b_csc_0_synth_1/prj/sol/.autopilot/db/v_csc.cpp:500) to 'MultiPixStream2AXIvideo' [273]  (2.391 ns)

 <State 7>: 0.000ns
The critical path consists of the following:

 <State 8>: 0.000ns
The critical path consists of the following:


============================================================
+ Verbose Summary: Binding
============================================================
N/A
* FSMD analyzer results:
  - Output states:
 - Input state : 
  - Chain level:
	State 1
	State 2
	State 3
	State 4
	State 5
	State 6
	State 7
	State 8


============================================================
+ Verbose Summary: Datapath Resource usage 
============================================================
N/A
