

================================================================
== Vitis HLS Report for 'tpgBackground_Pipeline_VITIS_LOOP_565_2'
================================================================
* Date:           Mon May  6 14:34:07 2024

* Version:        2023.2 (Build 4023990 on Oct 11 2023)
* Project:        prj
* Solution:       sol (Vivado IP Flow Target)
* Product family: virtex7
* Target device:  xc7vx485t-ffg1761-2


================================================================
== Performance Estimates
================================================================
+ Timing: 
    * Summary: 
    +--------+---------+----------+------------+
    |  Clock |  Target | Estimated| Uncertainty|
    +--------+---------+----------+------------+
    |ap_clk  |  6.74 ns|  4.226 ns|     1.82 ns|
    +--------+---------+----------+------------+

+ Latency: 
    * Summary: 
    +---------+---------+-----------+----------+-----+-------+---------+
    |  Latency (cycles) |  Latency (absolute)  |   Interval  | Pipeline|
    |   min   |   max   |    min    |    max   | min |  max  |   Type  |
    +---------+---------+-----------+----------+-----+-------+---------+
    |        2|    65557|  13.474 ns|  0.442 ms|    2|  65557|       no|
    +---------+---------+-----------+----------+-----+-------+---------+

    + Detail: 
        * Instance: 
        +------------------------------+------------------+---------+---------+----------+----------+-----+-----+---------+
        |                              |                  |  Latency (cycles) |  Latency (absolute) |  Interval | Pipeline|
        |           Instance           |      Module      |   min   |   max   |    min   |    max   | min | max |   Type  |
        +------------------------------+------------------+---------+---------+----------+----------+-----+-----+---------+
        |grp_reg_ap_uint_10_s_fu_1717  |reg_ap_uint_10_s  |        1|        1|  6.737 ns|  6.737 ns|    1|    1|      yes|
        |grp_reg_int_s_fu_2146         |reg_int_s         |        1|        1|  6.737 ns|  6.737 ns|    1|    1|      yes|
        +------------------------------+------------------+---------+---------+----------+----------+-----+-----+---------+

        * Loop: 
        +--------------------+---------+---------+----------+-----------+-----------+-----------+----------+
        |                    |  Latency (cycles) | Iteration|  Initiation Interval  |    Trip   |          |
        |      Loop Name     |   min   |   max   |  Latency |  achieved |   target  |   Count   | Pipelined|
        +--------------------+---------+---------+----------+-----------+-----------+-----------+----------+
        |- VITIS_LOOP_565_2  |        0|    65555|        22|          1|          1|  0 ~ 65535|       yes|
        +--------------------+---------+---------+----------+-----------+-----------+-----------+----------+



================================================================
== Utilization Estimates
================================================================
* Summary: 
+-----------------+---------+------+--------+--------+-----+
|       Name      | BRAM_18K|  DSP |   FF   |   LUT  | URAM|
+-----------------+---------+------+--------+--------+-----+
|DSP              |        -|     9|       -|       -|    -|
|Expression       |        -|     -|       0|    1998|    -|
|FIFO             |        -|     -|       -|       -|    -|
|Instance         |        -|     4|    1074|     845|    -|
|Memory           |       13|     -|     242|      42|    -|
|Multiplexer      |        -|     -|       -|    1100|    -|
|Register         |        -|     -|    2596|     832|    -|
+-----------------+---------+------+--------+--------+-----+
|Total            |       13|    13|    3912|    4817|    0|
+-----------------+---------+------+--------+--------+-----+
|Available        |     2060|  2800|  607200|  303600|    0|
+-----------------+---------+------+--------+--------+-----+
|Utilization (%)  |       ~0|    ~0|      ~0|       1|    0|
+-----------------+---------+------+--------+--------+-----+

+ Detail: 
    * Instance: 
    +------------------------------+----------------------+---------+----+-----+-----+-----+
    |           Instance           |        Module        | BRAM_18K| DSP|  FF | LUT | URAM|
    +------------------------------+----------------------+---------+----+-----+-----+-----+
    |mul_11ns_13ns_23_1_1_U27      |mul_11ns_13ns_23_1_1  |        0|   1|    0|    6|    0|
    |mul_11ns_13ns_23_1_1_U28      |mul_11ns_13ns_23_1_1  |        0|   1|    0|    6|    0|
    |mul_11ns_13ns_23_1_1_U29      |mul_11ns_13ns_23_1_1  |        0|   1|    0|    6|    0|
    |mul_20s_9ns_28_1_1_U33        |mul_20s_9ns_28_1_1    |        0|   1|    0|   12|    0|
    |grp_reg_ap_uint_10_s_fu_1717  |reg_ap_uint_10_s      |        0|   0|   21|   13|    0|
    |grp_reg_int_s_fu_2146         |reg_int_s             |        0|   0|   33|   13|    0|
    |sparsemux_11_3_9_1_1_U30      |sparsemux_11_3_9_1_1  |        0|   0|    0|   21|    0|
    |sparsemux_11_3_9_1_1_U31      |sparsemux_11_3_9_1_1  |        0|   0|    0|   21|    0|
    |sparsemux_11_3_9_1_1_U32      |sparsemux_11_3_9_1_1  |        0|   0|    0|   21|    0|
    |urem_11ns_4ns_3_15_1_U24      |urem_11ns_4ns_3_15_1  |        0|   0|  340|  242|    0|
    |urem_11ns_4ns_3_15_1_U25      |urem_11ns_4ns_3_15_1  |        0|   0|  340|  242|    0|
    |urem_11ns_4ns_3_15_1_U26      |urem_11ns_4ns_3_15_1  |        0|   0|  340|  242|    0|
    +------------------------------+----------------------+---------+----+-----+-----+-----+
    |Total                         |                      |        0|   4| 1074|  845|    0|
    +------------------------------+----------------------+---------+----+-----+-----+-----+

    * DSP: 
    +-------------------------------------+---------------------------------+----------------+
    |               Instance              |              Module             |   Expression   |
    +-------------------------------------+---------------------------------+----------------+
    |am_addmul_16ns_1s_16ns_17_4_1_U34    |am_addmul_16ns_1s_16ns_17_4_1    |  (i0 + i1) * i0|
    |mac_muladd_12ns_5ns_20ns_21_4_1_U42  |mac_muladd_12ns_5ns_20ns_21_4_1  |    i0 + i1 * i2|
    |mac_muladd_12ns_6s_19ns_20_4_1_U39   |mac_muladd_12ns_6s_19ns_20_4_1   |    i0 + i1 * i2|
    |mac_muladd_12ns_7ns_17ns_19_4_1_U36  |mac_muladd_12ns_7ns_17ns_19_4_1  |    i0 * i1 + i2|
    |mac_muladd_12ns_7s_20s_20_4_1_U37    |mac_muladd_12ns_7s_20s_20_4_1    |    i0 * i1 + i2|
    |mac_muladd_12ns_8ns_19ns_20_4_1_U40  |mac_muladd_12ns_8ns_19ns_20_4_1  |    i0 * i1 + i2|
    |mac_muladd_12ns_8s_20s_20_4_1_U38    |mac_muladd_12ns_8s_20s_20_4_1    |    i0 * i1 + i2|
    |mac_muladd_12ns_8s_20s_20_4_1_U41    |mac_muladd_12ns_8s_20s_20_4_1    |    i0 + i1 * i2|
    |mac_muladd_16s_16s_16ns_16_4_1_U35   |mac_muladd_16s_16s_16ns_16_4_1   |    i0 + i1 * i2|
    +-------------------------------------+---------------------------------+----------------+

    * Memory: 
    +---------------------------+-----------------------------------------------------------------------------+---------+----+----+-----+------+-----+------+-------------+
    |           Memory          |                                    Module                                   | BRAM_18K| FF | LUT| URAM| Words| Bits| Banks| W*Bits*Banks|
    +---------------------------+-----------------------------------------------------------------------------+---------+----+----+-----+------+-----+------+-------------+
    |DPtpgBarArray_U            |tpgBackground_Pipeline_VITIS_LOOP_565_2_DPtpgBarArray_ROM_AUTO_1R            |        0|   3|   1|    0|    16|    3|     1|           48|
    |DPtpgBarSelRgb_CEA_b_U     |tpgBackground_Pipeline_VITIS_LOOP_565_2_DPtpgBarSelRgb_CEA_b_ROM_AUTO_1R     |        0|  10|   2|    0|     8|   10|     1|           80|
    |DPtpgBarSelRgb_CEA_g_U     |tpgBackground_Pipeline_VITIS_LOOP_565_2_DPtpgBarSelRgb_CEA_g_ROM_AUTO_1R     |        0|  10|   2|    0|     8|   10|     1|           80|
    |DPtpgBarSelRgb_CEA_r_U     |tpgBackground_Pipeline_VITIS_LOOP_565_2_DPtpgBarSelRgb_CEA_r_ROM_AUTO_1R     |        0|  10|   2|    0|     8|   10|     1|           80|
    |DPtpgBarSelYuv_601_u_U     |tpgBackground_Pipeline_VITIS_LOOP_565_2_DPtpgBarSelYuv_601_u_ROM_AUTO_1R     |        0|  12|   2|    0|     8|   12|     1|           96|
    |DPtpgBarSelYuv_601_v_U     |tpgBackground_Pipeline_VITIS_LOOP_565_2_DPtpgBarSelYuv_601_v_ROM_AUTO_1R     |        0|  12|   2|    0|     8|   12|     1|           96|
    |DPtpgBarSelYuv_601_y_U     |tpgBackground_Pipeline_VITIS_LOOP_565_2_DPtpgBarSelYuv_601_y_ROM_AUTO_1R     |        0|  12|   2|    0|     8|   12|     1|           96|
    |DPtpgBarSelYuv_709_u_U     |tpgBackground_Pipeline_VITIS_LOOP_565_2_DPtpgBarSelYuv_709_u_ROM_AUTO_1R     |        0|  12|   2|    0|     8|   12|     1|           96|
    |DPtpgBarSelYuv_709_v_U     |tpgBackground_Pipeline_VITIS_LOOP_565_2_DPtpgBarSelYuv_709_v_ROM_AUTO_1R     |        0|  12|   2|    0|     8|   12|     1|           96|
    |DPtpgBarSelYuv_709_y_U     |tpgBackground_Pipeline_VITIS_LOOP_565_2_DPtpgBarSelYuv_709_y_ROM_AUTO_1R     |        0|  12|   2|    0|     8|   12|     1|           96|
    |blkYuv_U                   |tpgBackground_Pipeline_VITIS_LOOP_565_2_blkYuv_ROM_AUTO_1R                   |        0|  12|   1|    0|     3|   12|     1|           36|
    |blkYuv_1_U                 |tpgBackground_Pipeline_VITIS_LOOP_565_2_blkYuv_ROM_AUTO_1R                   |        0|  12|   1|    0|     3|   12|     1|           36|
    |bluYuv_U                   |tpgBackground_Pipeline_VITIS_LOOP_565_2_bluYuv_ROM_AUTO_1R                   |        0|  12|   1|    0|     3|   12|     1|           36|
    |grnYuv_U                   |tpgBackground_Pipeline_VITIS_LOOP_565_2_grnYuv_ROM_AUTO_1R                   |        0|  12|   1|    0|     3|   12|     1|           36|
    |redYuv_U                   |tpgBackground_Pipeline_VITIS_LOOP_565_2_redYuv_ROM_AUTO_1R                   |        0|  12|   1|    0|     3|   12|     1|           36|
    |tpgBarSelRgb_b_U           |tpgBackground_Pipeline_VITIS_LOOP_565_2_tpgBarSelRgb_b_ROM_AUTO_1R           |        0|   2|   1|    0|     8|    2|     1|           16|
    |DPtpgBarSelRgb_VESA_b_U    |tpgBackground_Pipeline_VITIS_LOOP_565_2_tpgBarSelRgb_b_ROM_AUTO_1R           |        0|   2|   1|    0|     8|    2|     1|           16|
    |tpgBarSelRgb_g_U           |tpgBackground_Pipeline_VITIS_LOOP_565_2_tpgBarSelRgb_g_ROM_AUTO_1R           |        0|   2|   1|    0|     8|    2|     1|           16|
    |DPtpgBarSelRgb_VESA_g_U    |tpgBackground_Pipeline_VITIS_LOOP_565_2_tpgBarSelRgb_g_ROM_AUTO_1R           |        0|   2|   1|    0|     8|    2|     1|           16|
    |tpgBarSelRgb_r_U           |tpgBackground_Pipeline_VITIS_LOOP_565_2_tpgBarSelRgb_r_ROM_AUTO_1R           |        0|   2|   1|    0|     8|    2|     1|           16|
    |DPtpgBarSelRgb_VESA_r_U    |tpgBackground_Pipeline_VITIS_LOOP_565_2_tpgBarSelRgb_r_ROM_AUTO_1R           |        0|   2|   1|    0|     8|    2|     1|           16|
    |tpgBarSelYuv_u_U           |tpgBackground_Pipeline_VITIS_LOOP_565_2_tpgBarSelYuv_u_ROM_AUTO_1R           |        0|  12|   2|    0|     8|   12|     1|           96|
    |tpgBarSelYuv_v_U           |tpgBackground_Pipeline_VITIS_LOOP_565_2_tpgBarSelYuv_v_ROM_AUTO_1R           |        0|  12|   2|    0|     8|   12|     1|           96|
    |tpgBarSelYuv_y_U           |tpgBackground_Pipeline_VITIS_LOOP_565_2_tpgBarSelYuv_y_ROM_AUTO_1R           |        0|  12|   2|    0|     8|   12|     1|           96|
    |tpgCheckerBoardArray_U     |tpgBackground_Pipeline_VITIS_LOOP_565_2_tpgCheckerBoardArray_ROM_AUTO_1R     |        0|   2|   1|    0|    32|    2|     1|           64|
    |tpgSinTableArray_9bit_0_U  |tpgBackground_Pipeline_VITIS_LOOP_565_2_tpgSinTableArray_9bit_0_ROM_AUTO_1R  |        2|   0|   0|    0|   410|    8|     1|         3280|
    |tpgSinTableArray_9bit_1_U  |tpgBackground_Pipeline_VITIS_LOOP_565_2_tpgSinTableArray_9bit_1_ROM_AUTO_1R  |        2|   0|   0|    0|   410|    8|     1|         3280|
    |tpgSinTableArray_9bit_2_U  |tpgBackground_Pipeline_VITIS_LOOP_565_2_tpgSinTableArray_9bit_2_ROM_AUTO_1R  |        2|   0|   0|    0|   410|    9|     1|         3690|
    |tpgSinTableArray_9bit_3_U  |tpgBackground_Pipeline_VITIS_LOOP_565_2_tpgSinTableArray_9bit_3_ROM_AUTO_1R  |        2|   0|   0|    0|   410|    8|     1|         3280|
    |tpgSinTableArray_9bit_4_U  |tpgBackground_Pipeline_VITIS_LOOP_565_2_tpgSinTableArray_9bit_4_ROM_AUTO_1R  |        2|   0|   0|    0|   410|    8|     1|         3280|
    |tpgSinTableArray_U         |tpgBackground_Pipeline_VITIS_LOOP_565_2_tpgSinTableArray_ROM_AUTO_1R         |        3|   0|   0|    0|  2048|   20|     1|        40960|
    |tpgTartanBarArray_U        |tpgBackground_Pipeline_VITIS_LOOP_565_2_tpgTartanBarArray_ROM_AUTO_1R        |        0|   3|   3|    0|    64|    3|     1|          192|
    |whiYuv_U                   |tpgBackground_Pipeline_VITIS_LOOP_565_2_whiYuv_ROM_AUTO_1R                   |        0|  12|   1|    0|     3|   12|     1|           36|
    |whiYuv_1_U                 |tpgBackground_Pipeline_VITIS_LOOP_565_2_whiYuv_ROM_AUTO_1R                   |        0|  12|   1|    0|     3|   12|     1|           36|
    +---------------------------+-----------------------------------------------------------------------------+---------+----+----+-----+------+-----+------+-------------+
    |Total                      |                                                                             |       13| 242|  42|    0|  4375|  303|    34|        59526|
    +---------------------------+-----------------------------------------------------------------------------+---------+----+----+-----+------+-----+------+-------------+

    * FIFO: 
    N/A

    * Expression: 
    +--------------------------------+----------+----+---+----+------------+------------+
    |          Variable Name         | Operation| DSP| FF| LUT| Bitwidth P0| Bitwidth P1|
    +--------------------------------+----------+----+---+----+------------+------------+
    |add_ln1084_fu_4578_p2           |         +|   0|  0|  19|          12|           1|
    |add_ln1101_fu_3320_p2           |         +|   0|  0|  19|          12|           1|
    |add_ln1250_fu_2095_p2           |         +|   0|  0|  19|          12|           1|
    |add_ln1257_fu_3083_p2           |         +|   0|  0|  11|           3|           1|
    |add_ln1281_fu_2484_p2           |         +|   0|  0|  20|          13|          12|
    |add_ln1285_fu_2517_p2           |         +|   0|  0|  20|          13|          12|
    |add_ln1289_fu_2550_p2           |         +|   0|  0|  20|          13|          12|
    |add_ln1303_2_fu_3172_p2         |         +|   0|  0|  28|          21|          21|
    |add_ln1304_2_fu_2989_p2         |         +|   0|  0|  28|          21|          21|
    |add_ln1304_3_fu_2985_p2         |         +|   0|  0|  27|          20|          20|
    |add_ln1341_fu_2165_p2           |         +|   0|  0|  23|          16|          16|
    |add_ln1343_fu_2177_p2           |         +|   0|  0|  23|          16|          16|
    |add_ln1359_fu_3275_p2           |         +|   0|  0|  15|           8|           8|
    |add_ln1388_fu_2043_p2           |         +|   0|  0|  17|          10|           1|
    |add_ln1393_fu_2842_p2           |         +|   0|  0|  11|           3|           1|
    |add_ln1407_fu_2075_p2           |         +|   0|  0|  17|          10|           1|
    |add_ln1412_fu_2870_p2           |         +|   0|  0|  11|           3|           1|
    |add_ln1461_fu_1937_p2           |         +|   0|  0|  17|          10|           1|
    |add_ln1480_fu_2007_p2           |         +|   0|  0|  17|          10|           1|
    |add_ln1533_fu_3958_p2           |         +|   0|  0|  19|          12|          12|
    |add_ln1545_fu_3976_p2           |         +|   0|  0|  19|          12|           1|
    |add_ln1570_fu_1875_p2           |         +|   0|  0|  17|          10|           1|
    |add_ln1575_fu_2776_p2           |         +|   0|  0|  15|           8|           1|
    |add_ln1588_fu_1907_p2           |         +|   0|  0|  17|          10|           1|
    |add_ln1593_fu_2800_p2           |         +|   0|  0|  11|           3|           1|
    |add_ln1709_fu_3620_p2           |         +|   0|  0|  23|          16|          16|
    |add_ln1753_fu_1839_p2           |         +|   0|  0|  14|           6|           1|
    |add_ln1770_fu_2750_p2           |         +|   0|  0|  14|           6|           1|
    |add_ln1774_fu_2716_p2           |         +|   0|  0|  17|          10|           7|
    |add_ln1775_fu_2728_p2           |         +|   0|  0|  11|           3|           1|
    |add_ln549_1_fu_1633_p2          |         +|   0|  0|  18|          11|          10|
    |add_ln549_fu_1627_p2            |         +|   0|  0|  18|          11|          11|
    |add_ln565_fu_1599_p2            |         +|   0|  0|  23|          16|           1|
    |add_ln573_fu_2220_p2            |         +|   0|  0|  23|          16|          16|
    |grp_fu_4667_p2                  |         +|   0|  0|  23|          16|          16|
    |sub_ln1256_fu_2110_p2           |         -|   0|  0|  18|          11|          11|
    |sub_ln1356_1_fu_3252_p2         |         -|   0|  0|  15|           1|           8|
    |sub_ln1356_fu_3237_p2           |         -|   0|  0|  34|           1|          27|
    |sub_ln1411_fu_2064_p2           |         -|   0|  0|  17|          10|          10|
    |sub_ln1490_fu_1989_p2           |         -|   0|  0|  17|          10|          10|
    |sub_ln1592_fu_1896_p2           |         -|   0|  0|  17|          10|          10|
    |and_ln1337_fu_1789_p2           |       and|   0|  0|   2|           1|           1|
    |and_ln1386_fu_2032_p2           |       and|   0|  0|   2|           1|           1|
    |and_ln1449_fu_1723_p2           |       and|   0|  0|   2|           1|           1|
    |and_ln1454_fu_1932_p2           |       and|   0|  0|   2|           1|           1|
    |and_ln1568_fu_1864_p2           |       and|   0|  0|   2|           1|           1|
    |and_ln1707_fu_3601_p2           |       and|   0|  0|   2|           1|           1|
    |and_ln1751_fu_1828_p2           |       and|   0|  0|   2|           1|           1|
    |and_ln1801_fu_3373_p2           |       and|   0|  0|   2|           1|           1|
    |and_ln1862_fu_3799_p2           |       and|   0|  0|   2|           1|           1|
    |and_ln565_1_fu_4194_p2          |       and|   0|  0|   2|           1|           1|
    |and_ln565_2_fu_3910_p2          |       and|   0|  0|   2|           1|           1|
    |and_ln565_fu_4297_p2            |       and|   0|  0|   2|           1|           1|
    |ap_condition_1901               |       and|   0|  0|   2|           1|           1|
    |ap_condition_1925               |       and|   0|  0|   2|           1|           1|
    |ap_condition_2420               |       and|   0|  0|   2|           1|           1|
    |ap_condition_4605               |       and|   0|  0|   2|           1|           1|
    |ap_condition_4607               |       and|   0|  0|   2|           1|           1|
    |ap_condition_4609               |       and|   0|  0|   2|           1|           1|
    |ap_condition_4611               |       and|   0|  0|   2|           1|           1|
    |ap_condition_4613               |       and|   0|  0|   2|           1|           1|
    |ap_condition_4747               |       and|   0|  0|   2|           1|           1|
    |ap_condition_4764               |       and|   0|  0|   2|           1|           1|
    |ap_condition_frp_pvb_pf_start   |       and|   0|  0|   2|           1|           1|
    |ap_predicate_op111_call_state1  |       and|   0|  0|   2|           1|           1|
    |ap_predicate_op252_call_state4  |       and|   0|  0|   2|           1|           1|
    |ap_predicate_pred2118_state20   |       and|   0|  0|   2|           1|           1|
    |ap_predicate_pred2122_state20   |       and|   0|  0|   2|           1|           1|
    |ap_predicate_pred2143_state20   |       and|   0|  0|   2|           1|           1|
    |ap_predicate_pred2147_state20   |       and|   0|  0|   2|           1|           1|
    |ap_predicate_pred2157_state20   |       and|   0|  0|   2|           1|           1|
    |ap_predicate_pred2161_state20   |       and|   0|  0|   2|           1|           1|
    |ap_predicate_pred2169_state21   |       and|   0|  0|   2|           1|           1|
    |ap_predicate_pred2174_state21   |       and|   0|  0|   2|           1|           1|
    |ap_predicate_pred2179_state21   |       and|   0|  0|   2|           1|           1|
    |ap_predicate_pred2184_state21   |       and|   0|  0|   2|           1|           1|
    |ap_predicate_pred2189_state21   |       and|   0|  0|   2|           1|           1|
    |ap_predicate_pred2216_state20   |       and|   0|  0|   2|           1|           1|
    |ap_predicate_pred2222_state20   |       and|   0|  0|   2|           1|           1|
    |ap_predicate_pred2243_state19   |       and|   0|  0|   2|           1|           1|
    |ap_predicate_pred2249_state19   |       and|   0|  0|   2|           1|           1|
    |ap_predicate_pred2268_state6    |       and|   0|  0|   2|           1|           1|
    |ap_predicate_pred2274_state6    |       and|   0|  0|   2|           1|           1|
    |ap_predicate_pred2292_state18   |       and|   0|  0|   2|           1|           1|
    |ap_predicate_pred2296_state18   |       and|   0|  0|   2|           1|           1|
    |ap_predicate_pred2302_state18   |       and|   0|  0|   2|           1|           1|
    |ap_predicate_pred2318_state18   |       and|   0|  0|   2|           1|           1|
    |ap_predicate_pred2344_state18   |       and|   0|  0|   2|           1|           1|
    |ap_predicate_pred2348_state18   |       and|   0|  0|   2|           1|           1|
    |ap_predicate_pred2354_state18   |       and|   0|  0|   2|           1|           1|
    |ap_predicate_pred2368_state18   |       and|   0|  0|   2|           1|           1|
    |ap_predicate_pred2398_state18   |       and|   0|  0|   2|           1|           1|
    |ap_predicate_pred2404_state18   |       and|   0|  0|   2|           1|           1|
    |ap_predicate_pred2416_state18   |       and|   0|  0|   2|           1|           1|
    |ap_predicate_pred2423_state18   |       and|   0|  0|   2|           1|           1|
    |ap_predicate_pred2448_state21   |       and|   0|  0|   2|           1|           1|
    |ap_predicate_pred2454_state21   |       and|   0|  0|   2|           1|           1|
    |ap_predicate_pred2461_state21   |       and|   0|  0|   2|           1|           1|
    |ap_predicate_pred2468_state21   |       and|   0|  0|   2|           1|           1|
    |ap_predicate_pred2500_state21   |       and|   0|  0|   2|           1|           1|
    |ap_predicate_pred2519_state21   |       and|   0|  0|   2|           1|           1|
    |ap_predicate_pred2528_state21   |       and|   0|  0|   2|           1|           1|
    |ap_predicate_pred2534_state21   |       and|   0|  0|   2|           1|           1|
    |ap_predicate_pred2542_state21   |       and|   0|  0|   2|           1|           1|
    |ap_predicate_pred2548_state21   |       and|   0|  0|   2|           1|           1|
    |ap_predicate_pred2582_state21   |       and|   0|  0|   2|           1|           1|
    |ap_predicate_pred2595_state21   |       and|   0|  0|   2|           1|           1|
    |ap_predicate_pred2608_state21   |       and|   0|  0|   2|           1|           1|
    |ap_predicate_pred2620_state21   |       and|   0|  0|   2|           1|           1|
    |ap_predicate_pred2632_state21   |       and|   0|  0|   2|           1|           1|
    |ap_predicate_pred2757_state5    |       and|   0|  0|   2|           1|           1|
    |ap_predicate_pred2766_state17   |       and|   0|  0|   2|           1|           1|
    |ap_predicate_pred2810_state17   |       and|   0|  0|   2|           1|           1|
    |ap_predicate_pred2871_state17   |       and|   0|  0|   2|           1|           1|
    |ap_predicate_pred2913_state17   |       and|   0|  0|   2|           1|           1|
    |ap_predicate_pred2929_state17   |       and|   0|  0|   2|           1|           1|
    |ap_predicate_pred2967_state17   |       and|   0|  0|   2|           1|           1|
    |ap_predicate_pred568_state19    |       and|   0|  0|   2|           1|           1|
    |ap_predicate_pred573_state19    |       and|   0|  0|   2|           1|           1|
    |ap_predicate_pred582_state19    |       and|   0|  0|   2|           1|           1|
    |ap_predicate_pred591_state19    |       and|   0|  0|   2|           1|           1|
    |ap_predicate_pred600_state19    |       and|   0|  0|   2|           1|           1|
    |ap_predicate_pred609_state19    |       and|   0|  0|   2|           1|           1|
    |ap_predicate_pred618_state19    |       and|   0|  0|   2|           1|           1|
    |pf_all_done                     |       and|   0|  0|   2|           1|           0|
    |cmp121_i_fu_1663_p2             |      icmp|   0|  0|  15|           8|           1|
    |cmp136_i_fu_3368_p2             |      icmp|   0|  0|  15|           8|           1|
    |cmp54_i_fu_1657_p2              |      icmp|   0|  0|  15|           8|           1|
    |grp_fu_1520_p2                  |      icmp|   0|  0|  15|           8|           1|
    |grp_fu_1525_p2                  |      icmp|   0|  0|  15|           8|           1|
    |icmp_ln1072_fu_1621_p2          |      icmp|   0|  0|  23|          16|           1|
    |icmp_ln1095_fu_1807_p2          |      icmp|   0|  0|  23|          16|           1|
    |icmp_ln1250_fu_2101_p2          |      icmp|   0|  0|  19|          12|          12|
    |icmp_ln1330_fu_1783_p2          |      icmp|   0|  0|  23|          16|           1|
    |icmp_ln1381_fu_1759_p2          |      icmp|   0|  0|  23|          16|           1|
    |icmp_ln1386_fu_2027_p2          |      icmp|   0|  0|  18|          11|          11|
    |icmp_ln1405_fu_2059_p2          |      icmp|   0|  0|  17|          10|          10|
    |icmp_ln1454_fu_1927_p2          |      icmp|   0|  0|  18|          11|          11|
    |icmp_ln1473_fu_1735_p2          |      icmp|   0|  0|  24|          17|          17|
    |icmp_ln1478_fu_1977_p2          |      icmp|   0|  0|  17|          10|          10|
    |icmp_ln1483_fu_1983_p2          |      icmp|   0|  0|  17|          10|          10|
    |icmp_ln1563_fu_1681_p2          |      icmp|   0|  0|  23|          16|           1|
    |icmp_ln1568_fu_1859_p2          |      icmp|   0|  0|  18|          11|          11|
    |icmp_ln1586_fu_1891_p2          |      icmp|   0|  0|  17|          10|          10|
    |icmp_ln1674_fu_1669_p2          |      icmp|   0|  0|  15|           8|           1|
    |icmp_ln1684_1_fu_3549_p2        |      icmp|   0|  0|  10|           2|           1|
    |icmp_ln1684_2_fu_3568_p2        |      icmp|   0|  0|  11|           2|           3|
    |icmp_ln1684_fu_3544_p2          |      icmp|   0|  0|  10|           2|           1|
    |icmp_ln1746_fu_1645_p2          |      icmp|   0|  0|  23|          16|           1|
    |icmp_ln1751_fu_1822_p2          |      icmp|   0|  0|  14|           6|           2|
    |icmp_ln1768_fu_2710_p2          |      icmp|   0|  0|  17|          10|           6|
    |icmp_ln565_fu_1593_p2           |      icmp|   0|  0|  23|          16|          16|
    |ap_condition_2842               |        or|   0|  0|   2|           1|           1|
    |ap_condition_2847               |        or|   0|  0|   2|           1|           1|
    |ap_condition_2863               |        or|   0|  0|   2|           1|           1|
    |ap_condition_2868               |        or|   0|  0|   2|           1|           1|
    |ap_predicate_pred2510_state21   |        or|   0|  0|   2|           1|           1|
    |or_ln1095_fu_1801_p2            |        or|   0|  0|  16|          16|          16|
    |or_ln1330_fu_1777_p2            |        or|   0|  0|  16|          16|          16|
    |or_ln1381_fu_1753_p2            |        or|   0|  0|  16|          16|          16|
    |or_ln1415_fu_3051_p2            |        or|   0|  0|   6|           6|           6|
    |or_ln1494_fu_2131_p2            |        or|   0|  0|   2|           1|           1|
    |or_ln1563_fu_1675_p2            |        or|   0|  0|  16|          16|          16|
    |or_ln1684_1_fu_3573_p2          |        or|   0|  0|   2|           1|           1|
    |or_ln1684_2_fu_3587_p2          |        or|   0|  0|   2|           1|           1|
    |or_ln1684_fu_3554_p2            |        or|   0|  0|   2|           1|           1|
    |or_ln1746_fu_1639_p2            |        or|   0|  0|  16|          16|          16|
    |or_ln1778_fu_2930_p2            |        or|   0|  0|   4|           4|           4|
    |or_ln565_1_fu_4200_p2           |        or|   0|  0|   2|           1|           1|
    |or_ln565_2_fu_3916_p2           |        or|   0|  0|   2|           1|           1|
    |or_ln565_fu_4303_p2             |        or|   0|  0|   2|           1|           1|
    |tBarSel_fu_2965_p2              |        or|   0|  0|   5|           5|           5|
    |b_1_fu_3013_p3                  |    select|   0|  0|  12|           1|           2|
    |b_2_fu_3021_p3                  |    select|   0|  0|  12|           1|          12|
    |b_fu_2568_p3                    |    select|   0|  0|  12|           1|           2|
    |g_1_fu_3196_p3                  |    select|   0|  0|  12|           1|           2|
    |g_2_fu_3204_p3                  |    select|   0|  0|  12|           1|          12|
    |g_fu_2535_p3                    |    select|   0|  0|  12|           1|           2|
    |grp_fu_1513_p3                  |    select|   0|  0|   3|           1|           3|
    |phi_ln1260_fu_4274_p3           |    select|   0|  0|  12|           1|          12|
    |phi_ln1418_fu_4171_p3           |    select|   0|  0|  12|           1|          12|
    |phi_ln1599_fu_3887_p3           |    select|   0|  0|  12|           1|          12|
    |pix_13_fu_3404_p3               |    select|   0|  0|  12|           1|          12|
    |pix_16_fu_3378_p3               |    select|   0|  0|  12|           1|          12|
    |r_1_fu_4037_p3                  |    select|   0|  0|  12|           1|           2|
    |r_2_fu_4045_p3                  |    select|   0|  0|  12|           1|          12|
    |r_fu_2502_p3                    |    select|   0|  0|  12|           1|           2|
    |rampVal_2_loc_4_fu_3533_p3      |    select|   0|  0|  16|           1|          16|
    |select_ln1072_fu_4565_p3        |    select|   0|  0|  12|           1|          12|
    |select_ln1079_fu_4571_p3        |    select|   0|  0|  13|           1|          12|
    |select_ln1107_fu_4540_p3        |    select|   0|  0|  13|           1|          12|
    |select_ln1122_fu_4509_p3        |    select|   0|  0|  13|           1|          12|
    |select_ln1262_fu_4285_p3        |    select|   0|  0|  12|           1|          12|
    |select_ln1356_fu_3267_p3        |    select|   0|  0|   8|           1|           8|
    |select_ln1361_fu_4245_p3        |    select|   0|  0|  13|           1|          12|
    |select_ln1422_fu_4182_p3        |    select|   0|  0|  12|           1|          12|
    |select_ln1532_fu_3962_p3        |    select|   0|  0|  12|           1|          12|
    |select_ln1540_fu_3969_p3        |    select|   0|  0|  13|           1|          12|
    |select_ln1603_fu_3898_p3        |    select|   0|  0|  12|           1|          12|
    |select_ln1674_fu_3526_p3        |    select|   0|  0|  16|           1|          11|
    |select_ln1678_fu_3519_p3        |    select|   0|  0|  16|           1|           1|
    |select_ln1707_fu_3605_p3        |    select|   0|  0|  12|           1|          12|
    |select_ln1709_fu_3613_p3        |    select|   0|  0|   5|           1|           5|
    |select_ln1862_fu_3839_p3        |    select|   0|  0|  12|           1|          12|
    |select_ln565_1_fu_4206_p3       |    select|   0|  0|  12|           1|          12|
    |select_ln565_2_fu_3922_p3       |    select|   0|  0|  12|           1|          12|
    |select_ln565_fu_4309_p3         |    select|   0|  0|  12|           1|          12|
    |select_ln718_fu_3490_p3         |    select|   0|  0|   2|           1|           2|
    |tmp_29_fu_3593_p3               |    select|   0|  0|  12|           1|           1|
    |tmp_30_fu_3579_p3               |    select|   0|  0|  12|           1|           1|
    |tmp_31_fu_3560_p3               |    select|   0|  0|  12|           1|           1|
    |ap_enable_pp0                   |       xor|   0|  0|   2|           1|           2|
    |xor_ln1758_fu_2674_p2           |       xor|   0|  0|   2|           1|           2|
    |xor_ln1839_fu_3695_p2           |       xor|   0|  0|   2|           1|           1|
    |xor_ln1846_fu_3731_p2           |       xor|   0|  0|   2|           1|           1|
    |xor_ln1853_fu_3767_p2           |       xor|   0|  0|   2|           1|           1|
    |xor_ln565_1_fu_4189_p2          |       xor|   0|  0|   2|           1|           2|
    |xor_ln565_2_fu_3905_p2          |       xor|   0|  0|   2|           1|           2|
    |xor_ln565_fu_4292_p2            |       xor|   0|  0|   2|           1|           2|
    +--------------------------------+----------+----+---+----+------------+------------+
    |Total                           |          |   0|  0|1998|         957|        1004|
    +--------------------------------+----------+----+---+----+------------+------------+

    * Multiplexer: 
    +-------------------------------------------+-----+-----------+-----+-----------+
    |                    Name                   | LUT | Input Size| Bits| Total Bits|
    +-------------------------------------------+-----+-----------+-----+-----------+
    |ap_phi_reg_pp0_iter19_phi_ln1144_reg_1502  |    9|          2|    2|          4|
    |ap_phi_reg_pp0_iter19_phi_ln1165_reg_1491  |    9|          2|    2|          4|
    |ap_phi_reg_pp0_iter19_phi_ln1186_reg_1480  |    9|          2|    2|          4|
    |ap_phi_reg_pp0_iter19_phi_ln1207_reg_1469  |    9|          2|    2|          4|
    |ap_phi_reg_pp0_iter19_phi_ln1228_reg_1458  |    9|          2|    2|          4|
    |ap_phi_reg_pp0_iter19_phi_ln1504_reg_1447  |    9|          2|    2|          4|
    |ap_phi_reg_pp0_iter19_phi_ln1519_reg_1436  |    9|          2|    2|          4|
    |ap_phi_reg_pp0_iter1_hHatch_reg_1414       |    9|          2|    1|          2|
    |ap_phi_reg_pp0_iter1_phi_ln1144_reg_1502   |    9|          2|    2|          4|
    |ap_phi_reg_pp0_iter1_phi_ln1165_reg_1491   |    9|          2|    2|          4|
    |ap_phi_reg_pp0_iter1_phi_ln1186_reg_1480   |    9|          2|    2|          4|
    |ap_phi_reg_pp0_iter1_phi_ln1207_reg_1469   |    9|          2|    2|          4|
    |ap_phi_reg_pp0_iter1_phi_ln1228_reg_1458   |    9|          2|    2|          4|
    |ap_phi_reg_pp0_iter2_hHatch_reg_1414       |   13|          3|    1|          3|
    |ap_phi_reg_pp0_iter3_phi_ln1504_reg_1447   |    9|          2|    2|          4|
    |ap_phi_reg_pp0_iter3_phi_ln1519_reg_1436   |    9|          2|    2|          4|
    |ap_sig_allocacmp_x_4                       |    9|          2|   16|         32|
    |hBarSel_0                                  |   13|          3|    3|          9|
    |hBarSel_0_loc_1_out_o                      |   13|          3|    8|         24|
    |hBarSel_3_0                                |   13|          3|    3|          9|
    |hBarSel_3_0_loc_1_out_o                    |   13|          3|    8|         24|
    |hBarSel_4_0                                |   13|          3|    8|         24|
    |hBarSel_4_0_loc_1_out_o                    |   13|          3|    8|         24|
    |hBarSel_5_0                                |   13|          3|    3|          9|
    |hBarSel_5_0_loc_1_out_o                    |   13|          3|    8|         24|
    |hdata_flag_1_fu_504                        |    9|          2|    1|          2|
    |hdata_loc_1_out_o                          |    9|          2|   16|         32|
    |p_0_0_0_0_0213_out_o                       |  139|         28|   12|        336|
    |p_0_1_0_0_0215_out_o                       |  153|         32|   12|        384|
    |p_0_2_0_0_0217_out_o                       |  113|         23|   12|        276|
    |phi_mul_fu_492                             |    9|          2|   16|         32|
    |rampVal                                    |   13|          3|   12|         36|
    |rampVal_2_flag_1_fu_500                    |    9|          2|    1|          2|
    |rampVal_2_loc_1_out_o                      |    9|          2|   16|         32|
    |rampVal_3_flag_1_fu_508                    |    9|          2|    1|          2|
    |rampVal_3_loc_1_out_o                      |    9|          2|   16|         32|
    |rampVal_loc_1_out_o                        |   13|          3|   16|         48|
    |tpgBarSelRgb_b_address0                    |   17|          4|    3|         12|
    |tpgBarSelRgb_g_address0                    |   17|          4|    3|         12|
    |tpgBarSelRgb_r_address0                    |   17|          4|    3|         12|
    |tpgBarSelYuv_u_address0                    |   17|          4|    3|         12|
    |tpgBarSelYuv_v_address0                    |   17|          4|    3|         12|
    |tpgBarSelYuv_y_address0                    |   17|          4|    3|         12|
    |vBarSel                                    |   13|          3|    3|          9|
    |vBarSel_1                                  |   13|          3|    1|          3|
    |vBarSel_2                                  |   13|          3|    8|         24|
    |vBarSel_2_loc_1_out_o                      |   13|          3|    8|         24|
    |vBarSel_3_loc_1_out_o                      |   13|          3|    8|         24|
    |vBarSel_loc_1_out_o                        |   13|          3|    8|         24|
    |xBar_0                                     |   13|          3|   11|         33|
    |xCount_0                                   |   13|          3|   10|         30|
    |xCount_3_0                                 |   13|          3|   10|         30|
    |xCount_4_0                                 |   21|          5|   10|         50|
    |xCount_5_0                                 |   13|          3|   10|         30|
    |x_fu_496                                   |    9|          2|   16|         32|
    |yCount                                     |   13|          3|   10|         30|
    |yCount_1                                   |   13|          3|    6|         18|
    |yCount_2                                   |    9|          2|   10|         20|
    |yCount_3                                   |   13|          3|   10|         30|
    |zonePlateVAddr                             |   13|          3|   16|         48|
    |zonePlateVAddr_loc_1_out_o                 |   13|          3|   16|         48|
    |zonePlateVDelta                            |    9|          2|   16|         32|
    +-------------------------------------------+-----+-----------+-----+-----------+
    |Total                                      | 1100|        242|  431|       2065|
    +-------------------------------------------+-----+-----------+-----+-----------+

    * Register: 
    +---------------------------------------------------------+----+----+-----+-----------+
    |                           Name                          | FF | LUT| Bits| Const Bits|
    +---------------------------------------------------------+----+----+-----+-----------+
    |add_ln1359_reg_5442                                      |   8|   0|    8|          0|
    |add_ln549_1_reg_4987                                     |  11|   0|   11|          0|
    |add_ln549_reg_4981                                       |  11|   0|   11|          0|
    |and_ln1337_reg_5031                                      |   1|   0|    1|          0|
    |and_ln1386_reg_5062                                      |   1|   0|    1|          0|
    |and_ln1449_reg_5015                                      |   1|   0|    1|          0|
    |and_ln1568_reg_5043                                      |   1|   0|    1|          0|
    |and_ln1751_reg_5039                                      |   1|   0|    1|          0|
    |ap_CS_fsm                                                |   1|   0|    1|          0|
    |ap_loop_exit_ready_pp0_iter10_reg                        |   1|   0|    1|          0|
    |ap_loop_exit_ready_pp0_iter11_reg                        |   1|   0|    1|          0|
    |ap_loop_exit_ready_pp0_iter12_reg                        |   1|   0|    1|          0|
    |ap_loop_exit_ready_pp0_iter13_reg                        |   1|   0|    1|          0|
    |ap_loop_exit_ready_pp0_iter14_reg                        |   1|   0|    1|          0|
    |ap_loop_exit_ready_pp0_iter15_reg                        |   1|   0|    1|          0|
    |ap_loop_exit_ready_pp0_iter16_reg                        |   1|   0|    1|          0|
    |ap_loop_exit_ready_pp0_iter17_reg                        |   1|   0|    1|          0|
    |ap_loop_exit_ready_pp0_iter18_reg                        |   1|   0|    1|          0|
    |ap_loop_exit_ready_pp0_iter19_reg                        |   1|   0|    1|          0|
    |ap_loop_exit_ready_pp0_iter1_reg                         |   1|   0|    1|          0|
    |ap_loop_exit_ready_pp0_iter20_reg                        |   1|   0|    1|          0|
    |ap_loop_exit_ready_pp0_iter2_reg                         |   1|   0|    1|          0|
    |ap_loop_exit_ready_pp0_iter3_reg                         |   1|   0|    1|          0|
    |ap_loop_exit_ready_pp0_iter4_reg                         |   1|   0|    1|          0|
    |ap_loop_exit_ready_pp0_iter5_reg                         |   1|   0|    1|          0|
    |ap_loop_exit_ready_pp0_iter6_reg                         |   1|   0|    1|          0|
    |ap_loop_exit_ready_pp0_iter7_reg                         |   1|   0|    1|          0|
    |ap_loop_exit_ready_pp0_iter8_reg                         |   1|   0|    1|          0|
    |ap_loop_exit_ready_pp0_iter9_reg                         |   1|   0|    1|          0|
    |ap_phi_reg_pp0_iter10_phi_ln1144_reg_1502                |   2|   0|    2|          0|
    |ap_phi_reg_pp0_iter10_phi_ln1165_reg_1491                |   2|   0|    2|          0|
    |ap_phi_reg_pp0_iter10_phi_ln1186_reg_1480                |   2|   0|    2|          0|
    |ap_phi_reg_pp0_iter10_phi_ln1207_reg_1469                |   2|   0|    2|          0|
    |ap_phi_reg_pp0_iter10_phi_ln1228_reg_1458                |   2|   0|    2|          0|
    |ap_phi_reg_pp0_iter10_phi_ln1504_reg_1447                |   2|   0|    2|          0|
    |ap_phi_reg_pp0_iter10_phi_ln1519_reg_1436                |   2|   0|    2|          0|
    |ap_phi_reg_pp0_iter11_phi_ln1144_reg_1502                |   2|   0|    2|          0|
    |ap_phi_reg_pp0_iter11_phi_ln1165_reg_1491                |   2|   0|    2|          0|
    |ap_phi_reg_pp0_iter11_phi_ln1186_reg_1480                |   2|   0|    2|          0|
    |ap_phi_reg_pp0_iter11_phi_ln1207_reg_1469                |   2|   0|    2|          0|
    |ap_phi_reg_pp0_iter11_phi_ln1228_reg_1458                |   2|   0|    2|          0|
    |ap_phi_reg_pp0_iter11_phi_ln1504_reg_1447                |   2|   0|    2|          0|
    |ap_phi_reg_pp0_iter11_phi_ln1519_reg_1436                |   2|   0|    2|          0|
    |ap_phi_reg_pp0_iter12_phi_ln1144_reg_1502                |   2|   0|    2|          0|
    |ap_phi_reg_pp0_iter12_phi_ln1165_reg_1491                |   2|   0|    2|          0|
    |ap_phi_reg_pp0_iter12_phi_ln1186_reg_1480                |   2|   0|    2|          0|
    |ap_phi_reg_pp0_iter12_phi_ln1207_reg_1469                |   2|   0|    2|          0|
    |ap_phi_reg_pp0_iter12_phi_ln1228_reg_1458                |   2|   0|    2|          0|
    |ap_phi_reg_pp0_iter12_phi_ln1504_reg_1447                |   2|   0|    2|          0|
    |ap_phi_reg_pp0_iter12_phi_ln1519_reg_1436                |   2|   0|    2|          0|
    |ap_phi_reg_pp0_iter13_phi_ln1144_reg_1502                |   2|   0|    2|          0|
    |ap_phi_reg_pp0_iter13_phi_ln1165_reg_1491                |   2|   0|    2|          0|
    |ap_phi_reg_pp0_iter13_phi_ln1186_reg_1480                |   2|   0|    2|          0|
    |ap_phi_reg_pp0_iter13_phi_ln1207_reg_1469                |   2|   0|    2|          0|
    |ap_phi_reg_pp0_iter13_phi_ln1228_reg_1458                |   2|   0|    2|          0|
    |ap_phi_reg_pp0_iter13_phi_ln1504_reg_1447                |   2|   0|    2|          0|
    |ap_phi_reg_pp0_iter13_phi_ln1519_reg_1436                |   2|   0|    2|          0|
    |ap_phi_reg_pp0_iter14_phi_ln1144_reg_1502                |   2|   0|    2|          0|
    |ap_phi_reg_pp0_iter14_phi_ln1165_reg_1491                |   2|   0|    2|          0|
    |ap_phi_reg_pp0_iter14_phi_ln1186_reg_1480                |   2|   0|    2|          0|
    |ap_phi_reg_pp0_iter14_phi_ln1207_reg_1469                |   2|   0|    2|          0|
    |ap_phi_reg_pp0_iter14_phi_ln1228_reg_1458                |   2|   0|    2|          0|
    |ap_phi_reg_pp0_iter14_phi_ln1504_reg_1447                |   2|   0|    2|          0|
    |ap_phi_reg_pp0_iter14_phi_ln1519_reg_1436                |   2|   0|    2|          0|
    |ap_phi_reg_pp0_iter15_phi_ln1144_reg_1502                |   2|   0|    2|          0|
    |ap_phi_reg_pp0_iter15_phi_ln1165_reg_1491                |   2|   0|    2|          0|
    |ap_phi_reg_pp0_iter15_phi_ln1186_reg_1480                |   2|   0|    2|          0|
    |ap_phi_reg_pp0_iter15_phi_ln1207_reg_1469                |   2|   0|    2|          0|
    |ap_phi_reg_pp0_iter15_phi_ln1228_reg_1458                |   2|   0|    2|          0|
    |ap_phi_reg_pp0_iter15_phi_ln1504_reg_1447                |   2|   0|    2|          0|
    |ap_phi_reg_pp0_iter15_phi_ln1519_reg_1436                |   2|   0|    2|          0|
    |ap_phi_reg_pp0_iter16_phi_ln1144_reg_1502                |   2|   0|    2|          0|
    |ap_phi_reg_pp0_iter16_phi_ln1165_reg_1491                |   2|   0|    2|          0|
    |ap_phi_reg_pp0_iter16_phi_ln1186_reg_1480                |   2|   0|    2|          0|
    |ap_phi_reg_pp0_iter16_phi_ln1207_reg_1469                |   2|   0|    2|          0|
    |ap_phi_reg_pp0_iter16_phi_ln1228_reg_1458                |   2|   0|    2|          0|
    |ap_phi_reg_pp0_iter16_phi_ln1504_reg_1447                |   2|   0|    2|          0|
    |ap_phi_reg_pp0_iter16_phi_ln1519_reg_1436                |   2|   0|    2|          0|
    |ap_phi_reg_pp0_iter17_phi_ln1144_reg_1502                |   2|   0|    2|          0|
    |ap_phi_reg_pp0_iter17_phi_ln1165_reg_1491                |   2|   0|    2|          0|
    |ap_phi_reg_pp0_iter17_phi_ln1186_reg_1480                |   2|   0|    2|          0|
    |ap_phi_reg_pp0_iter17_phi_ln1207_reg_1469                |   2|   0|    2|          0|
    |ap_phi_reg_pp0_iter17_phi_ln1228_reg_1458                |   2|   0|    2|          0|
    |ap_phi_reg_pp0_iter17_phi_ln1504_reg_1447                |   2|   0|    2|          0|
    |ap_phi_reg_pp0_iter17_phi_ln1519_reg_1436                |   2|   0|    2|          0|
    |ap_phi_reg_pp0_iter18_phi_ln1144_reg_1502                |   2|   0|    2|          0|
    |ap_phi_reg_pp0_iter18_phi_ln1165_reg_1491                |   2|   0|    2|          0|
    |ap_phi_reg_pp0_iter18_phi_ln1186_reg_1480                |   2|   0|    2|          0|
    |ap_phi_reg_pp0_iter18_phi_ln1207_reg_1469                |   2|   0|    2|          0|
    |ap_phi_reg_pp0_iter18_phi_ln1228_reg_1458                |   2|   0|    2|          0|
    |ap_phi_reg_pp0_iter18_phi_ln1504_reg_1447                |   2|   0|    2|          0|
    |ap_phi_reg_pp0_iter18_phi_ln1519_reg_1436                |   2|   0|    2|          0|
    |ap_phi_reg_pp0_iter19_phi_ln1144_reg_1502                |   2|   0|    2|          0|
    |ap_phi_reg_pp0_iter19_phi_ln1165_reg_1491                |   2|   0|    2|          0|
    |ap_phi_reg_pp0_iter19_phi_ln1186_reg_1480                |   2|   0|    2|          0|
    |ap_phi_reg_pp0_iter19_phi_ln1207_reg_1469                |   2|   0|    2|          0|
    |ap_phi_reg_pp0_iter19_phi_ln1228_reg_1458                |   2|   0|    2|          0|
    |ap_phi_reg_pp0_iter19_phi_ln1504_reg_1447                |   2|   0|    2|          0|
    |ap_phi_reg_pp0_iter19_phi_ln1519_reg_1436                |   2|   0|    2|          0|
    |ap_phi_reg_pp0_iter1_hHatch_reg_1414                     |   1|   0|    1|          0|
    |ap_phi_reg_pp0_iter1_phi_ln1144_reg_1502                 |   2|   0|    2|          0|
    |ap_phi_reg_pp0_iter1_phi_ln1165_reg_1491                 |   2|   0|    2|          0|
    |ap_phi_reg_pp0_iter1_phi_ln1186_reg_1480                 |   2|   0|    2|          0|
    |ap_phi_reg_pp0_iter1_phi_ln1207_reg_1469                 |   2|   0|    2|          0|
    |ap_phi_reg_pp0_iter1_phi_ln1228_reg_1458                 |   2|   0|    2|          0|
    |ap_phi_reg_pp0_iter1_phi_ln1504_reg_1447                 |   2|   0|    2|          0|
    |ap_phi_reg_pp0_iter1_phi_ln1519_reg_1436                 |   2|   0|    2|          0|
    |ap_phi_reg_pp0_iter2_hHatch_reg_1414                     |   1|   0|    1|          0|
    |ap_phi_reg_pp0_iter2_phi_ln1144_reg_1502                 |   2|   0|    2|          0|
    |ap_phi_reg_pp0_iter2_phi_ln1165_reg_1491                 |   2|   0|    2|          0|
    |ap_phi_reg_pp0_iter2_phi_ln1186_reg_1480                 |   2|   0|    2|          0|
    |ap_phi_reg_pp0_iter2_phi_ln1207_reg_1469                 |   2|   0|    2|          0|
    |ap_phi_reg_pp0_iter2_phi_ln1228_reg_1458                 |   2|   0|    2|          0|
    |ap_phi_reg_pp0_iter2_phi_ln1504_reg_1447                 |   2|   0|    2|          0|
    |ap_phi_reg_pp0_iter2_phi_ln1519_reg_1436                 |   2|   0|    2|          0|
    |ap_phi_reg_pp0_iter3_phi_ln1144_reg_1502                 |   2|   0|    2|          0|
    |ap_phi_reg_pp0_iter3_phi_ln1165_reg_1491                 |   2|   0|    2|          0|
    |ap_phi_reg_pp0_iter3_phi_ln1186_reg_1480                 |   2|   0|    2|          0|
    |ap_phi_reg_pp0_iter3_phi_ln1207_reg_1469                 |   2|   0|    2|          0|
    |ap_phi_reg_pp0_iter3_phi_ln1228_reg_1458                 |   2|   0|    2|          0|
    |ap_phi_reg_pp0_iter3_phi_ln1504_reg_1447                 |   2|   0|    2|          0|
    |ap_phi_reg_pp0_iter3_phi_ln1519_reg_1436                 |   2|   0|    2|          0|
    |ap_phi_reg_pp0_iter4_phi_ln1144_reg_1502                 |   2|   0|    2|          0|
    |ap_phi_reg_pp0_iter4_phi_ln1165_reg_1491                 |   2|   0|    2|          0|
    |ap_phi_reg_pp0_iter4_phi_ln1186_reg_1480                 |   2|   0|    2|          0|
    |ap_phi_reg_pp0_iter4_phi_ln1207_reg_1469                 |   2|   0|    2|          0|
    |ap_phi_reg_pp0_iter4_phi_ln1228_reg_1458                 |   2|   0|    2|          0|
    |ap_phi_reg_pp0_iter4_phi_ln1504_reg_1447                 |   2|   0|    2|          0|
    |ap_phi_reg_pp0_iter4_phi_ln1519_reg_1436                 |   2|   0|    2|          0|
    |ap_phi_reg_pp0_iter5_phi_ln1144_reg_1502                 |   2|   0|    2|          0|
    |ap_phi_reg_pp0_iter5_phi_ln1165_reg_1491                 |   2|   0|    2|          0|
    |ap_phi_reg_pp0_iter5_phi_ln1186_reg_1480                 |   2|   0|    2|          0|
    |ap_phi_reg_pp0_iter5_phi_ln1207_reg_1469                 |   2|   0|    2|          0|
    |ap_phi_reg_pp0_iter5_phi_ln1228_reg_1458                 |   2|   0|    2|          0|
    |ap_phi_reg_pp0_iter5_phi_ln1504_reg_1447                 |   2|   0|    2|          0|
    |ap_phi_reg_pp0_iter5_phi_ln1519_reg_1436                 |   2|   0|    2|          0|
    |ap_phi_reg_pp0_iter6_phi_ln1144_reg_1502                 |   2|   0|    2|          0|
    |ap_phi_reg_pp0_iter6_phi_ln1165_reg_1491                 |   2|   0|    2|          0|
    |ap_phi_reg_pp0_iter6_phi_ln1186_reg_1480                 |   2|   0|    2|          0|
    |ap_phi_reg_pp0_iter6_phi_ln1207_reg_1469                 |   2|   0|    2|          0|
    |ap_phi_reg_pp0_iter6_phi_ln1228_reg_1458                 |   2|   0|    2|          0|
    |ap_phi_reg_pp0_iter6_phi_ln1504_reg_1447                 |   2|   0|    2|          0|
    |ap_phi_reg_pp0_iter6_phi_ln1519_reg_1436                 |   2|   0|    2|          0|
    |ap_phi_reg_pp0_iter7_phi_ln1144_reg_1502                 |   2|   0|    2|          0|
    |ap_phi_reg_pp0_iter7_phi_ln1165_reg_1491                 |   2|   0|    2|          0|
    |ap_phi_reg_pp0_iter7_phi_ln1186_reg_1480                 |   2|   0|    2|          0|
    |ap_phi_reg_pp0_iter7_phi_ln1207_reg_1469                 |   2|   0|    2|          0|
    |ap_phi_reg_pp0_iter7_phi_ln1228_reg_1458                 |   2|   0|    2|          0|
    |ap_phi_reg_pp0_iter7_phi_ln1504_reg_1447                 |   2|   0|    2|          0|
    |ap_phi_reg_pp0_iter7_phi_ln1519_reg_1436                 |   2|   0|    2|          0|
    |ap_phi_reg_pp0_iter8_phi_ln1144_reg_1502                 |   2|   0|    2|          0|
    |ap_phi_reg_pp0_iter8_phi_ln1165_reg_1491                 |   2|   0|    2|          0|
    |ap_phi_reg_pp0_iter8_phi_ln1186_reg_1480                 |   2|   0|    2|          0|
    |ap_phi_reg_pp0_iter8_phi_ln1207_reg_1469                 |   2|   0|    2|          0|
    |ap_phi_reg_pp0_iter8_phi_ln1228_reg_1458                 |   2|   0|    2|          0|
    |ap_phi_reg_pp0_iter8_phi_ln1504_reg_1447                 |   2|   0|    2|          0|
    |ap_phi_reg_pp0_iter8_phi_ln1519_reg_1436                 |   2|   0|    2|          0|
    |ap_phi_reg_pp0_iter9_phi_ln1144_reg_1502                 |   2|   0|    2|          0|
    |ap_phi_reg_pp0_iter9_phi_ln1165_reg_1491                 |   2|   0|    2|          0|
    |ap_phi_reg_pp0_iter9_phi_ln1186_reg_1480                 |   2|   0|    2|          0|
    |ap_phi_reg_pp0_iter9_phi_ln1207_reg_1469                 |   2|   0|    2|          0|
    |ap_phi_reg_pp0_iter9_phi_ln1228_reg_1458                 |   2|   0|    2|          0|
    |ap_phi_reg_pp0_iter9_phi_ln1504_reg_1447                 |   2|   0|    2|          0|
    |ap_phi_reg_pp0_iter9_phi_ln1519_reg_1436                 |   2|   0|    2|          0|
    |ap_predicate_pred1790_state21                            |   1|   0|    1|          0|
    |ap_predicate_pred2075_state21                            |   1|   0|    1|          0|
    |ap_predicate_pred2081_state20                            |   1|   0|    1|          0|
    |ap_predicate_pred2081_state21                            |   1|   0|    1|          0|
    |ap_predicate_pred2087_state20                            |   1|   0|    1|          0|
    |ap_predicate_pred2087_state21                            |   1|   0|    1|          0|
    |ap_predicate_pred2118_state20                            |   1|   0|    1|          0|
    |ap_predicate_pred2118_state21                            |   1|   0|    1|          0|
    |ap_predicate_pred2122_state20                            |   1|   0|    1|          0|
    |ap_predicate_pred2122_state21                            |   1|   0|    1|          0|
    |ap_predicate_pred2143_state20                            |   1|   0|    1|          0|
    |ap_predicate_pred2143_state21                            |   1|   0|    1|          0|
    |ap_predicate_pred2147_state20                            |   1|   0|    1|          0|
    |ap_predicate_pred2147_state21                            |   1|   0|    1|          0|
    |ap_predicate_pred2156_state20                            |   1|   0|    1|          0|
    |ap_predicate_pred2156_state21                            |   1|   0|    1|          0|
    |ap_predicate_pred2157_state20                            |   1|   0|    1|          0|
    |ap_predicate_pred2157_state21                            |   1|   0|    1|          0|
    |ap_predicate_pred2161_state20                            |   1|   0|    1|          0|
    |ap_predicate_pred2161_state21                            |   1|   0|    1|          0|
    |ap_predicate_pred2169_state21                            |   1|   0|    1|          0|
    |ap_predicate_pred2174_state21                            |   1|   0|    1|          0|
    |ap_predicate_pred2179_state21                            |   1|   0|    1|          0|
    |ap_predicate_pred2184_state21                            |   1|   0|    1|          0|
    |ap_predicate_pred2189_state21                            |   1|   0|    1|          0|
    |ap_predicate_pred2196_state21                            |   1|   0|    1|          0|
    |ap_predicate_pred2212_state21                            |   1|   0|    1|          0|
    |ap_predicate_pred2216_state20                            |   1|   0|    1|          0|
    |ap_predicate_pred2222_state20                            |   1|   0|    1|          0|
    |ap_predicate_pred2243_state19                            |   1|   0|    1|          0|
    |ap_predicate_pred2249_state19                            |   1|   0|    1|          0|
    |ap_predicate_pred2268_state6                             |   1|   0|    1|          0|
    |ap_predicate_pred2274_state6                             |   1|   0|    1|          0|
    |ap_predicate_pred2292_state18                            |   1|   0|    1|          0|
    |ap_predicate_pred2296_state18                            |   1|   0|    1|          0|
    |ap_predicate_pred2302_state18                            |   1|   0|    1|          0|
    |ap_predicate_pred2318_state18                            |   1|   0|    1|          0|
    |ap_predicate_pred2334_state21                            |   1|   0|    1|          0|
    |ap_predicate_pred2344_state18                            |   1|   0|    1|          0|
    |ap_predicate_pred2348_state18                            |   1|   0|    1|          0|
    |ap_predicate_pred2354_state18                            |   1|   0|    1|          0|
    |ap_predicate_pred2368_state18                            |   1|   0|    1|          0|
    |ap_predicate_pred2384_state21                            |   1|   0|    1|          0|
    |ap_predicate_pred2398_state18                            |   1|   0|    1|          0|
    |ap_predicate_pred2404_state18                            |   1|   0|    1|          0|
    |ap_predicate_pred2416_state18                            |   1|   0|    1|          0|
    |ap_predicate_pred2423_state18                            |   1|   0|    1|          0|
    |ap_predicate_pred2448_state21                            |   1|   0|    1|          0|
    |ap_predicate_pred2454_state21                            |   1|   0|    1|          0|
    |ap_predicate_pred2461_state21                            |   1|   0|    1|          0|
    |ap_predicate_pred2468_state21                            |   1|   0|    1|          0|
    |ap_predicate_pred2475_state21                            |   1|   0|    1|          0|
    |ap_predicate_pred2483_state21                            |   1|   0|    1|          0|
    |ap_predicate_pred2500_state21                            |   1|   0|    1|          0|
    |ap_predicate_pred2510_state21                            |   1|   0|    1|          0|
    |ap_predicate_pred2519_state21                            |   1|   0|    1|          0|
    |ap_predicate_pred2528_state21                            |   1|   0|    1|          0|
    |ap_predicate_pred2534_state21                            |   1|   0|    1|          0|
    |ap_predicate_pred2542_state21                            |   1|   0|    1|          0|
    |ap_predicate_pred2548_state21                            |   1|   0|    1|          0|
    |ap_predicate_pred2582_state21                            |   1|   0|    1|          0|
    |ap_predicate_pred2595_state21                            |   1|   0|    1|          0|
    |ap_predicate_pred2608_state21                            |   1|   0|    1|          0|
    |ap_predicate_pred2620_state21                            |   1|   0|    1|          0|
    |ap_predicate_pred2632_state21                            |   1|   0|    1|          0|
    |ap_predicate_pred2645_state21                            |   1|   0|    1|          0|
    |ap_predicate_pred2757_state5                             |   1|   0|    1|          0|
    |ap_predicate_pred2766_state17                            |   1|   0|    1|          0|
    |ap_predicate_pred2810_state17                            |   1|   0|    1|          0|
    |ap_predicate_pred2871_state17                            |   1|   0|    1|          0|
    |ap_predicate_pred2913_state17                            |   1|   0|    1|          0|
    |ap_predicate_pred2929_state17                            |   1|   0|    1|          0|
    |ap_predicate_pred2967_state17                            |   1|   0|    1|          0|
    |ap_predicate_pred568_state19                             |   1|   0|    1|          0|
    |ap_predicate_pred573_state19                             |   1|   0|    1|          0|
    |ap_predicate_pred582_state19                             |   1|   0|    1|          0|
    |ap_predicate_pred591_state19                             |   1|   0|    1|          0|
    |ap_predicate_pred600_state19                             |   1|   0|    1|          0|
    |ap_predicate_pred609_state19                             |   1|   0|    1|          0|
    |ap_predicate_pred618_state19                             |   1|   0|    1|          0|
    |bSerie                                                   |  28|   0|   28|          0|
    |b_2_reg_5277                                             |  12|   0|   12|          0|
    |b_2_reg_5277_pp0_iter19_reg                              |  12|   0|   12|          0|
    |b_reg_5209                                               |  12|   0|   12|          0|
    |barWidth_cast_cast_reg_4916                              |  11|   0|   12|          1|
    |cmp121_i_reg_5001                                        |   1|   0|    1|          0|
    |cmp54_i_reg_4997                                         |   1|   0|    1|          0|
    |conv2_i_i10_i264_cast_cast_cast_cast_cast_cast_reg_4926  |   9|   0|   12|          3|
    |conv2_i_i_i248_cast_cast_cast_reg_4938                   |   9|   0|   12|          3|
    |conv2_i_i_i_cast_cast_cast_reg_4932                      |  12|   0|   12|          0|
    |gSerie                                                   |  28|   0|   28|          0|
    |g_2_reg_5396                                             |  12|   0|   12|          0|
    |g_reg_5204                                               |  12|   0|   12|          0|
    |hdata_flag_1_fu_504                                      |   1|   0|    1|          0|
    |icmp_ln1072_reg_4971                                     |   1|   0|    1|          0|
    |icmp_ln1095_reg_5035                                     |   1|   0|    1|          0|
    |icmp_ln1250_reg_5070                                     |   1|   0|    1|          0|
    |icmp_ln1330_reg_5027                                     |   1|   0|    1|          0|
    |icmp_ln1381_reg_5023                                     |   1|   0|    1|          0|
    |icmp_ln1405_reg_5066                                     |   1|   0|    1|          0|
    |icmp_ln1473_reg_5019                                     |   1|   0|    1|          0|
    |icmp_ln1563_reg_5011                                     |   1|   0|    1|          0|
    |icmp_ln1586_reg_5047                                     |   1|   0|    1|          0|
    |icmp_ln1674_reg_5005                                     |   1|   0|    1|          0|
    |icmp_ln1746_reg_4993                                     |   1|   0|    1|          0|
    |icmp_ln565_reg_4944                                      |   1|   0|    1|          0|
    |lshr_ln3_reg_5088                                        |  11|   0|   11|          0|
    |mul_ln1356_reg_5290                                      |  28|   0|   28|          0|
    |or_ln1494_reg_5074                                       |   1|   0|    1|          0|
    |pf_all_done                                              |   1|   0|    1|          0|
    |phi_mul_fu_492                                           |  16|   0|   16|          0|
    |rSerie                                                   |  28|   0|   28|          0|
    |r_reg_5198                                               |  12|   0|   12|          0|
    |rampVal_2_flag_1_fu_500                                  |   1|   0|    1|          0|
    |rampVal_3_flag_1_fu_508                                  |   1|   0|    1|          0|
    |tmp_18_reg_5098                                          |   9|   0|    9|          0|
    |tmp_20_reg_5103                                          |   9|   0|    9|          0|
    |tmp_3_reg_5188                                           |   9|   0|    9|          0|
    |tmp_4_reg_5193                                           |   9|   0|    9|          0|
    |tmp_8_reg_5093                                           |   9|   0|    9|          0|
    |tmp_reg_5183                                             |   9|   0|    9|          0|
    |tpgSinTableArray_load_reg_5252                           |  20|   0|   20|          0|
    |trunc_ln1356_reg_5296                                    |  27|   0|   27|          0|
    |trunc_ln565_11_reg_4965                                  |  11|   0|   11|          0|
    |trunc_ln565_2_reg_4948                                   |   1|   0|    1|          0|
    |vHatch                                                   |   1|   0|    1|          0|
    |xBar_0                                                   |  11|   0|   11|          0|
    |xCount_0                                                 |  10|   0|   10|          0|
    |xCount_3_0                                               |  10|   0|   10|          0|
    |xCount_4_0                                               |  10|   0|   10|          0|
    |xCount_5_0                                               |  10|   0|   10|          0|
    |x_fu_496                                                 |  16|   0|   16|          0|
    |yCount                                                   |  10|   0|   10|          0|
    |yCount_1                                                 |   6|   0|    6|          0|
    |yCount_2                                                 |  10|   0|   10|          0|
    |yCount_3                                                 |  10|   0|   10|          0|
    |zext_ln1084_cast_reg_4921                                |  12|   0|   16|          4|
    |zext_ln1302_1_reg_5222                                   |  12|   0|   20|          8|
    |zonePlateVDelta                                          |  16|   0|   16|          0|
    |add_ln549_1_reg_4987                                     |  64|  32|   11|          0|
    |add_ln549_reg_4981                                       |  64|  32|   11|          0|
    |and_ln1337_reg_5031                                      |  64|  32|    1|          0|
    |and_ln1386_reg_5062                                      |  64|  32|    1|          0|
    |and_ln1568_reg_5043                                      |  64|  32|    1|          0|
    |and_ln1751_reg_5039                                      |  64|  32|    1|          0|
    |b_reg_5209                                               |  64|  32|   12|          0|
    |cmp121_i_reg_5001                                        |  64|  32|    1|          0|
    |cmp54_i_reg_4997                                         |  64|  32|    1|          0|
    |g_reg_5204                                               |  64|  32|   12|          0|
    |icmp_ln1072_reg_4971                                     |  64|  32|    1|          0|
    |icmp_ln1095_reg_5035                                     |  64|  32|    1|          0|
    |icmp_ln1250_reg_5070                                     |  64|  32|    1|          0|
    |icmp_ln1330_reg_5027                                     |  64|  32|    1|          0|
    |icmp_ln1381_reg_5023                                     |  64|  32|    1|          0|
    |icmp_ln1405_reg_5066                                     |  64|  32|    1|          0|
    |icmp_ln1563_reg_5011                                     |  64|  32|    1|          0|
    |icmp_ln1586_reg_5047                                     |  64|  32|    1|          0|
    |icmp_ln1674_reg_5005                                     |  64|  32|    1|          0|
    |icmp_ln1746_reg_4993                                     |  64|  32|    1|          0|
    |icmp_ln565_reg_4944                                      |  64|  32|    1|          0|
    |lshr_ln3_reg_5088                                        |  64|  32|   11|          0|
    |or_ln1494_reg_5074                                       |  64|  32|    1|          0|
    |r_reg_5198                                               |  64|  32|   12|          0|
    |trunc_ln565_11_reg_4965                                  |  64|  32|   11|          0|
    |trunc_ln565_2_reg_4948                                   |  64|  32|    1|          0|
    +---------------------------------------------------------+----+----+-----+-----------+
    |Total                                                    |2596| 832| 1050|         19|
    +---------------------------------------------------------+----+----+-----+-----------+



================================================================
== Interface
================================================================
* Summary: 
+--------------------------------------+-----+-----+------------+-----------------------------------------+--------------+
|               RTL Ports              | Dir | Bits|  Protocol  |              Source Object              |    C Type    |
+--------------------------------------+-----+-----+------------+-----------------------------------------+--------------+
|ap_clk                                |   in|    1|  ap_ctrl_hs|  tpgBackground_Pipeline_VITIS_LOOP_565_2|  return value|
|ap_rst                                |   in|    1|  ap_ctrl_hs|  tpgBackground_Pipeline_VITIS_LOOP_565_2|  return value|
|ap_start                              |   in|    1|  ap_ctrl_hs|  tpgBackground_Pipeline_VITIS_LOOP_565_2|  return value|
|ap_done                               |  out|    1|  ap_ctrl_hs|  tpgBackground_Pipeline_VITIS_LOOP_565_2|  return value|
|ap_idle                               |  out|    1|  ap_ctrl_hs|  tpgBackground_Pipeline_VITIS_LOOP_565_2|  return value|
|ap_ready                              |  out|    1|  ap_ctrl_hs|  tpgBackground_Pipeline_VITIS_LOOP_565_2|  return value|
|bckgndYUV_din                         |  out|   36|     ap_fifo|                                bckgndYUV|       pointer|
|bckgndYUV_num_data_valid              |   in|    5|     ap_fifo|                                bckgndYUV|       pointer|
|bckgndYUV_fifo_cap                    |   in|    5|     ap_fifo|                                bckgndYUV|       pointer|
|bckgndYUV_full_n                      |   in|    1|     ap_fifo|                                bckgndYUV|       pointer|
|bckgndYUV_write                       |  out|    1|     ap_fifo|                                bckgndYUV|       pointer|
|rampVal_3_flag_0                      |   in|    1|     ap_none|                         rampVal_3_flag_0|        scalar|
|hdata_flag_0                          |   in|    1|     ap_none|                             hdata_flag_0|        scalar|
|rampVal_2_flag_0                      |   in|    1|     ap_none|                         rampVal_2_flag_0|        scalar|
|width_val                             |   in|   16|     ap_none|                                width_val|        scalar|
|pix_5                                 |   in|   12|     ap_none|                                    pix_5|        scalar|
|pix                                   |   in|   12|     ap_none|                                      pix|        scalar|
|conv2_i_i_i266                        |   in|   12|     ap_none|                           conv2_i_i_i266|        scalar|
|conv2_i_i_i248_cast_cast              |   in|    9|     ap_none|                 conv2_i_i_i248_cast_cast|        scalar|
|conv2_i_i_i_cast_cast                 |   in|    5|     ap_none|                    conv2_i_i_i_cast_cast|        scalar|
|conv2_i_i10_i264_cast_cast_cast_cast  |   in|    7|     ap_none|     conv2_i_i10_i264_cast_cast_cast_cast|        scalar|
|conv2_i_i10_i246                      |   in|   12|     ap_none|                         conv2_i_i10_i246|        scalar|
|conv2_i_i10_i241                      |   in|   12|     ap_none|                         conv2_i_i10_i241|        scalar|
|rampStart_1                           |   in|   12|     ap_none|                              rampStart_1|        scalar|
|ZplateHorContStart_val                |   in|   16|     ap_none|                   ZplateHorContStart_val|        scalar|
|patternId_val                         |   in|    8|     ap_none|                            patternId_val|        scalar|
|cmp2_i236                             |   in|    1|     ap_none|                                cmp2_i236|        scalar|
|zext_ln1084                           |   in|   12|     ap_none|                              zext_ln1084|        scalar|
|y                                     |   in|   16|     ap_none|                                        y|        scalar|
|colorFormat_val                       |   in|    8|     ap_none|                          colorFormat_val|        scalar|
|barWidth_cast                         |   in|   11|     ap_none|                            barWidth_cast|        scalar|
|barWidth                              |   in|   11|     ap_none|                                 barWidth|        scalar|
|ZplateHorContDelta_val                |   in|   16|     ap_none|                   ZplateHorContDelta_val|        scalar|
|ZplateVerContStart_val                |   in|   16|     ap_none|                   ZplateVerContStart_val|        scalar|
|cmp12_i                               |   in|    1|     ap_none|                                  cmp12_i|        scalar|
|ZplateVerContDelta_val                |   in|   16|     ap_none|                   ZplateVerContDelta_val|        scalar|
|sub_i_i_i                             |   in|   11|     ap_none|                                sub_i_i_i|        scalar|
|barWidthMinSamples                    |   in|   10|     ap_none|                       barWidthMinSamples|        scalar|
|cmp11_i                               |   in|    1|     ap_none|                                  cmp11_i|        scalar|
|cmp_i370                              |   in|    1|     ap_none|                                 cmp_i370|        scalar|
|sub35_i                               |   in|   17|     ap_none|                                  sub35_i|        scalar|
|empty_36                              |   in|   12|     ap_none|                                 empty_36|        scalar|
|icmp                                  |   in|    1|     ap_none|                                     icmp|        scalar|
|empty                                 |   in|    1|     ap_none|                                    empty|        scalar|
|colorSel                              |   in|    2|     ap_none|                                 colorSel|        scalar|
|dpDynamicRange_val                    |   in|    8|     ap_none|                       dpDynamicRange_val|        scalar|
|dpYUVCoef_val                         |   in|    8|     ap_none|                            dpYUVCoef_val|        scalar|
|rampVal_3_flag_1_out                  |  out|    1|      ap_vld|                     rampVal_3_flag_1_out|       pointer|
|rampVal_3_flag_1_out_ap_vld           |  out|    1|      ap_vld|                     rampVal_3_flag_1_out|       pointer|
|rampVal_3_new_1_out                   |  out|   16|      ap_vld|                      rampVal_3_new_1_out|       pointer|
|rampVal_3_new_1_out_ap_vld            |  out|    1|      ap_vld|                      rampVal_3_new_1_out|       pointer|
|rampVal_3_loc_1_out_i                 |   in|   16|     ap_ovld|                      rampVal_3_loc_1_out|       pointer|
|rampVal_3_loc_1_out_o                 |  out|   16|     ap_ovld|                      rampVal_3_loc_1_out|       pointer|
|rampVal_3_loc_1_out_o_ap_vld          |  out|    1|     ap_ovld|                      rampVal_3_loc_1_out|       pointer|
|rampVal_loc_1_out_i                   |   in|   16|     ap_ovld|                        rampVal_loc_1_out|       pointer|
|rampVal_loc_1_out_o                   |  out|   16|     ap_ovld|                        rampVal_loc_1_out|       pointer|
|rampVal_loc_1_out_o_ap_vld            |  out|    1|     ap_ovld|                        rampVal_loc_1_out|       pointer|
|hBarSel_4_0_loc_1_out_i               |   in|    8|     ap_ovld|                    hBarSel_4_0_loc_1_out|       pointer|
|hBarSel_4_0_loc_1_out_o               |  out|    8|     ap_ovld|                    hBarSel_4_0_loc_1_out|       pointer|
|hBarSel_4_0_loc_1_out_o_ap_vld        |  out|    1|     ap_ovld|                    hBarSel_4_0_loc_1_out|       pointer|
|zonePlateVAddr_loc_1_out_i            |   in|   16|     ap_ovld|                 zonePlateVAddr_loc_1_out|       pointer|
|zonePlateVAddr_loc_1_out_o            |  out|   16|     ap_ovld|                 zonePlateVAddr_loc_1_out|       pointer|
|zonePlateVAddr_loc_1_out_o_ap_vld     |  out|    1|     ap_ovld|                 zonePlateVAddr_loc_1_out|       pointer|
|vBarSel_loc_1_out_i                   |   in|    8|     ap_ovld|                        vBarSel_loc_1_out|       pointer|
|vBarSel_loc_1_out_o                   |  out|    8|     ap_ovld|                        vBarSel_loc_1_out|       pointer|
|vBarSel_loc_1_out_o_ap_vld            |  out|    1|     ap_ovld|                        vBarSel_loc_1_out|       pointer|
|hBarSel_0_loc_1_out_i                 |   in|    8|     ap_ovld|                      hBarSel_0_loc_1_out|       pointer|
|hBarSel_0_loc_1_out_o                 |  out|    8|     ap_ovld|                      hBarSel_0_loc_1_out|       pointer|
|hBarSel_0_loc_1_out_o_ap_vld          |  out|    1|     ap_ovld|                      hBarSel_0_loc_1_out|       pointer|
|hdata_flag_1_out                      |  out|    1|      ap_vld|                         hdata_flag_1_out|       pointer|
|hdata_flag_1_out_ap_vld               |  out|    1|      ap_vld|                         hdata_flag_1_out|       pointer|
|hdata_new_1_out                       |  out|   16|      ap_vld|                          hdata_new_1_out|       pointer|
|hdata_new_1_out_ap_vld                |  out|    1|      ap_vld|                          hdata_new_1_out|       pointer|
|hdata_loc_1_out_i                     |   in|   16|     ap_ovld|                          hdata_loc_1_out|       pointer|
|hdata_loc_1_out_o                     |  out|   16|     ap_ovld|                          hdata_loc_1_out|       pointer|
|hdata_loc_1_out_o_ap_vld              |  out|    1|     ap_ovld|                          hdata_loc_1_out|       pointer|
|vBarSel_2_loc_1_out_i                 |   in|    8|     ap_ovld|                      vBarSel_2_loc_1_out|       pointer|
|vBarSel_2_loc_1_out_o                 |  out|    8|     ap_ovld|                      vBarSel_2_loc_1_out|       pointer|
|vBarSel_2_loc_1_out_o_ap_vld          |  out|    1|     ap_ovld|                      vBarSel_2_loc_1_out|       pointer|
|hBarSel_3_0_loc_1_out_i               |   in|    8|     ap_ovld|                    hBarSel_3_0_loc_1_out|       pointer|
|hBarSel_3_0_loc_1_out_o               |  out|    8|     ap_ovld|                    hBarSel_3_0_loc_1_out|       pointer|
|hBarSel_3_0_loc_1_out_o_ap_vld        |  out|    1|     ap_ovld|                    hBarSel_3_0_loc_1_out|       pointer|
|rampVal_2_flag_1_out                  |  out|    1|      ap_vld|                     rampVal_2_flag_1_out|       pointer|
|rampVal_2_flag_1_out_ap_vld           |  out|    1|      ap_vld|                     rampVal_2_flag_1_out|       pointer|
|rampVal_2_new_1_out                   |  out|   16|      ap_vld|                      rampVal_2_new_1_out|       pointer|
|rampVal_2_new_1_out_ap_vld            |  out|    1|      ap_vld|                      rampVal_2_new_1_out|       pointer|
|rampVal_2_loc_1_out_i                 |   in|   16|     ap_ovld|                      rampVal_2_loc_1_out|       pointer|
|rampVal_2_loc_1_out_o                 |  out|   16|     ap_ovld|                      rampVal_2_loc_1_out|       pointer|
|rampVal_2_loc_1_out_o_ap_vld          |  out|    1|     ap_ovld|                      rampVal_2_loc_1_out|       pointer|
|vBarSel_3_loc_1_out_i                 |   in|    8|     ap_ovld|                      vBarSel_3_loc_1_out|       pointer|
|vBarSel_3_loc_1_out_o                 |  out|    8|     ap_ovld|                      vBarSel_3_loc_1_out|       pointer|
|vBarSel_3_loc_1_out_o_ap_vld          |  out|    1|     ap_ovld|                      vBarSel_3_loc_1_out|       pointer|
|hBarSel_5_0_loc_1_out_i               |   in|    8|     ap_ovld|                    hBarSel_5_0_loc_1_out|       pointer|
|hBarSel_5_0_loc_1_out_o               |  out|    8|     ap_ovld|                    hBarSel_5_0_loc_1_out|       pointer|
|hBarSel_5_0_loc_1_out_o_ap_vld        |  out|    1|     ap_ovld|                    hBarSel_5_0_loc_1_out|       pointer|
|p_0_2_0_0_0217_out_i                  |   in|   12|     ap_ovld|                       p_0_2_0_0_0217_out|       pointer|
|p_0_2_0_0_0217_out_o                  |  out|   12|     ap_ovld|                       p_0_2_0_0_0217_out|       pointer|
|p_0_2_0_0_0217_out_o_ap_vld           |  out|    1|     ap_ovld|                       p_0_2_0_0_0217_out|       pointer|
|p_0_1_0_0_0215_out_i                  |   in|   12|     ap_ovld|                       p_0_1_0_0_0215_out|       pointer|
|p_0_1_0_0_0215_out_o                  |  out|   12|     ap_ovld|                       p_0_1_0_0_0215_out|       pointer|
|p_0_1_0_0_0215_out_o_ap_vld           |  out|    1|     ap_ovld|                       p_0_1_0_0_0215_out|       pointer|
|p_0_0_0_0_0213_out_i                  |   in|   12|     ap_ovld|                       p_0_0_0_0_0213_out|       pointer|
|p_0_0_0_0_0213_out_o                  |  out|   12|     ap_ovld|                       p_0_0_0_0_0213_out|       pointer|
|p_0_0_0_0_0213_out_o_ap_vld           |  out|    1|     ap_ovld|                       p_0_0_0_0_0213_out|       pointer|
|rampVal                               |  out|   12|      ap_vld|                                  rampVal|       pointer|
|rampVal_ap_vld                        |  out|    1|      ap_vld|                                  rampVal|       pointer|
|hBarSel_4_0                           |  out|    8|      ap_vld|                              hBarSel_4_0|       pointer|
|hBarSel_4_0_ap_vld                    |  out|    1|      ap_vld|                              hBarSel_4_0|       pointer|
|s                                     |   in|   32|     ap_none|                                        s|       pointer|
|zonePlateVAddr                        |  out|   16|      ap_vld|                           zonePlateVAddr|       pointer|
|zonePlateVAddr_ap_vld                 |  out|    1|      ap_vld|                           zonePlateVAddr|       pointer|
|hBarSel_0                             |  out|    3|      ap_vld|                                hBarSel_0|       pointer|
|hBarSel_0_ap_vld                      |  out|    1|      ap_vld|                                hBarSel_0|       pointer|
|vBarSel                               |  out|    3|      ap_vld|                                  vBarSel|       pointer|
|vBarSel_ap_vld                        |  out|    1|      ap_vld|                                  vBarSel|       pointer|
|hBarSel_3_0                           |  out|    3|      ap_vld|                              hBarSel_3_0|       pointer|
|hBarSel_3_0_ap_vld                    |  out|    1|      ap_vld|                              hBarSel_3_0|       pointer|
|vBarSel_2                             |  out|    8|      ap_vld|                                vBarSel_2|       pointer|
|vBarSel_2_ap_vld                      |  out|    1|      ap_vld|                                vBarSel_2|       pointer|
|hBarSel_5_0                           |  out|    3|      ap_vld|                              hBarSel_5_0|       pointer|
|hBarSel_5_0_ap_vld                    |  out|    1|      ap_vld|                              hBarSel_5_0|       pointer|
|vBarSel_1                             |  out|    1|      ap_vld|                                vBarSel_1|       pointer|
|vBarSel_1_ap_vld                      |  out|    1|      ap_vld|                                vBarSel_1|       pointer|
+--------------------------------------+-----+-----+------------+-----------------------------------------+--------------+

