

================================================================
== Vitis HLS Report for 'tpgBackground'
================================================================
* Date:           Mon May  6 14:34:08 2024

* Version:        2023.2 (Build 4023990 on Oct 11 2023)
* Project:        prj
* Solution:       sol (Vivado IP Flow Target)
* Product family: virtex7
* Target device:  xc7vx485t-ffg1761-2


================================================================
== Performance Estimates
================================================================
+ Timing: 
    * Summary: 
    +--------+---------+----------+------------+
    |  Clock |  Target | Estimated| Uncertainty|
    +--------+---------+----------+------------+
    |ap_clk  |  6.74 ns|  4.226 ns|     1.82 ns|
    +--------+---------+----------+------------+

+ Latency: 
    * Summary: 
    +---------+------------+----------+------------+-----+------------+---------+
    |   Latency (cycles)   |   Latency (absolute)  |     Interval     | Pipeline|
    |   min   |     max    |    min   |     max    | min |     max    |   Type  |
    +---------+------------+----------+------------+-----+------------+---------+
    |        1|  4296474601|  6.737 ns|  28.945 sec|    1|  4296474601|       no|
    +---------+------------+----------+------------+-----+------------+---------+

    + Detail: 
        * Instance: 
        +----------------------------------------------------+-----------------------------------------+---------+---------+-----------+----------+-----+-------+---------+
        |                                                    |                                         |  Latency (cycles) |  Latency (absolute)  |   Interval  | Pipeline|
        |                      Instance                      |                  Module                 |   min   |   max   |    min    |    max   | min |  max  |   Type  |
        +----------------------------------------------------+-----------------------------------------+---------+---------+-----------+----------+-----+-------+---------+
        |grp_tpgBackground_Pipeline_VITIS_LOOP_565_2_fu_490  |tpgBackground_Pipeline_VITIS_LOOP_565_2  |        2|    65557|  13.474 ns|  0.442 ms|    2|  65557|       no|
        +----------------------------------------------------+-----------------------------------------+---------+---------+-----------+----------+-----+-------+---------+

        * Loop: 
        +--------------------+---------+------------+-----------+-----------+-----------+-----------+----------+
        |                    |   Latency (cycles)   | Iteration |  Initiation Interval  |    Trip   |          |
        |      Loop Name     |   min   |     max    |  Latency  |  achieved |   target  |   Count   | Pipelined|
        +--------------------+---------+------------+-----------+-----------+-----------+-----------+----------+
        |- VITIS_LOOP_563_1  |        0|  4296474600|  5 ~ 65560|          -|          -|  0 ~ 65535|        no|
        +--------------------+---------+------------+-----------+-----------+-----------+-----------+----------+



================================================================
== Utilization Estimates
================================================================
* Summary: 
+-----------------+---------+------+--------+--------+-----+
|       Name      | BRAM_18K|  DSP |   FF   |   LUT  | URAM|
+-----------------+---------+------+--------+--------+-----+
|DSP              |        -|     -|       -|       -|    -|
|Expression       |        -|     -|       0|     394|    -|
|FIFO             |        -|     -|       -|       -|    -|
|Instance         |       13|    13|    3912|    4817|    -|
|Memory           |        -|     -|       -|       -|    -|
|Multiplexer      |        -|     -|       -|     219|    -|
|Register         |        -|     -|     514|       -|    -|
+-----------------+---------+------+--------+--------+-----+
|Total            |       13|    13|    4426|    5430|    0|
+-----------------+---------+------+--------+--------+-----+
|Available        |     2060|  2800|  607200|  303600|    0|
+-----------------+---------+------+--------+--------+-----+
|Utilization (%)  |       ~0|    ~0|      ~0|       1|    0|
+-----------------+---------+------+--------+--------+-----+

+ Detail: 
    * Instance: 
    +----------------------------------------------------+-----------------------------------------+---------+----+------+------+-----+
    |                      Instance                      |                  Module                 | BRAM_18K| DSP|  FF  |  LUT | URAM|
    +----------------------------------------------------+-----------------------------------------+---------+----+------+------+-----+
    |grp_tpgBackground_Pipeline_VITIS_LOOP_565_2_fu_490  |tpgBackground_Pipeline_VITIS_LOOP_565_2  |       13|  13|  3912|  4817|    0|
    +----------------------------------------------------+-----------------------------------------+---------+----+------+------+-----+
    |Total                                               |                                         |       13|  13|  3912|  4817|    0|
    +----------------------------------------------------+-----------------------------------------+---------+----+------+------+-----+

    * DSP: 
    N/A

    * Memory: 
    N/A

    * FIFO: 
    N/A

    * Expression: 
    +------------------------------------------------+----------+----+---+----+------------+------------+
    |                  Variable Name                 | Operation| DSP| FF| LUT| Bitwidth P0| Bitwidth P1|
    +------------------------------------------------+----------+----+---+----+------------+------------+
    |add2_i_fu_766_p2                                |         +|   0|  0|  21|          14|           4|
    |add5_i_fu_796_p2                                |         +|   0|  0|  21|          14|           4|
    |add_i_fu_750_p2                                 |         +|   0|  0|  21|          14|           3|
    |add_ln563_fu_1000_p2                            |         +|   0|  0|  23|          16|           1|
    |add_ln750_fu_1063_p2                            |         +|   0|  0|  19|          12|          12|
    |barWidthMinSamples_fu_782_p2                    |         +|   0|  0|  17|          10|           2|
    |sub10_i_fu_844_p2                               |         +|   0|  0|  24|          17|           2|
    |sub35_i_fu_838_p2                               |         +|   0|  0|  24|          17|           2|
    |sub_i_i_i_fu_832_p2                             |         +|   0|  0|  18|          11|           2|
    |cmp11_i_fu_1044_p2                              |      icmp|   0|  0|  24|          17|          17|
    |cmp12_i_fu_1037_p2                              |      icmp|   0|  0|  23|          16|           1|
    |cmp2_i236_fu_672_p2                             |      icmp|   0|  0|  15|           8|           1|
    |cmp_i370_fu_1010_p2                             |      icmp|   0|  0|  23|          16|           1|
    |icmp_fu_812_p2                                  |      icmp|   0|  0|  14|           7|           1|
    |icmp_ln563_fu_995_p2                            |      icmp|   0|  0|  23|          16|          16|
    |ap_block_state1                                 |        or|   0|  0|   2|           1|           1|
    |conv2_i_i10_i241_fu_678_p3                      |    select|   0|  0|  11|           1|           2|
    |conv2_i_i10_i246_fu_694_p3                      |    select|   0|  0|  12|           1|           1|
    |conv2_i_i10_i264_cast_cast_cast_cast_fu_710_p3  |    select|   0|  0|   7|           1|           1|
    |conv2_i_i_i248_cast_cast_fu_702_p3              |    select|   0|  0|   9|           1|           1|
    |conv2_i_i_i266_fu_718_p3                        |    select|   0|  0|  11|           1|           2|
    |conv2_i_i_i_cast_cast_fu_686_p3                 |    select|   0|  0|   6|           1|           1|
    |pix_5_fu_734_p3                                 |    select|   0|  0|  13|           1|           2|
    |pix_fu_726_p3                                   |    select|   0|  0|  13|           1|           1|
    +------------------------------------------------+----------+----+---+----+------------+------------+
    |Total                                           |          |   0|  0| 394|         214|          81|
    +------------------------------------------------+----------+----+---+----+------------+------------+

    * Multiplexer: 
    +-----------------------------+----+-----------+-----+-----------+
    |             Name            | LUT| Input Size| Bits| Total Bits|
    +-----------------------------+----+-----------+-----+-----------+
    |ap_NS_fsm                    |  21|          5|    1|          5|
    |ap_done                      |   9|          2|    1|          2|
    |bckgndYUV_write              |   9|          2|    1|          2|
    |colorFormat_val17_c14_blk_n  |   9|          2|    1|          2|
    |hBarSel_0_loc_0_fu_316       |   9|          2|    8|         16|
    |hBarSel_3_0_loc_0_fu_300     |   9|          2|    8|         16|
    |hBarSel_4_0_loc_0_fu_328     |   9|          2|    8|         16|
    |hBarSel_5_0_loc_0_fu_284     |   9|          2|    8|         16|
    |hdata_flag_0_reg_466         |   9|          2|    1|          2|
    |hdata_loc_0_fu_308           |   9|          2|   16|         32|
    |height_val4_c12_blk_n        |   9|          2|    1|          2|
    |motionSpeed_val14_c_blk_n    |   9|          2|    1|          2|
    |rampVal_2_flag_0_reg_478     |   9|          2|    1|          2|
    |rampVal_2_loc_0_fu_292       |   9|          2|   16|         32|
    |rampVal_3_flag_0_reg_454     |   9|          2|    1|          2|
    |rampVal_3_loc_0_fu_336       |   9|          2|   16|         32|
    |rampVal_loc_0_fu_332         |   9|          2|   16|         32|
    |vBarSel_2_loc_0_fu_304       |   9|          2|    8|         16|
    |vBarSel_3_loc_0_fu_288       |   9|          2|    8|         16|
    |vBarSel_loc_0_fu_320         |   9|          2|    8|         16|
    |width_val7_c13_blk_n         |   9|          2|    1|          2|
    |y_fu_280                     |   9|          2|   16|         32|
    |zonePlateVAddr_loc_0_fu_324  |   9|          2|   16|         32|
    +-----------------------------+----+-----------+-----+-----------+
    |Total                        | 219|         49|  162|        327|
    +-----------------------------+----+-----------+-----+-----------+

    * Register: 
    +-----------------------------------------------------------------+----+----+-----+-----------+
    |                               Name                              | FF | LUT| Bits| Const Bits|
    +-----------------------------------------------------------------+----+----+-----+-----------+
    |ap_CS_fsm                                                        |   4|   0|    4|          0|
    |ap_done_reg                                                      |   1|   0|    1|          0|
    |barWidthMinSamples_reg_1346                                      |  10|   0|   10|          0|
    |barWidth_reg_1340                                                |  11|   0|   11|          0|
    |cmp11_i_reg_1405                                                 |   1|   0|    1|          0|
    |cmp12_i_reg_1400                                                 |   1|   0|    1|          0|
    |cmp2_i236_reg_1295                                               |   1|   0|    1|          0|
    |cmp_i370_reg_1385                                                |   1|   0|    1|          0|
    |colorSel_reg_1395                                                |   2|   0|    2|          0|
    |conv2_i_i10_i241_reg_1300                                        |   9|   0|   12|          3|
    |conv2_i_i10_i246_reg_1310                                        |   4|   0|   12|          8|
    |conv2_i_i10_i264_cast_cast_cast_cast_reg_1320                    |   2|   0|    7|          5|
    |conv2_i_i_i248_cast_cast_reg_1315                                |   3|   0|    9|          6|
    |conv2_i_i_i266_reg_1325                                          |   7|   0|   12|          5|
    |conv2_i_i_i_cast_cast_reg_1305                                   |   1|   0|    5|          4|
    |grp_tpgBackground_Pipeline_VITIS_LOOP_565_2_fu_490_ap_start_reg  |   1|   0|    1|          0|
    |hBarSel_0                                                        |   3|   0|    3|          0|
    |hBarSel_0_loc_0_fu_316                                           |   8|   0|    8|          0|
    |hBarSel_3_0                                                      |   3|   0|    3|          0|
    |hBarSel_3_0_loc_0_fu_300                                         |   8|   0|    8|          0|
    |hBarSel_4_0                                                      |   8|   0|    8|          0|
    |hBarSel_4_0_loc_0_fu_328                                         |   8|   0|    8|          0|
    |hBarSel_5_0                                                      |   3|   0|    3|          0|
    |hBarSel_5_0_loc_0_fu_284                                         |   8|   0|    8|          0|
    |hdata                                                            |  16|   0|   16|          0|
    |hdata_flag_0_reg_466                                             |   1|   0|    1|          0|
    |hdata_loc_0_fu_308                                               |  16|   0|   16|          0|
    |hdata_new_0_fu_312                                               |  16|   0|   16|          0|
    |icmp_reg_1351                                                    |   1|   0|    1|          0|
    |p_0_0_0_0_0214_lcssa221_fu_268                                   |  12|   0|   12|          0|
    |p_0_1_0_0_0216_lcssa224_fu_272                                   |  12|   0|   12|          0|
    |p_0_2_0_0_0218_lcssa227_fu_276                                   |  12|   0|   12|          0|
    |pix_5_reg_1335                                                   |  11|   0|   12|          1|
    |pix_reg_1330                                                     |   1|   0|   12|         11|
    |rampStart                                                        |  12|   0|   12|          0|
    |rampStart_load_reg_1371                                          |  12|   0|   12|          0|
    |rampVal                                                          |  12|   0|   12|          0|
    |rampVal_1                                                        |  16|   0|   16|          0|
    |rampVal_2                                                        |  16|   0|   16|          0|
    |rampVal_2_flag_0_reg_478                                         |   1|   0|    1|          0|
    |rampVal_2_loc_0_fu_292                                           |  16|   0|   16|          0|
    |rampVal_2_new_0_fu_296                                           |  16|   0|   16|          0|
    |rampVal_3_flag_0_reg_454                                         |   1|   0|    1|          0|
    |rampVal_3_loc_0_fu_336                                           |  16|   0|   16|          0|
    |rampVal_3_new_0_fu_340                                           |  16|   0|   16|          0|
    |rampVal_loc_0_fu_332                                             |  16|   0|   16|          0|
    |sub10_i_reg_1366                                                 |  17|   0|   17|          0|
    |sub35_i_reg_1361                                                 |  17|   0|   17|          0|
    |sub_i_i_i_reg_1356                                               |  11|   0|   11|          0|
    |tmp_33_reg_1390                                                  |   1|   0|    1|          0|
    |trunc_ln565_reg_1410                                             |  12|   0|   12|          0|
    |vBarSel                                                          |   3|   0|    3|          0|
    |vBarSel_1                                                        |   1|   0|    1|          0|
    |vBarSel_2                                                        |   8|   0|    8|          0|
    |vBarSel_2_loc_0_fu_304                                           |   8|   0|    8|          0|
    |vBarSel_3_loc_0_fu_288                                           |   8|   0|    8|          0|
    |vBarSel_loc_0_fu_320                                             |   8|   0|    8|          0|
    |y_3_reg_1377                                                     |  16|   0|   16|          0|
    |y_fu_280                                                         |  16|   0|   16|          0|
    |zonePlateVAddr                                                   |  16|   0|   16|          0|
    |zonePlateVAddr_loc_0_fu_324                                      |  16|   0|   16|          0|
    +-----------------------------------------------------------------+----+----+-----+-----------+
    |Total                                                            | 514|   0|  557|         43|
    +-----------------------------------------------------------------+----+----+-----+-----------+



================================================================
== Interface
================================================================
* Summary: 
+--------------------------------------+-----+-----+------------+------------------------+--------------+
|               RTL Ports              | Dir | Bits|  Protocol  |      Source Object     |    C Type    |
+--------------------------------------+-----+-----+------------+------------------------+--------------+
|ap_clk                                |   in|    1|  ap_ctrl_hs|           tpgBackground|  return value|
|ap_rst                                |   in|    1|  ap_ctrl_hs|           tpgBackground|  return value|
|ap_start                              |   in|    1|  ap_ctrl_hs|           tpgBackground|  return value|
|ap_done                               |  out|    1|  ap_ctrl_hs|           tpgBackground|  return value|
|ap_continue                           |   in|    1|  ap_ctrl_hs|           tpgBackground|  return value|
|ap_idle                               |  out|    1|  ap_ctrl_hs|           tpgBackground|  return value|
|ap_ready                              |  out|    1|  ap_ctrl_hs|           tpgBackground|  return value|
|height_val                            |   in|   16|     ap_none|              height_val|        scalar|
|width_val                             |   in|   16|     ap_none|               width_val|        scalar|
|patternId_val                         |   in|    8|     ap_none|           patternId_val|        scalar|
|ZplateHorContStart_val                |   in|   16|     ap_none|  ZplateHorContStart_val|        scalar|
|ZplateHorContDelta_val                |   in|   16|     ap_none|  ZplateHorContDelta_val|        scalar|
|ZplateVerContStart_val                |   in|   16|     ap_none|  ZplateVerContStart_val|        scalar|
|ZplateVerContDelta_val                |   in|   16|     ap_none|  ZplateVerContDelta_val|        scalar|
|dpDynamicRange_val                    |   in|    8|     ap_none|      dpDynamicRange_val|        scalar|
|dpYUVCoef_val                         |   in|    8|     ap_none|           dpYUVCoef_val|        scalar|
|motionSpeed_val                       |   in|    8|     ap_none|         motionSpeed_val|        scalar|
|colorFormat_val                       |   in|    8|     ap_none|         colorFormat_val|        scalar|
|bckgndYUV_din                         |  out|   36|     ap_fifo|               bckgndYUV|       pointer|
|bckgndYUV_num_data_valid              |   in|    5|     ap_fifo|               bckgndYUV|       pointer|
|bckgndYUV_fifo_cap                    |   in|    5|     ap_fifo|               bckgndYUV|       pointer|
|bckgndYUV_full_n                      |   in|    1|     ap_fifo|               bckgndYUV|       pointer|
|bckgndYUV_write                       |  out|    1|     ap_fifo|               bckgndYUV|       pointer|
|height_val4_c12_din                   |  out|   16|     ap_fifo|         height_val4_c12|       pointer|
|height_val4_c12_num_data_valid        |   in|    3|     ap_fifo|         height_val4_c12|       pointer|
|height_val4_c12_fifo_cap              |   in|    3|     ap_fifo|         height_val4_c12|       pointer|
|height_val4_c12_full_n                |   in|    1|     ap_fifo|         height_val4_c12|       pointer|
|height_val4_c12_write                 |  out|    1|     ap_fifo|         height_val4_c12|       pointer|
|width_val7_c13_din                    |  out|   16|     ap_fifo|          width_val7_c13|       pointer|
|width_val7_c13_num_data_valid         |   in|    3|     ap_fifo|          width_val7_c13|       pointer|
|width_val7_c13_fifo_cap               |   in|    3|     ap_fifo|          width_val7_c13|       pointer|
|width_val7_c13_full_n                 |   in|    1|     ap_fifo|          width_val7_c13|       pointer|
|width_val7_c13_write                  |  out|    1|     ap_fifo|          width_val7_c13|       pointer|
|motionSpeed_val14_c_din               |  out|    8|     ap_fifo|     motionSpeed_val14_c|       pointer|
|motionSpeed_val14_c_num_data_valid    |   in|    3|     ap_fifo|     motionSpeed_val14_c|       pointer|
|motionSpeed_val14_c_fifo_cap          |   in|    3|     ap_fifo|     motionSpeed_val14_c|       pointer|
|motionSpeed_val14_c_full_n            |   in|    1|     ap_fifo|     motionSpeed_val14_c|       pointer|
|motionSpeed_val14_c_write             |  out|    1|     ap_fifo|     motionSpeed_val14_c|       pointer|
|colorFormat_val17_c14_din             |  out|    8|     ap_fifo|   colorFormat_val17_c14|       pointer|
|colorFormat_val17_c14_num_data_valid  |   in|    3|     ap_fifo|   colorFormat_val17_c14|       pointer|
|colorFormat_val17_c14_fifo_cap        |   in|    3|     ap_fifo|   colorFormat_val17_c14|       pointer|
|colorFormat_val17_c14_full_n          |   in|    1|     ap_fifo|   colorFormat_val17_c14|       pointer|
|colorFormat_val17_c14_write           |  out|    1|     ap_fifo|   colorFormat_val17_c14|       pointer|
|s                                     |   in|   32|     ap_none|                       s|       pointer|
+--------------------------------------+-----+-----+------------+------------------------+--------------+

