

================================================================
== Vitis HLS Report for 'entry_proc'
================================================================
* Date:           Mon May  6 14:34:05 2024

* Version:        2023.2 (Build 4023990 on Oct 11 2023)
* Project:        prj
* Solution:       sol (Vivado IP Flow Target)
* Product family: virtex7
* Target device:  xc7vx485t-ffg1761-2


================================================================
== Performance Estimates
================================================================
+ Timing: 
    * Summary: 
    +--------+---------+----------+------------+
    |  Clock |  Target | Estimated| Uncertainty|
    +--------+---------+----------+------------+
    |ap_clk  |  6.74 ns|  2.391 ns|     1.82 ns|
    +--------+---------+----------+------------+

+ Latency: 
    * Summary: 
    +---------+---------+----------+----------+-----+-----+---------+
    |  Latency (cycles) |  Latency (absolute) |  Interval | Pipeline|
    |   min   |   max   |    min   |    max   | min | max |   Type  |
    +---------+---------+----------+----------+-----+-----+---------+
    |        0|        0|      0 ns|      0 ns|    0|    0|       no|
    +---------+---------+----------+----------+-----+-----+---------+

    + Detail: 
        * Instance: 
        N/A

        * Loop: 
        N/A



================================================================
== Utilization Estimates
================================================================
* Summary: 
+-----------------+---------+------+--------+--------+-----+
|       Name      | BRAM_18K|  DSP |   FF   |   LUT  | URAM|
+-----------------+---------+------+--------+--------+-----+
|DSP              |        -|     -|       -|       -|    -|
|Expression       |        -|     -|       0|       2|    -|
|FIFO             |        -|     -|       -|       -|    -|
|Instance         |        -|     -|       -|       -|    -|
|Memory           |        -|     -|       -|       -|    -|
|Multiplexer      |        -|     -|       -|     108|    -|
|Register         |        -|     -|       3|       -|    -|
+-----------------+---------+------+--------+--------+-----+
|Total            |        0|     0|       3|     110|    0|
+-----------------+---------+------+--------+--------+-----+
|Available        |     2060|  2800|  607200|  303600|    0|
+-----------------+---------+------+--------+--------+-----+
|Utilization (%)  |        0|     0|      ~0|      ~0|    0|
+-----------------+---------+------+--------+--------+-----+

+ Detail: 
    * Instance: 
    N/A

    * DSP: 
    N/A

    * Memory: 
    N/A

    * FIFO: 
    N/A

    * Expression: 
    +-----------------+----------+----+---+----+------------+------------+
    |  Variable Name  | Operation| DSP| FF| LUT| Bitwidth P0| Bitwidth P1|
    +-----------------+----------+----+---+----+------------+------------+
    |ap_block_state1  |        or|   0|  0|   2|           1|           1|
    +-----------------+----------+----+---+----+------------+------------+
    |Total            |          |   0|  0|   2|           1|           1|
    +-----------------+----------+----+---+----+------------+------------+

    * Multiplexer: 
    +--------------------------+----+-----------+-----+-----------+
    |           Name           | LUT| Input Size| Bits| Total Bits|
    +--------------------------+----+-----------+-----+-----------+
    |ap_done                   |   9|          2|    1|          2|
    |boxColorB_val27_c_blk_n   |   9|          2|    1|          2|
    |boxColorG_val26_c_blk_n   |   9|          2|    1|          2|
    |boxColorR_val25_c_blk_n   |   9|          2|    1|          2|
    |boxSize_val24_c_blk_n     |   9|          2|    1|          2|
    |crossHairX_val18_c_blk_n  |   9|          2|    1|          2|
    |crossHairY_val19_c_blk_n  |   9|          2|    1|          2|
    |fid_in_val9_c_blk_n       |   9|          2|    1|          2|
    |field_id_val8_c_blk_n     |   9|          2|    1|          2|
    |maskId_val12_c_blk_n      |   9|          2|    1|          2|
    |ovrlayId_val11_c_blk_n    |   9|          2|    1|          2|
    |real_start                |   9|          2|    1|          2|
    +--------------------------+----+-----------+-----+-----------+
    |Total                     | 108|         24|   12|         24|
    +--------------------------+----+-----------+-----+-----------+

    * Register: 
    +----------------+---+----+-----+-----------+
    |      Name      | FF| LUT| Bits| Const Bits|
    +----------------+---+----+-----+-----------+
    |ap_CS_fsm       |  1|   0|    1|          0|
    |ap_done_reg     |  1|   0|    1|          0|
    |start_once_reg  |  1|   0|    1|          0|
    +----------------+---+----+-----+-----------+
    |Total           |  3|   0|    3|          0|
    +----------------+---+----+-----+-----------+



================================================================
== Interface
================================================================
* Summary: 
+-----------------------------------+-----+-----+------------+--------------------+--------------+
|             RTL Ports             | Dir | Bits|  Protocol  |    Source Object   |    C Type    |
+-----------------------------------+-----+-----+------------+--------------------+--------------+
|ap_clk                             |   in|    1|  ap_ctrl_hs|          entry_proc|  return value|
|ap_rst                             |   in|    1|  ap_ctrl_hs|          entry_proc|  return value|
|ap_start                           |   in|    1|  ap_ctrl_hs|          entry_proc|  return value|
|start_full_n                       |   in|    1|  ap_ctrl_hs|          entry_proc|  return value|
|ap_done                            |  out|    1|  ap_ctrl_hs|          entry_proc|  return value|
|ap_continue                        |   in|    1|  ap_ctrl_hs|          entry_proc|  return value|
|ap_idle                            |  out|    1|  ap_ctrl_hs|          entry_proc|  return value|
|ap_ready                           |  out|    1|  ap_ctrl_hs|          entry_proc|  return value|
|start_out                          |  out|    1|  ap_ctrl_hs|          entry_proc|  return value|
|start_write                        |  out|    1|  ap_ctrl_hs|          entry_proc|  return value|
|field_id_val8                      |   in|   16|     ap_none|       field_id_val8|        scalar|
|field_id_val8_c_din                |  out|   16|     ap_fifo|     field_id_val8_c|       pointer|
|field_id_val8_c_num_data_valid     |   in|    3|     ap_fifo|     field_id_val8_c|       pointer|
|field_id_val8_c_fifo_cap           |   in|    3|     ap_fifo|     field_id_val8_c|       pointer|
|field_id_val8_c_full_n             |   in|    1|     ap_fifo|     field_id_val8_c|       pointer|
|field_id_val8_c_write              |  out|    1|     ap_fifo|     field_id_val8_c|       pointer|
|fid_in_val9                        |   in|    1|   ap_stable|         fid_in_val9|        scalar|
|fid_in_val9_c_din                  |  out|    1|     ap_fifo|       fid_in_val9_c|       pointer|
|fid_in_val9_c_num_data_valid       |   in|    3|     ap_fifo|       fid_in_val9_c|       pointer|
|fid_in_val9_c_fifo_cap             |   in|    3|     ap_fifo|       fid_in_val9_c|       pointer|
|fid_in_val9_c_full_n               |   in|    1|     ap_fifo|       fid_in_val9_c|       pointer|
|fid_in_val9_c_write                |  out|    1|     ap_fifo|       fid_in_val9_c|       pointer|
|ovrlayId_val11                     |   in|    8|     ap_none|      ovrlayId_val11|        scalar|
|ovrlayId_val11_c_din               |  out|    8|     ap_fifo|    ovrlayId_val11_c|       pointer|
|ovrlayId_val11_c_num_data_valid    |   in|    3|     ap_fifo|    ovrlayId_val11_c|       pointer|
|ovrlayId_val11_c_fifo_cap          |   in|    3|     ap_fifo|    ovrlayId_val11_c|       pointer|
|ovrlayId_val11_c_full_n            |   in|    1|     ap_fifo|    ovrlayId_val11_c|       pointer|
|ovrlayId_val11_c_write             |  out|    1|     ap_fifo|    ovrlayId_val11_c|       pointer|
|maskId_val12                       |   in|    8|     ap_none|        maskId_val12|        scalar|
|maskId_val12_c_din                 |  out|    8|     ap_fifo|      maskId_val12_c|       pointer|
|maskId_val12_c_num_data_valid      |   in|    3|     ap_fifo|      maskId_val12_c|       pointer|
|maskId_val12_c_fifo_cap            |   in|    3|     ap_fifo|      maskId_val12_c|       pointer|
|maskId_val12_c_full_n              |   in|    1|     ap_fifo|      maskId_val12_c|       pointer|
|maskId_val12_c_write               |  out|    1|     ap_fifo|      maskId_val12_c|       pointer|
|crossHairX_val18                   |   in|   16|     ap_none|    crossHairX_val18|        scalar|
|crossHairX_val18_c_din             |  out|   16|     ap_fifo|  crossHairX_val18_c|       pointer|
|crossHairX_val18_c_num_data_valid  |   in|    3|     ap_fifo|  crossHairX_val18_c|       pointer|
|crossHairX_val18_c_fifo_cap        |   in|    3|     ap_fifo|  crossHairX_val18_c|       pointer|
|crossHairX_val18_c_full_n          |   in|    1|     ap_fifo|  crossHairX_val18_c|       pointer|
|crossHairX_val18_c_write           |  out|    1|     ap_fifo|  crossHairX_val18_c|       pointer|
|crossHairY_val19                   |   in|   16|     ap_none|    crossHairY_val19|        scalar|
|crossHairY_val19_c_din             |  out|   16|     ap_fifo|  crossHairY_val19_c|       pointer|
|crossHairY_val19_c_num_data_valid  |   in|    3|     ap_fifo|  crossHairY_val19_c|       pointer|
|crossHairY_val19_c_fifo_cap        |   in|    3|     ap_fifo|  crossHairY_val19_c|       pointer|
|crossHairY_val19_c_full_n          |   in|    1|     ap_fifo|  crossHairY_val19_c|       pointer|
|crossHairY_val19_c_write           |  out|    1|     ap_fifo|  crossHairY_val19_c|       pointer|
|boxSize_val24                      |   in|   16|     ap_none|       boxSize_val24|        scalar|
|boxSize_val24_c_din                |  out|   16|     ap_fifo|     boxSize_val24_c|       pointer|
|boxSize_val24_c_num_data_valid     |   in|    3|     ap_fifo|     boxSize_val24_c|       pointer|
|boxSize_val24_c_fifo_cap           |   in|    3|     ap_fifo|     boxSize_val24_c|       pointer|
|boxSize_val24_c_full_n             |   in|    1|     ap_fifo|     boxSize_val24_c|       pointer|
|boxSize_val24_c_write              |  out|    1|     ap_fifo|     boxSize_val24_c|       pointer|
|boxColorR_val25                    |   in|   12|     ap_none|     boxColorR_val25|        scalar|
|boxColorR_val25_c_din              |  out|   12|     ap_fifo|   boxColorR_val25_c|       pointer|
|boxColorR_val25_c_num_data_valid   |   in|    3|     ap_fifo|   boxColorR_val25_c|       pointer|
|boxColorR_val25_c_fifo_cap         |   in|    3|     ap_fifo|   boxColorR_val25_c|       pointer|
|boxColorR_val25_c_full_n           |   in|    1|     ap_fifo|   boxColorR_val25_c|       pointer|
|boxColorR_val25_c_write            |  out|    1|     ap_fifo|   boxColorR_val25_c|       pointer|
|boxColorG_val26                    |   in|   12|     ap_none|     boxColorG_val26|        scalar|
|boxColorG_val26_c_din              |  out|   12|     ap_fifo|   boxColorG_val26_c|       pointer|
|boxColorG_val26_c_num_data_valid   |   in|    3|     ap_fifo|   boxColorG_val26_c|       pointer|
|boxColorG_val26_c_fifo_cap         |   in|    3|     ap_fifo|   boxColorG_val26_c|       pointer|
|boxColorG_val26_c_full_n           |   in|    1|     ap_fifo|   boxColorG_val26_c|       pointer|
|boxColorG_val26_c_write            |  out|    1|     ap_fifo|   boxColorG_val26_c|       pointer|
|boxColorB_val27                    |   in|   12|     ap_none|     boxColorB_val27|        scalar|
|boxColorB_val27_c_din              |  out|   12|     ap_fifo|   boxColorB_val27_c|       pointer|
|boxColorB_val27_c_num_data_valid   |   in|    3|     ap_fifo|   boxColorB_val27_c|       pointer|
|boxColorB_val27_c_fifo_cap         |   in|    3|     ap_fifo|   boxColorB_val27_c|       pointer|
|boxColorB_val27_c_full_n           |   in|    1|     ap_fifo|   boxColorB_val27_c|       pointer|
|boxColorB_val27_c_write            |  out|    1|     ap_fifo|   boxColorB_val27_c|       pointer|
+-----------------------------------+-----+-----+------------+--------------------+--------------+

============================================================
+ Verbose Summary: Synthesis Manager
============================================================
InlineROM: 1
ExposeGlobal: 0
============================================================
+ Verbose Summary: CDFG Model
============================================================
IsTopModel: 0
ResetActiveHigh: 1
IsCombinational: 2
IsDatapathOnly: 0
HasWiredReturn: 1
HasMFsm: 0
HasVarLatency: 0
IsPipeline: 0
IsRtlPipelined: 0
IsInstanceOverlapped: 0
IsDontTouch: 0
HasImplIP: 0
IsGatedGlobalClock: 0


============================================================
+ Verbose Summary: Schedule
============================================================
* Number of FSM states : 1
* Pipeline : 0
* Dataflow Pipeline: 0

* FSM state transitions: 
1 --> 

* FSM state operations: 

State 1 <SV = 0> <Delay = 2.39>
ST_1 : Operation 2 [1/1] (0.00ns)   --->   "%specinterface_ln0 = specinterface void @_ssdm_op_SpecInterface, i12 %boxColorB_val27_c, void @ap_fifo_str, i32 0, i32 0, void @p_str, i32 0, i32 0, void @p_str, void @p_str, void @p_str, i32 2, i32 2, i32 16, i32 16, void @p_str, void @ScalarProp_str, i32 4294967295, i32 0"   --->   Operation 2 'specinterface' 'specinterface_ln0' <Predicate = true> <Delay = 0.00>
ST_1 : Operation 3 [1/1] (0.00ns)   --->   "%boxColorB_val27_read = read i12 @_ssdm_op_Read.ap_auto.i12, i12 %boxColorB_val27"   --->   Operation 3 'read' 'boxColorB_val27_read' <Predicate = true> <Delay = 0.00>
ST_1 : Operation 4 [1/1] (0.00ns)   --->   "%boxColorG_val26_read = read i12 @_ssdm_op_Read.ap_auto.i12, i12 %boxColorG_val26"   --->   Operation 4 'read' 'boxColorG_val26_read' <Predicate = true> <Delay = 0.00>
ST_1 : Operation 5 [1/1] (0.00ns)   --->   "%boxColorR_val25_read = read i12 @_ssdm_op_Read.ap_auto.i12, i12 %boxColorR_val25"   --->   Operation 5 'read' 'boxColorR_val25_read' <Predicate = true> <Delay = 0.00>
ST_1 : Operation 6 [1/1] (0.00ns)   --->   "%boxSize_val24_read = read i16 @_ssdm_op_Read.ap_auto.i16, i16 %boxSize_val24"   --->   Operation 6 'read' 'boxSize_val24_read' <Predicate = true> <Delay = 0.00>
ST_1 : Operation 7 [1/1] (0.00ns)   --->   "%crossHairY_val19_read = read i16 @_ssdm_op_Read.ap_auto.i16, i16 %crossHairY_val19"   --->   Operation 7 'read' 'crossHairY_val19_read' <Predicate = true> <Delay = 0.00>
ST_1 : Operation 8 [1/1] (0.00ns)   --->   "%crossHairX_val18_read = read i16 @_ssdm_op_Read.ap_auto.i16, i16 %crossHairX_val18"   --->   Operation 8 'read' 'crossHairX_val18_read' <Predicate = true> <Delay = 0.00>
ST_1 : Operation 9 [1/1] (0.00ns)   --->   "%maskId_val12_read = read i8 @_ssdm_op_Read.ap_auto.i8, i8 %maskId_val12"   --->   Operation 9 'read' 'maskId_val12_read' <Predicate = true> <Delay = 0.00>
ST_1 : Operation 10 [1/1] (0.00ns)   --->   "%ovrlayId_val11_read = read i8 @_ssdm_op_Read.ap_auto.i8, i8 %ovrlayId_val11"   --->   Operation 10 'read' 'ovrlayId_val11_read' <Predicate = true> <Delay = 0.00>
ST_1 : Operation 11 [1/1] (0.00ns)   --->   "%fid_in_val9_read = read i1 @_ssdm_op_Read.ap_auto.i1, i1 %fid_in_val9"   --->   Operation 11 'read' 'fid_in_val9_read' <Predicate = true> <Delay = 0.00>
ST_1 : Operation 12 [1/1] (0.00ns)   --->   "%field_id_val8_read = read i16 @_ssdm_op_Read.ap_auto.i16, i16 %field_id_val8"   --->   Operation 12 'read' 'field_id_val8_read' <Predicate = true> <Delay = 0.00>
ST_1 : Operation 13 [1/1] (2.39ns)   --->   "%write_ln0 = write void @_ssdm_op_Write.ap_fifo.i12P0A, i12 %boxColorB_val27_c, i12 %boxColorB_val27_read"   --->   Operation 13 'write' 'write_ln0' <Predicate = true> <Delay = 2.39> <CoreInst = "FIFO_SRL">   --->   Core 81 'FIFO_SRL' <Latency = 0> <II = 1> <Delay = 2.39> <Storage> <Opcode : 'read' 'write' 'nbread' 'nbwrite'> <Ports = 0> <Width = 12> <Depth = 3> <FIFO>
ST_1 : Operation 14 [1/1] (0.00ns)   --->   "%specinterface_ln0 = specinterface void @_ssdm_op_SpecInterface, i12 %boxColorG_val26_c, void @ap_fifo_str, i32 0, i32 0, void @p_str, i32 0, i32 0, void @p_str, void @p_str, void @p_str, i32 2, i32 2, i32 16, i32 16, void @p_str, void @ScalarProp_str, i32 4294967295, i32 0"   --->   Operation 14 'specinterface' 'specinterface_ln0' <Predicate = true> <Delay = 0.00>
ST_1 : Operation 15 [1/1] (2.39ns)   --->   "%write_ln0 = write void @_ssdm_op_Write.ap_fifo.i12P0A, i12 %boxColorG_val26_c, i12 %boxColorG_val26_read"   --->   Operation 15 'write' 'write_ln0' <Predicate = true> <Delay = 2.39> <CoreInst = "FIFO_SRL">   --->   Core 81 'FIFO_SRL' <Latency = 0> <II = 1> <Delay = 2.39> <Storage> <Opcode : 'read' 'write' 'nbread' 'nbwrite'> <Ports = 0> <Width = 12> <Depth = 3> <FIFO>
ST_1 : Operation 16 [1/1] (0.00ns)   --->   "%specinterface_ln0 = specinterface void @_ssdm_op_SpecInterface, i12 %boxColorR_val25_c, void @ap_fifo_str, i32 0, i32 0, void @p_str, i32 0, i32 0, void @p_str, void @p_str, void @p_str, i32 2, i32 2, i32 16, i32 16, void @p_str, void @ScalarProp_str, i32 4294967295, i32 0"   --->   Operation 16 'specinterface' 'specinterface_ln0' <Predicate = true> <Delay = 0.00>
ST_1 : Operation 17 [1/1] (2.39ns)   --->   "%write_ln0 = write void @_ssdm_op_Write.ap_fifo.i12P0A, i12 %boxColorR_val25_c, i12 %boxColorR_val25_read"   --->   Operation 17 'write' 'write_ln0' <Predicate = true> <Delay = 2.39> <CoreInst = "FIFO_SRL">   --->   Core 81 'FIFO_SRL' <Latency = 0> <II = 1> <Delay = 2.39> <Storage> <Opcode : 'read' 'write' 'nbread' 'nbwrite'> <Ports = 0> <Width = 12> <Depth = 3> <FIFO>
ST_1 : Operation 18 [1/1] (0.00ns)   --->   "%specinterface_ln0 = specinterface void @_ssdm_op_SpecInterface, i16 %boxSize_val24_c, void @ap_fifo_str, i32 0, i32 0, void @p_str, i32 0, i32 0, void @p_str, void @p_str, void @p_str, i32 2, i32 2, i32 16, i32 16, void @p_str, void @ScalarProp_str, i32 4294967295, i32 0"   --->   Operation 18 'specinterface' 'specinterface_ln0' <Predicate = true> <Delay = 0.00>
ST_1 : Operation 19 [1/1] (2.39ns)   --->   "%write_ln0 = write void @_ssdm_op_Write.ap_fifo.i16P0A, i16 %boxSize_val24_c, i16 %boxSize_val24_read"   --->   Operation 19 'write' 'write_ln0' <Predicate = true> <Delay = 2.39> <CoreInst = "FIFO_SRL">   --->   Core 81 'FIFO_SRL' <Latency = 0> <II = 1> <Delay = 2.39> <Storage> <Opcode : 'read' 'write' 'nbread' 'nbwrite'> <Ports = 0> <Width = 16> <Depth = 3> <FIFO>
ST_1 : Operation 20 [1/1] (0.00ns)   --->   "%specinterface_ln0 = specinterface void @_ssdm_op_SpecInterface, i16 %crossHairY_val19_c, void @ap_fifo_str, i32 0, i32 0, void @p_str, i32 0, i32 0, void @p_str, void @p_str, void @p_str, i32 2, i32 2, i32 16, i32 16, void @p_str, void @ScalarProp_str, i32 4294967295, i32 0"   --->   Operation 20 'specinterface' 'specinterface_ln0' <Predicate = true> <Delay = 0.00>
ST_1 : Operation 21 [1/1] (2.39ns)   --->   "%write_ln0 = write void @_ssdm_op_Write.ap_fifo.i16P0A, i16 %crossHairY_val19_c, i16 %crossHairY_val19_read"   --->   Operation 21 'write' 'write_ln0' <Predicate = true> <Delay = 2.39> <CoreInst = "FIFO_SRL">   --->   Core 81 'FIFO_SRL' <Latency = 0> <II = 1> <Delay = 2.39> <Storage> <Opcode : 'read' 'write' 'nbread' 'nbwrite'> <Ports = 0> <Width = 16> <Depth = 3> <FIFO>
ST_1 : Operation 22 [1/1] (0.00ns)   --->   "%specinterface_ln0 = specinterface void @_ssdm_op_SpecInterface, i16 %crossHairX_val18_c, void @ap_fifo_str, i32 0, i32 0, void @p_str, i32 0, i32 0, void @p_str, void @p_str, void @p_str, i32 2, i32 2, i32 16, i32 16, void @p_str, void @ScalarProp_str, i32 4294967295, i32 0"   --->   Operation 22 'specinterface' 'specinterface_ln0' <Predicate = true> <Delay = 0.00>
ST_1 : Operation 23 [1/1] (2.39ns)   --->   "%write_ln0 = write void @_ssdm_op_Write.ap_fifo.i16P0A, i16 %crossHairX_val18_c, i16 %crossHairX_val18_read"   --->   Operation 23 'write' 'write_ln0' <Predicate = true> <Delay = 2.39> <CoreInst = "FIFO_SRL">   --->   Core 81 'FIFO_SRL' <Latency = 0> <II = 1> <Delay = 2.39> <Storage> <Opcode : 'read' 'write' 'nbread' 'nbwrite'> <Ports = 0> <Width = 16> <Depth = 3> <FIFO>
ST_1 : Operation 24 [1/1] (0.00ns)   --->   "%specinterface_ln0 = specinterface void @_ssdm_op_SpecInterface, i8 %maskId_val12_c, void @ap_fifo_str, i32 0, i32 0, void @p_str, i32 0, i32 0, void @p_str, void @p_str, void @p_str, i32 2, i32 2, i32 16, i32 16, void @p_str, void @ScalarProp_str, i32 4294967295, i32 0"   --->   Operation 24 'specinterface' 'specinterface_ln0' <Predicate = true> <Delay = 0.00>
ST_1 : Operation 25 [1/1] (2.39ns)   --->   "%write_ln0 = write void @_ssdm_op_Write.ap_fifo.i8P0A, i8 %maskId_val12_c, i8 %maskId_val12_read"   --->   Operation 25 'write' 'write_ln0' <Predicate = true> <Delay = 2.39> <CoreInst = "FIFO_SRL">   --->   Core 81 'FIFO_SRL' <Latency = 0> <II = 1> <Delay = 2.39> <Storage> <Opcode : 'read' 'write' 'nbread' 'nbwrite'> <Ports = 0> <Width = 8> <Depth = 3> <FIFO>
ST_1 : Operation 26 [1/1] (0.00ns)   --->   "%specinterface_ln0 = specinterface void @_ssdm_op_SpecInterface, i8 %ovrlayId_val11_c, void @ap_fifo_str, i32 0, i32 0, void @p_str, i32 0, i32 0, void @p_str, void @p_str, void @p_str, i32 2, i32 2, i32 16, i32 16, void @p_str, void @ScalarProp_str, i32 4294967295, i32 0"   --->   Operation 26 'specinterface' 'specinterface_ln0' <Predicate = true> <Delay = 0.00>
ST_1 : Operation 27 [1/1] (2.39ns)   --->   "%write_ln0 = write void @_ssdm_op_Write.ap_fifo.i8P0A, i8 %ovrlayId_val11_c, i8 %ovrlayId_val11_read"   --->   Operation 27 'write' 'write_ln0' <Predicate = true> <Delay = 2.39> <CoreInst = "FIFO_SRL">   --->   Core 81 'FIFO_SRL' <Latency = 0> <II = 1> <Delay = 2.39> <Storage> <Opcode : 'read' 'write' 'nbread' 'nbwrite'> <Ports = 0> <Width = 8> <Depth = 3> <FIFO>
ST_1 : Operation 28 [1/1] (0.00ns)   --->   "%specinterface_ln0 = specinterface void @_ssdm_op_SpecInterface, i1 %fid_in_val9_c, void @ap_fifo_str, i32 0, i32 0, void @p_str, i32 0, i32 0, void @p_str, void @p_str, void @p_str, i32 2, i32 2, i32 16, i32 16, void @p_str, void @ScalarProp_str, i32 4294967295, i32 0"   --->   Operation 28 'specinterface' 'specinterface_ln0' <Predicate = true> <Delay = 0.00>
ST_1 : Operation 29 [1/1] (2.39ns)   --->   "%write_ln0 = write void @_ssdm_op_Write.ap_fifo.i1P0A, i1 %fid_in_val9_c, i1 %fid_in_val9_read"   --->   Operation 29 'write' 'write_ln0' <Predicate = true> <Delay = 2.39> <CoreInst = "FIFO_SRL">   --->   Core 81 'FIFO_SRL' <Latency = 0> <II = 1> <Delay = 2.39> <Storage> <Opcode : 'read' 'write' 'nbread' 'nbwrite'> <Ports = 0> <Width = 1> <Depth = 4> <FIFO>
ST_1 : Operation 30 [1/1] (0.00ns)   --->   "%specinterface_ln0 = specinterface void @_ssdm_op_SpecInterface, i16 %field_id_val8_c, void @ap_fifo_str, i32 0, i32 0, void @p_str, i32 0, i32 0, void @p_str, void @p_str, void @p_str, i32 2, i32 2, i32 16, i32 16, void @p_str, void @ScalarProp_str, i32 4294967295, i32 0"   --->   Operation 30 'specinterface' 'specinterface_ln0' <Predicate = true> <Delay = 0.00>
ST_1 : Operation 31 [1/1] (2.39ns)   --->   "%write_ln0 = write void @_ssdm_op_Write.ap_fifo.i16P0A, i16 %field_id_val8_c, i16 %field_id_val8_read"   --->   Operation 31 'write' 'write_ln0' <Predicate = true> <Delay = 2.39> <CoreInst = "FIFO_SRL">   --->   Core 81 'FIFO_SRL' <Latency = 0> <II = 1> <Delay = 2.39> <Storage> <Opcode : 'read' 'write' 'nbread' 'nbwrite'> <Ports = 0> <Width = 16> <Depth = 4> <FIFO>
ST_1 : Operation 32 [1/1] (0.00ns)   --->   "%ret_ln0 = ret"   --->   Operation 32 'ret' 'ret_ln0' <Predicate = true> <Delay = 0.00>


============================================================
+ Verbose Summary: Binding
============================================================
STG Binding: 
---------------- STG Properties BEGIN ----------------
- Is combinational: 0
- Is one-state seq: 1
- Is datapath-only: 0
- Is pipelined: 0
- Is top level: 0
Port [ Return ] is wired: 1; IO mode=ap_ctrl_hs:ce=0
Port [ field_id_val8]:  wired=1; compound=0; hidden=0; nouse=0; global=0; static=0; extern=0; dir=0; type=0; pingpong=0; private_global=0; IO mode=ap_none:ce=0
Port [ field_id_val8_c]:  wired=1; compound=1; hidden=0; nouse=0; global=0; static=0; extern=0; dir=1; type=3; pingpong=0; private_global=0; IO mode=ap_fifo:ce=0
Port [ fid_in_val9]:  wired=1; compound=0; hidden=0; nouse=0; global=0; static=0; extern=0; dir=0; type=0; pingpong=0; private_global=0; IO mode=ap_stable:ce=0
Port [ fid_in_val9_c]:  wired=1; compound=1; hidden=0; nouse=0; global=0; static=0; extern=0; dir=1; type=3; pingpong=0; private_global=0; IO mode=ap_fifo:ce=0
Port [ ovrlayId_val11]:  wired=1; compound=0; hidden=0; nouse=0; global=0; static=0; extern=0; dir=0; type=0; pingpong=0; private_global=0; IO mode=ap_none:ce=0
Port [ ovrlayId_val11_c]:  wired=1; compound=1; hidden=0; nouse=0; global=0; static=0; extern=0; dir=1; type=3; pingpong=0; private_global=0; IO mode=ap_fifo:ce=0
Port [ maskId_val12]:  wired=1; compound=0; hidden=0; nouse=0; global=0; static=0; extern=0; dir=0; type=0; pingpong=0; private_global=0; IO mode=ap_none:ce=0
Port [ maskId_val12_c]:  wired=1; compound=1; hidden=0; nouse=0; global=0; static=0; extern=0; dir=1; type=3; pingpong=0; private_global=0; IO mode=ap_fifo:ce=0
Port [ crossHairX_val18]:  wired=1; compound=0; hidden=0; nouse=0; global=0; static=0; extern=0; dir=0; type=0; pingpong=0; private_global=0; IO mode=ap_none:ce=0
Port [ crossHairX_val18_c]:  wired=1; compound=1; hidden=0; nouse=0; global=0; static=0; extern=0; dir=1; type=3; pingpong=0; private_global=0; IO mode=ap_fifo:ce=0
Port [ crossHairY_val19]:  wired=1; compound=0; hidden=0; nouse=0; global=0; static=0; extern=0; dir=0; type=0; pingpong=0; private_global=0; IO mode=ap_none:ce=0
Port [ crossHairY_val19_c]:  wired=1; compound=1; hidden=0; nouse=0; global=0; static=0; extern=0; dir=1; type=3; pingpong=0; private_global=0; IO mode=ap_fifo:ce=0
Port [ boxSize_val24]:  wired=1; compound=0; hidden=0; nouse=0; global=0; static=0; extern=0; dir=0; type=0; pingpong=0; private_global=0; IO mode=ap_none:ce=0
Port [ boxSize_val24_c]:  wired=1; compound=1; hidden=0; nouse=0; global=0; static=0; extern=0; dir=1; type=3; pingpong=0; private_global=0; IO mode=ap_fifo:ce=0
Port [ boxColorR_val25]:  wired=1; compound=0; hidden=0; nouse=0; global=0; static=0; extern=0; dir=0; type=0; pingpong=0; private_global=0; IO mode=ap_none:ce=0
Port [ boxColorR_val25_c]:  wired=1; compound=1; hidden=0; nouse=0; global=0; static=0; extern=0; dir=1; type=3; pingpong=0; private_global=0; IO mode=ap_fifo:ce=0
Port [ boxColorG_val26]:  wired=1; compound=0; hidden=0; nouse=0; global=0; static=0; extern=0; dir=0; type=0; pingpong=0; private_global=0; IO mode=ap_none:ce=0
Port [ boxColorG_val26_c]:  wired=1; compound=1; hidden=0; nouse=0; global=0; static=0; extern=0; dir=1; type=3; pingpong=0; private_global=0; IO mode=ap_fifo:ce=0
Port [ boxColorB_val27]:  wired=1; compound=0; hidden=0; nouse=0; global=0; static=0; extern=0; dir=0; type=0; pingpong=0; private_global=0; IO mode=ap_none:ce=0
Port [ boxColorB_val27_c]:  wired=1; compound=1; hidden=0; nouse=0; global=0; static=0; extern=0; dir=1; type=3; pingpong=0; private_global=0; IO mode=ap_fifo:ce=0
---------------- STG Properties END ------------------

---------------- Datapath Model BEGIN ----------------

<LifeTime>
<method=bitvector/>
specinterface_ln0     (specinterface) [ 00]
boxColorB_val27_read  (read         ) [ 00]
boxColorG_val26_read  (read         ) [ 00]
boxColorR_val25_read  (read         ) [ 00]
boxSize_val24_read    (read         ) [ 00]
crossHairY_val19_read (read         ) [ 00]
crossHairX_val18_read (read         ) [ 00]
maskId_val12_read     (read         ) [ 00]
ovrlayId_val11_read   (read         ) [ 00]
fid_in_val9_read      (read         ) [ 00]
field_id_val8_read    (read         ) [ 00]
write_ln0             (write        ) [ 00]
specinterface_ln0     (specinterface) [ 00]
write_ln0             (write        ) [ 00]
specinterface_ln0     (specinterface) [ 00]
write_ln0             (write        ) [ 00]
specinterface_ln0     (specinterface) [ 00]
write_ln0             (write        ) [ 00]
specinterface_ln0     (specinterface) [ 00]
write_ln0             (write        ) [ 00]
specinterface_ln0     (specinterface) [ 00]
write_ln0             (write        ) [ 00]
specinterface_ln0     (specinterface) [ 00]
write_ln0             (write        ) [ 00]
specinterface_ln0     (specinterface) [ 00]
write_ln0             (write        ) [ 00]
specinterface_ln0     (specinterface) [ 00]
write_ln0             (write        ) [ 00]
specinterface_ln0     (specinterface) [ 00]
write_ln0             (write        ) [ 00]
ret_ln0               (ret          ) [ 00]
</LifeTime>

<model>

<comp_list>
<comp id="0" class="1000" name="field_id_val8">
<pin_list>
<pin id="1" dir="1" index="0" bw="1" slack="0"/>
</pin_list>
<bind>
<StgValue><ssdm name="field_id_val8"/></StgValue>
</bind>
</comp>

<comp id="2" class="1000" name="field_id_val8_c">
<pin_list>
<pin id="3" dir="1" index="0" bw="1" slack="0"/>
</pin_list>
<bind>
<StgValue><ssdm name="field_id_val8_c"/></StgValue>
</bind>
</comp>

<comp id="4" class="1000" name="fid_in_val9">
<pin_list>
<pin id="5" dir="1" index="0" bw="1" slack="0"/>
</pin_list>
<bind>
<StgValue><ssdm name="fid_in_val9"/></StgValue>
</bind>
</comp>

<comp id="6" class="1000" name="fid_in_val9_c">
<pin_list>
<pin id="7" dir="1" index="0" bw="1" slack="0"/>
</pin_list>
<bind>
<StgValue><ssdm name="fid_in_val9_c"/></StgValue>
</bind>
</comp>

<comp id="8" class="1000" name="ovrlayId_val11">
<pin_list>
<pin id="9" dir="1" index="0" bw="1" slack="0"/>
</pin_list>
<bind>
<StgValue><ssdm name="ovrlayId_val11"/></StgValue>
</bind>
</comp>

<comp id="10" class="1000" name="ovrlayId_val11_c">
<pin_list>
<pin id="11" dir="1" index="0" bw="1" slack="0"/>
</pin_list>
<bind>
<StgValue><ssdm name="ovrlayId_val11_c"/></StgValue>
</bind>
</comp>

<comp id="12" class="1000" name="maskId_val12">
<pin_list>
<pin id="13" dir="1" index="0" bw="1" slack="0"/>
</pin_list>
<bind>
<StgValue><ssdm name="maskId_val12"/></StgValue>
</bind>
</comp>

<comp id="14" class="1000" name="maskId_val12_c">
<pin_list>
<pin id="15" dir="1" index="0" bw="1" slack="0"/>
</pin_list>
<bind>
<StgValue><ssdm name="maskId_val12_c"/></StgValue>
</bind>
</comp>

<comp id="16" class="1000" name="crossHairX_val18">
<pin_list>
<pin id="17" dir="1" index="0" bw="1" slack="0"/>
</pin_list>
<bind>
<StgValue><ssdm name="crossHairX_val18"/></StgValue>
</bind>
</comp>

<comp id="18" class="1000" name="crossHairX_val18_c">
<pin_list>
<pin id="19" dir="1" index="0" bw="1" slack="0"/>
</pin_list>
<bind>
<StgValue><ssdm name="crossHairX_val18_c"/></StgValue>
</bind>
</comp>

<comp id="20" class="1000" name="crossHairY_val19">
<pin_list>
<pin id="21" dir="1" index="0" bw="1" slack="0"/>
</pin_list>
<bind>
<StgValue><ssdm name="crossHairY_val19"/></StgValue>
</bind>
</comp>

<comp id="22" class="1000" name="crossHairY_val19_c">
<pin_list>
<pin id="23" dir="1" index="0" bw="1" slack="0"/>
</pin_list>
<bind>
<StgValue><ssdm name="crossHairY_val19_c"/></StgValue>
</bind>
</comp>

<comp id="24" class="1000" name="boxSize_val24">
<pin_list>
<pin id="25" dir="1" index="0" bw="1" slack="0"/>
</pin_list>
<bind>
<StgValue><ssdm name="boxSize_val24"/></StgValue>
</bind>
</comp>

<comp id="26" class="1000" name="boxSize_val24_c">
<pin_list>
<pin id="27" dir="1" index="0" bw="1" slack="0"/>
</pin_list>
<bind>
<StgValue><ssdm name="boxSize_val24_c"/></StgValue>
</bind>
</comp>

<comp id="28" class="1000" name="boxColorR_val25">
<pin_list>
<pin id="29" dir="1" index="0" bw="1" slack="0"/>
</pin_list>
<bind>
<StgValue><ssdm name="boxColorR_val25"/></StgValue>
</bind>
</comp>

<comp id="30" class="1000" name="boxColorR_val25_c">
<pin_list>
<pin id="31" dir="1" index="0" bw="1" slack="0"/>
</pin_list>
<bind>
<StgValue><ssdm name="boxColorR_val25_c"/></StgValue>
</bind>
</comp>

<comp id="32" class="1000" name="boxColorG_val26">
<pin_list>
<pin id="33" dir="1" index="0" bw="1" slack="0"/>
</pin_list>
<bind>
<StgValue><ssdm name="boxColorG_val26"/></StgValue>
</bind>
</comp>

<comp id="34" class="1000" name="boxColorG_val26_c">
<pin_list>
<pin id="35" dir="1" index="0" bw="1" slack="0"/>
</pin_list>
<bind>
<StgValue><ssdm name="boxColorG_val26_c"/></StgValue>
</bind>
</comp>

<comp id="36" class="1000" name="boxColorB_val27">
<pin_list>
<pin id="37" dir="1" index="0" bw="1" slack="0"/>
</pin_list>
<bind>
<StgValue><ssdm name="boxColorB_val27"/></StgValue>
</bind>
</comp>

<comp id="38" class="1000" name="boxColorB_val27_c">
<pin_list>
<pin id="39" dir="1" index="0" bw="1" slack="0"/>
</pin_list>
<bind>
<StgValue><ssdm name="boxColorB_val27_c"/></StgValue>
</bind>
</comp>

<comp id="40" class="1001" name="const_40">
<pin_list>
<pin id="41" dir="1" index="0" bw="1" slack="2147483647"/>
</pin_list>
<bind>
<StgValue><ssdm name="_ssdm_op_SpecInterface"/></StgValue>
</bind>
</comp>

<comp id="42" class="1001" name="const_42">
<pin_list>
<pin id="43" dir="1" index="0" bw="1" slack="2147483647"/>
</pin_list>
<bind>
<StgValue><ssdm name="ap_fifo_str"/></StgValue>
</bind>
</comp>

<comp id="44" class="1001" name="const_44">
<pin_list>
<pin id="45" dir="1" index="0" bw="1" slack="2147483647"/>
</pin_list>
<bind>
<StgValue><ssdm name=""/></StgValue>
</bind>
</comp>

<comp id="46" class="1001" name="const_46">
<pin_list>
<pin id="47" dir="1" index="0" bw="1" slack="2147483647"/>
</pin_list>
<bind>
<StgValue><ssdm name="p_str"/></StgValue>
</bind>
</comp>

<comp id="48" class="1001" name="const_48">
<pin_list>
<pin id="49" dir="1" index="0" bw="1" slack="2147483647"/>
</pin_list>
<bind>
<StgValue><ssdm name=""/></StgValue>
</bind>
</comp>

<comp id="50" class="1001" name="const_50">
<pin_list>
<pin id="51" dir="1" index="0" bw="1" slack="2147483647"/>
</pin_list>
<bind>
<StgValue><ssdm name=""/></StgValue>
</bind>
</comp>

<comp id="52" class="1001" name="const_52">
<pin_list>
<pin id="53" dir="1" index="0" bw="1" slack="2147483647"/>
</pin_list>
<bind>
<StgValue><ssdm name="ScalarProp_str"/></StgValue>
</bind>
</comp>

<comp id="54" class="1001" name="const_54">
<pin_list>
<pin id="55" dir="1" index="0" bw="1" slack="2147483647"/>
</pin_list>
<bind>
<StgValue><ssdm name=""/></StgValue>
</bind>
</comp>

<comp id="56" class="1001" name="const_56">
<pin_list>
<pin id="57" dir="1" index="0" bw="1" slack="0"/>
</pin_list>
<bind>
<StgValue><ssdm name="_ssdm_op_Read.ap_auto.i12"/></StgValue>
</bind>
</comp>

<comp id="58" class="1001" name="const_58">
<pin_list>
<pin id="59" dir="1" index="0" bw="1" slack="0"/>
</pin_list>
<bind>
<StgValue><ssdm name="_ssdm_op_Read.ap_auto.i16"/></StgValue>
</bind>
</comp>

<comp id="60" class="1001" name="const_60">
<pin_list>
<pin id="61" dir="1" index="0" bw="1" slack="0"/>
</pin_list>
<bind>
<StgValue><ssdm name="_ssdm_op_Read.ap_auto.i8"/></StgValue>
</bind>
</comp>

<comp id="62" class="1001" name="const_62">
<pin_list>
<pin id="63" dir="1" index="0" bw="1" slack="0"/>
</pin_list>
<bind>
<StgValue><ssdm name="_ssdm_op_Read.ap_auto.i1"/></StgValue>
</bind>
</comp>

<comp id="64" class="1001" name="const_64">
<pin_list>
<pin id="65" dir="1" index="0" bw="1" slack="0"/>
</pin_list>
<bind>
<StgValue><ssdm name="_ssdm_op_Write.ap_fifo.i12P0A"/></StgValue>
</bind>
</comp>

<comp id="66" class="1001" name="const_66">
<pin_list>
<pin id="67" dir="1" index="0" bw="1" slack="0"/>
</pin_list>
<bind>
<StgValue><ssdm name="_ssdm_op_Write.ap_fifo.i16P0A"/></StgValue>
</bind>
</comp>

<comp id="68" class="1001" name="const_68">
<pin_list>
<pin id="69" dir="1" index="0" bw="1" slack="0"/>
</pin_list>
<bind>
<StgValue><ssdm name="_ssdm_op_Write.ap_fifo.i8P0A"/></StgValue>
</bind>
</comp>

<comp id="70" class="1001" name="const_70">
<pin_list>
<pin id="71" dir="1" index="0" bw="1" slack="0"/>
</pin_list>
<bind>
<StgValue><ssdm name="_ssdm_op_Write.ap_fifo.i1P0A"/></StgValue>
</bind>
</comp>

<comp id="72" class="1004" name="boxColorB_val27_read_read_fu_72">
<pin_list>
<pin id="73" dir="0" index="0" bw="12" slack="0"/>
<pin id="74" dir="0" index="1" bw="12" slack="0"/>
<pin id="75" dir="1" index="2" bw="12" slack="0"/>
</pin_list>
<bind>
<opcode="read(1150) " fcode="read"/>
<opset="boxColorB_val27_read/1 "/>
</bind>
</comp>

<comp id="78" class="1004" name="boxColorG_val26_read_read_fu_78">
<pin_list>
<pin id="79" dir="0" index="0" bw="12" slack="0"/>
<pin id="80" dir="0" index="1" bw="12" slack="0"/>
<pin id="81" dir="1" index="2" bw="12" slack="0"/>
</pin_list>
<bind>
<opcode="read(1150) " fcode="read"/>
<opset="boxColorG_val26_read/1 "/>
</bind>
</comp>

<comp id="84" class="1004" name="boxColorR_val25_read_read_fu_84">
<pin_list>
<pin id="85" dir="0" index="0" bw="12" slack="0"/>
<pin id="86" dir="0" index="1" bw="12" slack="0"/>
<pin id="87" dir="1" index="2" bw="12" slack="0"/>
</pin_list>
<bind>
<opcode="read(1150) " fcode="read"/>
<opset="boxColorR_val25_read/1 "/>
</bind>
</comp>

<comp id="90" class="1004" name="boxSize_val24_read_read_fu_90">
<pin_list>
<pin id="91" dir="0" index="0" bw="16" slack="0"/>
<pin id="92" dir="0" index="1" bw="16" slack="0"/>
<pin id="93" dir="1" index="2" bw="16" slack="0"/>
</pin_list>
<bind>
<opcode="read(1150) " fcode="read"/>
<opset="boxSize_val24_read/1 "/>
</bind>
</comp>

<comp id="96" class="1004" name="crossHairY_val19_read_read_fu_96">
<pin_list>
<pin id="97" dir="0" index="0" bw="16" slack="0"/>
<pin id="98" dir="0" index="1" bw="16" slack="0"/>
<pin id="99" dir="1" index="2" bw="16" slack="0"/>
</pin_list>
<bind>
<opcode="read(1150) " fcode="read"/>
<opset="crossHairY_val19_read/1 "/>
</bind>
</comp>

<comp id="102" class="1004" name="crossHairX_val18_read_read_fu_102">
<pin_list>
<pin id="103" dir="0" index="0" bw="16" slack="0"/>
<pin id="104" dir="0" index="1" bw="16" slack="0"/>
<pin id="105" dir="1" index="2" bw="16" slack="0"/>
</pin_list>
<bind>
<opcode="read(1150) " fcode="read"/>
<opset="crossHairX_val18_read/1 "/>
</bind>
</comp>

<comp id="108" class="1004" name="maskId_val12_read_read_fu_108">
<pin_list>
<pin id="109" dir="0" index="0" bw="8" slack="0"/>
<pin id="110" dir="0" index="1" bw="8" slack="0"/>
<pin id="111" dir="1" index="2" bw="8" slack="0"/>
</pin_list>
<bind>
<opcode="read(1150) " fcode="read"/>
<opset="maskId_val12_read/1 "/>
</bind>
</comp>

<comp id="114" class="1004" name="ovrlayId_val11_read_read_fu_114">
<pin_list>
<pin id="115" dir="0" index="0" bw="8" slack="0"/>
<pin id="116" dir="0" index="1" bw="8" slack="0"/>
<pin id="117" dir="1" index="2" bw="8" slack="0"/>
</pin_list>
<bind>
<opcode="read(1150) " fcode="read"/>
<opset="ovrlayId_val11_read/1 "/>
</bind>
</comp>

<comp id="120" class="1004" name="fid_in_val9_read_read_fu_120">
<pin_list>
<pin id="121" dir="0" index="0" bw="1" slack="0"/>
<pin id="122" dir="0" index="1" bw="1" slack="0"/>
<pin id="123" dir="1" index="2" bw="1" slack="0"/>
</pin_list>
<bind>
<opcode="read(1150) " fcode="read"/>
<opset="fid_in_val9_read/1 "/>
</bind>
</comp>

<comp id="126" class="1004" name="field_id_val8_read_read_fu_126">
<pin_list>
<pin id="127" dir="0" index="0" bw="16" slack="0"/>
<pin id="128" dir="0" index="1" bw="16" slack="0"/>
<pin id="129" dir="1" index="2" bw="16" slack="0"/>
</pin_list>
<bind>
<opcode="read(1150) " fcode="read"/>
<opset="field_id_val8_read/1 "/>
</bind>
</comp>

<comp id="132" class="1004" name="write_ln0_write_fu_132">
<pin_list>
<pin id="133" dir="0" index="0" bw="0" slack="0"/>
<pin id="134" dir="0" index="1" bw="12" slack="0"/>
<pin id="135" dir="0" index="2" bw="12" slack="0"/>
<pin id="136" dir="1" index="3" bw="0" slack="2147483647"/>
</pin_list>
<bind>
<opcode="write(1151) " fcode="write"/>
<opset="write_ln0/1 "/>
</bind>
</comp>

<comp id="140" class="1004" name="write_ln0_write_fu_140">
<pin_list>
<pin id="141" dir="0" index="0" bw="0" slack="0"/>
<pin id="142" dir="0" index="1" bw="12" slack="0"/>
<pin id="143" dir="0" index="2" bw="12" slack="0"/>
<pin id="144" dir="1" index="3" bw="0" slack="2147483647"/>
</pin_list>
<bind>
<opcode="write(1151) " fcode="write"/>
<opset="write_ln0/1 "/>
</bind>
</comp>

<comp id="148" class="1004" name="write_ln0_write_fu_148">
<pin_list>
<pin id="149" dir="0" index="0" bw="0" slack="0"/>
<pin id="150" dir="0" index="1" bw="12" slack="0"/>
<pin id="151" dir="0" index="2" bw="12" slack="0"/>
<pin id="152" dir="1" index="3" bw="0" slack="2147483647"/>
</pin_list>
<bind>
<opcode="write(1151) " fcode="write"/>
<opset="write_ln0/1 "/>
</bind>
</comp>

<comp id="156" class="1004" name="write_ln0_write_fu_156">
<pin_list>
<pin id="157" dir="0" index="0" bw="0" slack="0"/>
<pin id="158" dir="0" index="1" bw="16" slack="0"/>
<pin id="159" dir="0" index="2" bw="16" slack="0"/>
<pin id="160" dir="1" index="3" bw="0" slack="2147483647"/>
</pin_list>
<bind>
<opcode="write(1151) " fcode="write"/>
<opset="write_ln0/1 "/>
</bind>
</comp>

<comp id="164" class="1004" name="write_ln0_write_fu_164">
<pin_list>
<pin id="165" dir="0" index="0" bw="0" slack="0"/>
<pin id="166" dir="0" index="1" bw="16" slack="0"/>
<pin id="167" dir="0" index="2" bw="16" slack="0"/>
<pin id="168" dir="1" index="3" bw="0" slack="2147483647"/>
</pin_list>
<bind>
<opcode="write(1151) " fcode="write"/>
<opset="write_ln0/1 "/>
</bind>
</comp>

<comp id="172" class="1004" name="write_ln0_write_fu_172">
<pin_list>
<pin id="173" dir="0" index="0" bw="0" slack="0"/>
<pin id="174" dir="0" index="1" bw="16" slack="0"/>
<pin id="175" dir="0" index="2" bw="16" slack="0"/>
<pin id="176" dir="1" index="3" bw="0" slack="2147483647"/>
</pin_list>
<bind>
<opcode="write(1151) " fcode="write"/>
<opset="write_ln0/1 "/>
</bind>
</comp>

<comp id="180" class="1004" name="write_ln0_write_fu_180">
<pin_list>
<pin id="181" dir="0" index="0" bw="0" slack="0"/>
<pin id="182" dir="0" index="1" bw="8" slack="0"/>
<pin id="183" dir="0" index="2" bw="8" slack="0"/>
<pin id="184" dir="1" index="3" bw="0" slack="2147483647"/>
</pin_list>
<bind>
<opcode="write(1151) " fcode="write"/>
<opset="write_ln0/1 "/>
</bind>
</comp>

<comp id="188" class="1004" name="write_ln0_write_fu_188">
<pin_list>
<pin id="189" dir="0" index="0" bw="0" slack="0"/>
<pin id="190" dir="0" index="1" bw="8" slack="0"/>
<pin id="191" dir="0" index="2" bw="8" slack="0"/>
<pin id="192" dir="1" index="3" bw="0" slack="2147483647"/>
</pin_list>
<bind>
<opcode="write(1151) " fcode="write"/>
<opset="write_ln0/1 "/>
</bind>
</comp>

<comp id="196" class="1004" name="write_ln0_write_fu_196">
<pin_list>
<pin id="197" dir="0" index="0" bw="0" slack="0"/>
<pin id="198" dir="0" index="1" bw="1" slack="0"/>
<pin id="199" dir="0" index="2" bw="1" slack="0"/>
<pin id="200" dir="1" index="3" bw="0" slack="2147483647"/>
</pin_list>
<bind>
<opcode="write(1151) " fcode="write"/>
<opset="write_ln0/1 "/>
</bind>
</comp>

<comp id="204" class="1004" name="write_ln0_write_fu_204">
<pin_list>
<pin id="205" dir="0" index="0" bw="0" slack="0"/>
<pin id="206" dir="0" index="1" bw="16" slack="0"/>
<pin id="207" dir="0" index="2" bw="16" slack="0"/>
<pin id="208" dir="1" index="3" bw="0" slack="2147483647"/>
</pin_list>
<bind>
<opcode="write(1151) " fcode="write"/>
<opset="write_ln0/1 "/>
</bind>
</comp>

</comp_list>

<net_list>
<net id="76"><net_src comp="56" pin="0"/><net_sink comp="72" pin=0"/></net>

<net id="77"><net_src comp="36" pin="0"/><net_sink comp="72" pin=1"/></net>

<net id="82"><net_src comp="56" pin="0"/><net_sink comp="78" pin=0"/></net>

<net id="83"><net_src comp="32" pin="0"/><net_sink comp="78" pin=1"/></net>

<net id="88"><net_src comp="56" pin="0"/><net_sink comp="84" pin=0"/></net>

<net id="89"><net_src comp="28" pin="0"/><net_sink comp="84" pin=1"/></net>

<net id="94"><net_src comp="58" pin="0"/><net_sink comp="90" pin=0"/></net>

<net id="95"><net_src comp="24" pin="0"/><net_sink comp="90" pin=1"/></net>

<net id="100"><net_src comp="58" pin="0"/><net_sink comp="96" pin=0"/></net>

<net id="101"><net_src comp="20" pin="0"/><net_sink comp="96" pin=1"/></net>

<net id="106"><net_src comp="58" pin="0"/><net_sink comp="102" pin=0"/></net>

<net id="107"><net_src comp="16" pin="0"/><net_sink comp="102" pin=1"/></net>

<net id="112"><net_src comp="60" pin="0"/><net_sink comp="108" pin=0"/></net>

<net id="113"><net_src comp="12" pin="0"/><net_sink comp="108" pin=1"/></net>

<net id="118"><net_src comp="60" pin="0"/><net_sink comp="114" pin=0"/></net>

<net id="119"><net_src comp="8" pin="0"/><net_sink comp="114" pin=1"/></net>

<net id="124"><net_src comp="62" pin="0"/><net_sink comp="120" pin=0"/></net>

<net id="125"><net_src comp="4" pin="0"/><net_sink comp="120" pin=1"/></net>

<net id="130"><net_src comp="58" pin="0"/><net_sink comp="126" pin=0"/></net>

<net id="131"><net_src comp="0" pin="0"/><net_sink comp="126" pin=1"/></net>

<net id="137"><net_src comp="64" pin="0"/><net_sink comp="132" pin=0"/></net>

<net id="138"><net_src comp="38" pin="0"/><net_sink comp="132" pin=1"/></net>

<net id="139"><net_src comp="72" pin="2"/><net_sink comp="132" pin=2"/></net>

<net id="145"><net_src comp="64" pin="0"/><net_sink comp="140" pin=0"/></net>

<net id="146"><net_src comp="34" pin="0"/><net_sink comp="140" pin=1"/></net>

<net id="147"><net_src comp="78" pin="2"/><net_sink comp="140" pin=2"/></net>

<net id="153"><net_src comp="64" pin="0"/><net_sink comp="148" pin=0"/></net>

<net id="154"><net_src comp="30" pin="0"/><net_sink comp="148" pin=1"/></net>

<net id="155"><net_src comp="84" pin="2"/><net_sink comp="148" pin=2"/></net>

<net id="161"><net_src comp="66" pin="0"/><net_sink comp="156" pin=0"/></net>

<net id="162"><net_src comp="26" pin="0"/><net_sink comp="156" pin=1"/></net>

<net id="163"><net_src comp="90" pin="2"/><net_sink comp="156" pin=2"/></net>

<net id="169"><net_src comp="66" pin="0"/><net_sink comp="164" pin=0"/></net>

<net id="170"><net_src comp="22" pin="0"/><net_sink comp="164" pin=1"/></net>

<net id="171"><net_src comp="96" pin="2"/><net_sink comp="164" pin=2"/></net>

<net id="177"><net_src comp="66" pin="0"/><net_sink comp="172" pin=0"/></net>

<net id="178"><net_src comp="18" pin="0"/><net_sink comp="172" pin=1"/></net>

<net id="179"><net_src comp="102" pin="2"/><net_sink comp="172" pin=2"/></net>

<net id="185"><net_src comp="68" pin="0"/><net_sink comp="180" pin=0"/></net>

<net id="186"><net_src comp="14" pin="0"/><net_sink comp="180" pin=1"/></net>

<net id="187"><net_src comp="108" pin="2"/><net_sink comp="180" pin=2"/></net>

<net id="193"><net_src comp="68" pin="0"/><net_sink comp="188" pin=0"/></net>

<net id="194"><net_src comp="10" pin="0"/><net_sink comp="188" pin=1"/></net>

<net id="195"><net_src comp="114" pin="2"/><net_sink comp="188" pin=2"/></net>

<net id="201"><net_src comp="70" pin="0"/><net_sink comp="196" pin=0"/></net>

<net id="202"><net_src comp="6" pin="0"/><net_sink comp="196" pin=1"/></net>

<net id="203"><net_src comp="120" pin="2"/><net_sink comp="196" pin=2"/></net>

<net id="209"><net_src comp="66" pin="0"/><net_sink comp="204" pin=0"/></net>

<net id="210"><net_src comp="2" pin="0"/><net_sink comp="204" pin=1"/></net>

<net id="211"><net_src comp="126" pin="2"/><net_sink comp="204" pin=2"/></net>

</net_list>

</model> 
---------------- Datapath Model END ------------------

* FSMD analyzer results:
  - Output states:
	Port: field_id_val8_c | {1 }
	Port: fid_in_val9_c | {1 }
	Port: ovrlayId_val11_c | {1 }
	Port: maskId_val12_c | {1 }
	Port: crossHairX_val18_c | {1 }
	Port: crossHairY_val19_c | {1 }
	Port: boxSize_val24_c | {1 }
	Port: boxColorR_val25_c | {1 }
	Port: boxColorG_val26_c | {1 }
	Port: boxColorB_val27_c | {1 }
 - Input state : 
	Port: entry_proc : field_id_val8 | {1 }
	Port: entry_proc : field_id_val8_c | {}
	Port: entry_proc : fid_in_val9 | {1 }
	Port: entry_proc : fid_in_val9_c | {}
	Port: entry_proc : ovrlayId_val11 | {1 }
	Port: entry_proc : ovrlayId_val11_c | {}
	Port: entry_proc : maskId_val12 | {1 }
	Port: entry_proc : maskId_val12_c | {}
	Port: entry_proc : crossHairX_val18 | {1 }
	Port: entry_proc : crossHairX_val18_c | {}
	Port: entry_proc : crossHairY_val19 | {1 }
	Port: entry_proc : crossHairY_val19_c | {}
	Port: entry_proc : boxSize_val24 | {1 }
	Port: entry_proc : boxSize_val24_c | {}
	Port: entry_proc : boxColorR_val25 | {1 }
	Port: entry_proc : boxColorR_val25_c | {}
	Port: entry_proc : boxColorG_val26 | {1 }
	Port: entry_proc : boxColorG_val26_c | {}
	Port: entry_proc : boxColorB_val27 | {1 }
	Port: entry_proc : boxColorB_val27_c | {}
  - Chain level:
	State 1


============================================================
+ Verbose Summary: Datapath Resource usage 
============================================================

* Functional unit list:
|----------|-----------------------------------|
| Operation|          Functional Unit          |
|----------|-----------------------------------|
|          |  boxColorB_val27_read_read_fu_72  |
|          |  boxColorG_val26_read_read_fu_78  |
|          |  boxColorR_val25_read_read_fu_84  |
|          |   boxSize_val24_read_read_fu_90   |
|   read   |  crossHairY_val19_read_read_fu_96 |
|          | crossHairX_val18_read_read_fu_102 |
|          |   maskId_val12_read_read_fu_108   |
|          |  ovrlayId_val11_read_read_fu_114  |
|          |    fid_in_val9_read_read_fu_120   |
|          |   field_id_val8_read_read_fu_126  |
|----------|-----------------------------------|
|          |       write_ln0_write_fu_132      |
|          |       write_ln0_write_fu_140      |
|          |       write_ln0_write_fu_148      |
|          |       write_ln0_write_fu_156      |
|   write  |       write_ln0_write_fu_164      |
|          |       write_ln0_write_fu_172      |
|          |       write_ln0_write_fu_180      |
|          |       write_ln0_write_fu_188      |
|          |       write_ln0_write_fu_196      |
|          |       write_ln0_write_fu_204      |
|----------|-----------------------------------|
|   Total  |                                   |
|----------|-----------------------------------|

Memories:
N/A

* Register list:
N/A

* Multiplexer (MUX) list: 
|--------|------|------|------|--------|
|  Comp  |  Pin | Size |  BW  | S x BW |
|--------|------|------|------|--------|
|  Total |      |      |      |    0   |
|--------|------|------|------|--------|



* Summary:
+-----------+
|           |
+-----------+
|  Function |
|   Memory  |
|Multiplexer|
|  Register |
+-----------+
|   Total   |
+-----------+
