

================================================================
== Vitis HLS Report for 'tpgBackground'
================================================================
* Date:           Mon May  6 14:34:00 2024

* Version:        2023.2 (Build 4023990 on Oct 11 2023)
* Project:        prj
* Solution:       sol (Vivado IP Flow Target)
* Product family: virtex7
* Target device:  xc7vx485t-ffg1761-2


================================================================
== Performance Estimates
================================================================
+ Timing: 
    * Summary: 
    +--------+---------+----------+------------+
    |  Clock |  Target | Estimated| Uncertainty|
    +--------+---------+----------+------------+
    |ap_clk  |  6.74 ns|  4.226 ns|     1.82 ns|
    +--------+---------+----------+------------+

+ Latency: 
    * Summary: 
    +---------+------------+----------+------------+-----+------------+---------+
    |   Latency (cycles)   |   Latency (absolute)  |     Interval     | Pipeline|
    |   min   |     max    |    min   |     max    | min |     max    |   Type  |
    +---------+------------+----------+------------+-----+------------+---------+
    |        1|  4296474601|  6.737 ns|  28.945 sec|    1|  4296474601|       no|
    +---------+------------+----------+------------+-----+------------+---------+

    + Detail: 
        * Instance: 
        N/A

        * Loop: 
        +--------------------+---------+------------+-----------+-----------+-----------+-----------+----------+
        |                    |   Latency (cycles)   | Iteration |  Initiation Interval  |    Trip   |          |
        |      Loop Name     |   min   |     max    |  Latency  |  achieved |   target  |   Count   | Pipelined|
        +--------------------+---------+------------+-----------+-----------+-----------+-----------+----------+
        |- VITIS_LOOP_563_1  |        0|  4296474600|  5 ~ 65560|          -|          -|  0 ~ 65535|        no|
        +--------------------+---------+------------+-----------+-----------+-----------+-----------+----------+

============================================================
+ Verbose Summary: Synthesis Manager
============================================================
InlineROM: 1
ExposeGlobal: 0
============================================================
+ Verbose Summary: CDFG Model
============================================================
IsTopModel: 0
ResetActiveHigh: 1
IsCombinational: 2
IsDatapathOnly: 0
HasWiredReturn: 1
HasMFsm: 0
HasVarLatency: 1
IsPipeline: 0
IsRtlPipelined: 0
IsInstanceOverlapped: 0
IsDontTouch: 0
HasImplIP: 0
IsGatedGlobalClock: 0


============================================================
+ Verbose Summary: Schedule
============================================================
* Number of FSM states : 4
* Pipeline : 0
* Dataflow Pipeline: 0

* FSM state transitions: 
1 --> 2 
2 --> 3 
3 --> 4 
4 --> 2 

* FSM state operations: 

State 1 <SV = 0> <Delay = 2.66>
ST_1 : Operation 5 [1/1] (0.00ns)   --->   "%p_0_0_0_0_0214_lcssa221 = alloca i32 1"   --->   Operation 5 'alloca' 'p_0_0_0_0_0214_lcssa221' <Predicate = true> <Delay = 0.00>
ST_1 : Operation 6 [1/1] (0.00ns)   --->   "%p_0_1_0_0_0216_lcssa224 = alloca i32 1"   --->   Operation 6 'alloca' 'p_0_1_0_0_0216_lcssa224' <Predicate = true> <Delay = 0.00>
ST_1 : Operation 7 [1/1] (0.00ns)   --->   "%p_0_2_0_0_0218_lcssa227 = alloca i32 1"   --->   Operation 7 'alloca' 'p_0_2_0_0_0218_lcssa227' <Predicate = true> <Delay = 0.00>
ST_1 : Operation 8 [1/1] (0.00ns)   --->   "%y = alloca i32 1" [C:/Vulcan/Design_Tool/Board_Demo/VC707/hdmi_output/hdmi_output.runs/design_1_v_tpg_0_0_synth_1/prj/sol/.autopilot/db/v_tpg.cpp:549]   --->   Operation 8 'alloca' 'y' <Predicate = true> <Delay = 0.00>
ST_1 : Operation 9 [1/1] (0.00ns)   --->   "%hBarSel_5_0_loc_0 = alloca i32 1"   --->   Operation 9 'alloca' 'hBarSel_5_0_loc_0' <Predicate = true> <Delay = 0.00>
ST_1 : Operation 10 [1/1] (0.00ns)   --->   "%vBarSel_3_loc_0 = alloca i32 1"   --->   Operation 10 'alloca' 'vBarSel_3_loc_0' <Predicate = true> <Delay = 0.00>
ST_1 : Operation 11 [1/1] (0.00ns)   --->   "%rampVal_2_loc_0 = alloca i32 1"   --->   Operation 11 'alloca' 'rampVal_2_loc_0' <Predicate = true> <Delay = 0.00>
ST_1 : Operation 12 [1/1] (0.00ns)   --->   "%rampVal_2_new_0 = alloca i32 1"   --->   Operation 12 'alloca' 'rampVal_2_new_0' <Predicate = true> <Delay = 0.00>
ST_1 : Operation 13 [1/1] (0.00ns)   --->   "%hBarSel_3_0_loc_0 = alloca i32 1"   --->   Operation 13 'alloca' 'hBarSel_3_0_loc_0' <Predicate = true> <Delay = 0.00>
ST_1 : Operation 14 [1/1] (0.00ns)   --->   "%vBarSel_2_loc_0 = alloca i32 1"   --->   Operation 14 'alloca' 'vBarSel_2_loc_0' <Predicate = true> <Delay = 0.00>
ST_1 : Operation 15 [1/1] (0.00ns)   --->   "%hdata_loc_0 = alloca i32 1"   --->   Operation 15 'alloca' 'hdata_loc_0' <Predicate = true> <Delay = 0.00>
ST_1 : Operation 16 [1/1] (0.00ns)   --->   "%hdata_new_0 = alloca i32 1"   --->   Operation 16 'alloca' 'hdata_new_0' <Predicate = true> <Delay = 0.00>
ST_1 : Operation 17 [1/1] (0.00ns)   --->   "%hBarSel_0_loc_0 = alloca i32 1"   --->   Operation 17 'alloca' 'hBarSel_0_loc_0' <Predicate = true> <Delay = 0.00>
ST_1 : Operation 18 [1/1] (0.00ns)   --->   "%vBarSel_loc_0 = alloca i32 1"   --->   Operation 18 'alloca' 'vBarSel_loc_0' <Predicate = true> <Delay = 0.00>
ST_1 : Operation 19 [1/1] (0.00ns)   --->   "%zonePlateVAddr_loc_0 = alloca i32 1"   --->   Operation 19 'alloca' 'zonePlateVAddr_loc_0' <Predicate = true> <Delay = 0.00>
ST_1 : Operation 20 [1/1] (0.00ns)   --->   "%hBarSel_4_0_loc_0 = alloca i32 1"   --->   Operation 20 'alloca' 'hBarSel_4_0_loc_0' <Predicate = true> <Delay = 0.00>
ST_1 : Operation 21 [1/1] (0.00ns)   --->   "%rampVal_loc_0 = alloca i32 1"   --->   Operation 21 'alloca' 'rampVal_loc_0' <Predicate = true> <Delay = 0.00>
ST_1 : Operation 22 [1/1] (0.00ns)   --->   "%rampVal_3_loc_0 = alloca i32 1"   --->   Operation 22 'alloca' 'rampVal_3_loc_0' <Predicate = true> <Delay = 0.00>
ST_1 : Operation 23 [1/1] (0.00ns)   --->   "%rampVal_3_new_0 = alloca i32 1"   --->   Operation 23 'alloca' 'rampVal_3_new_0' <Predicate = true> <Delay = 0.00>
ST_1 : Operation 24 [1/1] (0.00ns)   --->   "%colorFormat_val_read = read i8 @_ssdm_op_Read.ap_auto.i8, i8 %colorFormat_val"   --->   Operation 24 'read' 'colorFormat_val_read' <Predicate = true> <Delay = 0.00>
ST_1 : Operation 25 [1/1] (0.00ns)   --->   "%motionSpeed_val_read = read i8 @_ssdm_op_Read.ap_auto.i8, i8 %motionSpeed_val"   --->   Operation 25 'read' 'motionSpeed_val_read' <Predicate = true> <Delay = 0.00>
ST_1 : Operation 26 [1/1] (0.00ns)   --->   "%dpYUVCoef_val_read = read i8 @_ssdm_op_Read.ap_auto.i8, i8 %dpYUVCoef_val"   --->   Operation 26 'read' 'dpYUVCoef_val_read' <Predicate = true> <Delay = 0.00>
ST_1 : Operation 27 [1/1] (0.00ns)   --->   "%dpDynamicRange_val_read = read i8 @_ssdm_op_Read.ap_auto.i8, i8 %dpDynamicRange_val"   --->   Operation 27 'read' 'dpDynamicRange_val_read' <Predicate = true> <Delay = 0.00>
ST_1 : Operation 28 [1/1] (0.00ns)   --->   "%ZplateVerContDelta_val_read = read i16 @_ssdm_op_Read.ap_auto.i16, i16 %ZplateVerContDelta_val"   --->   Operation 28 'read' 'ZplateVerContDelta_val_read' <Predicate = true> <Delay = 0.00>
ST_1 : Operation 29 [1/1] (0.00ns)   --->   "%ZplateVerContStart_val_read = read i16 @_ssdm_op_Read.ap_auto.i16, i16 %ZplateVerContStart_val"   --->   Operation 29 'read' 'ZplateVerContStart_val_read' <Predicate = true> <Delay = 0.00>
ST_1 : Operation 30 [1/1] (0.00ns)   --->   "%ZplateHorContDelta_val_read = read i16 @_ssdm_op_Read.ap_auto.i16, i16 %ZplateHorContDelta_val"   --->   Operation 30 'read' 'ZplateHorContDelta_val_read' <Predicate = true> <Delay = 0.00>
ST_1 : Operation 31 [1/1] (0.00ns)   --->   "%ZplateHorContStart_val_read = read i16 @_ssdm_op_Read.ap_auto.i16, i16 %ZplateHorContStart_val"   --->   Operation 31 'read' 'ZplateHorContStart_val_read' <Predicate = true> <Delay = 0.00>
ST_1 : Operation 32 [1/1] (0.00ns)   --->   "%patternId_val_read = read i8 @_ssdm_op_Read.ap_auto.i8, i8 %patternId_val"   --->   Operation 32 'read' 'patternId_val_read' <Predicate = true> <Delay = 0.00>
ST_1 : Operation 33 [1/1] (0.00ns)   --->   "%width_val_read = read i16 @_ssdm_op_Read.ap_auto.i16, i16 %width_val"   --->   Operation 33 'read' 'width_val_read' <Predicate = true> <Delay = 0.00>
ST_1 : Operation 34 [1/1] (0.00ns)   --->   "%height_val_read = read i16 @_ssdm_op_Read.ap_auto.i16, i16 %height_val"   --->   Operation 34 'read' 'height_val_read' <Predicate = true> <Delay = 0.00>
ST_1 : Operation 35 [1/1] (0.00ns)   --->   "%rampVal_2_flag_1_loc = alloca i64 1"   --->   Operation 35 'alloca' 'rampVal_2_flag_1_loc' <Predicate = true> <Delay = 0.00>
ST_1 : Operation 36 [1/1] (0.00ns)   --->   "%hdata_flag_1_loc = alloca i64 1"   --->   Operation 36 'alloca' 'hdata_flag_1_loc' <Predicate = true> <Delay = 0.00>
ST_1 : Operation 37 [1/1] (0.00ns)   --->   "%rampVal_3_flag_1_loc = alloca i64 1"   --->   Operation 37 'alloca' 'rampVal_3_flag_1_loc' <Predicate = true> <Delay = 0.00>
ST_1 : Operation 38 [1/1] (0.00ns)   --->   "%specinterface_ln0 = specinterface void @_ssdm_op_SpecInterface, i8 %colorFormat_val17_c14, void @ap_fifo_str, i32 0, i32 0, void @p_str, i32 0, i32 0, void @p_str, void @p_str, void @p_str, i32 2, i32 2, i32 16, i32 16, void @p_str, void @ScalarProp_str, i32 4294967295, i32 0"   --->   Operation 38 'specinterface' 'specinterface_ln0' <Predicate = true> <Delay = 0.00>
ST_1 : Operation 39 [1/1] (2.39ns)   --->   "%write_ln0 = write void @_ssdm_op_Write.ap_fifo.i8P0A, i8 %colorFormat_val17_c14, i8 %colorFormat_val_read"   --->   Operation 39 'write' 'write_ln0' <Predicate = true> <Delay = 2.39> <CoreInst = "FIFO_SRL">   --->   Core 81 'FIFO_SRL' <Latency = 0> <II = 1> <Delay = 2.39> <Storage> <Opcode : 'read' 'write' 'nbread' 'nbwrite'> <Ports = 0> <Width = 8> <Depth = 2> <FIFO>
ST_1 : Operation 40 [1/1] (0.00ns)   --->   "%specinterface_ln0 = specinterface void @_ssdm_op_SpecInterface, i8 %motionSpeed_val14_c, void @ap_fifo_str, i32 0, i32 0, void @p_str, i32 0, i32 0, void @p_str, void @p_str, void @p_str, i32 2, i32 2, i32 16, i32 16, void @p_str, void @ScalarProp_str, i32 4294967295, i32 0"   --->   Operation 40 'specinterface' 'specinterface_ln0' <Predicate = true> <Delay = 0.00>
ST_1 : Operation 41 [1/1] (2.39ns)   --->   "%write_ln0 = write void @_ssdm_op_Write.ap_fifo.i8P0A, i8 %motionSpeed_val14_c, i8 %motionSpeed_val_read"   --->   Operation 41 'write' 'write_ln0' <Predicate = true> <Delay = 2.39> <CoreInst = "FIFO_SRL">   --->   Core 81 'FIFO_SRL' <Latency = 0> <II = 1> <Delay = 2.39> <Storage> <Opcode : 'read' 'write' 'nbread' 'nbwrite'> <Ports = 0> <Width = 8> <Depth = 2> <FIFO>
ST_1 : Operation 42 [1/1] (0.00ns)   --->   "%specinterface_ln0 = specinterface void @_ssdm_op_SpecInterface, i16 %width_val7_c13, void @ap_fifo_str, i32 0, i32 0, void @p_str, i32 0, i32 0, void @p_str, void @p_str, void @p_str, i32 2, i32 2, i32 16, i32 16, void @p_str, void @ScalarProp_str, i32 4294967295, i32 0"   --->   Operation 42 'specinterface' 'specinterface_ln0' <Predicate = true> <Delay = 0.00>
ST_1 : Operation 43 [1/1] (2.39ns)   --->   "%write_ln0 = write void @_ssdm_op_Write.ap_fifo.i16P0A, i16 %width_val7_c13, i16 %width_val_read"   --->   Operation 43 'write' 'write_ln0' <Predicate = true> <Delay = 2.39> <CoreInst = "FIFO_SRL">   --->   Core 81 'FIFO_SRL' <Latency = 0> <II = 1> <Delay = 2.39> <Storage> <Opcode : 'read' 'write' 'nbread' 'nbwrite'> <Ports = 0> <Width = 16> <Depth = 2> <FIFO>
ST_1 : Operation 44 [1/1] (0.00ns)   --->   "%specinterface_ln0 = specinterface void @_ssdm_op_SpecInterface, i16 %height_val4_c12, void @ap_fifo_str, i32 0, i32 0, void @p_str, i32 0, i32 0, void @p_str, void @p_str, void @p_str, i32 2, i32 2, i32 16, i32 16, void @p_str, void @ScalarProp_str, i32 4294967295, i32 0"   --->   Operation 44 'specinterface' 'specinterface_ln0' <Predicate = true> <Delay = 0.00>
ST_1 : Operation 45 [1/1] (2.39ns)   --->   "%write_ln0 = write void @_ssdm_op_Write.ap_fifo.i16P0A, i16 %height_val4_c12, i16 %height_val_read"   --->   Operation 45 'write' 'write_ln0' <Predicate = true> <Delay = 2.39> <CoreInst = "FIFO_SRL">   --->   Core 81 'FIFO_SRL' <Latency = 0> <II = 1> <Delay = 2.39> <Storage> <Opcode : 'read' 'write' 'nbread' 'nbwrite'> <Ports = 0> <Width = 16> <Depth = 2> <FIFO>
ST_1 : Operation 46 [1/1] (0.00ns)   --->   "%specinterface_ln0 = specinterface void @_ssdm_op_SpecInterface, i36 %bckgndYUV, void @empty_19, i32 0, i32 0, void @empty_9, i32 0, i32 0, void @empty_9, void @empty_9, void @empty_9, i32 0, i32 0, i32 0, i32 0, void @empty_9, void @empty_9, i32 4294967295, i32 0"   --->   Operation 46 'specinterface' 'specinterface_ln0' <Predicate = true> <Delay = 0.00>
ST_1 : Operation 47 [1/1] (1.35ns)   --->   "%cmp2_i236 = icmp_eq  i8 %colorFormat_val_read, i8 0"   --->   Operation 47 'icmp' 'cmp2_i236' <Predicate = true> <Delay = 1.35> <CoreInst = "Cmp">   --->   Core 9 'Cmp' <Latency = 0> <II = 1> <Delay = 1.35> <FuncUnit> <Opcode : 'icmp'> <InPorts = 2> <OutPorts = 1>
ST_1 : Operation 48 [1/1] (0.60ns)   --->   "%conv2_i_i10_i241 = select i1 %cmp2_i236, i12 4095, i12 1216"   --->   Operation 48 'select' 'conv2_i_i10_i241' <Predicate = true> <Delay = 0.60> <CoreInst = "Sel">   --->   Core 73 'Sel' <Latency = 0> <II = 1> <Delay = 0.60> <FuncUnit> <Opcode : 'select'> <InPorts = 3> <OutPorts = 1>
ST_1 : Operation 49 [1/1] (0.62ns)   --->   "%conv2_i_i_i_cast_cast = select i1 %cmp2_i236, i5 0, i5 16"   --->   Operation 49 'select' 'conv2_i_i_i_cast_cast' <Predicate = true> <Delay = 0.62> <CoreInst = "Sel">   --->   Core 73 'Sel' <Latency = 0> <II = 1> <Delay = 0.62> <FuncUnit> <Opcode : 'select'> <InPorts = 3> <OutPorts = 1>
ST_1 : Operation 50 [1/1] (0.60ns)   --->   "%conv2_i_i10_i246 = select i1 %cmp2_i236, i12 0, i12 2384"   --->   Operation 50 'select' 'conv2_i_i10_i246' <Predicate = true> <Delay = 0.60> <CoreInst = "Sel">   --->   Core 73 'Sel' <Latency = 0> <II = 1> <Delay = 0.60> <FuncUnit> <Opcode : 'select'> <InPorts = 3> <OutPorts = 1>
ST_1 : Operation 51 [1/1] (0.44ns)   --->   "%conv2_i_i_i248_cast_cast = select i1 %cmp2_i236, i9 0, i9 336"   --->   Operation 51 'select' 'conv2_i_i_i248_cast_cast' <Predicate = true> <Delay = 0.44> <CoreInst = "Sel">   --->   Core 73 'Sel' <Latency = 0> <II = 1> <Delay = 0.44> <FuncUnit> <Opcode : 'select'> <InPorts = 3> <OutPorts = 1>
ST_1 : Operation 52 [1/1] (0.51ns)   --->   "%conv2_i_i10_i264_cast_cast_cast_cast = select i1 %cmp2_i236, i7 0, i7 80"   --->   Operation 52 'select' 'conv2_i_i10_i264_cast_cast_cast_cast' <Predicate = true> <Delay = 0.51> <CoreInst = "Sel">   --->   Core 73 'Sel' <Latency = 0> <II = 1> <Delay = 0.51> <FuncUnit> <Opcode : 'select'> <InPorts = 3> <OutPorts = 1>
ST_1 : Operation 53 [1/1] (0.60ns)   --->   "%conv2_i_i_i266 = select i1 %cmp2_i236, i12 4095, i12 1712"   --->   Operation 53 'select' 'conv2_i_i_i266' <Predicate = true> <Delay = 0.60> <CoreInst = "Sel">   --->   Core 73 'Sel' <Latency = 0> <II = 1> <Delay = 0.60> <FuncUnit> <Opcode : 'select'> <InPorts = 3> <OutPorts = 1>
ST_1 : Operation 54 [1/1] (0.60ns)   --->   "%pix = select i1 %cmp2_i236, i12 0, i12 2048"   --->   Operation 54 'select' 'pix' <Predicate = true> <Delay = 0.60> <CoreInst = "Sel">   --->   Core 73 'Sel' <Latency = 0> <II = 1> <Delay = 0.60> <FuncUnit> <Opcode : 'select'> <InPorts = 3> <OutPorts = 1>
ST_1 : Operation 55 [1/1] (0.60ns)   --->   "%pix_5 = select i1 %cmp2_i236, i12 4095, i12 2048"   --->   Operation 55 'select' 'pix_5' <Predicate = true> <Delay = 0.60> <CoreInst = "Sel">   --->   Core 73 'Sel' <Latency = 0> <II = 1> <Delay = 0.60> <FuncUnit> <Opcode : 'select'> <InPorts = 3> <OutPorts = 1>
ST_1 : Operation 56 [1/1] (0.00ns)   --->   "%width_val_cast14 = zext i16 %width_val_read"   --->   Operation 56 'zext' 'width_val_cast14' <Predicate = true> <Delay = 0.00>
ST_1 : Operation 57 [1/1] (0.00ns)   --->   "%empty = trunc i16 %width_val_read"   --->   Operation 57 'trunc' 'empty' <Predicate = true> <Delay = 0.00>
ST_1 : Operation 58 [1/1] (1.32ns)   --->   "%add_i = add i14 %empty, i14 7"   --->   Operation 58 'add' 'add_i' <Predicate = true> <Delay = 1.32> <CoreInst = "Adder">   --->   Core 1 'Adder' <Latency = 0> <II = 1> <Delay = 1.32> <FuncUnit> <Opcode : 'add' 'sub'> <InPorts = 2> <OutPorts = 1>
ST_1 : Operation 59 [1/1] (0.00ns)   --->   "%barWidth = partselect i11 @_ssdm_op_PartSelect.i11.i14.i32.i32, i14 %add_i, i32 3, i32 13"   --->   Operation 59 'partselect' 'barWidth' <Predicate = true> <Delay = 0.00>
ST_1 : Operation 60 [1/1] (1.32ns)   --->   "%add2_i = add i14 %empty, i14 15"   --->   Operation 60 'add' 'add2_i' <Predicate = true> <Delay = 1.32> <CoreInst = "Adder">   --->   Core 1 'Adder' <Latency = 0> <II = 1> <Delay = 1.32> <FuncUnit> <Opcode : 'add' 'sub'> <InPorts = 2> <OutPorts = 1>
ST_1 : Operation 61 [1/1] (0.00ns)   --->   "%p_cast = partselect i10 @_ssdm_op_PartSelect.i10.i14.i32.i32, i14 %add2_i, i32 4, i32 13"   --->   Operation 61 'partselect' 'p_cast' <Predicate = true> <Delay = 0.00>
ST_1 : Operation 62 [1/1] (1.34ns)   --->   "%barWidthMinSamples = add i10 %p_cast, i10 1023"   --->   Operation 62 'add' 'barWidthMinSamples' <Predicate = true> <Delay = 1.34> <CoreInst = "Adder">   --->   Core 1 'Adder' <Latency = 0> <II = 1> <Delay = 1.34> <FuncUnit> <Opcode : 'add' 'sub'> <InPorts = 2> <OutPorts = 1>
ST_1 : Operation 63 [1/1] (0.00ns)   --->   "%height_val_cast15 = zext i16 %height_val_read"   --->   Operation 63 'zext' 'height_val_cast15' <Predicate = true> <Delay = 0.00>
ST_1 : Operation 64 [1/1] (0.00ns)   --->   "%empty_98 = trunc i16 %height_val_read"   --->   Operation 64 'trunc' 'empty_98' <Predicate = true> <Delay = 0.00>
ST_1 : Operation 65 [1/1] (1.32ns)   --->   "%add5_i = add i14 %empty_98, i14 15"   --->   Operation 65 'add' 'add5_i' <Predicate = true> <Delay = 1.32> <CoreInst = "Adder">   --->   Core 1 'Adder' <Latency = 0> <II = 1> <Delay = 1.32> <FuncUnit> <Opcode : 'add' 'sub'> <InPorts = 2> <OutPorts = 1>
ST_1 : Operation 66 [1/1] (0.00ns)   --->   "%tmp = partselect i7 @_ssdm_op_PartSelect.i7.i8.i32.i32, i8 %colorFormat_val_read, i32 1, i32 7"   --->   Operation 66 'partselect' 'tmp' <Predicate = true> <Delay = 0.00>
ST_1 : Operation 67 [1/1] (1.27ns)   --->   "%icmp = icmp_ne  i7 %tmp, i7 0"   --->   Operation 67 'icmp' 'icmp' <Predicate = true> <Delay = 1.27> <CoreInst = "Cmp">   --->   Core 9 'Cmp' <Latency = 0> <II = 1> <Delay = 1.27> <FuncUnit> <Opcode : 'icmp'> <InPorts = 2> <OutPorts = 1>
ST_1 : Operation 68 [1/1] (0.00ns)   --->   "%tmp_8 = partselect i10 @_ssdm_op_PartSelect.i10.i14.i32.i32, i14 %add5_i, i32 4, i32 13"   --->   Operation 68 'partselect' 'tmp_8' <Predicate = true> <Delay = 0.00>
ST_1 : Operation 69 [1/1] (0.00ns)   --->   "%barHeight_cast = zext i10 %tmp_8"   --->   Operation 69 'zext' 'barHeight_cast' <Predicate = true> <Delay = 0.00>
ST_1 : Operation 70 [1/1] (1.34ns)   --->   "%sub_i_i_i = add i11 %barHeight_cast, i11 2047"   --->   Operation 70 'add' 'sub_i_i_i' <Predicate = true> <Delay = 1.34> <CoreInst = "Adder">   --->   Core 1 'Adder' <Latency = 0> <II = 1> <Delay = 1.34> <FuncUnit> <Opcode : 'add' 'sub'> <InPorts = 2> <OutPorts = 1>
ST_1 : Operation 71 [1/1] (1.30ns)   --->   "%sub35_i = add i17 %width_val_cast14, i17 131071"   --->   Operation 71 'add' 'sub35_i' <Predicate = true> <Delay = 1.30> <CoreInst = "Adder">   --->   Core 1 'Adder' <Latency = 0> <II = 1> <Delay = 1.30> <FuncUnit> <Opcode : 'add' 'sub'> <InPorts = 2> <OutPorts = 1>
ST_1 : Operation 72 [1/1] (1.30ns)   --->   "%sub10_i = add i17 %height_val_cast15, i17 131071"   --->   Operation 72 'add' 'sub10_i' <Predicate = true> <Delay = 1.30> <CoreInst = "Adder">   --->   Core 1 'Adder' <Latency = 0> <II = 1> <Delay = 1.30> <FuncUnit> <Opcode : 'add' 'sub'> <InPorts = 2> <OutPorts = 1>
ST_1 : Operation 73 [1/1] (0.00ns)   --->   "%rampStart_load = load i12 %rampStart" [C:/Vulcan/Design_Tool/Board_Demo/VC707/hdmi_output/hdmi_output.runs/design_1_v_tpg_0_0_synth_1/prj/sol/.autopilot/db/v_tpg.cpp:585]   --->   Operation 73 'load' 'rampStart_load' <Predicate = true> <Delay = 0.00>
ST_1 : Operation 74 [1/1] (0.00ns)   --->   "%rampVal_1_load = load i16 %rampVal_1" [C:/Vulcan/Design_Tool/Board_Demo/VC707/hdmi_output/hdmi_output.runs/design_1_v_tpg_0_0_synth_1/prj/sol/.autopilot/db/v_tpg.cpp:1084->C:/Vulcan/Design_Tool/Board_Demo/VC707/hdmi_output/hdmi_output.runs/design_1_v_tpg_0_0_synth_1/prj/sol/.autopilot/db/v_tpg.cpp:585]   --->   Operation 74 'load' 'rampVal_1_load' <Predicate = true> <Delay = 0.00>
ST_1 : Operation 75 [1/1] (0.00ns)   --->   "%rampVal_load = load i12 %rampVal" [C:/Vulcan/Design_Tool/Board_Demo/VC707/hdmi_output/hdmi_output.runs/design_1_v_tpg_0_0_synth_1/prj/sol/.autopilot/db/v_tpg.cpp:1101->C:/Vulcan/Design_Tool/Board_Demo/VC707/hdmi_output/hdmi_output.runs/design_1_v_tpg_0_0_synth_1/prj/sol/.autopilot/db/v_tpg.cpp:593]   --->   Operation 75 'load' 'rampVal_load' <Predicate = true> <Delay = 0.00>
ST_1 : Operation 76 [1/1] (0.00ns)   --->   "%zext_ln1257 = zext i12 %rampVal_load" [C:/Vulcan/Design_Tool/Board_Demo/VC707/hdmi_output/hdmi_output.runs/design_1_v_tpg_0_0_synth_1/prj/sol/.autopilot/db/v_tpg.cpp:1257->C:/Vulcan/Design_Tool/Board_Demo/VC707/hdmi_output/hdmi_output.runs/design_1_v_tpg_0_0_synth_1/prj/sol/.autopilot/db/v_tpg.cpp:649]   --->   Operation 76 'zext' 'zext_ln1257' <Predicate = true> <Delay = 0.00>
ST_1 : Operation 77 [1/1] (0.00ns)   --->   "%hBarSel_4_0_load = load i8 %hBarSel_4_0" [C:/Vulcan/Design_Tool/Board_Demo/VC707/hdmi_output/hdmi_output.runs/design_1_v_tpg_0_0_synth_1/prj/sol/.autopilot/db/v_tpg.cpp:1257->C:/Vulcan/Design_Tool/Board_Demo/VC707/hdmi_output/hdmi_output.runs/design_1_v_tpg_0_0_synth_1/prj/sol/.autopilot/db/v_tpg.cpp:649]   --->   Operation 77 'load' 'hBarSel_4_0_load' <Predicate = true> <Delay = 0.00>
ST_1 : Operation 78 [1/1] (0.00ns)   --->   "%zonePlateVAddr_load = load i16 %zonePlateVAddr" [C:/Vulcan/Design_Tool/Board_Demo/VC707/hdmi_output/hdmi_output.runs/design_1_v_tpg_0_0_synth_1/prj/sol/.autopilot/db/v_tpg.cpp:1341->C:/Vulcan/Design_Tool/Board_Demo/VC707/hdmi_output/hdmi_output.runs/design_1_v_tpg_0_0_synth_1/prj/sol/.autopilot/db/v_tpg.cpp:657]   --->   Operation 78 'load' 'zonePlateVAddr_load' <Predicate = true> <Delay = 0.00>
ST_1 : Operation 79 [1/1] (0.00ns)   --->   "%vBarSel_load = load i3 %vBarSel" [C:/Vulcan/Design_Tool/Board_Demo/VC707/hdmi_output/hdmi_output.runs/design_1_v_tpg_0_0_synth_1/prj/sol/.autopilot/db/v_tpg.cpp:1393->C:/Vulcan/Design_Tool/Board_Demo/VC707/hdmi_output/hdmi_output.runs/design_1_v_tpg_0_0_synth_1/prj/sol/.autopilot/db/v_tpg.cpp:665]   --->   Operation 79 'load' 'vBarSel_load' <Predicate = true> <Delay = 0.00>
ST_1 : Operation 80 [1/1] (0.00ns)   --->   "%zext_ln1412 = zext i3 %vBarSel_load" [C:/Vulcan/Design_Tool/Board_Demo/VC707/hdmi_output/hdmi_output.runs/design_1_v_tpg_0_0_synth_1/prj/sol/.autopilot/db/v_tpg.cpp:1412->C:/Vulcan/Design_Tool/Board_Demo/VC707/hdmi_output/hdmi_output.runs/design_1_v_tpg_0_0_synth_1/prj/sol/.autopilot/db/v_tpg.cpp:665]   --->   Operation 80 'zext' 'zext_ln1412' <Predicate = true> <Delay = 0.00>
ST_1 : Operation 81 [1/1] (0.00ns)   --->   "%hBarSel_0_load = load i3 %hBarSel_0" [C:/Vulcan/Design_Tool/Board_Demo/VC707/hdmi_output/hdmi_output.runs/design_1_v_tpg_0_0_synth_1/prj/sol/.autopilot/db/v_tpg.cpp:1412->C:/Vulcan/Design_Tool/Board_Demo/VC707/hdmi_output/hdmi_output.runs/design_1_v_tpg_0_0_synth_1/prj/sol/.autopilot/db/v_tpg.cpp:665]   --->   Operation 81 'load' 'hBarSel_0_load' <Predicate = true> <Delay = 0.00>
ST_1 : Operation 82 [1/1] (0.00ns)   --->   "%zext_ln1545 = zext i3 %hBarSel_0_load" [C:/Vulcan/Design_Tool/Board_Demo/VC707/hdmi_output/hdmi_output.runs/design_1_v_tpg_0_0_synth_1/prj/sol/.autopilot/db/v_tpg.cpp:1545->C:/Vulcan/Design_Tool/Board_Demo/VC707/hdmi_output/hdmi_output.runs/design_1_v_tpg_0_0_synth_1/prj/sol/.autopilot/db/v_tpg.cpp:689]   --->   Operation 82 'zext' 'zext_ln1545' <Predicate = true> <Delay = 0.00>
ST_1 : Operation 83 [1/1] (0.00ns)   --->   "%hdata_load = load i16 %hdata" [C:/Vulcan/Design_Tool/Board_Demo/VC707/hdmi_output/hdmi_output.runs/design_1_v_tpg_0_0_synth_1/prj/sol/.autopilot/db/v_tpg.cpp:1545->C:/Vulcan/Design_Tool/Board_Demo/VC707/hdmi_output/hdmi_output.runs/design_1_v_tpg_0_0_synth_1/prj/sol/.autopilot/db/v_tpg.cpp:689]   --->   Operation 83 'load' 'hdata_load' <Predicate = true> <Delay = 0.00>
ST_1 : Operation 84 [1/1] (0.00ns)   --->   "%vBarSel_2_load = load i8 %vBarSel_2" [C:/Vulcan/Design_Tool/Board_Demo/VC707/hdmi_output/hdmi_output.runs/design_1_v_tpg_0_0_synth_1/prj/sol/.autopilot/db/v_tpg.cpp:1575->C:/Vulcan/Design_Tool/Board_Demo/VC707/hdmi_output/hdmi_output.runs/design_1_v_tpg_0_0_synth_1/prj/sol/.autopilot/db/v_tpg.cpp:697]   --->   Operation 84 'load' 'vBarSel_2_load' <Predicate = true> <Delay = 0.00>
ST_1 : Operation 85 [1/1] (0.00ns)   --->   "%hBarSel_3_0_load = load i3 %hBarSel_3_0" [C:/Vulcan/Design_Tool/Board_Demo/VC707/hdmi_output/hdmi_output.runs/design_1_v_tpg_0_0_synth_1/prj/sol/.autopilot/db/v_tpg.cpp:1593->C:/Vulcan/Design_Tool/Board_Demo/VC707/hdmi_output/hdmi_output.runs/design_1_v_tpg_0_0_synth_1/prj/sol/.autopilot/db/v_tpg.cpp:697]   --->   Operation 85 'load' 'hBarSel_3_0_load' <Predicate = true> <Delay = 0.00>
ST_1 : Operation 86 [1/1] (0.00ns)   --->   "%zext_ln1687 = zext i3 %hBarSel_3_0_load" [C:/Vulcan/Design_Tool/Board_Demo/VC707/hdmi_output/hdmi_output.runs/design_1_v_tpg_0_0_synth_1/prj/sol/.autopilot/db/v_tpg.cpp:1687->C:/Vulcan/Design_Tool/Board_Demo/VC707/hdmi_output/hdmi_output.runs/design_1_v_tpg_0_0_synth_1/prj/sol/.autopilot/db/v_tpg.cpp:707]   --->   Operation 86 'zext' 'zext_ln1687' <Predicate = true> <Delay = 0.00>
ST_1 : Operation 87 [1/1] (0.00ns)   --->   "%rampVal_2_load = load i16 %rampVal_2" [C:/Vulcan/Design_Tool/Board_Demo/VC707/hdmi_output/hdmi_output.runs/design_1_v_tpg_0_0_synth_1/prj/sol/.autopilot/db/v_tpg.cpp:1687->C:/Vulcan/Design_Tool/Board_Demo/VC707/hdmi_output/hdmi_output.runs/design_1_v_tpg_0_0_synth_1/prj/sol/.autopilot/db/v_tpg.cpp:707]   --->   Operation 87 'load' 'rampVal_2_load' <Predicate = true> <Delay = 0.00>
ST_1 : Operation 88 [1/1] (0.00ns)   --->   "%vBarSel_1_load = load i1 %vBarSel_1" [C:/Vulcan/Design_Tool/Board_Demo/VC707/hdmi_output/hdmi_output.runs/design_1_v_tpg_0_0_synth_1/prj/sol/.autopilot/db/v_tpg.cpp:1758->C:/Vulcan/Design_Tool/Board_Demo/VC707/hdmi_output/hdmi_output.runs/design_1_v_tpg_0_0_synth_1/prj/sol/.autopilot/db/v_tpg.cpp:721]   --->   Operation 88 'load' 'vBarSel_1_load' <Predicate = true> <Delay = 0.00>
ST_1 : Operation 89 [1/1] (0.00ns)   --->   "%zext_ln1775 = zext i1 %vBarSel_1_load" [C:/Vulcan/Design_Tool/Board_Demo/VC707/hdmi_output/hdmi_output.runs/design_1_v_tpg_0_0_synth_1/prj/sol/.autopilot/db/v_tpg.cpp:1775->C:/Vulcan/Design_Tool/Board_Demo/VC707/hdmi_output/hdmi_output.runs/design_1_v_tpg_0_0_synth_1/prj/sol/.autopilot/db/v_tpg.cpp:721]   --->   Operation 89 'zext' 'zext_ln1775' <Predicate = true> <Delay = 0.00>
ST_1 : Operation 90 [1/1] (0.00ns)   --->   "%hBarSel_5_0_load = load i3 %hBarSel_5_0" [C:/Vulcan/Design_Tool/Board_Demo/VC707/hdmi_output/hdmi_output.runs/design_1_v_tpg_0_0_synth_1/prj/sol/.autopilot/db/v_tpg.cpp:1775->C:/Vulcan/Design_Tool/Board_Demo/VC707/hdmi_output/hdmi_output.runs/design_1_v_tpg_0_0_synth_1/prj/sol/.autopilot/db/v_tpg.cpp:721]   --->   Operation 90 'load' 'hBarSel_5_0_load' <Predicate = true> <Delay = 0.00>
ST_1 : Operation 91 [1/1] (0.00ns)   --->   "%zext_ln563 = zext i3 %hBarSel_5_0_load" [C:/Vulcan/Design_Tool/Board_Demo/VC707/hdmi_output/hdmi_output.runs/design_1_v_tpg_0_0_synth_1/prj/sol/.autopilot/db/v_tpg.cpp:563]   --->   Operation 91 'zext' 'zext_ln563' <Predicate = true> <Delay = 0.00>
ST_1 : Operation 92 [1/1] (0.00ns)   --->   "%store_ln1084 = store i16 %rampVal_1_load, i16 %rampVal_3_loc_0" [C:/Vulcan/Design_Tool/Board_Demo/VC707/hdmi_output/hdmi_output.runs/design_1_v_tpg_0_0_synth_1/prj/sol/.autopilot/db/v_tpg.cpp:1084->C:/Vulcan/Design_Tool/Board_Demo/VC707/hdmi_output/hdmi_output.runs/design_1_v_tpg_0_0_synth_1/prj/sol/.autopilot/db/v_tpg.cpp:585]   --->   Operation 92 'store' 'store_ln1084' <Predicate = true> <Delay = 0.00>
ST_1 : Operation 93 [1/1] (0.00ns)   --->   "%store_ln1257 = store i16 %zext_ln1257, i16 %rampVal_loc_0" [C:/Vulcan/Design_Tool/Board_Demo/VC707/hdmi_output/hdmi_output.runs/design_1_v_tpg_0_0_synth_1/prj/sol/.autopilot/db/v_tpg.cpp:1257->C:/Vulcan/Design_Tool/Board_Demo/VC707/hdmi_output/hdmi_output.runs/design_1_v_tpg_0_0_synth_1/prj/sol/.autopilot/db/v_tpg.cpp:649]   --->   Operation 93 'store' 'store_ln1257' <Predicate = true> <Delay = 0.00>
ST_1 : Operation 94 [1/1] (0.00ns)   --->   "%store_ln1257 = store i8 %hBarSel_4_0_load, i8 %hBarSel_4_0_loc_0" [C:/Vulcan/Design_Tool/Board_Demo/VC707/hdmi_output/hdmi_output.runs/design_1_v_tpg_0_0_synth_1/prj/sol/.autopilot/db/v_tpg.cpp:1257->C:/Vulcan/Design_Tool/Board_Demo/VC707/hdmi_output/hdmi_output.runs/design_1_v_tpg_0_0_synth_1/prj/sol/.autopilot/db/v_tpg.cpp:649]   --->   Operation 94 'store' 'store_ln1257' <Predicate = true> <Delay = 0.00>
ST_1 : Operation 95 [1/1] (0.00ns)   --->   "%store_ln1341 = store i16 %zonePlateVAddr_load, i16 %zonePlateVAddr_loc_0" [C:/Vulcan/Design_Tool/Board_Demo/VC707/hdmi_output/hdmi_output.runs/design_1_v_tpg_0_0_synth_1/prj/sol/.autopilot/db/v_tpg.cpp:1341->C:/Vulcan/Design_Tool/Board_Demo/VC707/hdmi_output/hdmi_output.runs/design_1_v_tpg_0_0_synth_1/prj/sol/.autopilot/db/v_tpg.cpp:657]   --->   Operation 95 'store' 'store_ln1341' <Predicate = true> <Delay = 0.00>
ST_1 : Operation 96 [1/1] (0.00ns)   --->   "%store_ln1412 = store i8 %zext_ln1412, i8 %vBarSel_loc_0" [C:/Vulcan/Design_Tool/Board_Demo/VC707/hdmi_output/hdmi_output.runs/design_1_v_tpg_0_0_synth_1/prj/sol/.autopilot/db/v_tpg.cpp:1412->C:/Vulcan/Design_Tool/Board_Demo/VC707/hdmi_output/hdmi_output.runs/design_1_v_tpg_0_0_synth_1/prj/sol/.autopilot/db/v_tpg.cpp:665]   --->   Operation 96 'store' 'store_ln1412' <Predicate = true> <Delay = 0.00>
ST_1 : Operation 97 [1/1] (0.00ns)   --->   "%store_ln1545 = store i8 %zext_ln1545, i8 %hBarSel_0_loc_0" [C:/Vulcan/Design_Tool/Board_Demo/VC707/hdmi_output/hdmi_output.runs/design_1_v_tpg_0_0_synth_1/prj/sol/.autopilot/db/v_tpg.cpp:1545->C:/Vulcan/Design_Tool/Board_Demo/VC707/hdmi_output/hdmi_output.runs/design_1_v_tpg_0_0_synth_1/prj/sol/.autopilot/db/v_tpg.cpp:689]   --->   Operation 97 'store' 'store_ln1545' <Predicate = true> <Delay = 0.00>
ST_1 : Operation 98 [1/1] (0.00ns)   --->   "%store_ln1545 = store i16 %hdata_load, i16 %hdata_loc_0" [C:/Vulcan/Design_Tool/Board_Demo/VC707/hdmi_output/hdmi_output.runs/design_1_v_tpg_0_0_synth_1/prj/sol/.autopilot/db/v_tpg.cpp:1545->C:/Vulcan/Design_Tool/Board_Demo/VC707/hdmi_output/hdmi_output.runs/design_1_v_tpg_0_0_synth_1/prj/sol/.autopilot/db/v_tpg.cpp:689]   --->   Operation 98 'store' 'store_ln1545' <Predicate = true> <Delay = 0.00>
ST_1 : Operation 99 [1/1] (0.00ns)   --->   "%store_ln1575 = store i8 %vBarSel_2_load, i8 %vBarSel_2_loc_0" [C:/Vulcan/Design_Tool/Board_Demo/VC707/hdmi_output/hdmi_output.runs/design_1_v_tpg_0_0_synth_1/prj/sol/.autopilot/db/v_tpg.cpp:1575->C:/Vulcan/Design_Tool/Board_Demo/VC707/hdmi_output/hdmi_output.runs/design_1_v_tpg_0_0_synth_1/prj/sol/.autopilot/db/v_tpg.cpp:697]   --->   Operation 99 'store' 'store_ln1575' <Predicate = true> <Delay = 0.00>
ST_1 : Operation 100 [1/1] (0.00ns)   --->   "%store_ln1687 = store i8 %zext_ln1687, i8 %hBarSel_3_0_loc_0" [C:/Vulcan/Design_Tool/Board_Demo/VC707/hdmi_output/hdmi_output.runs/design_1_v_tpg_0_0_synth_1/prj/sol/.autopilot/db/v_tpg.cpp:1687->C:/Vulcan/Design_Tool/Board_Demo/VC707/hdmi_output/hdmi_output.runs/design_1_v_tpg_0_0_synth_1/prj/sol/.autopilot/db/v_tpg.cpp:707]   --->   Operation 100 'store' 'store_ln1687' <Predicate = true> <Delay = 0.00>
ST_1 : Operation 101 [1/1] (0.00ns)   --->   "%store_ln1687 = store i16 %rampVal_2_load, i16 %rampVal_2_loc_0" [C:/Vulcan/Design_Tool/Board_Demo/VC707/hdmi_output/hdmi_output.runs/design_1_v_tpg_0_0_synth_1/prj/sol/.autopilot/db/v_tpg.cpp:1687->C:/Vulcan/Design_Tool/Board_Demo/VC707/hdmi_output/hdmi_output.runs/design_1_v_tpg_0_0_synth_1/prj/sol/.autopilot/db/v_tpg.cpp:707]   --->   Operation 101 'store' 'store_ln1687' <Predicate = true> <Delay = 0.00>
ST_1 : Operation 102 [1/1] (0.00ns)   --->   "%store_ln1775 = store i8 %zext_ln1775, i8 %vBarSel_3_loc_0" [C:/Vulcan/Design_Tool/Board_Demo/VC707/hdmi_output/hdmi_output.runs/design_1_v_tpg_0_0_synth_1/prj/sol/.autopilot/db/v_tpg.cpp:1775->C:/Vulcan/Design_Tool/Board_Demo/VC707/hdmi_output/hdmi_output.runs/design_1_v_tpg_0_0_synth_1/prj/sol/.autopilot/db/v_tpg.cpp:721]   --->   Operation 102 'store' 'store_ln1775' <Predicate = true> <Delay = 0.00>
ST_1 : Operation 103 [1/1] (0.00ns)   --->   "%store_ln563 = store i8 %zext_ln563, i8 %hBarSel_5_0_loc_0" [C:/Vulcan/Design_Tool/Board_Demo/VC707/hdmi_output/hdmi_output.runs/design_1_v_tpg_0_0_synth_1/prj/sol/.autopilot/db/v_tpg.cpp:563]   --->   Operation 103 'store' 'store_ln563' <Predicate = true> <Delay = 0.00>
ST_1 : Operation 104 [1/1] (0.84ns)   --->   "%store_ln549 = store i16 0, i16 %y" [C:/Vulcan/Design_Tool/Board_Demo/VC707/hdmi_output/hdmi_output.runs/design_1_v_tpg_0_0_synth_1/prj/sol/.autopilot/db/v_tpg.cpp:549]   --->   Operation 104 'store' 'store_ln549' <Predicate = true> <Delay = 0.84>
ST_1 : Operation 105 [1/1] (0.84ns)   --->   "%br_ln563 = br void %VITIS_LOOP_565_2" [C:/Vulcan/Design_Tool/Board_Demo/VC707/hdmi_output/hdmi_output.runs/design_1_v_tpg_0_0_synth_1/prj/sol/.autopilot/db/v_tpg.cpp:563]   --->   Operation 105 'br' 'br_ln563' <Predicate = true> <Delay = 0.84>

State 2 <SV = 1> <Delay = 3.50>
ST_2 : Operation 106 [1/1] (0.00ns)   --->   "%rampVal_3_flag_0 = phi i1 0, void %entry, i1 %rampVal_3_flag_1_loc_load, void %VITIS_LOOP_565_2.split"   --->   Operation 106 'phi' 'rampVal_3_flag_0' <Predicate = true> <Delay = 0.00>
ST_2 : Operation 107 [1/1] (0.00ns)   --->   "%hdata_flag_0 = phi i1 0, void %entry, i1 %hdata_flag_1_loc_load, void %VITIS_LOOP_565_2.split"   --->   Operation 107 'phi' 'hdata_flag_0' <Predicate = true> <Delay = 0.00>
ST_2 : Operation 108 [1/1] (0.00ns)   --->   "%rampVal_2_flag_0 = phi i1 0, void %entry, i1 %rampVal_2_flag_1_loc_load, void %VITIS_LOOP_565_2.split"   --->   Operation 108 'phi' 'rampVal_2_flag_0' <Predicate = true> <Delay = 0.00>
ST_2 : Operation 109 [1/1] (0.00ns)   --->   "%y_3 = load i16 %y" [C:/Vulcan/Design_Tool/Board_Demo/VC707/hdmi_output/hdmi_output.runs/design_1_v_tpg_0_0_synth_1/prj/sol/.autopilot/db/v_tpg.cpp:565]   --->   Operation 109 'load' 'y_3' <Predicate = true> <Delay = 0.00>
ST_2 : Operation 110 [1/1] (1.30ns)   --->   "%icmp_ln563 = icmp_eq  i16 %y_3, i16 %height_val_read" [C:/Vulcan/Design_Tool/Board_Demo/VC707/hdmi_output/hdmi_output.runs/design_1_v_tpg_0_0_synth_1/prj/sol/.autopilot/db/v_tpg.cpp:563]   --->   Operation 110 'icmp' 'icmp_ln563' <Predicate = true> <Delay = 1.30> <CoreInst = "Cmp">   --->   Core 9 'Cmp' <Latency = 0> <II = 1> <Delay = 1.30> <FuncUnit> <Opcode : 'icmp'> <InPorts = 2> <OutPorts = 1>
ST_2 : Operation 111 [1/1] (1.30ns)   --->   "%add_ln563 = add i16 %y_3, i16 1" [C:/Vulcan/Design_Tool/Board_Demo/VC707/hdmi_output/hdmi_output.runs/design_1_v_tpg_0_0_synth_1/prj/sol/.autopilot/db/v_tpg.cpp:563]   --->   Operation 111 'add' 'add_ln563' <Predicate = true> <Delay = 1.30> <CoreInst = "Adder">   --->   Core 1 'Adder' <Latency = 0> <II = 1> <Delay = 1.30> <FuncUnit> <Opcode : 'add' 'sub'> <InPorts = 2> <OutPorts = 1>
ST_2 : Operation 112 [1/1] (0.00ns)   --->   "%br_ln563 = br i1 %icmp_ln563, void %VITIS_LOOP_565_2.split, void %for.end47.loopexit" [C:/Vulcan/Design_Tool/Board_Demo/VC707/hdmi_output/hdmi_output.runs/design_1_v_tpg_0_0_synth_1/prj/sol/.autopilot/db/v_tpg.cpp:563]   --->   Operation 112 'br' 'br_ln563' <Predicate = true> <Delay = 0.00>
ST_2 : Operation 113 [1/1] (0.00ns)   --->   "%zext_ln563_1 = zext i16 %y_3" [C:/Vulcan/Design_Tool/Board_Demo/VC707/hdmi_output/hdmi_output.runs/design_1_v_tpg_0_0_synth_1/prj/sol/.autopilot/db/v_tpg.cpp:563]   --->   Operation 113 'zext' 'zext_ln563_1' <Predicate = (!icmp_ln563)> <Delay = 0.00>
ST_2 : Operation 114 [1/1] (1.30ns)   --->   "%cmp_i370 = icmp_eq  i16 %y_3, i16 0" [C:/Vulcan/Design_Tool/Board_Demo/VC707/hdmi_output/hdmi_output.runs/design_1_v_tpg_0_0_synth_1/prj/sol/.autopilot/db/v_tpg.cpp:565]   --->   Operation 114 'icmp' 'cmp_i370' <Predicate = (!icmp_ln563)> <Delay = 1.30> <CoreInst = "Cmp">   --->   Core 9 'Cmp' <Latency = 0> <II = 1> <Delay = 1.30> <FuncUnit> <Opcode : 'icmp'> <InPorts = 2> <OutPorts = 1>
ST_2 : Operation 115 [1/1] (0.00ns)   --->   "%tmp_33 = bitselect i1 @_ssdm_op_BitSelect.i1.i16.i32, i16 %y_3, i32 5" [C:/Vulcan/Design_Tool/Board_Demo/VC707/hdmi_output/hdmi_output.runs/design_1_v_tpg_0_0_synth_1/prj/sol/.autopilot/db/v_tpg.cpp:565]   --->   Operation 115 'bitselect' 'tmp_33' <Predicate = (!icmp_ln563)> <Delay = 0.00>
ST_2 : Operation 116 [1/1] (0.00ns)   --->   "%colorSel = partselect i2 @_ssdm_op_PartSelect.i2.i16.i32.i32, i16 %y_3, i32 6, i32 7" [C:/Vulcan/Design_Tool/Board_Demo/VC707/hdmi_output/hdmi_output.runs/design_1_v_tpg_0_0_synth_1/prj/sol/.autopilot/db/v_tpg.cpp:565]   --->   Operation 116 'partselect' 'colorSel' <Predicate = (!icmp_ln563)> <Delay = 0.00>
ST_2 : Operation 117 [1/1] (1.30ns)   --->   "%cmp12_i = icmp_ne  i16 %y_3, i16 0" [C:/Vulcan/Design_Tool/Board_Demo/VC707/hdmi_output/hdmi_output.runs/design_1_v_tpg_0_0_synth_1/prj/sol/.autopilot/db/v_tpg.cpp:565]   --->   Operation 117 'icmp' 'cmp12_i' <Predicate = (!icmp_ln563)> <Delay = 1.30> <CoreInst = "Cmp">   --->   Core 9 'Cmp' <Latency = 0> <II = 1> <Delay = 1.30> <FuncUnit> <Opcode : 'icmp'> <InPorts = 2> <OutPorts = 1>
ST_2 : Operation 118 [1/1] (1.32ns)   --->   "%cmp11_i = icmp_eq  i17 %sub10_i, i17 %zext_ln563_1" [C:/Vulcan/Design_Tool/Board_Demo/VC707/hdmi_output/hdmi_output.runs/design_1_v_tpg_0_0_synth_1/prj/sol/.autopilot/db/v_tpg.cpp:563]   --->   Operation 118 'icmp' 'cmp11_i' <Predicate = (!icmp_ln563)> <Delay = 1.32> <CoreInst = "Cmp">   --->   Core 9 'Cmp' <Latency = 0> <II = 1> <Delay = 1.32> <FuncUnit> <Opcode : 'icmp'> <InPorts = 2> <OutPorts = 1>
ST_2 : Operation 119 [1/1] (0.00ns)   --->   "%trunc_ln565 = trunc i16 %y_3" [C:/Vulcan/Design_Tool/Board_Demo/VC707/hdmi_output/hdmi_output.runs/design_1_v_tpg_0_0_synth_1/prj/sol/.autopilot/db/v_tpg.cpp:565]   --->   Operation 119 'trunc' 'trunc_ln565' <Predicate = (!icmp_ln563)> <Delay = 0.00>
ST_2 : Operation 120 [1/1] (0.00ns)   --->   "%empty_99 = wait i32 @_ssdm_op_Wait"   --->   Operation 120 'wait' 'empty_99' <Predicate = (!icmp_ln563)> <Delay = 0.00>
ST_2 : Operation 121 [2/2] (2.17ns)   --->   "%call_ln585 = call void @tpgBackground_Pipeline_VITIS_LOOP_565_2, i1 %rampVal_3_flag_0, i1 %hdata_flag_0, i1 %rampVal_2_flag_0, i16 %width_val_read, i12 %pix_5, i12 %pix, i12 %conv2_i_i_i266, i9 %conv2_i_i_i248_cast_cast, i5 %conv2_i_i_i_cast_cast, i7 %conv2_i_i10_i264_cast_cast_cast_cast, i12 %conv2_i_i10_i246, i12 %conv2_i_i10_i241, i12 %rampStart_load, i36 %bckgndYUV, i16 %ZplateHorContStart_val_read, i8 %patternId_val_read, i1 %cmp2_i236, i12 %rampStart_load, i16 %y_3, i8 %colorFormat_val_read, i11 %barWidth, i11 %barWidth, i16 %ZplateHorContDelta_val_read, i16 %ZplateVerContStart_val_read, i1 %cmp12_i, i16 %ZplateVerContDelta_val_read, i11 %sub_i_i_i, i10 %barWidthMinSamples, i1 %cmp11_i, i1 %cmp_i370, i17 %sub35_i, i12 %trunc_ln565, i1 %icmp, i1 %tmp_33, i2 %colorSel, i8 %dpDynamicRange_val_read, i8 %dpYUVCoef_val_read, i1 %rampVal_3_flag_1_loc, i16 %rampVal_3_new_0, i16 %rampVal_3_loc_0, i16 %rampVal_loc_0, i8 %hBarSel_4_0_loc_0, i16 %zonePlateVAddr_loc_0, i8 %vBarSel_loc_0, i8 %hBarSel_0_loc_0, i1 %hdata_flag_1_loc, i16 %hdata_new_0, i16 %hdata_loc_0, i8 %vBarSel_2_loc_0, i8 %hBarSel_3_0_loc_0, i1 %rampVal_2_flag_1_loc, i16 %rampVal_2_new_0, i16 %rampVal_2_loc_0, i8 %vBarSel_3_loc_0, i8 %hBarSel_5_0_loc_0, i12 %p_0_2_0_0_0218_lcssa227, i12 %p_0_1_0_0_0216_lcssa224, i12 %p_0_0_0_0_0214_lcssa221, i12 %rampVal, i12 %redYuv, i12 %grnYuv, i12 %bluYuv, i12 %blkYuv, i12 %whiYuv, i2 %tpgBarSelRgb_r, i12 %tpgBarSelYuv_y, i2 %tpgBarSelRgb_g, i12 %tpgBarSelYuv_u, i12 %tpgBarSelYuv_v, i8 %hBarSel_4_0, i11 %xBar_0, i32 %s, i2 %tpgBarSelRgb_b, i20 %tpgSinTableArray, i16 %zonePlateVAddr, i16 %zonePlateVDelta, i3 %tpgTartanBarArray, i3 %hBarSel_0, i10 %xCount_0, i10 %yCount, i3 %vBarSel, i10 %xCount_4_0, i1 %vHatch, i10 %yCount_2, i12 %whiYuv_1, i12 %blkYuv_1, i8 %tpgSinTableArray_9bit_0, i8 %tpgSinTableArray_9bit_1, i9 %tpgSinTableArray_9bit_2, i8 %tpgSinTableArray_9bit_3, i8 %tpgSinTableArray_9bit_4, i2 %tpgCheckerBoardArray, i3 %hBarSel_3_0, i10 %xCount_3_0, i10 %yCount_3, i8 %vBarSel_2, i28 %rSerie, i28 %gSerie, i28 %bSerie, i2 %DPtpgBarSelRgb_VESA_r, i2 %DPtpgBarSelRgb_VESA_g, i2 %DPtpgBarSelRgb_VESA_b, i3 %DPtpgBarArray, i3 %hBarSel_5_0, i10 %xCount_5_0, i6 %yCount_1, i1 %vBarSel_1, i10 %DPtpgBarSelRgb_CEA_r, i10 %DPtpgBarSelRgb_CEA_g, i10 %DPtpgBarSelRgb_CEA_b, i12 %DPtpgBarSelYuv_601_y, i12 %DPtpgBarSelYuv_601_v, i12 %DPtpgBarSelYuv_601_u, i12 %DPtpgBarSelYuv_709_y, i12 %DPtpgBarSelYuv_709_v, i12 %DPtpgBarSelYuv_709_u" [C:/Vulcan/Design_Tool/Board_Demo/VC707/hdmi_output/hdmi_output.runs/design_1_v_tpg_0_0_synth_1/prj/sol/.autopilot/db/v_tpg.cpp:585]   --->   Operation 121 'call' 'call_ln585' <Predicate = (!icmp_ln563)> <Delay = 2.17> <CoreType = "Generic">   --->   Core 0 '' <Latency = 0> <II = 1> <Delay = 1.00> <Generic> <Opcode : >
ST_2 : Operation 122 [1/1] (0.84ns)   --->   "%store_ln549 = store i16 %add_ln563, i16 %y" [C:/Vulcan/Design_Tool/Board_Demo/VC707/hdmi_output/hdmi_output.runs/design_1_v_tpg_0_0_synth_1/prj/sol/.autopilot/db/v_tpg.cpp:549]   --->   Operation 122 'store' 'store_ln549' <Predicate = (!icmp_ln563)> <Delay = 0.84>
ST_2 : Operation 123 [1/1] (0.00ns)   --->   "%zext_ln750 = zext i8 %motionSpeed_val_read" [C:/Vulcan/Design_Tool/Board_Demo/VC707/hdmi_output/hdmi_output.runs/design_1_v_tpg_0_0_synth_1/prj/sol/.autopilot/db/v_tpg.cpp:750]   --->   Operation 123 'zext' 'zext_ln750' <Predicate = (icmp_ln563)> <Delay = 0.00>
ST_2 : Operation 124 [1/1] (1.33ns)   --->   "%add_ln750 = add i12 %rampStart_load, i12 %zext_ln750" [C:/Vulcan/Design_Tool/Board_Demo/VC707/hdmi_output/hdmi_output.runs/design_1_v_tpg_0_0_synth_1/prj/sol/.autopilot/db/v_tpg.cpp:750]   --->   Operation 124 'add' 'add_ln750' <Predicate = (icmp_ln563)> <Delay = 1.33> <CoreInst = "Adder">   --->   Core 1 'Adder' <Latency = 0> <II = 1> <Delay = 1.33> <FuncUnit> <Opcode : 'add' 'sub'> <InPorts = 2> <OutPorts = 1>
ST_2 : Operation 125 [1/1] (0.00ns)   --->   "%store_ln750 = store i12 %add_ln750, i12 %rampStart" [C:/Vulcan/Design_Tool/Board_Demo/VC707/hdmi_output/hdmi_output.runs/design_1_v_tpg_0_0_synth_1/prj/sol/.autopilot/db/v_tpg.cpp:750]   --->   Operation 125 'store' 'store_ln750' <Predicate = (icmp_ln563)> <Delay = 0.00>
ST_2 : Operation 126 [1/1] (0.00ns)   --->   "%br_ln0 = br i1 %rampVal_2_flag_0, void %for.end47.loopexit.new12, void %mergeST11"   --->   Operation 126 'br' 'br_ln0' <Predicate = (icmp_ln563)> <Delay = 0.00>
ST_2 : Operation 127 [1/1] (0.00ns)   --->   "%rampVal_2_new_0_load = load i16 %rampVal_2_new_0" [C:/Vulcan/Design_Tool/Board_Demo/VC707/hdmi_output/hdmi_output.runs/design_1_v_tpg_0_0_synth_1/prj/sol/.autopilot/db/v_tpg.cpp:1675->C:/Vulcan/Design_Tool/Board_Demo/VC707/hdmi_output/hdmi_output.runs/design_1_v_tpg_0_0_synth_1/prj/sol/.autopilot/db/v_tpg.cpp:707]   --->   Operation 127 'load' 'rampVal_2_new_0_load' <Predicate = (icmp_ln563 & rampVal_2_flag_0)> <Delay = 0.00>
ST_2 : Operation 128 [1/1] (0.00ns)   --->   "%store_ln1675 = store i16 %rampVal_2_new_0_load, i16 %rampVal_2" [C:/Vulcan/Design_Tool/Board_Demo/VC707/hdmi_output/hdmi_output.runs/design_1_v_tpg_0_0_synth_1/prj/sol/.autopilot/db/v_tpg.cpp:1675->C:/Vulcan/Design_Tool/Board_Demo/VC707/hdmi_output/hdmi_output.runs/design_1_v_tpg_0_0_synth_1/prj/sol/.autopilot/db/v_tpg.cpp:707]   --->   Operation 128 'store' 'store_ln1675' <Predicate = (icmp_ln563 & rampVal_2_flag_0)> <Delay = 0.00>
ST_2 : Operation 129 [1/1] (0.00ns)   --->   "%br_ln0 = br void %for.end47.loopexit.new12"   --->   Operation 129 'br' 'br_ln0' <Predicate = (icmp_ln563 & rampVal_2_flag_0)> <Delay = 0.00>
ST_2 : Operation 130 [1/1] (0.00ns)   --->   "%br_ln0 = br i1 %hdata_flag_0, void %for.end47.loopexit.new10, void %mergeST9"   --->   Operation 130 'br' 'br_ln0' <Predicate = (icmp_ln563)> <Delay = 0.00>
ST_2 : Operation 131 [1/1] (0.00ns)   --->   "%hdata_new_0_load = load i16 %hdata_new_0" [C:/Vulcan/Design_Tool/Board_Demo/VC707/hdmi_output/hdmi_output.runs/design_1_v_tpg_0_0_synth_1/prj/sol/.autopilot/db/v_tpg.cpp:1533->C:/Vulcan/Design_Tool/Board_Demo/VC707/hdmi_output/hdmi_output.runs/design_1_v_tpg_0_0_synth_1/prj/sol/.autopilot/db/v_tpg.cpp:689]   --->   Operation 131 'load' 'hdata_new_0_load' <Predicate = (icmp_ln563 & hdata_flag_0)> <Delay = 0.00>
ST_2 : Operation 132 [1/1] (0.00ns)   --->   "%store_ln1533 = store i16 %hdata_new_0_load, i16 %hdata" [C:/Vulcan/Design_Tool/Board_Demo/VC707/hdmi_output/hdmi_output.runs/design_1_v_tpg_0_0_synth_1/prj/sol/.autopilot/db/v_tpg.cpp:1533->C:/Vulcan/Design_Tool/Board_Demo/VC707/hdmi_output/hdmi_output.runs/design_1_v_tpg_0_0_synth_1/prj/sol/.autopilot/db/v_tpg.cpp:689]   --->   Operation 132 'store' 'store_ln1533' <Predicate = (icmp_ln563 & hdata_flag_0)> <Delay = 0.00>
ST_2 : Operation 133 [1/1] (0.00ns)   --->   "%br_ln0 = br void %for.end47.loopexit.new10"   --->   Operation 133 'br' 'br_ln0' <Predicate = (icmp_ln563 & hdata_flag_0)> <Delay = 0.00>
ST_2 : Operation 134 [1/1] (0.00ns)   --->   "%br_ln0 = br i1 %rampVal_3_flag_0, void %for.end47.loopexit.new, void %mergeST"   --->   Operation 134 'br' 'br_ln0' <Predicate = (icmp_ln563)> <Delay = 0.00>
ST_2 : Operation 135 [1/1] (0.00ns)   --->   "%rampVal_3_new_0_load = load i16 %rampVal_3_new_0" [C:/Vulcan/Design_Tool/Board_Demo/VC707/hdmi_output/hdmi_output.runs/design_1_v_tpg_0_0_synth_1/prj/sol/.autopilot/db/v_tpg.cpp:1073->C:/Vulcan/Design_Tool/Board_Demo/VC707/hdmi_output/hdmi_output.runs/design_1_v_tpg_0_0_synth_1/prj/sol/.autopilot/db/v_tpg.cpp:585]   --->   Operation 135 'load' 'rampVal_3_new_0_load' <Predicate = (icmp_ln563 & rampVal_3_flag_0)> <Delay = 0.00>
ST_2 : Operation 136 [1/1] (0.00ns)   --->   "%store_ln1073 = store i16 %rampVal_3_new_0_load, i16 %rampVal_1" [C:/Vulcan/Design_Tool/Board_Demo/VC707/hdmi_output/hdmi_output.runs/design_1_v_tpg_0_0_synth_1/prj/sol/.autopilot/db/v_tpg.cpp:1073->C:/Vulcan/Design_Tool/Board_Demo/VC707/hdmi_output/hdmi_output.runs/design_1_v_tpg_0_0_synth_1/prj/sol/.autopilot/db/v_tpg.cpp:585]   --->   Operation 136 'store' 'store_ln1073' <Predicate = (icmp_ln563 & rampVal_3_flag_0)> <Delay = 0.00>
ST_2 : Operation 137 [1/1] (0.00ns)   --->   "%br_ln0 = br void %for.end47.loopexit.new"   --->   Operation 137 'br' 'br_ln0' <Predicate = (icmp_ln563 & rampVal_3_flag_0)> <Delay = 0.00>
ST_2 : Operation 138 [1/1] (0.00ns)   --->   "%ret_ln751 = ret" [C:/Vulcan/Design_Tool/Board_Demo/VC707/hdmi_output/hdmi_output.runs/design_1_v_tpg_0_0_synth_1/prj/sol/.autopilot/db/v_tpg.cpp:751]   --->   Operation 138 'ret' 'ret_ln751' <Predicate = (icmp_ln563)> <Delay = 0.00>

State 3 <SV = 2> <Delay = 0.00>
ST_3 : Operation 139 [1/2] (0.00ns)   --->   "%call_ln585 = call void @tpgBackground_Pipeline_VITIS_LOOP_565_2, i1 %rampVal_3_flag_0, i1 %hdata_flag_0, i1 %rampVal_2_flag_0, i16 %width_val_read, i12 %pix_5, i12 %pix, i12 %conv2_i_i_i266, i9 %conv2_i_i_i248_cast_cast, i5 %conv2_i_i_i_cast_cast, i7 %conv2_i_i10_i264_cast_cast_cast_cast, i12 %conv2_i_i10_i246, i12 %conv2_i_i10_i241, i12 %rampStart_load, i36 %bckgndYUV, i16 %ZplateHorContStart_val_read, i8 %patternId_val_read, i1 %cmp2_i236, i12 %rampStart_load, i16 %y_3, i8 %colorFormat_val_read, i11 %barWidth, i11 %barWidth, i16 %ZplateHorContDelta_val_read, i16 %ZplateVerContStart_val_read, i1 %cmp12_i, i16 %ZplateVerContDelta_val_read, i11 %sub_i_i_i, i10 %barWidthMinSamples, i1 %cmp11_i, i1 %cmp_i370, i17 %sub35_i, i12 %trunc_ln565, i1 %icmp, i1 %tmp_33, i2 %colorSel, i8 %dpDynamicRange_val_read, i8 %dpYUVCoef_val_read, i1 %rampVal_3_flag_1_loc, i16 %rampVal_3_new_0, i16 %rampVal_3_loc_0, i16 %rampVal_loc_0, i8 %hBarSel_4_0_loc_0, i16 %zonePlateVAddr_loc_0, i8 %vBarSel_loc_0, i8 %hBarSel_0_loc_0, i1 %hdata_flag_1_loc, i16 %hdata_new_0, i16 %hdata_loc_0, i8 %vBarSel_2_loc_0, i8 %hBarSel_3_0_loc_0, i1 %rampVal_2_flag_1_loc, i16 %rampVal_2_new_0, i16 %rampVal_2_loc_0, i8 %vBarSel_3_loc_0, i8 %hBarSel_5_0_loc_0, i12 %p_0_2_0_0_0218_lcssa227, i12 %p_0_1_0_0_0216_lcssa224, i12 %p_0_0_0_0_0214_lcssa221, i12 %rampVal, i12 %redYuv, i12 %grnYuv, i12 %bluYuv, i12 %blkYuv, i12 %whiYuv, i2 %tpgBarSelRgb_r, i12 %tpgBarSelYuv_y, i2 %tpgBarSelRgb_g, i12 %tpgBarSelYuv_u, i12 %tpgBarSelYuv_v, i8 %hBarSel_4_0, i11 %xBar_0, i32 %s, i2 %tpgBarSelRgb_b, i20 %tpgSinTableArray, i16 %zonePlateVAddr, i16 %zonePlateVDelta, i3 %tpgTartanBarArray, i3 %hBarSel_0, i10 %xCount_0, i10 %yCount, i3 %vBarSel, i10 %xCount_4_0, i1 %vHatch, i10 %yCount_2, i12 %whiYuv_1, i12 %blkYuv_1, i8 %tpgSinTableArray_9bit_0, i8 %tpgSinTableArray_9bit_1, i9 %tpgSinTableArray_9bit_2, i8 %tpgSinTableArray_9bit_3, i8 %tpgSinTableArray_9bit_4, i2 %tpgCheckerBoardArray, i3 %hBarSel_3_0, i10 %xCount_3_0, i10 %yCount_3, i8 %vBarSel_2, i28 %rSerie, i28 %gSerie, i28 %bSerie, i2 %DPtpgBarSelRgb_VESA_r, i2 %DPtpgBarSelRgb_VESA_g, i2 %DPtpgBarSelRgb_VESA_b, i3 %DPtpgBarArray, i3 %hBarSel_5_0, i10 %xCount_5_0, i6 %yCount_1, i1 %vBarSel_1, i10 %DPtpgBarSelRgb_CEA_r, i10 %DPtpgBarSelRgb_CEA_g, i10 %DPtpgBarSelRgb_CEA_b, i12 %DPtpgBarSelYuv_601_y, i12 %DPtpgBarSelYuv_601_v, i12 %DPtpgBarSelYuv_601_u, i12 %DPtpgBarSelYuv_709_y, i12 %DPtpgBarSelYuv_709_v, i12 %DPtpgBarSelYuv_709_u" [C:/Vulcan/Design_Tool/Board_Demo/VC707/hdmi_output/hdmi_output.runs/design_1_v_tpg_0_0_synth_1/prj/sol/.autopilot/db/v_tpg.cpp:585]   --->   Operation 139 'call' 'call_ln585' <Predicate = true> <Delay = 0.00> <CoreType = "Generic">   --->   Core 0 '' <Latency = 0> <II = 1> <Delay = 1.00> <Generic> <Opcode : >

State 4 <SV = 3> <Delay = 0.00>
ST_4 : Operation 140 [1/1] (0.00ns)   --->   "%speclooptripcount_ln549 = speclooptripcount void @_ssdm_op_SpecLoopTripCount, i64 0, i64 65535, i64 32767" [C:/Vulcan/Design_Tool/Board_Demo/VC707/hdmi_output/hdmi_output.runs/design_1_v_tpg_0_0_synth_1/prj/sol/.autopilot/db/v_tpg.cpp:549]   --->   Operation 140 'speclooptripcount' 'speclooptripcount_ln549' <Predicate = true> <Delay = 0.00>
ST_4 : Operation 141 [1/1] (0.00ns)   --->   "%specloopname_ln563 = specloopname void @_ssdm_op_SpecLoopName, void @empty_15" [C:/Vulcan/Design_Tool/Board_Demo/VC707/hdmi_output/hdmi_output.runs/design_1_v_tpg_0_0_synth_1/prj/sol/.autopilot/db/v_tpg.cpp:563]   --->   Operation 141 'specloopname' 'specloopname_ln563' <Predicate = true> <Delay = 0.00>
ST_4 : Operation 142 [1/1] (0.00ns)   --->   "%rampVal_3_flag_1_loc_load = load i1 %rampVal_3_flag_1_loc"   --->   Operation 142 'load' 'rampVal_3_flag_1_loc_load' <Predicate = true> <Delay = 0.00>
ST_4 : Operation 143 [1/1] (0.00ns)   --->   "%hdata_flag_1_loc_load = load i1 %hdata_flag_1_loc"   --->   Operation 143 'load' 'hdata_flag_1_loc_load' <Predicate = true> <Delay = 0.00>
ST_4 : Operation 144 [1/1] (0.00ns)   --->   "%rampVal_2_flag_1_loc_load = load i1 %rampVal_2_flag_1_loc"   --->   Operation 144 'load' 'rampVal_2_flag_1_loc_load' <Predicate = true> <Delay = 0.00>
ST_4 : Operation 145 [1/1] (0.00ns)   --->   "%br_ln563 = br void %VITIS_LOOP_565_2" [C:/Vulcan/Design_Tool/Board_Demo/VC707/hdmi_output/hdmi_output.runs/design_1_v_tpg_0_0_synth_1/prj/sol/.autopilot/db/v_tpg.cpp:563]   --->   Operation 145 'br' 'br_ln563' <Predicate = true> <Delay = 0.00>


============================================================
+ Verbose Summary: Timing violations
============================================================
Target clock period: 6.737ns, clock uncertainty: 1.819ns.

 <State 1>: 2.667ns
The critical path consists of the following:
	wire read operation ('width_val_read') on port 'width_val' [107]  (0.000 ns)
	'add' operation 14 bit ('add2_i') [134]  (1.321 ns)
	'add' operation 10 bit ('barWidthMinSamples') [136]  (1.346 ns)

 <State 2>: 3.502ns
The critical path consists of the following:
	'load' operation 16 bit ('y', C:/Vulcan/Design_Tool/Board_Demo/VC707/hdmi_output/hdmi_output.runs/design_1_v_tpg_0_0_synth_1/prj/sol/.autopilot/db/v_tpg.cpp:565) on local variable 'y', C:/Vulcan/Design_Tool/Board_Demo/VC707/hdmi_output/hdmi_output.runs/design_1_v_tpg_0_0_synth_1/prj/sol/.autopilot/db/v_tpg.cpp:549 [184]  (0.000 ns)
	'icmp' operation 1 bit ('cmp11_i', C:/Vulcan/Design_Tool/Board_Demo/VC707/hdmi_output/hdmi_output.runs/design_1_v_tpg_0_0_synth_1/prj/sol/.autopilot/db/v_tpg.cpp:563) [196]  (1.322 ns)
	'call' operation 0 bit ('call_ln585', C:/Vulcan/Design_Tool/Board_Demo/VC707/hdmi_output/hdmi_output.runs/design_1_v_tpg_0_0_synth_1/prj/sol/.autopilot/db/v_tpg.cpp:585) to 'tpgBackground_Pipeline_VITIS_LOOP_565_2' [199]  (2.180 ns)

 <State 3>: 0.000ns
The critical path consists of the following:

 <State 4>: 0.000ns
The critical path consists of the following:


============================================================
+ Verbose Summary: Binding
============================================================
N/A
* FSMD analyzer results:
  - Output states:
 - Input state : 
  - Chain level:
	State 1
	State 2
	State 3
	State 4


============================================================
+ Verbose Summary: Datapath Resource usage 
============================================================
N/A
