
*** Running vivado
    with args -log xilinx_pcie_2_1_ep_7x.vds -m64 -product Vivado -mode batch -messageDb vivado.pb -notrace -source xilinx_pcie_2_1_ep_7x.tcl



****** Vivado v2023.2 (64-bit)
  **** SW Build 4029153 on Fri Oct 13 20:14:34 MDT 2023
  **** IP Build 4028589 on Sat Oct 14 00:45:43 MDT 2023
  **** SharedData Build 4025554 on Tue Oct 10 17:18:54 MDT 2023
    ** Copyright 1986-2022 Xilinx, Inc. All Rights Reserved.
    ** Copyright 2022-2023 Advanced Micro Devices, Inc. All Rights Reserved.

source xilinx_pcie_2_1_ep_7x.tcl -notrace
Command: synth_design -top xilinx_pcie_2_1_ep_7x -part xc7vx485tffg1761-2
Starting synth_design
Attempting to get a license for feature 'Synthesis' and/or device 'xc7vx485t'
INFO: [Common 17-349] Got license for feature 'Synthesis' and/or device 'xc7vx485t'
INFO: [Device 21-403] Loading part xc7vx485tffg1761-2
INFO: [Synth 8-7079] Multithreading enabled for synth_design using a maximum of 2 processes.
INFO: [Synth 8-7078] Launching helper process for spawning children vivado processes
INFO: [Synth 8-7075] Helper process launched with PID 3328
---------------------------------------------------------------------------------
Starting RTL Elaboration : Time (s): cpu = 00:00:02 ; elapsed = 00:00:03 . Memory (MB): peak = 1608.387 ; gain = 438.984
---------------------------------------------------------------------------------
INFO: [Synth 8-6157] synthesizing module 'xilinx_pcie_2_1_ep_7x' [c:/Vulcan/Design_Tool/Board_Demo/VC707/vc707_pcie_x8_gen2_ex/imports/xilinx_pcie_2_1_ep_7x.v:60]
INFO: [Synth 8-6157] synthesizing module 'IBUF' [C:/Xilinx/Vivado/2023.2/scripts/rt/data/unisim_comp.v:73631]
INFO: [Synth 8-6155] done synthesizing module 'IBUF' (0#1) [C:/Xilinx/Vivado/2023.2/scripts/rt/data/unisim_comp.v:73631]
INFO: [Synth 8-6157] synthesizing module 'IBUFDS_GTE2' [C:/Xilinx/Vivado/2023.2/scripts/rt/data/unisim_comp.v:73785]
INFO: [Synth 8-6155] done synthesizing module 'IBUFDS_GTE2' (0#1) [C:/Xilinx/Vivado/2023.2/scripts/rt/data/unisim_comp.v:73785]
INFO: [Synth 8-6157] synthesizing module 'OBUF' [C:/Xilinx/Vivado/2023.2/scripts/rt/data/unisim_comp.v:93059]
INFO: [Synth 8-6155] done synthesizing module 'OBUF' (0#1) [C:/Xilinx/Vivado/2023.2/scripts/rt/data/unisim_comp.v:93059]
INFO: [Synth 8-6157] synthesizing module 'vc707_pcie_x8_gen2_support' [c:/Vulcan/Design_Tool/Board_Demo/VC707/vc707_pcie_x8_gen2_ex/imports/vc707_pcie_x8_gen2_support.v:61]
	Parameter LINK_CAP_MAX_LINK_WIDTH bound to: 8 - type: integer 
	Parameter C_DATA_WIDTH bound to: 128 - type: integer 
	Parameter KEEP_WIDTH bound to: 16 - type: integer 
	Parameter PCIE_REFCLK_FREQ bound to: 0 - type: integer 
	Parameter PCIE_USERCLK1_FREQ bound to: 5 - type: integer 
	Parameter PCIE_USERCLK2_FREQ bound to: 4 - type: integer 
	Parameter PCIE_GT_DEVICE bound to: GTX - type: string 
	Parameter PCIE_USE_MODE bound to: 3.0 - type: string 
INFO: [Synth 8-6157] synthesizing module 'vc707_pcie_x8_gen2_pipe_clock' [c:/Vulcan/Design_Tool/Board_Demo/VC707/vc707_pcie_x8_gen2_ex/imports/vc707_pcie_x8_gen2_pipe_clock.v:67]
	Parameter PCIE_ASYNC_EN bound to: FALSE - type: string 
	Parameter PCIE_TXBUF_EN bound to: FALSE - type: string 
	Parameter PCIE_LANE bound to: 8 - type: integer 
	Parameter PCIE_REFCLK_FREQ bound to: 0 - type: integer 
	Parameter PCIE_USERCLK1_FREQ bound to: 5 - type: integer 
	Parameter PCIE_USERCLK2_FREQ bound to: 4 - type: integer 
	Parameter PCIE_DEBUG_MODE bound to: 0 - type: integer 
INFO: [Synth 8-6157] synthesizing module 'BUFG' [C:/Xilinx/Vivado/2023.2/scripts/rt/data/unisim_comp.v:1951]
INFO: [Synth 8-6155] done synthesizing module 'BUFG' (0#1) [C:/Xilinx/Vivado/2023.2/scripts/rt/data/unisim_comp.v:1951]
INFO: [Synth 8-6157] synthesizing module 'BUFGCTRL' [C:/Xilinx/Vivado/2023.2/scripts/rt/data/unisim_comp.v:2012]
INFO: [Synth 8-6155] done synthesizing module 'BUFGCTRL' (0#1) [C:/Xilinx/Vivado/2023.2/scripts/rt/data/unisim_comp.v:2012]
INFO: [Synth 8-6157] synthesizing module 'MMCME2_ADV' [C:/Xilinx/Vivado/2023.2/scripts/rt/data/unisim_comp.v:82174]
	Parameter BANDWIDTH bound to: OPTIMIZED - type: string 
	Parameter CLKFBOUT_MULT_F bound to: 10.000000 - type: double 
	Parameter CLKFBOUT_PHASE bound to: 0.000000 - type: double 
	Parameter CLKFBOUT_USE_FINE_PS bound to: FALSE - type: string 
	Parameter CLKIN1_PERIOD bound to: 10.000000 - type: double 
	Parameter CLKOUT0_DIVIDE_F bound to: 8.000000 - type: double 
	Parameter CLKOUT0_DUTY_CYCLE bound to: 0.500000 - type: double 
	Parameter CLKOUT0_PHASE bound to: 0.000000 - type: double 
	Parameter CLKOUT0_USE_FINE_PS bound to: FALSE - type: string 
	Parameter CLKOUT1_DIVIDE bound to: 4 - type: integer 
	Parameter CLKOUT1_DUTY_CYCLE bound to: 0.500000 - type: double 
	Parameter CLKOUT1_PHASE bound to: 0.000000 - type: double 
	Parameter CLKOUT1_USE_FINE_PS bound to: FALSE - type: string 
	Parameter CLKOUT2_DIVIDE bound to: 2 - type: integer 
	Parameter CLKOUT2_DUTY_CYCLE bound to: 0.500000 - type: double 
	Parameter CLKOUT2_PHASE bound to: 0.000000 - type: double 
	Parameter CLKOUT2_USE_FINE_PS bound to: FALSE - type: string 
	Parameter CLKOUT3_DIVIDE bound to: 4 - type: integer 
	Parameter CLKOUT3_DUTY_CYCLE bound to: 0.500000 - type: double 
	Parameter CLKOUT3_PHASE bound to: 0.000000 - type: double 
	Parameter CLKOUT3_USE_FINE_PS bound to: FALSE - type: string 
	Parameter CLKOUT4_CASCADE bound to: FALSE - type: string 
	Parameter CLKOUT4_DIVIDE bound to: 20 - type: integer 
	Parameter CLKOUT4_DUTY_CYCLE bound to: 0.500000 - type: double 
	Parameter CLKOUT4_PHASE bound to: 0.000000 - type: double 
	Parameter CLKOUT4_USE_FINE_PS bound to: FALSE - type: string 
	Parameter COMPENSATION bound to: ZHOLD - type: string 
	Parameter DIVCLK_DIVIDE bound to: 1 - type: integer 
	Parameter REF_JITTER1 bound to: 0.010000 - type: double 
	Parameter STARTUP_WAIT bound to: FALSE - type: string 
INFO: [Synth 8-6155] done synthesizing module 'MMCME2_ADV' (0#1) [C:/Xilinx/Vivado/2023.2/scripts/rt/data/unisim_comp.v:82174]
INFO: [Synth 8-6155] done synthesizing module 'vc707_pcie_x8_gen2_pipe_clock' (0#1) [c:/Vulcan/Design_Tool/Board_Demo/VC707/vc707_pcie_x8_gen2_ex/imports/vc707_pcie_x8_gen2_pipe_clock.v:67]
INFO: [Synth 8-6157] synthesizing module 'vc707_pcie_x8_gen2' [c:/Vulcan/Design_Tool/Board_Demo/VC707/vc707_pcie_x8_gen2_ex/vc707_pcie_x8_gen2_ex.runs/synth_1/.Xil/Vivado-1596-Vulcan/realtime/vc707_pcie_x8_gen2_stub.v:6]
INFO: [Synth 8-6155] done synthesizing module 'vc707_pcie_x8_gen2' (0#1) [c:/Vulcan/Design_Tool/Board_Demo/VC707/vc707_pcie_x8_gen2_ex/vc707_pcie_x8_gen2_ex.runs/synth_1/.Xil/Vivado-1596-Vulcan/realtime/vc707_pcie_x8_gen2_stub.v:6]
INFO: [Synth 8-6155] done synthesizing module 'vc707_pcie_x8_gen2_support' (0#1) [c:/Vulcan/Design_Tool/Board_Demo/VC707/vc707_pcie_x8_gen2_ex/imports/vc707_pcie_x8_gen2_support.v:61]
INFO: [Synth 8-6157] synthesizing module 'pcie_app_7x' [c:/Vulcan/Design_Tool/Board_Demo/VC707/vc707_pcie_x8_gen2_ex/imports/pcie_app_7x.v:66]
	Parameter C_DATA_WIDTH bound to: 128 - type: integer 
	Parameter TCQ bound to: 1 - type: integer 
INFO: [Synth 8-6157] synthesizing module 'PIO' [c:/Vulcan/Design_Tool/Board_Demo/VC707/vc707_pcie_x8_gen2_ex/imports/PIO.v:66]
	Parameter C_DATA_WIDTH bound to: 128 - type: integer 
	Parameter KEEP_WIDTH bound to: 16 - type: integer 
	Parameter TCQ bound to: 1 - type: integer 
INFO: [Synth 8-6157] synthesizing module 'PIO_EP' [c:/Vulcan/Design_Tool/Board_Demo/VC707/vc707_pcie_x8_gen2_ex/imports/PIO_EP.v:62]
	Parameter C_DATA_WIDTH bound to: 128 - type: integer 
	Parameter KEEP_WIDTH bound to: 16 - type: integer 
	Parameter TCQ bound to: 1 - type: integer 
INFO: [Synth 8-6157] synthesizing module 'PIO_EP_MEM_ACCESS' [c:/Vulcan/Design_Tool/Board_Demo/VC707/vc707_pcie_x8_gen2_ex/imports/PIO_EP_MEM_ACCESS.v:69]
	Parameter TCQ bound to: 1 - type: integer 
INFO: [Synth 8-6157] synthesizing module 'EP_MEM' [c:/Vulcan/Design_Tool/Board_Demo/VC707/vc707_pcie_x8_gen2_ex/imports/EP_MEM.v:65]
INFO: [Synth 8-6157] synthesizing module 'RAMB36E1' [C:/Xilinx/Vivado/2023.2/scripts/rt/data/unisim_comp.v:131513]
	Parameter DOA_REG bound to: 1 - type: integer 
	Parameter DOB_REG bound to: 1 - type: integer 
	Parameter EN_ECC_READ bound to: FALSE - type: string 
	Parameter EN_ECC_WRITE bound to: FALSE - type: string 
	Parameter INITP_00 bound to: 256'b0000000000000000000000000000000000000000000000000000000000000000000000000000000000000000000000000000000000000000000000000000000000000000000000000000000000000000000000000000000000000000000000000000000000000000000000000000000000000000000000000000000000000000 
	Parameter INITP_01 bound to: 256'b0000000000000000000000000000000000000000000000000000000000000000000000000000000000000000000000000000000000000000000000000000000000000000000000000000000000000000000000000000000000000000000000000000000000000000000000000000000000000000000000000000000000000000 
	Parameter INITP_02 bound to: 256'b0000000000000000000000000000000000000000000000000000000000000000000000000000000000000000000000000000000000000000000000000000000000000000000000000000000000000000000000000000000000000000000000000000000000000000000000000000000000000000000000000000000000000000 
	Parameter INITP_03 bound to: 256'b0000000000000000000000000000000000000000000000000000000000000000000000000000000000000000000000000000000000000000000000000000000000000000000000000000000000000000000000000000000000000000000000000000000000000000000000000000000000000000000000000000000000000000 
	Parameter INITP_04 bound to: 256'b0000000000000000000000000000000000000000000000000000000000000000000000000000000000000000000000000000000000000000000000000000000000000000000000000000000000000000000000000000000000000000000000000000000000000000000000000000000000000000000000000000000000000000 
	Parameter INITP_05 bound to: 256'b0000000000000000000000000000000000000000000000000000000000000000000000000000000000000000000000000000000000000000000000000000000000000000000000000000000000000000000000000000000000000000000000000000000000000000000000000000000000000000000000000000000000000000 
	Parameter INITP_06 bound to: 256'b0000000000000000000000000000000000000000000000000000000000000000000000000000000000000000000000000000000000000000000000000000000000000000000000000000000000000000000000000000000000000000000000000000000000000000000000000000000000000000000000000000000000000000 
	Parameter INITP_07 bound to: 256'b0000000000000000000000000000000000000000000000000000000000000000000000000000000000000000000000000000000000000000000000000000000000000000000000000000000000000000000000000000000000000000000000000000000000000000000000000000000000000000000000000000000000000000 
	Parameter INITP_08 bound to: 256'b0000000000000000000000000000000000000000000000000000000000000000000000000000000000000000000000000000000000000000000000000000000000000000000000000000000000000000000000000000000000000000000000000000000000000000000000000000000000000000000000000000000000000000 
	Parameter INITP_09 bound to: 256'b0000000000000000000000000000000000000000000000000000000000000000000000000000000000000000000000000000000000000000000000000000000000000000000000000000000000000000000000000000000000000000000000000000000000000000000000000000000000000000000000000000000000000000 
	Parameter INITP_0A bound to: 256'b0000000000000000000000000000000000000000000000000000000000000000000000000000000000000000000000000000000000000000000000000000000000000000000000000000000000000000000000000000000000000000000000000000000000000000000000000000000000000000000000000000000000000000 
	Parameter INITP_0B bound to: 256'b0000000000000000000000000000000000000000000000000000000000000000000000000000000000000000000000000000000000000000000000000000000000000000000000000000000000000000000000000000000000000000000000000000000000000000000000000000000000000000000000000000000000000000 
	Parameter INITP_0C bound to: 256'b0000000000000000000000000000000000000000000000000000000000000000000000000000000000000000000000000000000000000000000000000000000000000000000000000000000000000000000000000000000000000000000000000000000000000000000000000000000000000000000000000000000000000000 
	Parameter INITP_0D bound to: 256'b0000000000000000000000000000000000000000000000000000000000000000000000000000000000000000000000000000000000000000000000000000000000000000000000000000000000000000000000000000000000000000000000000000000000000000000000000000000000000000000000000000000000000000 
	Parameter INITP_0E bound to: 256'b0000000000000000000000000000000000000000000000000000000000000000000000000000000000000000000000000000000000000000000000000000000000000000000000000000000000000000000000000000000000000000000000000000000000000000000000000000000000000000000000000000000000000000 
	Parameter INITP_0F bound to: 256'b0000000000000000000000000000000000000000000000000000000000000000000000000000000000000000000000000000000000000000000000000000000000000000000000000000000000000000000000000000000000000000000000000000000000000000000000000000000000000000000000000000000000000000 
	Parameter INIT_00 bound to: 256'b0000000000000000000000000000000000000000000000000000000000000000000000000000000000000000000000000000000000000000000000000000000000000000000000000000000000000000000000000000000000000000000000000000000000000000000000000000000000000000000000000000000000000000 
	Parameter INIT_01 bound to: 256'b0000000000000000000000000000000000000000000000000000000000000000000000000000000000000000000000000000000000000000000000000000000000000000000000000000000000000000000000000000000000000000000000000000000000000000000000000000000000000000000000000000000000000000 
	Parameter INIT_02 bound to: 256'b0000000000000000000000000000000000000000000000000000000000000000000000000000000000000000000000000000000000000000000000000000000000000000000000000000000000000000000000000000000000000000000000000000000000000000000000000000000000000000000000000000000000000000 
	Parameter INIT_03 bound to: 256'b0000000000000000000000000000000000000000000000000000000000000000000000000000000000000000000000000000000000000000000000000000000000000000000000000000000000000000000000000000000000000000000000000000000000000000000000000000000000000000000000000000000000000000 
	Parameter INIT_04 bound to: 256'b0000000000000000000000000000000000000000000000000000000000000000000000000000000000000000000000000000000000000000000000000000000000000000000000000000000000000000000000000000000000000000000000000000000000000000000000000000000000000000000000000000000000000000 
	Parameter INIT_05 bound to: 256'b0000000000000000000000000000000000000000000000000000000000000000000000000000000000000000000000000000000000000000000000000000000000000000000000000000000000000000000000000000000000000000000000000000000000000000000000000000000000000000000000000000000000000000 
	Parameter INIT_06 bound to: 256'b0000000000000000000000000000000000000000000000000000000000000000000000000000000000000000000000000000000000000000000000000000000000000000000000000000000000000000000000000000000000000000000000000000000000000000000000000000000000000000000000000000000000000000 
	Parameter INIT_07 bound to: 256'b0000000000000000000000000000000000000000000000000000000000000000000000000000000000000000000000000000000000000000000000000000000000000000000000000000000000000000000000000000000000000000000000000000000000000000000000000000000000000000000000000000000000000000 
	Parameter INIT_08 bound to: 256'b0000000000000000000000000000000000000000000000000000000000000000000000000000000000000000000000000000000000000000000000000000000000000000000000000000000000000000000000000000000000000000000000000000000000000000000000000000000000000000000000000000000000000000 
	Parameter INIT_09 bound to: 256'b0000000000000000000000000000000000000000000000000000000000000000000000000000000000000000000000000000000000000000000000000000000000000000000000000000000000000000000000000000000000000000000000000000000000000000000000000000000000000000000000000000000000000000 
	Parameter INIT_0A bound to: 256'b0000000000000000000000000000000000000000000000000000000000000000000000000000000000000000000000000000000000000000000000000000000000000000000000000000000000000000000000000000000000000000000000000000000000000000000000000000000000000000000000000000000000000000 
	Parameter INIT_0B bound to: 256'b0000000000000000000000000000000000000000000000000000000000000000000000000000000000000000000000000000000000000000000000000000000000000000000000000000000000000000000000000000000000000000000000000000000000000000000000000000000000000000000000000000000000000000 
	Parameter INIT_0C bound to: 256'b0000000000000000000000000000000000000000000000000000000000000000000000000000000000000000000000000000000000000000000000000000000000000000000000000000000000000000000000000000000000000000000000000000000000000000000000000000000000000000000000000000000000000000 
	Parameter INIT_0D bound to: 256'b0000000000000000000000000000000000000000000000000000000000000000000000000000000000000000000000000000000000000000000000000000000000000000000000000000000000000000000000000000000000000000000000000000000000000000000000000000000000000000000000000000000000000000 
	Parameter INIT_0E bound to: 256'b0000000000000000000000000000000000000000000000000000000000000000000000000000000000000000000000000000000000000000000000000000000000000000000000000000000000000000000000000000000000000000000000000000000000000000000000000000000000000000000000000000000000000000 
	Parameter INIT_0F bound to: 256'b0000000000000000000000000000000000000000000000000000000000000000000000000000000000000000000000000000000000000000000000000000000000000000000000000000000000000000000000000000000000000000000000000000000000000000000000000000000000000000000000000000000000000000 
	Parameter INIT_10 bound to: 256'b0000000000000000000000000000000000000000000000000000000000000000000000000000000000000000000000000000000000000000000000000000000000000000000000000000000000000000000000000000000000000000000000000000000000000000000000000000000000000000000000000000000000000000 
	Parameter INIT_11 bound to: 256'b0000000000000000000000000000000000000000000000000000000000000000000000000000000000000000000000000000000000000000000000000000000000000000000000000000000000000000000000000000000000000000000000000000000000000000000000000000000000000000000000000000000000000000 
	Parameter INIT_12 bound to: 256'b0000000000000000000000000000000000000000000000000000000000000000000000000000000000000000000000000000000000000000000000000000000000000000000000000000000000000000000000000000000000000000000000000000000000000000000000000000000000000000000000000000000000000000 
	Parameter INIT_13 bound to: 256'b0000000000000000000000000000000000000000000000000000000000000000000000000000000000000000000000000000000000000000000000000000000000000000000000000000000000000000000000000000000000000000000000000000000000000000000000000000000000000000000000000000000000000000 
	Parameter INIT_14 bound to: 256'b0000000000000000000000000000000000000000000000000000000000000000000000000000000000000000000000000000000000000000000000000000000000000000000000000000000000000000000000000000000000000000000000000000000000000000000000000000000000000000000000000000000000000000 
	Parameter INIT_15 bound to: 256'b0000000000000000000000000000000000000000000000000000000000000000000000000000000000000000000000000000000000000000000000000000000000000000000000000000000000000000000000000000000000000000000000000000000000000000000000000000000000000000000000000000000000000000 
	Parameter INIT_16 bound to: 256'b0000000000000000000000000000000000000000000000000000000000000000000000000000000000000000000000000000000000000000000000000000000000000000000000000000000000000000000000000000000000000000000000000000000000000000000000000000000000000000000000000000000000000000 
	Parameter INIT_17 bound to: 256'b0000000000000000000000000000000000000000000000000000000000000000000000000000000000000000000000000000000000000000000000000000000000000000000000000000000000000000000000000000000000000000000000000000000000000000000000000000000000000000000000000000000000000000 
	Parameter INIT_18 bound to: 256'b0000000000000000000000000000000000000000000000000000000000000000000000000000000000000000000000000000000000000000000000000000000000000000000000000000000000000000000000000000000000000000000000000000000000000000000000000000000000000000000000000000000000000000 
	Parameter INIT_19 bound to: 256'b0000000000000000000000000000000000000000000000000000000000000000000000000000000000000000000000000000000000000000000000000000000000000000000000000000000000000000000000000000000000000000000000000000000000000000000000000000000000000000000000000000000000000000 
	Parameter INIT_1A bound to: 256'b0000000000000000000000000000000000000000000000000000000000000000000000000000000000000000000000000000000000000000000000000000000000000000000000000000000000000000000000000000000000000000000000000000000000000000000000000000000000000000000000000000000000000000 
	Parameter INIT_1B bound to: 256'b0000000000000000000000000000000000000000000000000000000000000000000000000000000000000000000000000000000000000000000000000000000000000000000000000000000000000000000000000000000000000000000000000000000000000000000000000000000000000000000000000000000000000000 
	Parameter INIT_1C bound to: 256'b0000000000000000000000000000000000000000000000000000000000000000000000000000000000000000000000000000000000000000000000000000000000000000000000000000000000000000000000000000000000000000000000000000000000000000000000000000000000000000000000000000000000000000 
	Parameter INIT_1D bound to: 256'b0000000000000000000000000000000000000000000000000000000000000000000000000000000000000000000000000000000000000000000000000000000000000000000000000000000000000000000000000000000000000000000000000000000000000000000000000000000000000000000000000000000000000000 
	Parameter INIT_1E bound to: 256'b0000000000000000000000000000000000000000000000000000000000000000000000000000000000000000000000000000000000000000000000000000000000000000000000000000000000000000000000000000000000000000000000000000000000000000000000000000000000000000000000000000000000000000 
	Parameter INIT_1F bound to: 256'b0000000000000000000000000000000000000000000000000000000000000000000000000000000000000000000000000000000000000000000000000000000000000000000000000000000000000000000000000000000000000000000000000000000000000000000000000000000000000000000000000000000000000000 
	Parameter INIT_20 bound to: 256'b0000000000000000000000000000000000000000000000000000000000000000000000000000000000000000000000000000000000000000000000000000000000000000000000000000000000000000000000000000000000000000000000000000000000000000000000000000000000000000000000000000000000000000 
	Parameter INIT_21 bound to: 256'b0000000000000000000000000000000000000000000000000000000000000000000000000000000000000000000000000000000000000000000000000000000000000000000000000000000000000000000000000000000000000000000000000000000000000000000000000000000000000000000000000000000000000000 
	Parameter INIT_22 bound to: 256'b0000000000000000000000000000000000000000000000000000000000000000000000000000000000000000000000000000000000000000000000000000000000000000000000000000000000000000000000000000000000000000000000000000000000000000000000000000000000000000000000000000000000000000 
	Parameter INIT_23 bound to: 256'b0000000000000000000000000000000000000000000000000000000000000000000000000000000000000000000000000000000000000000000000000000000000000000000000000000000000000000000000000000000000000000000000000000000000000000000000000000000000000000000000000000000000000000 
	Parameter INIT_24 bound to: 256'b0000000000000000000000000000000000000000000000000000000000000000000000000000000000000000000000000000000000000000000000000000000000000000000000000000000000000000000000000000000000000000000000000000000000000000000000000000000000000000000000000000000000000000 
	Parameter INIT_25 bound to: 256'b0000000000000000000000000000000000000000000000000000000000000000000000000000000000000000000000000000000000000000000000000000000000000000000000000000000000000000000000000000000000000000000000000000000000000000000000000000000000000000000000000000000000000000 
	Parameter INIT_26 bound to: 256'b0000000000000000000000000000000000000000000000000000000000000000000000000000000000000000000000000000000000000000000000000000000000000000000000000000000000000000000000000000000000000000000000000000000000000000000000000000000000000000000000000000000000000000 
	Parameter INIT_27 bound to: 256'b0000000000000000000000000000000000000000000000000000000000000000000000000000000000000000000000000000000000000000000000000000000000000000000000000000000000000000000000000000000000000000000000000000000000000000000000000000000000000000000000000000000000000000 
	Parameter INIT_28 bound to: 256'b0000000000000000000000000000000000000000000000000000000000000000000000000000000000000000000000000000000000000000000000000000000000000000000000000000000000000000000000000000000000000000000000000000000000000000000000000000000000000000000000000000000000000000 
	Parameter INIT_29 bound to: 256'b0000000000000000000000000000000000000000000000000000000000000000000000000000000000000000000000000000000000000000000000000000000000000000000000000000000000000000000000000000000000000000000000000000000000000000000000000000000000000000000000000000000000000000 
	Parameter INIT_2A bound to: 256'b0000000000000000000000000000000000000000000000000000000000000000000000000000000000000000000000000000000000000000000000000000000000000000000000000000000000000000000000000000000000000000000000000000000000000000000000000000000000000000000000000000000000000000 
	Parameter INIT_2B bound to: 256'b0000000000000000000000000000000000000000000000000000000000000000000000000000000000000000000000000000000000000000000000000000000000000000000000000000000000000000000000000000000000000000000000000000000000000000000000000000000000000000000000000000000000000000 
	Parameter INIT_2C bound to: 256'b0000000000000000000000000000000000000000000000000000000000000000000000000000000000000000000000000000000000000000000000000000000000000000000000000000000000000000000000000000000000000000000000000000000000000000000000000000000000000000000000000000000000000000 
	Parameter INIT_2D bound to: 256'b0000000000000000000000000000000000000000000000000000000000000000000000000000000000000000000000000000000000000000000000000000000000000000000000000000000000000000000000000000000000000000000000000000000000000000000000000000000000000000000000000000000000000000 
	Parameter INIT_2E bound to: 256'b0000000000000000000000000000000000000000000000000000000000000000000000000000000000000000000000000000000000000000000000000000000000000000000000000000000000000000000000000000000000000000000000000000000000000000000000000000000000000000000000000000000000000000 
	Parameter INIT_2F bound to: 256'b0000000000000000000000000000000000000000000000000000000000000000000000000000000000000000000000000000000000000000000000000000000000000000000000000000000000000000000000000000000000000000000000000000000000000000000000000000000000000000000000000000000000000000 
	Parameter INIT_30 bound to: 256'b0000000000000000000000000000000000000000000000000000000000000000000000000000000000000000000000000000000000000000000000000000000000000000000000000000000000000000000000000000000000000000000000000000000000000000000000000000000000000000000000000000000000000000 
	Parameter INIT_31 bound to: 256'b0000000000000000000000000000000000000000000000000000000000000000000000000000000000000000000000000000000000000000000000000000000000000000000000000000000000000000000000000000000000000000000000000000000000000000000000000000000000000000000000000000000000000000 
	Parameter INIT_32 bound to: 256'b0000000000000000000000000000000000000000000000000000000000000000000000000000000000000000000000000000000000000000000000000000000000000000000000000000000000000000000000000000000000000000000000000000000000000000000000000000000000000000000000000000000000000000 
	Parameter INIT_33 bound to: 256'b0000000000000000000000000000000000000000000000000000000000000000000000000000000000000000000000000000000000000000000000000000000000000000000000000000000000000000000000000000000000000000000000000000000000000000000000000000000000000000000000000000000000000000 
	Parameter INIT_34 bound to: 256'b0000000000000000000000000000000000000000000000000000000000000000000000000000000000000000000000000000000000000000000000000000000000000000000000000000000000000000000000000000000000000000000000000000000000000000000000000000000000000000000000000000000000000000 
	Parameter INIT_35 bound to: 256'b0000000000000000000000000000000000000000000000000000000000000000000000000000000000000000000000000000000000000000000000000000000000000000000000000000000000000000000000000000000000000000000000000000000000000000000000000000000000000000000000000000000000000000 
	Parameter INIT_36 bound to: 256'b0000000000000000000000000000000000000000000000000000000000000000000000000000000000000000000000000000000000000000000000000000000000000000000000000000000000000000000000000000000000000000000000000000000000000000000000000000000000000000000000000000000000000000 
	Parameter INIT_37 bound to: 256'b0000000000000000000000000000000000000000000000000000000000000000000000000000000000000000000000000000000000000000000000000000000000000000000000000000000000000000000000000000000000000000000000000000000000000000000000000000000000000000000000000000000000000000 
	Parameter INIT_38 bound to: 256'b0000000000000000000000000000000000000000000000000000000000000000000000000000000000000000000000000000000000000000000000000000000000000000000000000000000000000000000000000000000000000000000000000000000000000000000000000000000000000000000000000000000000000000 
	Parameter INIT_39 bound to: 256'b0000000000000000000000000000000000000000000000000000000000000000000000000000000000000000000000000000000000000000000000000000000000000000000000000000000000000000000000000000000000000000000000000000000000000000000000000000000000000000000000000000000000000000 
	Parameter INIT_3A bound to: 256'b0000000000000000000000000000000000000000000000000000000000000000000000000000000000000000000000000000000000000000000000000000000000000000000000000000000000000000000000000000000000000000000000000000000000000000000000000000000000000000000000000000000000000000 
	Parameter INIT_3B bound to: 256'b0000000000000000000000000000000000000000000000000000000000000000000000000000000000000000000000000000000000000000000000000000000000000000000000000000000000000000000000000000000000000000000000000000000000000000000000000000000000000000000000000000000000000000 
	Parameter INIT_3C bound to: 256'b0000000000000000000000000000000000000000000000000000000000000000000000000000000000000000000000000000000000000000000000000000000000000000000000000000000000000000000000000000000000000000000000000000000000000000000000000000000000000000000000000000000000000000 
	Parameter INIT_3D bound to: 256'b0000000000000000000000000000000000000000000000000000000000000000000000000000000000000000000000000000000000000000000000000000000000000000000000000000000000000000000000000000000000000000000000000000000000000000000000000000000000000000000000000000000000000000 
	Parameter INIT_3E bound to: 256'b0000000000000000000000000000000000000000000000000000000000000000000000000000000000000000000000000000000000000000000000000000000000000000000000000000000000000000000000000000000000000000000000000000000000000000000000000000000000000000000000000000000000000000 
	Parameter INIT_3F bound to: 256'b0000000000000000000000000000000000000000000000000000000000000000000000000000000000000000000000000000000000000000000000000000000000000000000000000000000000000000000000000000000000000000000000000000000000000000000000000000000000000000000000000000000000000000 
	Parameter INIT_40 bound to: 256'b0000000000000000000000000000000000000000000000000000000000000000000000000000000000000000000000000000000000000000000000000000000000000000000000000000000000000000000000000000000000000000000000000000000000000000000000000000000000000000000000000000000000000000 
	Parameter INIT_41 bound to: 256'b0000000000000000000000000000000000000000000000000000000000000000000000000000000000000000000000000000000000000000000000000000000000000000000000000000000000000000000000000000000000000000000000000000000000000000000000000000000000000000000000000000000000000000 
	Parameter INIT_42 bound to: 256'b0000000000000000000000000000000000000000000000000000000000000000000000000000000000000000000000000000000000000000000000000000000000000000000000000000000000000000000000000000000000000000000000000000000000000000000000000000000000000000000000000000000000000000 
	Parameter INIT_43 bound to: 256'b0000000000000000000000000000000000000000000000000000000000000000000000000000000000000000000000000000000000000000000000000000000000000000000000000000000000000000000000000000000000000000000000000000000000000000000000000000000000000000000000000000000000000000 
	Parameter INIT_44 bound to: 256'b0000000000000000000000000000000000000000000000000000000000000000000000000000000000000000000000000000000000000000000000000000000000000000000000000000000000000000000000000000000000000000000000000000000000000000000000000000000000000000000000000000000000000000 
	Parameter INIT_45 bound to: 256'b0000000000000000000000000000000000000000000000000000000000000000000000000000000000000000000000000000000000000000000000000000000000000000000000000000000000000000000000000000000000000000000000000000000000000000000000000000000000000000000000000000000000000000 
	Parameter INIT_46 bound to: 256'b0000000000000000000000000000000000000000000000000000000000000000000000000000000000000000000000000000000000000000000000000000000000000000000000000000000000000000000000000000000000000000000000000000000000000000000000000000000000000000000000000000000000000000 
	Parameter INIT_47 bound to: 256'b0000000000000000000000000000000000000000000000000000000000000000000000000000000000000000000000000000000000000000000000000000000000000000000000000000000000000000000000000000000000000000000000000000000000000000000000000000000000000000000000000000000000000000 
	Parameter INIT_48 bound to: 256'b0000000000000000000000000000000000000000000000000000000000000000000000000000000000000000000000000000000000000000000000000000000000000000000000000000000000000000000000000000000000000000000000000000000000000000000000000000000000000000000000000000000000000000 
	Parameter INIT_49 bound to: 256'b0000000000000000000000000000000000000000000000000000000000000000000000000000000000000000000000000000000000000000000000000000000000000000000000000000000000000000000000000000000000000000000000000000000000000000000000000000000000000000000000000000000000000000 
	Parameter INIT_4A bound to: 256'b0000000000000000000000000000000000000000000000000000000000000000000000000000000000000000000000000000000000000000000000000000000000000000000000000000000000000000000000000000000000000000000000000000000000000000000000000000000000000000000000000000000000000000 
	Parameter INIT_4B bound to: 256'b0000000000000000000000000000000000000000000000000000000000000000000000000000000000000000000000000000000000000000000000000000000000000000000000000000000000000000000000000000000000000000000000000000000000000000000000000000000000000000000000000000000000000000 
	Parameter INIT_4C bound to: 256'b0000000000000000000000000000000000000000000000000000000000000000000000000000000000000000000000000000000000000000000000000000000000000000000000000000000000000000000000000000000000000000000000000000000000000000000000000000000000000000000000000000000000000000 
	Parameter INIT_4D bound to: 256'b0000000000000000000000000000000000000000000000000000000000000000000000000000000000000000000000000000000000000000000000000000000000000000000000000000000000000000000000000000000000000000000000000000000000000000000000000000000000000000000000000000000000000000 
	Parameter INIT_4E bound to: 256'b0000000000000000000000000000000000000000000000000000000000000000000000000000000000000000000000000000000000000000000000000000000000000000000000000000000000000000000000000000000000000000000000000000000000000000000000000000000000000000000000000000000000000000 
	Parameter INIT_4F bound to: 256'b0000000000000000000000000000000000000000000000000000000000000000000000000000000000000000000000000000000000000000000000000000000000000000000000000000000000000000000000000000000000000000000000000000000000000000000000000000000000000000000000000000000000000000 
	Parameter INIT_50 bound to: 256'b0000000000000000000000000000000000000000000000000000000000000000000000000000000000000000000000000000000000000000000000000000000000000000000000000000000000000000000000000000000000000000000000000000000000000000000000000000000000000000000000000000000000000000 
	Parameter INIT_51 bound to: 256'b0000000000000000000000000000000000000000000000000000000000000000000000000000000000000000000000000000000000000000000000000000000000000000000000000000000000000000000000000000000000000000000000000000000000000000000000000000000000000000000000000000000000000000 
	Parameter INIT_52 bound to: 256'b0000000000000000000000000000000000000000000000000000000000000000000000000000000000000000000000000000000000000000000000000000000000000000000000000000000000000000000000000000000000000000000000000000000000000000000000000000000000000000000000000000000000000000 
	Parameter INIT_53 bound to: 256'b0000000000000000000000000000000000000000000000000000000000000000000000000000000000000000000000000000000000000000000000000000000000000000000000000000000000000000000000000000000000000000000000000000000000000000000000000000000000000000000000000000000000000000 
	Parameter INIT_54 bound to: 256'b0000000000000000000000000000000000000000000000000000000000000000000000000000000000000000000000000000000000000000000000000000000000000000000000000000000000000000000000000000000000000000000000000000000000000000000000000000000000000000000000000000000000000000 
	Parameter INIT_55 bound to: 256'b0000000000000000000000000000000000000000000000000000000000000000000000000000000000000000000000000000000000000000000000000000000000000000000000000000000000000000000000000000000000000000000000000000000000000000000000000000000000000000000000000000000000000000 
	Parameter INIT_56 bound to: 256'b0000000000000000000000000000000000000000000000000000000000000000000000000000000000000000000000000000000000000000000000000000000000000000000000000000000000000000000000000000000000000000000000000000000000000000000000000000000000000000000000000000000000000000 
	Parameter INIT_57 bound to: 256'b0000000000000000000000000000000000000000000000000000000000000000000000000000000000000000000000000000000000000000000000000000000000000000000000000000000000000000000000000000000000000000000000000000000000000000000000000000000000000000000000000000000000000000 
	Parameter INIT_58 bound to: 256'b0000000000000000000000000000000000000000000000000000000000000000000000000000000000000000000000000000000000000000000000000000000000000000000000000000000000000000000000000000000000000000000000000000000000000000000000000000000000000000000000000000000000000000 
	Parameter INIT_59 bound to: 256'b0000000000000000000000000000000000000000000000000000000000000000000000000000000000000000000000000000000000000000000000000000000000000000000000000000000000000000000000000000000000000000000000000000000000000000000000000000000000000000000000000000000000000000 
	Parameter INIT_5A bound to: 256'b0000000000000000000000000000000000000000000000000000000000000000000000000000000000000000000000000000000000000000000000000000000000000000000000000000000000000000000000000000000000000000000000000000000000000000000000000000000000000000000000000000000000000000 
	Parameter INIT_5B bound to: 256'b0000000000000000000000000000000000000000000000000000000000000000000000000000000000000000000000000000000000000000000000000000000000000000000000000000000000000000000000000000000000000000000000000000000000000000000000000000000000000000000000000000000000000000 
	Parameter INIT_5C bound to: 256'b0000000000000000000000000000000000000000000000000000000000000000000000000000000000000000000000000000000000000000000000000000000000000000000000000000000000000000000000000000000000000000000000000000000000000000000000000000000000000000000000000000000000000000 
	Parameter INIT_5D bound to: 256'b0000000000000000000000000000000000000000000000000000000000000000000000000000000000000000000000000000000000000000000000000000000000000000000000000000000000000000000000000000000000000000000000000000000000000000000000000000000000000000000000000000000000000000 
	Parameter INIT_5E bound to: 256'b0000000000000000000000000000000000000000000000000000000000000000000000000000000000000000000000000000000000000000000000000000000000000000000000000000000000000000000000000000000000000000000000000000000000000000000000000000000000000000000000000000000000000000 
	Parameter INIT_5F bound to: 256'b0000000000000000000000000000000000000000000000000000000000000000000000000000000000000000000000000000000000000000000000000000000000000000000000000000000000000000000000000000000000000000000000000000000000000000000000000000000000000000000000000000000000000000 
	Parameter INIT_60 bound to: 256'b0000000000000000000000000000000000000000000000000000000000000000000000000000000000000000000000000000000000000000000000000000000000000000000000000000000000000000000000000000000000000000000000000000000000000000000000000000000000000000000000000000000000000000 
	Parameter INIT_61 bound to: 256'b0000000000000000000000000000000000000000000000000000000000000000000000000000000000000000000000000000000000000000000000000000000000000000000000000000000000000000000000000000000000000000000000000000000000000000000000000000000000000000000000000000000000000000 
	Parameter INIT_62 bound to: 256'b0000000000000000000000000000000000000000000000000000000000000000000000000000000000000000000000000000000000000000000000000000000000000000000000000000000000000000000000000000000000000000000000000000000000000000000000000000000000000000000000000000000000000000 
	Parameter INIT_63 bound to: 256'b0000000000000000000000000000000000000000000000000000000000000000000000000000000000000000000000000000000000000000000000000000000000000000000000000000000000000000000000000000000000000000000000000000000000000000000000000000000000000000000000000000000000000000 
	Parameter INIT_64 bound to: 256'b0000000000000000000000000000000000000000000000000000000000000000000000000000000000000000000000000000000000000000000000000000000000000000000000000000000000000000000000000000000000000000000000000000000000000000000000000000000000000000000000000000000000000000 
	Parameter INIT_65 bound to: 256'b0000000000000000000000000000000000000000000000000000000000000000000000000000000000000000000000000000000000000000000000000000000000000000000000000000000000000000000000000000000000000000000000000000000000000000000000000000000000000000000000000000000000000000 
	Parameter INIT_66 bound to: 256'b0000000000000000000000000000000000000000000000000000000000000000000000000000000000000000000000000000000000000000000000000000000000000000000000000000000000000000000000000000000000000000000000000000000000000000000000000000000000000000000000000000000000000000 
	Parameter INIT_67 bound to: 256'b0000000000000000000000000000000000000000000000000000000000000000000000000000000000000000000000000000000000000000000000000000000000000000000000000000000000000000000000000000000000000000000000000000000000000000000000000000000000000000000000000000000000000000 
	Parameter INIT_68 bound to: 256'b0000000000000000000000000000000000000000000000000000000000000000000000000000000000000000000000000000000000000000000000000000000000000000000000000000000000000000000000000000000000000000000000000000000000000000000000000000000000000000000000000000000000000000 
	Parameter INIT_69 bound to: 256'b0000000000000000000000000000000000000000000000000000000000000000000000000000000000000000000000000000000000000000000000000000000000000000000000000000000000000000000000000000000000000000000000000000000000000000000000000000000000000000000000000000000000000000 
	Parameter INIT_6A bound to: 256'b0000000000000000000000000000000000000000000000000000000000000000000000000000000000000000000000000000000000000000000000000000000000000000000000000000000000000000000000000000000000000000000000000000000000000000000000000000000000000000000000000000000000000000 
	Parameter INIT_6B bound to: 256'b0000000000000000000000000000000000000000000000000000000000000000000000000000000000000000000000000000000000000000000000000000000000000000000000000000000000000000000000000000000000000000000000000000000000000000000000000000000000000000000000000000000000000000 
	Parameter INIT_6C bound to: 256'b0000000000000000000000000000000000000000000000000000000000000000000000000000000000000000000000000000000000000000000000000000000000000000000000000000000000000000000000000000000000000000000000000000000000000000000000000000000000000000000000000000000000000000 
	Parameter INIT_6D bound to: 256'b0000000000000000000000000000000000000000000000000000000000000000000000000000000000000000000000000000000000000000000000000000000000000000000000000000000000000000000000000000000000000000000000000000000000000000000000000000000000000000000000000000000000000000 
	Parameter INIT_6E bound to: 256'b0000000000000000000000000000000000000000000000000000000000000000000000000000000000000000000000000000000000000000000000000000000000000000000000000000000000000000000000000000000000000000000000000000000000000000000000000000000000000000000000000000000000000000 
	Parameter INIT_6F bound to: 256'b0000000000000000000000000000000000000000000000000000000000000000000000000000000000000000000000000000000000000000000000000000000000000000000000000000000000000000000000000000000000000000000000000000000000000000000000000000000000000000000000000000000000000000 
	Parameter INIT_70 bound to: 256'b0000000000000000000000000000000000000000000000000000000000000000000000000000000000000000000000000000000000000000000000000000000000000000000000000000000000000000000000000000000000000000000000000000000000000000000000000000000000000000000000000000000000000000 
	Parameter INIT_71 bound to: 256'b0000000000000000000000000000000000000000000000000000000000000000000000000000000000000000000000000000000000000000000000000000000000000000000000000000000000000000000000000000000000000000000000000000000000000000000000000000000000000000000000000000000000000000 
	Parameter INIT_72 bound to: 256'b0000000000000000000000000000000000000000000000000000000000000000000000000000000000000000000000000000000000000000000000000000000000000000000000000000000000000000000000000000000000000000000000000000000000000000000000000000000000000000000000000000000000000000 
	Parameter INIT_73 bound to: 256'b0000000000000000000000000000000000000000000000000000000000000000000000000000000000000000000000000000000000000000000000000000000000000000000000000000000000000000000000000000000000000000000000000000000000000000000000000000000000000000000000000000000000000000 
	Parameter INIT_74 bound to: 256'b0000000000000000000000000000000000000000000000000000000000000000000000000000000000000000000000000000000000000000000000000000000000000000000000000000000000000000000000000000000000000000000000000000000000000000000000000000000000000000000000000000000000000000 
	Parameter INIT_75 bound to: 256'b0000000000000000000000000000000000000000000000000000000000000000000000000000000000000000000000000000000000000000000000000000000000000000000000000000000000000000000000000000000000000000000000000000000000000000000000000000000000000000000000000000000000000000 
	Parameter INIT_76 bound to: 256'b0000000000000000000000000000000000000000000000000000000000000000000000000000000000000000000000000000000000000000000000000000000000000000000000000000000000000000000000000000000000000000000000000000000000000000000000000000000000000000000000000000000000000000 
	Parameter INIT_77 bound to: 256'b0000000000000000000000000000000000000000000000000000000000000000000000000000000000000000000000000000000000000000000000000000000000000000000000000000000000000000000000000000000000000000000000000000000000000000000000000000000000000000000000000000000000000000 
	Parameter INIT_78 bound to: 256'b0000000000000000000000000000000000000000000000000000000000000000000000000000000000000000000000000000000000000000000000000000000000000000000000000000000000000000000000000000000000000000000000000000000000000000000000000000000000000000000000000000000000000000 
	Parameter INIT_79 bound to: 256'b0000000000000000000000000000000000000000000000000000000000000000000000000000000000000000000000000000000000000000000000000000000000000000000000000000000000000000000000000000000000000000000000000000000000000000000000000000000000000000000000000000000000000000 
	Parameter INIT_7A bound to: 256'b0000000000000000000000000000000000000000000000000000000000000000000000000000000000000000000000000000000000000000000000000000000000000000000000000000000000000000000000000000000000000000000000000000000000000000000000000000000000000000000000000000000000000000 
	Parameter INIT_7B bound to: 256'b0000000000000000000000000000000000000000000000000000000000000000000000000000000000000000000000000000000000000000000000000000000000000000000000000000000000000000000000000000000000000000000000000000000000000000000000000000000000000000000000000000000000000000 
	Parameter INIT_7C bound to: 256'b0000000000000000000000000000000000000000000000000000000000000000000000000000000000000000000000000000000000000000000000000000000000000000000000000000000000000000000000000000000000000000000000000000000000000000000000000000000000000000000000000000000000000000 
	Parameter INIT_7D bound to: 256'b0000000000000000000000000000000000000000000000000000000000000000000000000000000000000000000000000000000000000000000000000000000000000000000000000000000000000000000000000000000000000000000000000000000000000000000000000000000000000000000000000000000000000000 
	Parameter INIT_7E bound to: 256'b0000000000000000000000000000000000000000000000000000000000000000000000000000000000000000000000000000000000000000000000000000000000000000000000000000000000000000000000000000000000000000000000000000000000000000000000000000000000000000000000000000000000000000 
	Parameter INIT_7F bound to: 256'b0000000000000000000000000000000000000000000000000000000000000000000000000000000000000000000000000000000000000000000000000000000000000000000000000000000000000000000000000000000000000000000000000000000000000000000000000000000000000000000000000000000000000000 
	Parameter INIT_A bound to: 36'b000000000000000000000000000000000000 
	Parameter INIT_B bound to: 36'b000000000000000000000000000000000000 
	Parameter RAM_EXTENSION_A bound to: NONE - type: string 
	Parameter RAM_EXTENSION_B bound to: NONE - type: string 
	Parameter RAM_MODE bound to: TDP - type: string 
	Parameter RDADDR_COLLISION_HWCONFIG bound to: DELAYED_WRITE - type: string 
	Parameter READ_WIDTH_A bound to: 36 - type: integer 
	Parameter READ_WIDTH_B bound to: 36 - type: integer 
	Parameter RSTREG_PRIORITY_A bound to: REGCE - type: string 
	Parameter RSTREG_PRIORITY_B bound to: REGCE - type: string 
	Parameter SIM_COLLISION_CHECK bound to: ALL - type: string 
	Parameter SIM_DEVICE bound to: 7SERIES - type: string 
	Parameter SRVAL_A bound to: 36'b000000000000000000000000000000000000 
	Parameter SRVAL_B bound to: 36'b000000000000000000000000000000000000 
	Parameter WRITE_MODE_A bound to: WRITE_FIRST - type: string 
	Parameter WRITE_MODE_B bound to: WRITE_FIRST - type: string 
	Parameter WRITE_WIDTH_A bound to: 36 - type: integer 
	Parameter WRITE_WIDTH_B bound to: 36 - type: integer 
INFO: [Synth 8-6155] done synthesizing module 'RAMB36E1' (0#1) [C:/Xilinx/Vivado/2023.2/scripts/rt/data/unisim_comp.v:131513]
INFO: [Synth 8-6155] done synthesizing module 'EP_MEM' (0#1) [c:/Vulcan/Design_Tool/Board_Demo/VC707/vc707_pcie_x8_gen2_ex/imports/EP_MEM.v:65]
INFO: [Synth 8-6155] done synthesizing module 'PIO_EP_MEM_ACCESS' (0#1) [c:/Vulcan/Design_Tool/Board_Demo/VC707/vc707_pcie_x8_gen2_ex/imports/PIO_EP_MEM_ACCESS.v:69]
INFO: [Synth 8-6157] synthesizing module 'PIO_RX_ENGINE' [c:/Vulcan/Design_Tool/Board_Demo/VC707/vc707_pcie_x8_gen2_ex/imports/PIO_RX_ENGINE.v:62]
	Parameter TCQ bound to: 1 - type: integer 
	Parameter C_DATA_WIDTH bound to: 128 - type: integer 
	Parameter KEEP_WIDTH bound to: 16 - type: integer 
INFO: [Synth 8-155] case statement is not full and has no default [c:/Vulcan/Design_Tool/Board_Demo/VC707/vc707_pcie_x8_gen2_ex/imports/PIO_RX_ENGINE.v:740]
INFO: [Synth 8-6155] done synthesizing module 'PIO_RX_ENGINE' (0#1) [c:/Vulcan/Design_Tool/Board_Demo/VC707/vc707_pcie_x8_gen2_ex/imports/PIO_RX_ENGINE.v:62]
INFO: [Synth 8-6157] synthesizing module 'PIO_TX_ENGINE' [c:/Vulcan/Design_Tool/Board_Demo/VC707/vc707_pcie_x8_gen2_ex/imports/PIO_TX_ENGINE.v:57]
	Parameter C_DATA_WIDTH bound to: 128 - type: integer 
	Parameter TCQ bound to: 1 - type: integer 
	Parameter KEEP_WIDTH bound to: 16 - type: integer 
INFO: [Synth 8-6155] done synthesizing module 'PIO_TX_ENGINE' (0#1) [c:/Vulcan/Design_Tool/Board_Demo/VC707/vc707_pcie_x8_gen2_ex/imports/PIO_TX_ENGINE.v:57]
INFO: [Synth 8-6155] done synthesizing module 'PIO_EP' (0#1) [c:/Vulcan/Design_Tool/Board_Demo/VC707/vc707_pcie_x8_gen2_ex/imports/PIO_EP.v:62]
INFO: [Synth 8-6157] synthesizing module 'PIO_TO_CTRL' [c:/Vulcan/Design_Tool/Board_Demo/VC707/vc707_pcie_x8_gen2_ex/imports/PIO_TO_CTRL.v:61]
	Parameter TCQ bound to: 1 - type: integer 
INFO: [Synth 8-6155] done synthesizing module 'PIO_TO_CTRL' (0#1) [c:/Vulcan/Design_Tool/Board_Demo/VC707/vc707_pcie_x8_gen2_ex/imports/PIO_TO_CTRL.v:61]
INFO: [Synth 8-6155] done synthesizing module 'PIO' (0#1) [c:/Vulcan/Design_Tool/Board_Demo/VC707/vc707_pcie_x8_gen2_ex/imports/PIO.v:66]
INFO: [Synth 8-6155] done synthesizing module 'pcie_app_7x' (0#1) [c:/Vulcan/Design_Tool/Board_Demo/VC707/vc707_pcie_x8_gen2_ex/imports/pcie_app_7x.v:66]
INFO: [Synth 8-6155] done synthesizing module 'xilinx_pcie_2_1_ep_7x' (0#1) [c:/Vulcan/Design_Tool/Board_Demo/VC707/vc707_pcie_x8_gen2_ex/imports/xilinx_pcie_2_1_ep_7x.v:60]
WARNING: [Synth 8-6014] Unused sequential element pclk_sel_slave_reg was removed.  [c:/Vulcan/Design_Tool/Board_Demo/VC707/vc707_pcie_x8_gen2_ex/imports/vc707_pcie_x8_gen2_pipe_clock.v:590]
WARNING: [Synth 8-7129] Port req_be[7] in module PIO_TX_ENGINE is either unconnected or has no load
WARNING: [Synth 8-7129] Port req_be[6] in module PIO_TX_ENGINE is either unconnected or has no load
WARNING: [Synth 8-7129] Port req_be[5] in module PIO_TX_ENGINE is either unconnected or has no load
WARNING: [Synth 8-7129] Port req_be[4] in module PIO_TX_ENGINE is either unconnected or has no load
WARNING: [Synth 8-7129] Port req_addr[1] in module PIO_TX_ENGINE is either unconnected or has no load
WARNING: [Synth 8-7129] Port req_addr[0] in module PIO_TX_ENGINE is either unconnected or has no load
WARNING: [Synth 8-7129] Port m_axis_rx_tkeep[15] in module PIO_RX_ENGINE is either unconnected or has no load
WARNING: [Synth 8-7129] Port m_axis_rx_tkeep[14] in module PIO_RX_ENGINE is either unconnected or has no load
WARNING: [Synth 8-7129] Port m_axis_rx_tkeep[13] in module PIO_RX_ENGINE is either unconnected or has no load
WARNING: [Synth 8-7129] Port m_axis_rx_tkeep[12] in module PIO_RX_ENGINE is either unconnected or has no load
WARNING: [Synth 8-7129] Port m_axis_rx_tkeep[11] in module PIO_RX_ENGINE is either unconnected or has no load
WARNING: [Synth 8-7129] Port m_axis_rx_tkeep[10] in module PIO_RX_ENGINE is either unconnected or has no load
WARNING: [Synth 8-7129] Port m_axis_rx_tkeep[9] in module PIO_RX_ENGINE is either unconnected or has no load
WARNING: [Synth 8-7129] Port m_axis_rx_tkeep[8] in module PIO_RX_ENGINE is either unconnected or has no load
WARNING: [Synth 8-7129] Port m_axis_rx_tkeep[7] in module PIO_RX_ENGINE is either unconnected or has no load
WARNING: [Synth 8-7129] Port m_axis_rx_tkeep[6] in module PIO_RX_ENGINE is either unconnected or has no load
WARNING: [Synth 8-7129] Port m_axis_rx_tkeep[5] in module PIO_RX_ENGINE is either unconnected or has no load
WARNING: [Synth 8-7129] Port m_axis_rx_tkeep[4] in module PIO_RX_ENGINE is either unconnected or has no load
WARNING: [Synth 8-7129] Port m_axis_rx_tkeep[3] in module PIO_RX_ENGINE is either unconnected or has no load
WARNING: [Synth 8-7129] Port m_axis_rx_tkeep[2] in module PIO_RX_ENGINE is either unconnected or has no load
WARNING: [Synth 8-7129] Port m_axis_rx_tkeep[1] in module PIO_RX_ENGINE is either unconnected or has no load
WARNING: [Synth 8-7129] Port m_axis_rx_tkeep[0] in module PIO_RX_ENGINE is either unconnected or has no load
WARNING: [Synth 8-7129] Port m_axis_rx_tlast in module PIO_RX_ENGINE is either unconnected or has no load
WARNING: [Synth 8-7129] Port m_axis_rx_tuser[21] in module PIO_RX_ENGINE is either unconnected or has no load
WARNING: [Synth 8-7129] Port m_axis_rx_tuser[20] in module PIO_RX_ENGINE is either unconnected or has no load
WARNING: [Synth 8-7129] Port m_axis_rx_tuser[19] in module PIO_RX_ENGINE is either unconnected or has no load
WARNING: [Synth 8-7129] Port m_axis_rx_tuser[18] in module PIO_RX_ENGINE is either unconnected or has no load
WARNING: [Synth 8-7129] Port m_axis_rx_tuser[17] in module PIO_RX_ENGINE is either unconnected or has no load
WARNING: [Synth 8-7129] Port m_axis_rx_tuser[16] in module PIO_RX_ENGINE is either unconnected or has no load
WARNING: [Synth 8-7129] Port m_axis_rx_tuser[15] in module PIO_RX_ENGINE is either unconnected or has no load
WARNING: [Synth 8-7129] Port m_axis_rx_tuser[12] in module PIO_RX_ENGINE is either unconnected or has no load
WARNING: [Synth 8-7129] Port m_axis_rx_tuser[11] in module PIO_RX_ENGINE is either unconnected or has no load
WARNING: [Synth 8-7129] Port m_axis_rx_tuser[10] in module PIO_RX_ENGINE is either unconnected or has no load
WARNING: [Synth 8-7129] Port m_axis_rx_tuser[9] in module PIO_RX_ENGINE is either unconnected or has no load
WARNING: [Synth 8-7129] Port m_axis_rx_tuser[7] in module PIO_RX_ENGINE is either unconnected or has no load
WARNING: [Synth 8-7129] Port m_axis_rx_tuser[6] in module PIO_RX_ENGINE is either unconnected or has no load
WARNING: [Synth 8-7129] Port m_axis_rx_tuser[5] in module PIO_RX_ENGINE is either unconnected or has no load
WARNING: [Synth 8-7129] Port m_axis_rx_tuser[4] in module PIO_RX_ENGINE is either unconnected or has no load
WARNING: [Synth 8-7129] Port m_axis_rx_tuser[3] in module PIO_RX_ENGINE is either unconnected or has no load
WARNING: [Synth 8-7129] Port m_axis_rx_tuser[1] in module PIO_RX_ENGINE is either unconnected or has no load
WARNING: [Synth 8-7129] Port m_axis_rx_tuser[0] in module PIO_RX_ENGINE is either unconnected or has no load
WARNING: [Synth 8-7129] Port wr_be[7] in module PIO_EP_MEM_ACCESS is either unconnected or has no load
WARNING: [Synth 8-7129] Port wr_be[6] in module PIO_EP_MEM_ACCESS is either unconnected or has no load
WARNING: [Synth 8-7129] Port wr_be[5] in module PIO_EP_MEM_ACCESS is either unconnected or has no load
WARNING: [Synth 8-7129] Port wr_be[4] in module PIO_EP_MEM_ACCESS is either unconnected or has no load
WARNING: [Synth 8-7129] Port CLK_CLK in module vc707_pcie_x8_gen2_pipe_clock is either unconnected or has no load
WARNING: [Synth 8-7129] Port CLK_RXOUTCLK_IN[7] in module vc707_pcie_x8_gen2_pipe_clock is either unconnected or has no load
WARNING: [Synth 8-7129] Port CLK_RXOUTCLK_IN[6] in module vc707_pcie_x8_gen2_pipe_clock is either unconnected or has no load
WARNING: [Synth 8-7129] Port CLK_RXOUTCLK_IN[5] in module vc707_pcie_x8_gen2_pipe_clock is either unconnected or has no load
WARNING: [Synth 8-7129] Port CLK_RXOUTCLK_IN[4] in module vc707_pcie_x8_gen2_pipe_clock is either unconnected or has no load
WARNING: [Synth 8-7129] Port CLK_RXOUTCLK_IN[3] in module vc707_pcie_x8_gen2_pipe_clock is either unconnected or has no load
WARNING: [Synth 8-7129] Port CLK_RXOUTCLK_IN[2] in module vc707_pcie_x8_gen2_pipe_clock is either unconnected or has no load
WARNING: [Synth 8-7129] Port CLK_RXOUTCLK_IN[1] in module vc707_pcie_x8_gen2_pipe_clock is either unconnected or has no load
WARNING: [Synth 8-7129] Port CLK_RXOUTCLK_IN[0] in module vc707_pcie_x8_gen2_pipe_clock is either unconnected or has no load
---------------------------------------------------------------------------------
Finished RTL Elaboration : Time (s): cpu = 00:00:02 ; elapsed = 00:00:04 . Memory (MB): peak = 1731.953 ; gain = 562.551
---------------------------------------------------------------------------------
---------------------------------------------------------------------------------
Start Handling Custom Attributes
---------------------------------------------------------------------------------
---------------------------------------------------------------------------------
Finished Handling Custom Attributes : Time (s): cpu = 00:00:03 ; elapsed = 00:00:05 . Memory (MB): peak = 1731.953 ; gain = 562.551
---------------------------------------------------------------------------------
---------------------------------------------------------------------------------
Finished RTL Optimization Phase 1 : Time (s): cpu = 00:00:03 ; elapsed = 00:00:05 . Memory (MB): peak = 1731.953 ; gain = 562.551
---------------------------------------------------------------------------------
Netlist sorting complete. Time (s): cpu = 00:00:00 ; elapsed = 00:00:00.026 . Memory (MB): peak = 1731.953 ; gain = 0.000
WARNING: [Netlist 29-345] The value of SIM_DEVICE on instance 'vc707_pcie_x8_gen2_support_i/pipe_clock_i/pclk_i1_bufgctrl.pclk_i1' of type 'BUFGCTRL' is 'ULTRASCALE'; it is being changed to match the current FPGA architecture, '7SERIES'. For functional simulation to match hardware behavior, the value of SIM_DEVICE should be changed in the source netlist. 
INFO: [Netlist 29-17] Analyzing 5 Unisim elements for replacement
INFO: [Netlist 29-28] Unisim Transformation completed in 0 CPU seconds
INFO: [Project 1-570] Preparing netlist for logic optimization

Processing XDC Constraints
Initializing timing engine
Parsing XDC File [c:/Vulcan/Design_Tool/Board_Demo/VC707/vc707_pcie_x8_gen2_ex/vc707_pcie_x8_gen2_ex.gen/sources_1/ip/vc707_pcie_x8_gen2/vc707_pcie_x8_gen2/vc707_pcie_x8_gen2_in_context.xdc] for cell 'vc707_pcie_x8_gen2_support_i/vc707_pcie_x8_gen2_i'
Finished Parsing XDC File [c:/Vulcan/Design_Tool/Board_Demo/VC707/vc707_pcie_x8_gen2_ex/vc707_pcie_x8_gen2_ex.gen/sources_1/ip/vc707_pcie_x8_gen2/vc707_pcie_x8_gen2/vc707_pcie_x8_gen2_in_context.xdc] for cell 'vc707_pcie_x8_gen2_support_i/vc707_pcie_x8_gen2_i'
Parsing XDC File [c:/Vulcan/Design_Tool/Board_Demo/VC707/vc707_pcie_x8_gen2_ex/imports/xilinx_pcie_7x_ep_x8g2_VC707.xdc]
INFO: [Timing 38-2] Deriving generated clocks [c:/Vulcan/Design_Tool/Board_Demo/VC707/vc707_pcie_x8_gen2_ex/imports/xilinx_pcie_7x_ep_x8g2_VC707.xdc:86]
Finished Parsing XDC File [c:/Vulcan/Design_Tool/Board_Demo/VC707/vc707_pcie_x8_gen2_ex/imports/xilinx_pcie_7x_ep_x8g2_VC707.xdc]
INFO: [Project 1-236] Implementation specific constraints were found while reading constraint file [c:/Vulcan/Design_Tool/Board_Demo/VC707/vc707_pcie_x8_gen2_ex/imports/xilinx_pcie_7x_ep_x8g2_VC707.xdc]. These constraints will be ignored for synthesis but will be used in implementation. Impacted constraints are listed in the file [.Xil/xilinx_pcie_2_1_ep_7x_propImpl.xdc].
Resolution: To avoid this warning, move constraints listed in [.Xil/xilinx_pcie_2_1_ep_7x_propImpl.xdc] to another XDC file and exclude this new file from synthesis with the used_in_synthesis property (File Properties dialog in GUI) and re-run elaboration/synthesis.
Completed Processing XDC Constraints

Netlist sorting complete. Time (s): cpu = 00:00:00 ; elapsed = 00:00:00 . Memory (MB): peak = 1815.098 ; gain = 0.000
INFO: [Project 1-111] Unisim Transformation Summary:
No Unisim elements were transformed.

The system cannot find the path specified.
Constraint Validation Runtime : Time (s): cpu = 00:00:00 ; elapsed = 00:00:00.006 . Memory (MB): peak = 1815.098 ; gain = 0.000
---------------------------------------------------------------------------------
Finished Constraint Validation : Time (s): cpu = 00:00:07 ; elapsed = 00:00:10 . Memory (MB): peak = 1815.098 ; gain = 645.695
---------------------------------------------------------------------------------
---------------------------------------------------------------------------------
Start Loading Part and Timing Information
---------------------------------------------------------------------------------
Loading part: xc7vx485tffg1761-2
---------------------------------------------------------------------------------
Finished Loading Part and Timing Information : Time (s): cpu = 00:00:07 ; elapsed = 00:00:10 . Memory (MB): peak = 1815.098 ; gain = 645.695
---------------------------------------------------------------------------------
---------------------------------------------------------------------------------
Start Applying 'set_property' XDC Constraints
---------------------------------------------------------------------------------
Applied set_property KEEP_HIERARCHY = SOFT for vc707_pcie_x8_gen2_support_i/vc707_pcie_x8_gen2_i. (constraint file  auto generated constraint).
---------------------------------------------------------------------------------
Finished applying 'set_property' XDC Constraints : Time (s): cpu = 00:00:07 ; elapsed = 00:00:10 . Memory (MB): peak = 1815.098 ; gain = 645.695
---------------------------------------------------------------------------------
INFO: [Synth 8-802] inferred FSM for state register 'wr_mem_state_reg' in module 'PIO_EP_MEM_ACCESS'
INFO: [Synth 8-802] inferred FSM for state register 'pio_rx_sm_128.state_reg' in module 'PIO_RX_ENGINE'
---------------------------------------------------------------------------------------------------
                   State |                     New Encoding |                Previous Encoding 
---------------------------------------------------------------------------------------------------
   PIO_MEM_ACCESS_WR_RST |                             0001 |                              000
  PIO_MEM_ACCESS_WR_WAIT |                             0010 |                              001
  PIO_MEM_ACCESS_WR_READ |                             0100 |                              010
 PIO_MEM_ACCESS_WR_WRITE |                             1000 |                              100
---------------------------------------------------------------------------------------------------
INFO: [Synth 8-3354] encoded FSM with state register 'wr_mem_state_reg' using encoding 'one-hot' in module 'PIO_EP_MEM_ACCESS'
---------------------------------------------------------------------------------------------------
                   State |                     New Encoding |                Previous Encoding 
---------------------------------------------------------------------------------------------------
        PIO_RX_RST_STATE |                              000 |                         00000000
  PIO_RX_MEM_RD32_DW1DW2 |                              001 |                         00000001
  PIO_RX_MEM_WR32_DW1DW2 |                              010 |                         00000010
  PIO_RX_MEM_RD64_DW1DW2 |                              011 |                         00000100
  PIO_RX_MEM_WR64_DW1DW2 |                              100 |                         00001000
     PIO_RX_MEM_WR64_DW3 |                              101 |                         00010000
       PIO_RX_WAIT_STATE |                              110 |                         00100000
---------------------------------------------------------------------------------------------------
INFO: [Synth 8-3354] encoded FSM with state register 'pio_rx_sm_128.state_reg' using encoding 'sequential' in module 'PIO_RX_ENGINE'
---------------------------------------------------------------------------------
Finished RTL Optimization Phase 2 : Time (s): cpu = 00:00:07 ; elapsed = 00:00:11 . Memory (MB): peak = 1815.098 ; gain = 645.695
---------------------------------------------------------------------------------
---------------------------------------------------------------------------------
Start RTL Component Statistics 
---------------------------------------------------------------------------------
Detailed RTL Component Info : 
+---Registers : 
	              128 Bit    Registers := 1     
	               32 Bit    Registers := 3     
	               16 Bit    Registers := 2     
	               13 Bit    Registers := 1     
	               11 Bit    Registers := 1     
	               10 Bit    Registers := 1     
	                8 Bit    Registers := 8     
	                4 Bit    Registers := 1     
	                3 Bit    Registers := 1     
	                2 Bit    Registers := 1     
	                1 Bit    Registers := 21    
+---Muxes : 
	   2 Input  128 Bit        Muxes := 2     
	   4 Input   32 Bit        Muxes := 2     
	   7 Input   32 Bit        Muxes := 1     
	   2 Input   16 Bit        Muxes := 1     
	   4 Input   16 Bit        Muxes := 1     
	   7 Input   13 Bit        Muxes := 1     
	   7 Input   11 Bit        Muxes := 1     
	   2 Input   10 Bit        Muxes := 1     
	   2 Input    8 Bit        Muxes := 12    
	   6 Input    7 Bit        Muxes := 1     
	   2 Input    7 Bit        Muxes := 1     
	   4 Input    4 Bit        Muxes := 1     
	   2 Input    4 Bit        Muxes := 1     
	  46 Input    3 Bit        Muxes := 1     
	   2 Input    3 Bit        Muxes := 1     
	  11 Input    3 Bit        Muxes := 1     
	   5 Input    2 Bit        Muxes := 1     
	   2 Input    2 Bit        Muxes := 1     
	   2 Input    1 Bit        Muxes := 21    
	   4 Input    1 Bit        Muxes := 1     
	   6 Input    1 Bit        Muxes := 1     
	   7 Input    1 Bit        Muxes := 25    
---------------------------------------------------------------------------------
Finished RTL Component Statistics 
---------------------------------------------------------------------------------
---------------------------------------------------------------------------------
Start Part Resource Summary
---------------------------------------------------------------------------------
Part Resources:
DSPs: 2800 (col length:140)
BRAMs: 2060 (col length: RAMB18 140 RAMB36 70)
---------------------------------------------------------------------------------
Finished Part Resource Summary
---------------------------------------------------------------------------------
---------------------------------------------------------------------------------
Start Cross Boundary and Area Optimization
---------------------------------------------------------------------------------
WARNING: [Synth 8-7080] Parallel synthesis criteria is not met
---------------------------------------------------------------------------------
Finished Cross Boundary and Area Optimization : Time (s): cpu = 00:00:08 ; elapsed = 00:00:13 . Memory (MB): peak = 1815.098 ; gain = 645.695
---------------------------------------------------------------------------------
---------------------------------------------------------------------------------
Start Applying XDC Timing Constraints
---------------------------------------------------------------------------------
---------------------------------------------------------------------------------
Finished Applying XDC Timing Constraints : Time (s): cpu = 00:00:11 ; elapsed = 00:00:16 . Memory (MB): peak = 1815.098 ; gain = 645.695
---------------------------------------------------------------------------------
---------------------------------------------------------------------------------
Start Timing Optimization
---------------------------------------------------------------------------------
---------------------------------------------------------------------------------
Finished Timing Optimization : Time (s): cpu = 00:00:11 ; elapsed = 00:00:16 . Memory (MB): peak = 1815.098 ; gain = 645.695
---------------------------------------------------------------------------------
---------------------------------------------------------------------------------
Start Technology Mapping
---------------------------------------------------------------------------------
---------------------------------------------------------------------------------
Finished Technology Mapping : Time (s): cpu = 00:00:11 ; elapsed = 00:00:16 . Memory (MB): peak = 1815.098 ; gain = 645.695
---------------------------------------------------------------------------------
---------------------------------------------------------------------------------
Start IO Insertion
---------------------------------------------------------------------------------
---------------------------------------------------------------------------------
Start Flattening Before IO Insertion
---------------------------------------------------------------------------------
---------------------------------------------------------------------------------
Finished Flattening Before IO Insertion
---------------------------------------------------------------------------------
---------------------------------------------------------------------------------
Start Final Netlist Cleanup
---------------------------------------------------------------------------------
---------------------------------------------------------------------------------
Finished Final Netlist Cleanup
---------------------------------------------------------------------------------
---------------------------------------------------------------------------------
Finished IO Insertion : Time (s): cpu = 00:00:12 ; elapsed = 00:00:19 . Memory (MB): peak = 1815.098 ; gain = 645.695
---------------------------------------------------------------------------------
---------------------------------------------------------------------------------
Start Renaming Generated Instances
---------------------------------------------------------------------------------
---------------------------------------------------------------------------------
Finished Renaming Generated Instances : Time (s): cpu = 00:00:12 ; elapsed = 00:00:19 . Memory (MB): peak = 1815.098 ; gain = 645.695
---------------------------------------------------------------------------------
---------------------------------------------------------------------------------
Start Rebuilding User Hierarchy
---------------------------------------------------------------------------------
---------------------------------------------------------------------------------
Finished Rebuilding User Hierarchy : Time (s): cpu = 00:00:12 ; elapsed = 00:00:19 . Memory (MB): peak = 1815.098 ; gain = 645.695
---------------------------------------------------------------------------------
---------------------------------------------------------------------------------
Start Renaming Generated Ports
---------------------------------------------------------------------------------
---------------------------------------------------------------------------------
Finished Renaming Generated Ports : Time (s): cpu = 00:00:12 ; elapsed = 00:00:19 . Memory (MB): peak = 1815.098 ; gain = 645.695
---------------------------------------------------------------------------------
---------------------------------------------------------------------------------
Start Handling Custom Attributes
---------------------------------------------------------------------------------
---------------------------------------------------------------------------------
Finished Handling Custom Attributes : Time (s): cpu = 00:00:12 ; elapsed = 00:00:19 . Memory (MB): peak = 1815.098 ; gain = 645.695
---------------------------------------------------------------------------------
---------------------------------------------------------------------------------
Start Renaming Generated Nets
---------------------------------------------------------------------------------
---------------------------------------------------------------------------------
Finished Renaming Generated Nets : Time (s): cpu = 00:00:13 ; elapsed = 00:00:19 . Memory (MB): peak = 1815.098 ; gain = 645.695
---------------------------------------------------------------------------------
---------------------------------------------------------------------------------
Start Writing Synthesis Report
---------------------------------------------------------------------------------

Report BlackBoxes: 
+------+-------------------+----------+
|      |BlackBox name      |Instances |
+------+-------------------+----------+
|1     |vc707_pcie_x8_gen2 |         1|
+------+-------------------+----------+

Report Cell Usage: 
+------+-------------------+------+
|      |Cell               |Count |
+------+-------------------+------+
|1     |vc707_pcie_x8_gen2 |     1|
|2     |BUFG               |     4|
|3     |BUFGCTRL           |     1|
|4     |CARRY4             |     7|
|5     |IBUFDS_GTE2        |     1|
|6     |LUT1               |     4|
|7     |LUT2               |    19|
|8     |LUT3               |    65|
|9     |LUT4               |    76|
|10    |LUT5               |    15|
|11    |LUT6               |   130|
|12    |MMCME2_ADV         |     1|
|13    |RAMB36E1           |     4|
|14    |FDRE               |   363|
|15    |FDSE               |     3|
|16    |IBUF               |    19|
|17    |OBUF               |    20|
+------+-------------------+------+
---------------------------------------------------------------------------------
Finished Writing Synthesis Report : Time (s): cpu = 00:00:13 ; elapsed = 00:00:19 . Memory (MB): peak = 1815.098 ; gain = 645.695
---------------------------------------------------------------------------------
Synthesis finished with 0 errors, 0 critical warnings and 1 warnings.
Synthesis Optimization Runtime : Time (s): cpu = 00:00:09 ; elapsed = 00:00:17 . Memory (MB): peak = 1815.098 ; gain = 562.551
Synthesis Optimization Complete : Time (s): cpu = 00:00:13 ; elapsed = 00:00:19 . Memory (MB): peak = 1815.098 ; gain = 645.695
INFO: [Project 1-571] Translating synthesized netlist
Netlist sorting complete. Time (s): cpu = 00:00:00 ; elapsed = 00:00:00.019 . Memory (MB): peak = 1815.098 ; gain = 0.000
WARNING: [Netlist 29-345] The value of SIM_DEVICE on instance 'vc707_pcie_x8_gen2_support_i/pipe_clock_i/pclk_i1_bufgctrl.pclk_i1' of type 'BUFGCTRL' is 'ULTRASCALE'; it is being changed to match the current FPGA architecture, '7SERIES'. For functional simulation to match hardware behavior, the value of SIM_DEVICE should be changed in the source netlist. 
INFO: [Netlist 29-17] Analyzing 12 Unisim elements for replacement
INFO: [Netlist 29-28] Unisim Transformation completed in 0 CPU seconds
INFO: [Project 1-570] Preparing netlist for logic optimization
INFO: [Opt 31-138] Pushed 0 inverter(s) to 0 load pin(s).
Netlist sorting complete. Time (s): cpu = 00:00:00 ; elapsed = 00:00:00 . Memory (MB): peak = 1815.098 ; gain = 0.000
INFO: [Project 1-111] Unisim Transformation Summary:
No Unisim elements were transformed.

The system cannot find the path specified.
Synth Design complete | Checksum: f368a416
INFO: [Common 17-83] Releasing license: Synthesis
61 Infos, 58 Warnings, 0 Critical Warnings and 0 Errors encountered.
synth_design completed successfully
synth_design: Time (s): cpu = 00:00:16 ; elapsed = 00:00:25 . Memory (MB): peak = 1815.098 ; gain = 1214.359
Write ShapeDB Complete: Time (s): cpu = 00:00:00 ; elapsed = 00:00:00.001 . Memory (MB): peak = 1815.098 ; gain = 0.000
INFO: [Common 17-1381] The checkpoint 'c:/Vulcan/Design_Tool/Board_Demo/VC707/vc707_pcie_x8_gen2_ex/vc707_pcie_x8_gen2_ex.runs/synth_1/xilinx_pcie_2_1_ep_7x.dcp' has been generated.
INFO: [runtcl-4] Executing : report_utilization -file xilinx_pcie_2_1_ep_7x_utilization_synth.rpt -pb xilinx_pcie_2_1_ep_7x_utilization_synth.pb
INFO: [Common 17-206] Exiting Vivado at Mon May  6 11:30:46 2024...
