Copyright 1986-2022 Xilinx, Inc. All Rights Reserved. Copyright 2022-2023 Advanced Micro Devices, Inc. All Rights Reserved.
---------------------------------------------------------------------------------------------------------------------------------------------------------------------------------------------------------
| Tool Version : Vivado v.2023.2 (win64) Build 4029153 Fri Oct 13 20:14:34 MDT 2023
| Date         : Mon May  6 11:07:14 2024
| Host         : Vulcan running 64-bit major release  (build 9200)
| Command      : report_drc -file usp_rf_data_converter_0_example_design_drc_opted.rpt -pb usp_rf_data_converter_0_example_design_drc_opted.pb -rpx usp_rf_data_converter_0_example_design_drc_opted.rpx
| Design       : usp_rf_data_converter_0_example_design
| Device       : xczu48dr-fsvg1517-2-e
| Speed File   : -2
| Design State : Synthesized
---------------------------------------------------------------------------------------------------------------------------------------------------------------------------------------------------------

Report DRC

Table of Contents
-----------------
1. REPORT SUMMARY
2. REPORT DETAILS

1. REPORT SUMMARY
-----------------
            Netlist: netlist
          Floorplan: design_1
      Design limits: <entire design considered>
           Ruledeck: default
             Max violations: <unlimited>
             Violations found: 2
+--------+------------------+----------------------------+------------+
| Rule   | Severity         | Description                | Violations |
+--------+------------------+----------------------------+------------+
| NSTD-1 | Critical Warning | Unspecified I/O Standard   | 1          |
| UCIO-1 | Critical Warning | Unconstrained Logical Port | 1          |
+--------+------------------+----------------------------+------------+

2. REPORT DETAILS
-----------------
NSTD-1#1 Critical Warning
Unspecified I/O Standard  
129 out of 129 logical ports use I/O standard (IOSTANDARD) value 'DEFAULT', instead of a user assigned specific value. This may cause I/O contention or incompatibility with the board power or connectivity affecting performance, signal integrity or in extreme cases cause damage to the device or the components to which it is connected. To correct this violation, specify all I/O standards. This design will fail to generate a bitstream unless all logical ports have a user specified I/O standard value defined. To allow bitstream creation with unspecified I/O standard values (not recommended), use this command: set_property SEVERITY {Warning} [get_drc_checks NSTD-1].  NOTE: When using the Vivado Runs infrastructure (e.g. launch_runs Tcl command), add this command to a .tcl file and add that file as a pre-hook for write_bitstream step for the implementation run. Problem ports: adc2_axis_aclk, adc2_axis_aresetn, dac0_axis_aclk, dac0_axis_aresetn, irq,
s_axi_aclk, s_axi_araddr[16], s_axi_araddr[17], s_axi_araddr[18],
s_axi_araddr[19], s_axi_araddr[20], s_axi_araddr[21], s_axi_araddr[22],
s_axi_araddr[23], s_axi_aresetn (the first 15 of 65 listed).
Related violations: <none>

UCIO-1#1 Critical Warning
Unconstrained Logical Port  
129 out of 129 logical ports have no user assigned specific location constraint (LOC). This may cause I/O contention or incompatibility with the board power or connectivity affecting performance, signal integrity or in extreme cases cause damage to the device or the components to which it is connected. To correct this violation, specify all pin locations. This design will fail to generate a bitstream unless all logical ports have a user specified site LOC constraint defined.  To allow bitstream creation with unspecified pin locations (not recommended), use this command: set_property SEVERITY {Warning} [get_drc_checks UCIO-1].  NOTE: When using the Vivado Runs infrastructure (e.g. launch_runs Tcl command), add this command to a .tcl file and add that file as a pre-hook for write_bitstream step for the implementation run.  Problem ports: adc2_axis_aclk, adc2_axis_aresetn, dac0_axis_aclk, dac0_axis_aresetn, irq,
s_axi_aclk, s_axi_araddr[16], s_axi_araddr[17], s_axi_araddr[18],
s_axi_araddr[19], s_axi_araddr[20], s_axi_araddr[21], s_axi_araddr[22],
s_axi_araddr[23], s_axi_aresetn (the first 15 of 65 listed).
Related violations: <none>


