Copyright 1986-2015 Xilinx, Inc. All Rights Reserved.
--------------------------------------------------------------------------------------------------------
| Tool Version      : Vivado v.2015.1 (win64) Build 1215546 Mon Apr 27 19:22:08 MDT 2015
| Date              : Sun May 03 17:02:34 2015
| Host              : XCOJAMESM22 running 64-bit Service Pack 1  (build 7601)
| Command           : report_clock_utilization -file xilinx_pcie_2_1_ep_7x_clock_utilization_routed.rpt
| Design            : xilinx_pcie_2_1_ep_7x
| Device            : 7vx485t-ffg1761
| Speed File        : -2  PRODUCTION 1.12 2014-09-11
| Temperature Grade : C
--------------------------------------------------------------------------------------------------------

Clock Utilization Report

Table of Contents
-----------------
1. Clock Primitive Utilization
2. Details of Global Clocks
3. Details of Regional Clocks
4. Details of Multi-Regional Clocks
5. Details of I/O Clocks
6. Details of Local Clocks
7. Clock Regions : Key Resource Utilization
8. Net wise resources used in clock region X1Y0
9. Net wise resources used in clock region X1Y1
10. Net wise resources used in clock region X0Y2
11. Net wise resources used in clock region X1Y2
12. Net wise resources used in clock region X0Y3

1. Clock Primitive Utilization
------------------------------

+-------+------+-----------+-----------+
| Type  | Used | Available | Num Fixed |
+-------+------+-----------+-----------+
| BUFG  |    6 |        32 |         0 |
| BUFH  |    0 |       168 |         0 |
| BUFIO |    0 |        56 |         0 |
| MMCM  |    1 |        14 |         0 |
| PLL   |    0 |        14 |         0 |
| BUFR  |    0 |        56 |         0 |
| BUFMR |    0 |        28 |         0 |
+-------+------+-----------+-----------+


2. Details of Global Clocks
---------------------------

+-------+--------------------------------------------------------------------------------------------------------+-----------------------------------------------------------------------------------------------------+--------------+-------+
|       |                                                                                                        |                                                                                                     |   Num Loads  |       |
+-------+--------------------------------------------------------------------------------------------------------+-----------------------------------------------------------------------------------------------------+------+-------+-------+
| Index | BUFG Cell                                                                                              | Net Name                                                                                            | BELs | Sites | Fixed |
+-------+--------------------------------------------------------------------------------------------------------+-----------------------------------------------------------------------------------------------------+------+-------+-------+
|     1 | vc707_pcie_x8_gen2_support_i/pipe_clock_i/txoutclk_i.txoutclk_i                                        | vc707_pcie_x8_gen2_support_i/pipe_clock_i/refclk                                                    |    1 |     1 |    no |
|     2 | vc707_pcie_x8_gen2_support_i/pipe_clock_i/userclk1_i1.usrclk1_i1                                       | vc707_pcie_x8_gen2_support_i/pipe_clock_i/pclk_sel_reg1_reg[7]_2                                    |    5 |     9 |    no |
|     3 | vc707_pcie_x8_gen2_support_i/vc707_pcie_x8_gen2_i/inst/inst/gt_top_i/pipe_wrapper_i/cpllpd_refclk_inst | vc707_pcie_x8_gen2_support_i/vc707_pcie_x8_gen2_i/inst/inst/gt_top_i/pipe_wrapper_i/gt_cpllpdrefclk |   72 |    16 |    no |
|     4 | vc707_pcie_x8_gen2_support_i/pipe_clock_i/dclk_i_bufg.dclk_i                                           | vc707_pcie_x8_gen2_support_i/pipe_clock_i/pclk_sel_reg1_reg[7]_1                                    |  786 |   268 |    no |
|     5 | vc707_pcie_x8_gen2_support_i/pipe_clock_i/userclk2_i1.usrclk2_i1                                       | vc707_pcie_x8_gen2_support_i/pipe_clock_i/pclk_sel_reg1_reg[7]_3                                    |  790 |   257 |    no |
|     6 | vc707_pcie_x8_gen2_support_i/pipe_clock_i/pclk_i1_bufgctrl.pclk_i1                                     | vc707_pcie_x8_gen2_support_i/pipe_clock_i/gen3_reg2_reg_0                                           | 2549 |   809 |    no |
+-------+--------------------------------------------------------------------------------------------------------+-----------------------------------------------------------------------------------------------------+------+-------+-------+


+-------+--------------------------------------------------+------------------------------------------------------+--------------+-------+
|       |                                                  |                                                      |   Num Loads  |       |
+-------+--------------------------------------------------+------------------------------------------------------+------+-------+-------+
| Index | MMCM Cell                                        | Net Name                                             | BELs | Sites | Fixed |
+-------+--------------------------------------------------+------------------------------------------------------+------+-------+-------+
|     1 | vc707_pcie_x8_gen2_support_i/pipe_clock_i/mmcm_i | vc707_pcie_x8_gen2_support_i/pipe_clock_i/clk_250mhz |    1 |     1 |    no |
|     2 | vc707_pcie_x8_gen2_support_i/pipe_clock_i/mmcm_i | vc707_pcie_x8_gen2_support_i/pipe_clock_i/mmcm_fb    |    1 |     1 |    no |
|     3 | vc707_pcie_x8_gen2_support_i/pipe_clock_i/mmcm_i | vc707_pcie_x8_gen2_support_i/pipe_clock_i/userclk1   |    1 |     1 |    no |
|     4 | vc707_pcie_x8_gen2_support_i/pipe_clock_i/mmcm_i | vc707_pcie_x8_gen2_support_i/pipe_clock_i/userclk2   |    1 |     1 |    no |
|     5 | vc707_pcie_x8_gen2_support_i/pipe_clock_i/mmcm_i | vc707_pcie_x8_gen2_support_i/pipe_clock_i/clk_125mhz |    2 |     2 |    no |
+-------+--------------------------------------------------+------------------------------------------------------+------+-------+-------+


3. Details of Regional Clocks
-----------------------------

4. Details of Multi-Regional Clocks
-----------------------------------

5. Details of I/O Clocks
------------------------

6. Details of Local Clocks
--------------------------

7. Clock Regions : Key Resource Utilization
-------------------------------------------

+-------------------+--------------+--------------+--------------+--------------+--------------+--------------+--------------+--------------+--------------+--------------+--------------+--------------+--------------+--------------+--------------+
|                   | Global Clock |     BUFRs    |    BUFMRs    |    BUFIOs    |     MMCM     |      PLL     |      GT      |      PCI     |    ILOGIC    |    OLOGIC    |      FF      |     LUTM     |    RAMB18    |    RAMB36    |    DSP48E1   |
+-------------------+------+-------+------+-------+------+-------+------+-------+------+-------+------+-------+------+-------+------+-------+------+-------+------+-------+------+-------+------+-------+------+-------+------+-------+------+-------+
| Clock Region Name | Used | Avail | Used | Avail | Used | Avail | Used | Avail | Used | Avail | Used | Avail | Used | Avail | Used | Avail | Used | Avail | Used | Avail | Used | Avail | Used | Avail | Used | Avail | Used | Avail | Used | Avail |
+-------------------+------+-------+------+-------+------+-------+------+-------+------+-------+------+-------+------+-------+------+-------+------+-------+------+-------+------+-------+------+-------+------+-------+------+-------+------+-------+
| X0Y0              |    0 |    12 |    0 |     4 |    0 |     2 |    0 |     4 |    0 |     1 |    0 |     1 |    0 |     5 |    0 |     0 |    0 |    50 |    0 |    50 |    0 | 44000 |    0 |  8800 |    0 |   140 |    0 |    70 |    0 |   180 |
| X1Y0              |    1 |    12 |    0 |     4 |    0 |     2 |    0 |     4 |    0 |     1 |    0 |     1 |    0 |     5 |    0 |     0 |    0 |    50 |    0 |    50 |   17 | 44800 |    0 | 10000 |    0 |   160 |    0 |    80 |    0 |   220 |
| X0Y1              |    0 |    12 |    0 |     4 |    0 |     2 |    0 |     4 |    0 |     1 |    0 |     1 |    0 |     5 |    0 |     0 |    0 |    50 |    0 |    50 |    0 | 39200 |    0 |  8800 |    0 |   140 |    0 |    70 |    0 |   180 |
| X1Y1              |    3 |    12 |    0 |     4 |    0 |     2 |    0 |     4 |    0 |     1 |    0 |     1 |    5 |     5 |    0 |     0 |    0 |    50 |    0 |    50 | 1814 | 44800 |   28 | 10000 |    0 |   160 |    0 |    80 |    0 |   220 |
| X0Y2              |    1 |    12 |    0 |     4 |    0 |     2 |    0 |     4 |    0 |     1 |    0 |     1 |    0 |     5 |    0 |     1 |    0 |    50 |    0 |    50 |   26 | 38000 |    0 |  8600 |    0 |   130 |    0 |    65 |    0 |   180 |
| X1Y2              |    5 |    12 |    0 |     4 |    0 |     2 |    0 |     4 |    0 |     1 |    0 |     1 |    5 |     5 |    1 |     1 |    0 |    50 |    0 |    50 | 2260 | 43600 |   28 |  9800 |    0 |   150 |    8 |    75 |    0 |   220 |
| X0Y3              |    1 |    12 |    0 |     4 |    0 |     2 |    0 |     4 |    1 |     1 |    0 |     1 |    0 |     5 |    0 |     0 |    0 |    50 |    0 |    50 |    0 | 44000 |    0 |  8800 |    0 |   140 |    0 |    70 |    0 |   180 |
| X1Y3              |    0 |    12 |    0 |     4 |    0 |     2 |    0 |     4 |    0 |     1 |    0 |     1 |    0 |     5 |    0 |     0 |    0 |    50 |    0 |    50 |    0 | 44800 |    0 | 10000 |    0 |   160 |    0 |    80 |    0 |   220 |
| X0Y4              |    0 |    12 |    0 |     4 |    0 |     2 |    0 |     4 |    0 |     1 |    0 |     1 |    0 |     5 |    0 |     0 |    0 |    50 |    0 |    50 |    0 | 44000 |    0 |  8800 |    0 |   140 |    0 |    70 |    0 |   180 |
| X1Y4              |    0 |    12 |    0 |     4 |    0 |     2 |    0 |     4 |    0 |     1 |    0 |     1 |    0 |     5 |    0 |     0 |    0 |    50 |    0 |    50 |    0 | 44800 |    0 | 10000 |    0 |   160 |    0 |    80 |    0 |   220 |
| X0Y5              |    0 |    12 |    0 |     4 |    0 |     2 |    0 |     4 |    0 |     1 |    0 |     1 |    0 |     5 |    0 |     1 |    0 |    50 |    0 |    50 |    0 | 42800 |    0 |  8600 |    0 |   130 |    0 |    65 |    0 |   180 |
| X1Y5              |    0 |    12 |    0 |     4 |    0 |     2 |    0 |     4 |    0 |     1 |    0 |     1 |    0 |     5 |    0 |     1 |    0 |    50 |    0 |    50 |    0 | 43600 |    0 |  9800 |    0 |   150 |    0 |    75 |    0 |   220 |
| X0Y6              |    0 |    12 |    0 |     4 |    0 |     2 |    0 |     4 |    0 |     1 |    0 |     1 |    0 |     5 |    0 |     0 |    0 |    50 |    0 |    50 |    0 | 44000 |    0 |  8800 |    0 |   140 |    0 |    70 |    0 |   180 |
| X1Y6              |    0 |    12 |    0 |     4 |    0 |     2 |    0 |     4 |    0 |     1 |    0 |     1 |    0 |     5 |    0 |     0 |    0 |    50 |    0 |    50 |    0 | 44800 |    0 | 10000 |    0 |   160 |    0 |    80 |    0 |   220 |
+-------------------+------+-------+------+-------+------+-------+------+-------+------+-------+------+-------+------+-------+------+-------+------+-------+------+-------+------+-------+------+-------+------+-------+------+-------+------+-------+
* RAMB36 site can be used as two RAMB18/FIFO18 sites.


8. Net wise resources used in clock region X1Y0
-----------------------------------------------

+-------------+-------------+-------+-----------+----------+---------+-----------+---------+---------+-----+-------+----------+------------------------------------------------------------------+
| Source Type | BUFHCE Site | Fixed | MMCM Pins | PLL Pins | GT Pins | BRAM Pins | ILOGICs | OLOGICs | FFs | LUTMs | DSP48E1s |                          Clock Net Name                          |
+-------------+-------------+-------+-----------+----------+---------+-----------+---------+---------+-----+-------+----------+------------------------------------------------------------------+
| BUFG        | BUFHCE_X1Y8 |   no  |         0 |        0 |       0 |         0 |       0 |       0 |  17 |     0 |        0 | vc707_pcie_x8_gen2_support_i/pipe_clock_i/pclk_sel_reg1_reg[7]_1 |
+-------------+-------------+-------+-----------+----------+---------+-----------+---------+---------+-----+-------+----------+------------------------------------------------------------------+


9. Net wise resources used in clock region X1Y1
-----------------------------------------------

+-------------+--------------+-------+-----------+----------+---------+-----------+---------+---------+------+-------+----------+-----------------------------------------------------------------------------------------------------+
| Source Type | BUFHCE Site  | Fixed | MMCM Pins | PLL Pins | GT Pins | BRAM Pins | ILOGICs | OLOGICs |  FFs | LUTMs | DSP48E1s |                                            Clock Net Name                                           |
+-------------+--------------+-------+-----------+----------+---------+-----------+---------+---------+------+-------+----------+-----------------------------------------------------------------------------------------------------+
| BUFG        | BUFHCE_X1Y20 |   no  |         0 |        0 |       0 |         0 |       0 |       0 |    8 |    28 |        0 | vc707_pcie_x8_gen2_support_i/vc707_pcie_x8_gen2_i/inst/inst/gt_top_i/pipe_wrapper_i/gt_cpllpdrefclk |
| BUFG        | BUFHCE_X1Y22 |   no  |         0 |        0 |       5 |         0 |       0 |       0 |  395 |     0 |        0 | vc707_pcie_x8_gen2_support_i/pipe_clock_i/pclk_sel_reg1_reg[7]_1                                    |
| BUFGCTRL    | BUFHCE_X1Y21 |   no  |         0 |        0 |      16 |         0 |       0 |       0 | 1411 |     0 |        0 | vc707_pcie_x8_gen2_support_i/pipe_clock_i/gen3_reg2_reg_0                                           |
+-------------+--------------+-------+-----------+----------+---------+-----------+---------+---------+------+-------+----------+-----------------------------------------------------------------------------------------------------+


10. Net wise resources used in clock region X0Y2
------------------------------------------------

+-------------+--------------+-------+-----------+----------+---------+-----------+---------+---------+-----+-------+----------+------------------------------------------------------------------+
| Source Type | BUFHCE Site  | Fixed | MMCM Pins | PLL Pins | GT Pins | BRAM Pins | ILOGICs | OLOGICs | FFs | LUTMs | DSP48E1s |                          Clock Net Name                          |
+-------------+--------------+-------+-----------+----------+---------+-----------+---------+---------+-----+-------+----------+------------------------------------------------------------------+
| BUFG        | BUFHCE_X0Y32 |   no  |         0 |        0 |       0 |         0 |       0 |       0 |  26 |     0 |        0 | vc707_pcie_x8_gen2_support_i/pipe_clock_i/pclk_sel_reg1_reg[7]_3 |
+-------------+--------------+-------+-----------+----------+---------+-----------+---------+---------+-----+-------+----------+------------------------------------------------------------------+


11. Net wise resources used in clock region X1Y2
------------------------------------------------

+-------------+--------------+-------+-----------+----------+---------+-----------+---------+---------+------+-------+----------+-----------------------------------------------------------------------------------------------------+
| Source Type | BUFHCE Site  | Fixed | MMCM Pins | PLL Pins | GT Pins | BRAM Pins | ILOGICs | OLOGICs |  FFs | LUTMs | DSP48E1s |                                            Clock Net Name                                           |
+-------------+--------------+-------+-----------+----------+---------+-----------+---------+---------+------+-------+----------+-----------------------------------------------------------------------------------------------------+
| BUFG        | BUFHCE_X1Y24 |   no  |         0 |        0 |       0 |         8 |       0 |       0 |    0 |     0 |        0 | vc707_pcie_x8_gen2_support_i/pipe_clock_i/pclk_sel_reg1_reg[7]_2                                    |
| BUFG        | BUFHCE_X1Y32 |   no  |         0 |        0 |       0 |         0 |       0 |       0 |    8 |    28 |        0 | vc707_pcie_x8_gen2_support_i/vc707_pcie_x8_gen2_i/inst/inst/gt_top_i/pipe_wrapper_i/gt_cpllpdrefclk |
| BUFG        | BUFHCE_X1Y35 |   no  |         0 |        0 |       5 |         0 |       0 |       0 |  364 |     0 |        0 | vc707_pcie_x8_gen2_support_i/pipe_clock_i/pclk_sel_reg1_reg[7]_1                                    |
| BUFG        | BUFHCE_X1Y34 |   no  |         0 |        0 |       0 |         8 |       0 |       0 |  759 |     0 |        0 | vc707_pcie_x8_gen2_support_i/pipe_clock_i/pclk_sel_reg1_reg[7]_3                                    |
| BUFGCTRL    | BUFHCE_X1Y33 |   no  |         0 |        0 |      16 |         0 |       0 |       0 | 1129 |     0 |        0 | vc707_pcie_x8_gen2_support_i/pipe_clock_i/gen3_reg2_reg_0                                           |
+-------------+--------------+-------+-----------+----------+---------+-----------+---------+---------+------+-------+----------+-----------------------------------------------------------------------------------------------------+


12. Net wise resources used in clock region X0Y3
------------------------------------------------

+-------------+--------------+-------+-----------+----------+---------+-----------+---------+---------+-----+-------+----------+--------------------------------------------------+
| Source Type | BUFHCE Site  | Fixed | MMCM Pins | PLL Pins | GT Pins | BRAM Pins | ILOGICs | OLOGICs | FFs | LUTMs | DSP48E1s |                  Clock Net Name                  |
+-------------+--------------+-------+-----------+----------+---------+-----------+---------+---------+-----+-------+----------+--------------------------------------------------+
| BUFG        | BUFHCE_X0Y36 |   no  |         1 |        0 |       0 |         0 |       0 |       0 |   0 |     0 |        0 | vc707_pcie_x8_gen2_support_i/pipe_clock_i/refclk |
+-------------+--------------+-------+-----------+----------+---------+-----------+---------+---------+-----+-------+----------+--------------------------------------------------+



# Location of BUFG Primitives 
set_property LOC BUFGCTRL_X0Y0 [get_cells vc707_pcie_x8_gen2_support_i/pipe_clock_i/pclk_i1_bufgctrl.pclk_i1]
set_property LOC BUFGCTRL_X0Y2 [get_cells vc707_pcie_x8_gen2_support_i/pipe_clock_i/dclk_i_bufg.dclk_i]
set_property LOC BUFGCTRL_X0Y3 [get_cells vc707_pcie_x8_gen2_support_i/pipe_clock_i/userclk1_i1.usrclk1_i1]
set_property LOC BUFGCTRL_X0Y1 [get_cells vc707_pcie_x8_gen2_support_i/pipe_clock_i/userclk2_i1.usrclk2_i1]
set_property LOC BUFGCTRL_X0Y5 [get_cells vc707_pcie_x8_gen2_support_i/pipe_clock_i/txoutclk_i.txoutclk_i]
set_property LOC BUFGCTRL_X0Y4 [get_cells vc707_pcie_x8_gen2_support_i/vc707_pcie_x8_gen2_i/inst/inst/gt_top_i/pipe_wrapper_i/cpllpd_refclk_inst]

# Location of IO Clock Primitives

# Location of MMCM Clock Primitives
set_property LOC MMCME2_ADV_X0Y3 [get_cells vc707_pcie_x8_gen2_support_i/pipe_clock_i/mmcm_i]

# Location of BUFH Clock Primitives

# Location of BUFR Clock Primitives

# Location of BUFMR Clock Primitives

# Location of PLL Clock Primitives

# Location of IO Primitives which is load of clock spine

# Location of clock ports
set_property LOC IPAD_X2Y71 [get_ports sys_clk_n]
set_property LOC IPAD_X2Y70 [get_ports sys_clk_p]

# Clock net "vc707_pcie_x8_gen2_support_i/pipe_clock_i/gen3_reg2_reg_0" driven by instance "vc707_pcie_x8_gen2_support_i/pipe_clock_i/pclk_i1_bufgctrl.pclk_i1" located at site "BUFGCTRL_X0Y0"
#startgroup
create_pblock {CLKAG_vc707_pcie_x8_gen2_support_i/pipe_clock_i/gen3_reg2_reg_0}
add_cells_to_pblock [get_pblocks  {CLKAG_vc707_pcie_x8_gen2_support_i/pipe_clock_i/gen3_reg2_reg_0}] [get_cells -filter { PRIMITIVE_GROUP != I/O && IS_PRIMITIVE==1 && PRIMITIVE_LEVEL !=INTERNAL } -of_object [get_pins -filter {DIRECTION==IN} -of_objects [get_nets -hierarchical -filter {PARENT=="vc707_pcie_x8_gen2_support_i/pipe_clock_i/gen3_reg2_reg_0"}]]]
resize_pblock [get_pblocks {CLKAG_vc707_pcie_x8_gen2_support_i/pipe_clock_i/gen3_reg2_reg_0}] -add {CLOCKREGION_X1Y1:CLOCKREGION_X1Y1 CLOCKREGION_X1Y2:CLOCKREGION_X1Y2}
#endgroup

# Clock net "vc707_pcie_x8_gen2_support_i/pipe_clock_i/pclk_sel_reg1_reg[7]_1" driven by instance "vc707_pcie_x8_gen2_support_i/pipe_clock_i/dclk_i_bufg.dclk_i" located at site "BUFGCTRL_X0Y2"
#startgroup
create_pblock {CLKAG_vc707_pcie_x8_gen2_support_i/pipe_clock_i/pclk_sel_reg1_reg[7]_1}
add_cells_to_pblock [get_pblocks  {CLKAG_vc707_pcie_x8_gen2_support_i/pipe_clock_i/pclk_sel_reg1_reg[7]_1}] [get_cells -filter { PRIMITIVE_GROUP != I/O && IS_PRIMITIVE==1 && PRIMITIVE_LEVEL !=INTERNAL } -of_object [get_pins -filter {DIRECTION==IN} -of_objects [get_nets -hierarchical -filter {PARENT=="vc707_pcie_x8_gen2_support_i/pipe_clock_i/pclk_sel_reg1_reg[7]_1"}]]]
resize_pblock [get_pblocks {CLKAG_vc707_pcie_x8_gen2_support_i/pipe_clock_i/pclk_sel_reg1_reg[7]_1}] -add {CLOCKREGION_X1Y0:CLOCKREGION_X1Y0 CLOCKREGION_X1Y1:CLOCKREGION_X1Y1 CLOCKREGION_X1Y2:CLOCKREGION_X1Y2}
#endgroup

# Clock net "vc707_pcie_x8_gen2_support_i/pipe_clock_i/pclk_sel_reg1_reg[7]_2" driven by instance "vc707_pcie_x8_gen2_support_i/pipe_clock_i/userclk1_i1.usrclk1_i1" located at site "BUFGCTRL_X0Y3"
#startgroup
create_pblock {CLKAG_vc707_pcie_x8_gen2_support_i/pipe_clock_i/pclk_sel_reg1_reg[7]_2}
add_cells_to_pblock [get_pblocks  {CLKAG_vc707_pcie_x8_gen2_support_i/pipe_clock_i/pclk_sel_reg1_reg[7]_2}] [get_cells -filter { PRIMITIVE_GROUP != I/O && IS_PRIMITIVE==1 && PRIMITIVE_LEVEL !=INTERNAL } -of_object [get_pins -filter {DIRECTION==IN} -of_objects [get_nets -hierarchical -filter {PARENT=="vc707_pcie_x8_gen2_support_i/pipe_clock_i/pclk_sel_reg1_reg[7]_2"}]]]
resize_pblock [get_pblocks {CLKAG_vc707_pcie_x8_gen2_support_i/pipe_clock_i/pclk_sel_reg1_reg[7]_2}] -add {CLOCKREGION_X1Y2:CLOCKREGION_X1Y2}
#endgroup

# Clock net "vc707_pcie_x8_gen2_support_i/pipe_clock_i/pclk_sel_reg1_reg[7]_3" driven by instance "vc707_pcie_x8_gen2_support_i/pipe_clock_i/userclk2_i1.usrclk2_i1" located at site "BUFGCTRL_X0Y1"
#startgroup
create_pblock {CLKAG_vc707_pcie_x8_gen2_support_i/pipe_clock_i/pclk_sel_reg1_reg[7]_3}
add_cells_to_pblock [get_pblocks  {CLKAG_vc707_pcie_x8_gen2_support_i/pipe_clock_i/pclk_sel_reg1_reg[7]_3}] [get_cells -filter { PRIMITIVE_GROUP != I/O && IS_PRIMITIVE==1 && PRIMITIVE_LEVEL !=INTERNAL } -of_object [get_pins -filter {DIRECTION==IN} -of_objects [get_nets -hierarchical -filter {PARENT=="vc707_pcie_x8_gen2_support_i/pipe_clock_i/pclk_sel_reg1_reg[7]_3"}]]]
resize_pblock [get_pblocks {CLKAG_vc707_pcie_x8_gen2_support_i/pipe_clock_i/pclk_sel_reg1_reg[7]_3}] -add {CLOCKREGION_X0Y2:CLOCKREGION_X0Y2 CLOCKREGION_X1Y2:CLOCKREGION_X1Y2}
#endgroup

# Clock net "vc707_pcie_x8_gen2_support_i/vc707_pcie_x8_gen2_i/inst/inst/gt_top_i/pipe_wrapper_i/gt_cpllpdrefclk" driven by instance "vc707_pcie_x8_gen2_support_i/vc707_pcie_x8_gen2_i/inst/inst/gt_top_i/pipe_wrapper_i/cpllpd_refclk_inst" located at site "BUFGCTRL_X0Y4"
#startgroup
create_pblock {CLKAG_vc707_pcie_x8_gen2_support_i/vc707_pcie_x8_gen2_i/inst/inst/gt_top_i/pipe_wrapper_i/gt_cpllpdrefclk}
add_cells_to_pblock [get_pblocks  {CLKAG_vc707_pcie_x8_gen2_support_i/vc707_pcie_x8_gen2_i/inst/inst/gt_top_i/pipe_wrapper_i/gt_cpllpdrefclk}] [get_cells -filter { PRIMITIVE_GROUP != I/O && IS_PRIMITIVE==1 && PRIMITIVE_LEVEL !=INTERNAL } -of_object [get_pins -filter {DIRECTION==IN} -of_objects [get_nets -hierarchical -filter {PARENT=="vc707_pcie_x8_gen2_support_i/vc707_pcie_x8_gen2_i/inst/inst/gt_top_i/pipe_wrapper_i/gt_cpllpdrefclk"}]]]
resize_pblock [get_pblocks {CLKAG_vc707_pcie_x8_gen2_support_i/vc707_pcie_x8_gen2_i/inst/inst/gt_top_i/pipe_wrapper_i/gt_cpllpdrefclk}] -add {CLOCKREGION_X1Y1:CLOCKREGION_X1Y1 CLOCKREGION_X1Y2:CLOCKREGION_X1Y2}
#endgroup
