
*** Running vivado
    with args -log design_1_wrapper.vds -m64 -product Vivado -mode batch -messageDb vivado.pb -notrace -source design_1_wrapper.tcl



****** Vivado v2023.2 (64-bit)
  **** SW Build 4029153 on Fri Oct 13 20:14:34 MDT 2023
  **** IP Build 4028589 on Sat Oct 14 00:45:43 MDT 2023
  **** SharedData Build 4025554 on Tue Oct 10 17:18:54 MDT 2023
    ** Copyright 1986-2022 Xilinx, Inc. All Rights Reserved.
    ** Copyright 2022-2023 Advanced Micro Devices, Inc. All Rights Reserved.

Sourcing tcl script 'C:/Users/User/AppData/Roaming/Xilinx/Vivado/Vivado_init.tcl'
27 Beta devices matching pattern found, 21 enabled.
75 Beta devices matching pattern found, 0 enabled.
source design_1_wrapper.tcl -notrace
INFO: [IP_Flow 19-234] Refreshing IP repositories
INFO: [IP_Flow 19-1704] No user IP repositories specified
INFO: [IP_Flow 19-2313] Loaded Vivado IP repository 'C:/Xilinx/Vivado/2023.2/data/ip'.
Command: read_checkpoint -auto_incremental -incremental C:/va/zcu104_ptg/zcu104_ptg.srcs/utils_1/imports/synth_1/design_1_wrapper.dcp
INFO: [Vivado 12-5825] Read reference checkpoint from C:/va/zcu104_ptg/zcu104_ptg.srcs/utils_1/imports/synth_1/design_1_wrapper.dcp for incremental synthesis
INFO: [Vivado 12-7989] Please ensure there are no constraint changes
Command: synth_design -top design_1_wrapper -part xczu7ev-ffvc1156-2-e
Starting synth_design
Attempting to get a license for feature 'Synthesis' and/or device 'xczu7ev'
INFO: [Common 17-349] Got license for feature 'Synthesis' and/or device 'xczu7ev'
INFO: [Device 21-403] Loading part xczu7ev-ffvc1156-2-e
INFO: [Designutils 20-5440] No compile time benefit to using incremental synthesis; A full resynthesis will be run
INFO: [Designutils 20-4379] Flow is switching to default flow due to incremental criteria not met. If you would like to alter this behaviour and have the flow terminate instead, please set the following parameter config_implementation {autoIncr.Synth.RejectBehavior Terminate}
INFO: [Synth 8-7079] Multithreading enabled for synth_design using a maximum of 4 processes.
INFO: [Synth 8-7078] Launching helper process for spawning children vivado processes
INFO: [Synth 8-7075] Helper process launched with PID 26772
---------------------------------------------------------------------------------
Starting RTL Elaboration : Time (s): cpu = 00:00:04 ; elapsed = 00:00:05 . Memory (MB): peak = 2155.410 ; gain = 386.246
---------------------------------------------------------------------------------
INFO: [Synth 8-6157] synthesizing module 'design_1_wrapper' [C:/va/zcu104_ptg/zcu104_ptg.gen/sources_1/bd/design_1/hdl/design_1_wrapper.v:13]
INFO: [Synth 8-6157] synthesizing module 'design_1' [c:/va/zcu104_ptg/zcu104_ptg.gen/sources_1/bd/design_1/synth/design_1.v:13]
INFO: [Synth 8-6157] synthesizing module 'design_1_clk_wiz_0_0' [C:/va/zcu104_ptg/zcu104_ptg.runs/synth_1/.Xil/Vivado-24320-LAPTOP-90IBO783/realtime/design_1_clk_wiz_0_0_stub.v:6]
INFO: [Synth 8-6155] done synthesizing module 'design_1_clk_wiz_0_0' (0#1) [C:/va/zcu104_ptg/zcu104_ptg.runs/synth_1/.Xil/Vivado-24320-LAPTOP-90IBO783/realtime/design_1_clk_wiz_0_0_stub.v:6]
INFO: [Synth 8-6157] synthesizing module 'design_1_ps8_0_axi_periph_0' [c:/va/zcu104_ptg/zcu104_ptg.gen/sources_1/bd/design_1/synth/design_1.v:355]
INFO: [Synth 8-6157] synthesizing module 'm00_couplers_imp_QJIMLI' [c:/va/zcu104_ptg/zcu104_ptg.gen/sources_1/bd/design_1/synth/design_1.v:915]
INFO: [Synth 8-6155] done synthesizing module 'm00_couplers_imp_QJIMLI' (0#1) [c:/va/zcu104_ptg/zcu104_ptg.gen/sources_1/bd/design_1/synth/design_1.v:915]
INFO: [Synth 8-6157] synthesizing module 'm01_couplers_imp_1D3SAH3' [c:/va/zcu104_ptg/zcu104_ptg.gen/sources_1/bd/design_1/synth/design_1.v:1047]
INFO: [Synth 8-6157] synthesizing module 'design_1_auto_cc_0' [C:/va/zcu104_ptg/zcu104_ptg.runs/synth_1/.Xil/Vivado-24320-LAPTOP-90IBO783/realtime/design_1_auto_cc_0_stub.v:6]
INFO: [Synth 8-6155] done synthesizing module 'design_1_auto_cc_0' (0#1) [C:/va/zcu104_ptg/zcu104_ptg.runs/synth_1/.Xil/Vivado-24320-LAPTOP-90IBO783/realtime/design_1_auto_cc_0_stub.v:6]
WARNING: [Synth 8-7071] port 'm_axi_awprot' of module 'design_1_auto_cc_0' is unconnected for instance 'auto_cc' [c:/va/zcu104_ptg/zcu104_ptg.gen/sources_1/bd/design_1/synth/design_1.v:1210]
WARNING: [Synth 8-7071] port 'm_axi_arprot' of module 'design_1_auto_cc_0' is unconnected for instance 'auto_cc' [c:/va/zcu104_ptg/zcu104_ptg.gen/sources_1/bd/design_1/synth/design_1.v:1210]
WARNING: [Synth 8-7023] instance 'auto_cc' of module 'design_1_auto_cc_0' has 42 connections declared, but only 40 given [c:/va/zcu104_ptg/zcu104_ptg.gen/sources_1/bd/design_1/synth/design_1.v:1210]
INFO: [Synth 8-6155] done synthesizing module 'm01_couplers_imp_1D3SAH3' (0#1) [c:/va/zcu104_ptg/zcu104_ptg.gen/sources_1/bd/design_1/synth/design_1.v:1047]
INFO: [Synth 8-6157] synthesizing module 's00_couplers_imp_1A7ZMW4' [c:/va/zcu104_ptg/zcu104_ptg.gen/sources_1/bd/design_1/synth/design_1.v:1253]
INFO: [Synth 8-6157] synthesizing module 'design_1_auto_ds_0' [C:/va/zcu104_ptg/zcu104_ptg.runs/synth_1/.Xil/Vivado-24320-LAPTOP-90IBO783/realtime/design_1_auto_ds_0_stub.v:6]
INFO: [Synth 8-6155] done synthesizing module 'design_1_auto_ds_0' (0#1) [C:/va/zcu104_ptg/zcu104_ptg.runs/synth_1/.Xil/Vivado-24320-LAPTOP-90IBO783/realtime/design_1_auto_ds_0_stub.v:6]
INFO: [Synth 8-6157] synthesizing module 'design_1_auto_pc_0' [C:/va/zcu104_ptg/zcu104_ptg.runs/synth_1/.Xil/Vivado-24320-LAPTOP-90IBO783/realtime/design_1_auto_pc_0_stub.v:6]
INFO: [Synth 8-6155] done synthesizing module 'design_1_auto_pc_0' (0#1) [C:/va/zcu104_ptg/zcu104_ptg.runs/synth_1/.Xil/Vivado-24320-LAPTOP-90IBO783/realtime/design_1_auto_pc_0_stub.v:6]
INFO: [Synth 8-6155] done synthesizing module 's00_couplers_imp_1A7ZMW4' (0#1) [c:/va/zcu104_ptg/zcu104_ptg.gen/sources_1/bd/design_1/synth/design_1.v:1253]
INFO: [Synth 8-6157] synthesizing module 'design_1_xbar_0' [C:/va/zcu104_ptg/zcu104_ptg.runs/synth_1/.Xil/Vivado-24320-LAPTOP-90IBO783/realtime/design_1_xbar_0_stub.v:6]
INFO: [Synth 8-6155] done synthesizing module 'design_1_xbar_0' (0#1) [C:/va/zcu104_ptg/zcu104_ptg.runs/synth_1/.Xil/Vivado-24320-LAPTOP-90IBO783/realtime/design_1_xbar_0_stub.v:6]
INFO: [Synth 8-6155] done synthesizing module 'design_1_ps8_0_axi_periph_0' (0#1) [c:/va/zcu104_ptg/zcu104_ptg.gen/sources_1/bd/design_1/synth/design_1.v:355]
INFO: [Synth 8-6157] synthesizing module 'design_1_rst_clk_wiz_0_100M_0' [C:/va/zcu104_ptg/zcu104_ptg.runs/synth_1/.Xil/Vivado-24320-LAPTOP-90IBO783/realtime/design_1_rst_clk_wiz_0_100M_0_stub.v:6]
INFO: [Synth 8-6155] done synthesizing module 'design_1_rst_clk_wiz_0_100M_0' (0#1) [C:/va/zcu104_ptg/zcu104_ptg.runs/synth_1/.Xil/Vivado-24320-LAPTOP-90IBO783/realtime/design_1_rst_clk_wiz_0_100M_0_stub.v:6]
WARNING: [Synth 8-7071] port 'mb_reset' of module 'design_1_rst_clk_wiz_0_100M_0' is unconnected for instance 'rst_clk_wiz_0_100M' [c:/va/zcu104_ptg/zcu104_ptg.gen/sources_1/bd/design_1/synth/design_1.v:199]
WARNING: [Synth 8-7071] port 'bus_struct_reset' of module 'design_1_rst_clk_wiz_0_100M_0' is unconnected for instance 'rst_clk_wiz_0_100M' [c:/va/zcu104_ptg/zcu104_ptg.gen/sources_1/bd/design_1/synth/design_1.v:199]
WARNING: [Synth 8-7071] port 'peripheral_reset' of module 'design_1_rst_clk_wiz_0_100M_0' is unconnected for instance 'rst_clk_wiz_0_100M' [c:/va/zcu104_ptg/zcu104_ptg.gen/sources_1/bd/design_1/synth/design_1.v:199]
WARNING: [Synth 8-7071] port 'interconnect_aresetn' of module 'design_1_rst_clk_wiz_0_100M_0' is unconnected for instance 'rst_clk_wiz_0_100M' [c:/va/zcu104_ptg/zcu104_ptg.gen/sources_1/bd/design_1/synth/design_1.v:199]
WARNING: [Synth 8-7023] instance 'rst_clk_wiz_0_100M' of module 'design_1_rst_clk_wiz_0_100M_0' has 10 connections declared, but only 6 given [c:/va/zcu104_ptg/zcu104_ptg.gen/sources_1/bd/design_1/synth/design_1.v:199]
INFO: [Synth 8-6157] synthesizing module 'design_1_rst_clk_wiz_0_300M_0' [C:/va/zcu104_ptg/zcu104_ptg.runs/synth_1/.Xil/Vivado-24320-LAPTOP-90IBO783/realtime/design_1_rst_clk_wiz_0_300M_0_stub.v:6]
INFO: [Synth 8-6155] done synthesizing module 'design_1_rst_clk_wiz_0_300M_0' (0#1) [C:/va/zcu104_ptg/zcu104_ptg.runs/synth_1/.Xil/Vivado-24320-LAPTOP-90IBO783/realtime/design_1_rst_clk_wiz_0_300M_0_stub.v:6]
WARNING: [Synth 8-7071] port 'mb_reset' of module 'design_1_rst_clk_wiz_0_300M_0' is unconnected for instance 'rst_clk_wiz_0_300M' [c:/va/zcu104_ptg/zcu104_ptg.gen/sources_1/bd/design_1/synth/design_1.v:206]
WARNING: [Synth 8-7071] port 'bus_struct_reset' of module 'design_1_rst_clk_wiz_0_300M_0' is unconnected for instance 'rst_clk_wiz_0_300M' [c:/va/zcu104_ptg/zcu104_ptg.gen/sources_1/bd/design_1/synth/design_1.v:206]
WARNING: [Synth 8-7071] port 'peripheral_reset' of module 'design_1_rst_clk_wiz_0_300M_0' is unconnected for instance 'rst_clk_wiz_0_300M' [c:/va/zcu104_ptg/zcu104_ptg.gen/sources_1/bd/design_1/synth/design_1.v:206]
WARNING: [Synth 8-7071] port 'interconnect_aresetn' of module 'design_1_rst_clk_wiz_0_300M_0' is unconnected for instance 'rst_clk_wiz_0_300M' [c:/va/zcu104_ptg/zcu104_ptg.gen/sources_1/bd/design_1/synth/design_1.v:206]
WARNING: [Synth 8-7023] instance 'rst_clk_wiz_0_300M' of module 'design_1_rst_clk_wiz_0_300M_0' has 10 connections declared, but only 6 given [c:/va/zcu104_ptg/zcu104_ptg.gen/sources_1/bd/design_1/synth/design_1.v:206]
INFO: [Synth 8-6157] synthesizing module 'design_1_v_axi4s_vid_out_0_0' [C:/va/zcu104_ptg/zcu104_ptg.runs/synth_1/.Xil/Vivado-24320-LAPTOP-90IBO783/realtime/design_1_v_axi4s_vid_out_0_0_stub.v:6]
INFO: [Synth 8-6155] done synthesizing module 'design_1_v_axi4s_vid_out_0_0' (0#1) [C:/va/zcu104_ptg/zcu104_ptg.runs/synth_1/.Xil/Vivado-24320-LAPTOP-90IBO783/realtime/design_1_v_axi4s_vid_out_0_0_stub.v:6]
WARNING: [Synth 8-7071] port 'vid_vblank' of module 'design_1_v_axi4s_vid_out_0_0' is unconnected for instance 'v_axi4s_vid_out_0' [c:/va/zcu104_ptg/zcu104_ptg.gen/sources_1/bd/design_1/synth/design_1.v:213]
WARNING: [Synth 8-7071] port 'vid_hblank' of module 'design_1_v_axi4s_vid_out_0_0' is unconnected for instance 'v_axi4s_vid_out_0' [c:/va/zcu104_ptg/zcu104_ptg.gen/sources_1/bd/design_1/synth/design_1.v:213]
WARNING: [Synth 8-7071] port 'vid_field_id' of module 'design_1_v_axi4s_vid_out_0_0' is unconnected for instance 'v_axi4s_vid_out_0' [c:/va/zcu104_ptg/zcu104_ptg.gen/sources_1/bd/design_1/synth/design_1.v:213]
WARNING: [Synth 8-7071] port 'locked' of module 'design_1_v_axi4s_vid_out_0_0' is unconnected for instance 'v_axi4s_vid_out_0' [c:/va/zcu104_ptg/zcu104_ptg.gen/sources_1/bd/design_1/synth/design_1.v:213]
WARNING: [Synth 8-7071] port 'overflow' of module 'design_1_v_axi4s_vid_out_0_0' is unconnected for instance 'v_axi4s_vid_out_0' [c:/va/zcu104_ptg/zcu104_ptg.gen/sources_1/bd/design_1/synth/design_1.v:213]
WARNING: [Synth 8-7071] port 'underflow' of module 'design_1_v_axi4s_vid_out_0_0' is unconnected for instance 'v_axi4s_vid_out_0' [c:/va/zcu104_ptg/zcu104_ptg.gen/sources_1/bd/design_1/synth/design_1.v:213]
WARNING: [Synth 8-7071] port 'fifo_read_level' of module 'design_1_v_axi4s_vid_out_0_0' is unconnected for instance 'v_axi4s_vid_out_0' [c:/va/zcu104_ptg/zcu104_ptg.gen/sources_1/bd/design_1/synth/design_1.v:213]
WARNING: [Synth 8-7071] port 'status' of module 'design_1_v_axi4s_vid_out_0_0' is unconnected for instance 'v_axi4s_vid_out_0' [c:/va/zcu104_ptg/zcu104_ptg.gen/sources_1/bd/design_1/synth/design_1.v:213]
WARNING: [Synth 8-7071] port 'sof_state_out' of module 'design_1_v_axi4s_vid_out_0_0' is unconnected for instance 'v_axi4s_vid_out_0' [c:/va/zcu104_ptg/zcu104_ptg.gen/sources_1/bd/design_1/synth/design_1.v:213]
WARNING: [Synth 8-7023] instance 'v_axi4s_vid_out_0' of module 'design_1_v_axi4s_vid_out_0_0' has 32 connections declared, but only 23 given [c:/va/zcu104_ptg/zcu104_ptg.gen/sources_1/bd/design_1/synth/design_1.v:213]
INFO: [Synth 8-6157] synthesizing module 'design_1_v_tc_0_0' [C:/va/zcu104_ptg/zcu104_ptg.runs/synth_1/.Xil/Vivado-24320-LAPTOP-90IBO783/realtime/design_1_v_tc_0_0_stub.v:6]
INFO: [Synth 8-6155] done synthesizing module 'design_1_v_tc_0_0' (0#1) [C:/va/zcu104_ptg/zcu104_ptg.runs/synth_1/.Xil/Vivado-24320-LAPTOP-90IBO783/realtime/design_1_v_tc_0_0_stub.v:6]
WARNING: [Synth 8-7071] port 'fsync_out' of module 'design_1_v_tc_0_0' is unconnected for instance 'v_tc_0' [c:/va/zcu104_ptg/zcu104_ptg.gen/sources_1/bd/design_1/synth/design_1.v:237]
WARNING: [Synth 8-7023] instance 'v_tc_0' of module 'design_1_v_tc_0_0' has 33 connections declared, but only 32 given [c:/va/zcu104_ptg/zcu104_ptg.gen/sources_1/bd/design_1/synth/design_1.v:237]
INFO: [Synth 8-6157] synthesizing module 'design_1_v_tpg_0_0' [C:/va/zcu104_ptg/zcu104_ptg.runs/synth_1/.Xil/Vivado-24320-LAPTOP-90IBO783/realtime/design_1_v_tpg_0_0_stub.v:6]
INFO: [Synth 8-6155] done synthesizing module 'design_1_v_tpg_0_0' (0#1) [C:/va/zcu104_ptg/zcu104_ptg.runs/synth_1/.Xil/Vivado-24320-LAPTOP-90IBO783/realtime/design_1_v_tpg_0_0_stub.v:6]
WARNING: [Synth 8-7071] port 'fid' of module 'design_1_v_tpg_0_0' is unconnected for instance 'v_tpg_0' [c:/va/zcu104_ptg/zcu104_ptg.gen/sources_1/bd/design_1/synth/design_1.v:270]
WARNING: [Synth 8-7071] port 'm_axis_video_TKEEP' of module 'design_1_v_tpg_0_0' is unconnected for instance 'v_tpg_0' [c:/va/zcu104_ptg/zcu104_ptg.gen/sources_1/bd/design_1/synth/design_1.v:270]
WARNING: [Synth 8-7071] port 'm_axis_video_TSTRB' of module 'design_1_v_tpg_0_0' is unconnected for instance 'v_tpg_0' [c:/va/zcu104_ptg/zcu104_ptg.gen/sources_1/bd/design_1/synth/design_1.v:270]
WARNING: [Synth 8-7071] port 'm_axis_video_TID' of module 'design_1_v_tpg_0_0' is unconnected for instance 'v_tpg_0' [c:/va/zcu104_ptg/zcu104_ptg.gen/sources_1/bd/design_1/synth/design_1.v:270]
WARNING: [Synth 8-7071] port 'm_axis_video_TDEST' of module 'design_1_v_tpg_0_0' is unconnected for instance 'v_tpg_0' [c:/va/zcu104_ptg/zcu104_ptg.gen/sources_1/bd/design_1/synth/design_1.v:270]
WARNING: [Synth 8-7023] instance 'v_tpg_0' of module 'design_1_v_tpg_0_0' has 31 connections declared, but only 26 given [c:/va/zcu104_ptg/zcu104_ptg.gen/sources_1/bd/design_1/synth/design_1.v:270]
INFO: [Synth 8-6157] synthesizing module 'design_1_xlconcat_0_1' [c:/va/zcu104_ptg/zcu104_ptg.gen/sources_1/bd/design_1/ip/design_1_xlconcat_0_1/synth/design_1_xlconcat_0_1.v:53]
INFO: [Synth 8-6157] synthesizing module 'xlconcat_v2_1_5_xlconcat' [c:/va/zcu104_ptg/zcu104_ptg.gen/sources_1/bd/design_1/ipshared/147b/hdl/xlconcat_v2_1_vl_rfs.v:59]
INFO: [Synth 8-6155] done synthesizing module 'xlconcat_v2_1_5_xlconcat' (0#1) [c:/va/zcu104_ptg/zcu104_ptg.gen/sources_1/bd/design_1/ipshared/147b/hdl/xlconcat_v2_1_vl_rfs.v:59]
INFO: [Synth 8-6155] done synthesizing module 'design_1_xlconcat_0_1' (0#1) [c:/va/zcu104_ptg/zcu104_ptg.gen/sources_1/bd/design_1/ip/design_1_xlconcat_0_1/synth/design_1_xlconcat_0_1.v:53]
INFO: [Synth 8-6157] synthesizing module 'design_1_zynq_ultra_ps_e_0_0' [C:/va/zcu104_ptg/zcu104_ptg.runs/synth_1/.Xil/Vivado-24320-LAPTOP-90IBO783/realtime/design_1_zynq_ultra_ps_e_0_0_stub.v:6]
INFO: [Synth 8-6155] done synthesizing module 'design_1_zynq_ultra_ps_e_0_0' (0#1) [C:/va/zcu104_ptg/zcu104_ptg.runs/synth_1/.Xil/Vivado-24320-LAPTOP-90IBO783/realtime/design_1_zynq_ultra_ps_e_0_0_stub.v:6]
WARNING: [Synth 8-7071] port 'maxigp0_awuser' of module 'design_1_zynq_ultra_ps_e_0_0' is unconnected for instance 'zynq_ultra_ps_e_0' [c:/va/zcu104_ptg/zcu104_ptg.gen/sources_1/bd/design_1/synth/design_1.v:301]
WARNING: [Synth 8-7071] port 'maxigp0_aruser' of module 'design_1_zynq_ultra_ps_e_0_0' is unconnected for instance 'zynq_ultra_ps_e_0' [c:/va/zcu104_ptg/zcu104_ptg.gen/sources_1/bd/design_1/synth/design_1.v:301]
WARNING: [Synth 8-7071] port 'dp_video_ref_clk' of module 'design_1_zynq_ultra_ps_e_0_0' is unconnected for instance 'zynq_ultra_ps_e_0' [c:/va/zcu104_ptg/zcu104_ptg.gen/sources_1/bd/design_1/synth/design_1.v:301]
WARNING: [Synth 8-7071] port 'dp_video_out_hsync' of module 'design_1_zynq_ultra_ps_e_0_0' is unconnected for instance 'zynq_ultra_ps_e_0' [c:/va/zcu104_ptg/zcu104_ptg.gen/sources_1/bd/design_1/synth/design_1.v:301]
WARNING: [Synth 8-7071] port 'dp_video_out_vsync' of module 'design_1_zynq_ultra_ps_e_0_0' is unconnected for instance 'zynq_ultra_ps_e_0' [c:/va/zcu104_ptg/zcu104_ptg.gen/sources_1/bd/design_1/synth/design_1.v:301]
WARNING: [Synth 8-7071] port 'dp_video_out_pixel1' of module 'design_1_zynq_ultra_ps_e_0_0' is unconnected for instance 'zynq_ultra_ps_e_0' [c:/va/zcu104_ptg/zcu104_ptg.gen/sources_1/bd/design_1/synth/design_1.v:301]
WARNING: [Synth 8-7071] port 'dp_live_video_de_out' of module 'design_1_zynq_ultra_ps_e_0_0' is unconnected for instance 'zynq_ultra_ps_e_0' [c:/va/zcu104_ptg/zcu104_ptg.gen/sources_1/bd/design_1/synth/design_1.v:301]
WARNING: [Synth 8-7023] instance 'zynq_ultra_ps_e_0' of module 'design_1_zynq_ultra_ps_e_0_0' has 58 connections declared, but only 51 given [c:/va/zcu104_ptg/zcu104_ptg.gen/sources_1/bd/design_1/synth/design_1.v:301]
INFO: [Synth 8-6155] done synthesizing module 'design_1' (0#1) [c:/va/zcu104_ptg/zcu104_ptg.gen/sources_1/bd/design_1/synth/design_1.v:13]
INFO: [Synth 8-6155] done synthesizing module 'design_1_wrapper' (0#1) [C:/va/zcu104_ptg/zcu104_ptg.gen/sources_1/bd/design_1/hdl/design_1_wrapper.v:13]
WARNING: [Synth 8-7129] Port In2[0] in module xlconcat_v2_1_5_xlconcat is either unconnected or has no load
WARNING: [Synth 8-7129] Port In3[0] in module xlconcat_v2_1_5_xlconcat is either unconnected or has no load
WARNING: [Synth 8-7129] Port In4[0] in module xlconcat_v2_1_5_xlconcat is either unconnected or has no load
WARNING: [Synth 8-7129] Port In5[0] in module xlconcat_v2_1_5_xlconcat is either unconnected or has no load
WARNING: [Synth 8-7129] Port In6[0] in module xlconcat_v2_1_5_xlconcat is either unconnected or has no load
WARNING: [Synth 8-7129] Port In7[0] in module xlconcat_v2_1_5_xlconcat is either unconnected or has no load
WARNING: [Synth 8-7129] Port In8[0] in module xlconcat_v2_1_5_xlconcat is either unconnected or has no load
WARNING: [Synth 8-7129] Port In9[0] in module xlconcat_v2_1_5_xlconcat is either unconnected or has no load
WARNING: [Synth 8-7129] Port In10[0] in module xlconcat_v2_1_5_xlconcat is either unconnected or has no load
WARNING: [Synth 8-7129] Port In11[0] in module xlconcat_v2_1_5_xlconcat is either unconnected or has no load
WARNING: [Synth 8-7129] Port In12[0] in module xlconcat_v2_1_5_xlconcat is either unconnected or has no load
WARNING: [Synth 8-7129] Port In13[0] in module xlconcat_v2_1_5_xlconcat is either unconnected or has no load
WARNING: [Synth 8-7129] Port In14[0] in module xlconcat_v2_1_5_xlconcat is either unconnected or has no load
WARNING: [Synth 8-7129] Port In15[0] in module xlconcat_v2_1_5_xlconcat is either unconnected or has no load
WARNING: [Synth 8-7129] Port In16[0] in module xlconcat_v2_1_5_xlconcat is either unconnected or has no load
WARNING: [Synth 8-7129] Port In17[0] in module xlconcat_v2_1_5_xlconcat is either unconnected or has no load
WARNING: [Synth 8-7129] Port In18[0] in module xlconcat_v2_1_5_xlconcat is either unconnected or has no load
WARNING: [Synth 8-7129] Port In19[0] in module xlconcat_v2_1_5_xlconcat is either unconnected or has no load
WARNING: [Synth 8-7129] Port In20[0] in module xlconcat_v2_1_5_xlconcat is either unconnected or has no load
WARNING: [Synth 8-7129] Port In21[0] in module xlconcat_v2_1_5_xlconcat is either unconnected or has no load
WARNING: [Synth 8-7129] Port In22[0] in module xlconcat_v2_1_5_xlconcat is either unconnected or has no load
WARNING: [Synth 8-7129] Port In23[0] in module xlconcat_v2_1_5_xlconcat is either unconnected or has no load
WARNING: [Synth 8-7129] Port In24[0] in module xlconcat_v2_1_5_xlconcat is either unconnected or has no load
WARNING: [Synth 8-7129] Port In25[0] in module xlconcat_v2_1_5_xlconcat is either unconnected or has no load
WARNING: [Synth 8-7129] Port In26[0] in module xlconcat_v2_1_5_xlconcat is either unconnected or has no load
WARNING: [Synth 8-7129] Port In27[0] in module xlconcat_v2_1_5_xlconcat is either unconnected or has no load
WARNING: [Synth 8-7129] Port In28[0] in module xlconcat_v2_1_5_xlconcat is either unconnected or has no load
WARNING: [Synth 8-7129] Port In29[0] in module xlconcat_v2_1_5_xlconcat is either unconnected or has no load
WARNING: [Synth 8-7129] Port In30[0] in module xlconcat_v2_1_5_xlconcat is either unconnected or has no load
WARNING: [Synth 8-7129] Port In31[0] in module xlconcat_v2_1_5_xlconcat is either unconnected or has no load
WARNING: [Synth 8-7129] Port In32[0] in module xlconcat_v2_1_5_xlconcat is either unconnected or has no load
WARNING: [Synth 8-7129] Port In33[0] in module xlconcat_v2_1_5_xlconcat is either unconnected or has no load
WARNING: [Synth 8-7129] Port In34[0] in module xlconcat_v2_1_5_xlconcat is either unconnected or has no load
WARNING: [Synth 8-7129] Port In35[0] in module xlconcat_v2_1_5_xlconcat is either unconnected or has no load
WARNING: [Synth 8-7129] Port In36[0] in module xlconcat_v2_1_5_xlconcat is either unconnected or has no load
WARNING: [Synth 8-7129] Port In37[0] in module xlconcat_v2_1_5_xlconcat is either unconnected or has no load
WARNING: [Synth 8-7129] Port In38[0] in module xlconcat_v2_1_5_xlconcat is either unconnected or has no load
WARNING: [Synth 8-7129] Port In39[0] in module xlconcat_v2_1_5_xlconcat is either unconnected or has no load
WARNING: [Synth 8-7129] Port In40[0] in module xlconcat_v2_1_5_xlconcat is either unconnected or has no load
WARNING: [Synth 8-7129] Port In41[0] in module xlconcat_v2_1_5_xlconcat is either unconnected or has no load
WARNING: [Synth 8-7129] Port In42[0] in module xlconcat_v2_1_5_xlconcat is either unconnected or has no load
WARNING: [Synth 8-7129] Port In43[0] in module xlconcat_v2_1_5_xlconcat is either unconnected or has no load
WARNING: [Synth 8-7129] Port In44[0] in module xlconcat_v2_1_5_xlconcat is either unconnected or has no load
WARNING: [Synth 8-7129] Port In45[0] in module xlconcat_v2_1_5_xlconcat is either unconnected or has no load
WARNING: [Synth 8-7129] Port In46[0] in module xlconcat_v2_1_5_xlconcat is either unconnected or has no load
WARNING: [Synth 8-7129] Port In47[0] in module xlconcat_v2_1_5_xlconcat is either unconnected or has no load
WARNING: [Synth 8-7129] Port In48[0] in module xlconcat_v2_1_5_xlconcat is either unconnected or has no load
WARNING: [Synth 8-7129] Port In49[0] in module xlconcat_v2_1_5_xlconcat is either unconnected or has no load
WARNING: [Synth 8-7129] Port In50[0] in module xlconcat_v2_1_5_xlconcat is either unconnected or has no load
WARNING: [Synth 8-7129] Port In51[0] in module xlconcat_v2_1_5_xlconcat is either unconnected or has no load
WARNING: [Synth 8-7129] Port In52[0] in module xlconcat_v2_1_5_xlconcat is either unconnected or has no load
WARNING: [Synth 8-7129] Port In53[0] in module xlconcat_v2_1_5_xlconcat is either unconnected or has no load
WARNING: [Synth 8-7129] Port In54[0] in module xlconcat_v2_1_5_xlconcat is either unconnected or has no load
WARNING: [Synth 8-7129] Port In55[0] in module xlconcat_v2_1_5_xlconcat is either unconnected or has no load
WARNING: [Synth 8-7129] Port In56[0] in module xlconcat_v2_1_5_xlconcat is either unconnected or has no load
WARNING: [Synth 8-7129] Port In57[0] in module xlconcat_v2_1_5_xlconcat is either unconnected or has no load
WARNING: [Synth 8-7129] Port In58[0] in module xlconcat_v2_1_5_xlconcat is either unconnected or has no load
WARNING: [Synth 8-7129] Port In59[0] in module xlconcat_v2_1_5_xlconcat is either unconnected or has no load
WARNING: [Synth 8-7129] Port In60[0] in module xlconcat_v2_1_5_xlconcat is either unconnected or has no load
WARNING: [Synth 8-7129] Port In61[0] in module xlconcat_v2_1_5_xlconcat is either unconnected or has no load
WARNING: [Synth 8-7129] Port In62[0] in module xlconcat_v2_1_5_xlconcat is either unconnected or has no load
WARNING: [Synth 8-7129] Port In63[0] in module xlconcat_v2_1_5_xlconcat is either unconnected or has no load
WARNING: [Synth 8-7129] Port In64[0] in module xlconcat_v2_1_5_xlconcat is either unconnected or has no load
WARNING: [Synth 8-7129] Port In65[0] in module xlconcat_v2_1_5_xlconcat is either unconnected or has no load
WARNING: [Synth 8-7129] Port In66[0] in module xlconcat_v2_1_5_xlconcat is either unconnected or has no load
WARNING: [Synth 8-7129] Port In67[0] in module xlconcat_v2_1_5_xlconcat is either unconnected or has no load
WARNING: [Synth 8-7129] Port In68[0] in module xlconcat_v2_1_5_xlconcat is either unconnected or has no load
WARNING: [Synth 8-7129] Port In69[0] in module xlconcat_v2_1_5_xlconcat is either unconnected or has no load
WARNING: [Synth 8-7129] Port In70[0] in module xlconcat_v2_1_5_xlconcat is either unconnected or has no load
WARNING: [Synth 8-7129] Port In71[0] in module xlconcat_v2_1_5_xlconcat is either unconnected or has no load
WARNING: [Synth 8-7129] Port In72[0] in module xlconcat_v2_1_5_xlconcat is either unconnected or has no load
WARNING: [Synth 8-7129] Port In73[0] in module xlconcat_v2_1_5_xlconcat is either unconnected or has no load
WARNING: [Synth 8-7129] Port In74[0] in module xlconcat_v2_1_5_xlconcat is either unconnected or has no load
WARNING: [Synth 8-7129] Port In75[0] in module xlconcat_v2_1_5_xlconcat is either unconnected or has no load
WARNING: [Synth 8-7129] Port In76[0] in module xlconcat_v2_1_5_xlconcat is either unconnected or has no load
WARNING: [Synth 8-7129] Port In77[0] in module xlconcat_v2_1_5_xlconcat is either unconnected or has no load
WARNING: [Synth 8-7129] Port In78[0] in module xlconcat_v2_1_5_xlconcat is either unconnected or has no load
WARNING: [Synth 8-7129] Port In79[0] in module xlconcat_v2_1_5_xlconcat is either unconnected or has no load
WARNING: [Synth 8-7129] Port In80[0] in module xlconcat_v2_1_5_xlconcat is either unconnected or has no load
WARNING: [Synth 8-7129] Port In81[0] in module xlconcat_v2_1_5_xlconcat is either unconnected or has no load
WARNING: [Synth 8-7129] Port In82[0] in module xlconcat_v2_1_5_xlconcat is either unconnected or has no load
WARNING: [Synth 8-7129] Port In83[0] in module xlconcat_v2_1_5_xlconcat is either unconnected or has no load
WARNING: [Synth 8-7129] Port In84[0] in module xlconcat_v2_1_5_xlconcat is either unconnected or has no load
WARNING: [Synth 8-7129] Port In85[0] in module xlconcat_v2_1_5_xlconcat is either unconnected or has no load
WARNING: [Synth 8-7129] Port In86[0] in module xlconcat_v2_1_5_xlconcat is either unconnected or has no load
WARNING: [Synth 8-7129] Port In87[0] in module xlconcat_v2_1_5_xlconcat is either unconnected or has no load
WARNING: [Synth 8-7129] Port In88[0] in module xlconcat_v2_1_5_xlconcat is either unconnected or has no load
WARNING: [Synth 8-7129] Port In89[0] in module xlconcat_v2_1_5_xlconcat is either unconnected or has no load
WARNING: [Synth 8-7129] Port In90[0] in module xlconcat_v2_1_5_xlconcat is either unconnected or has no load
WARNING: [Synth 8-7129] Port In91[0] in module xlconcat_v2_1_5_xlconcat is either unconnected or has no load
WARNING: [Synth 8-7129] Port In92[0] in module xlconcat_v2_1_5_xlconcat is either unconnected or has no load
WARNING: [Synth 8-7129] Port In93[0] in module xlconcat_v2_1_5_xlconcat is either unconnected or has no load
WARNING: [Synth 8-7129] Port In94[0] in module xlconcat_v2_1_5_xlconcat is either unconnected or has no load
WARNING: [Synth 8-7129] Port In95[0] in module xlconcat_v2_1_5_xlconcat is either unconnected or has no load
WARNING: [Synth 8-7129] Port In96[0] in module xlconcat_v2_1_5_xlconcat is either unconnected or has no load
WARNING: [Synth 8-7129] Port In97[0] in module xlconcat_v2_1_5_xlconcat is either unconnected or has no load
WARNING: [Synth 8-7129] Port In98[0] in module xlconcat_v2_1_5_xlconcat is either unconnected or has no load
WARNING: [Synth 8-7129] Port In99[0] in module xlconcat_v2_1_5_xlconcat is either unconnected or has no load
WARNING: [Synth 8-7129] Port In100[0] in module xlconcat_v2_1_5_xlconcat is either unconnected or has no load
WARNING: [Synth 8-7129] Port In101[0] in module xlconcat_v2_1_5_xlconcat is either unconnected or has no load
INFO: [Common 17-14] Message 'Synth 8-7129' appears 100 times and further instances of the messages will be disabled. Use the Tcl command set_msg_config to change the current settings.
---------------------------------------------------------------------------------
Finished RTL Elaboration : Time (s): cpu = 00:00:06 ; elapsed = 00:00:07 . Memory (MB): peak = 2272.289 ; gain = 503.125
---------------------------------------------------------------------------------
---------------------------------------------------------------------------------
Start Handling Custom Attributes
---------------------------------------------------------------------------------
---------------------------------------------------------------------------------
Finished Handling Custom Attributes : Time (s): cpu = 00:00:06 ; elapsed = 00:00:07 . Memory (MB): peak = 2290.207 ; gain = 521.043
---------------------------------------------------------------------------------
---------------------------------------------------------------------------------
Finished RTL Optimization Phase 1 : Time (s): cpu = 00:00:06 ; elapsed = 00:00:07 . Memory (MB): peak = 2290.207 ; gain = 521.043
---------------------------------------------------------------------------------
Netlist sorting complete. Time (s): cpu = 00:00:00 ; elapsed = 00:00:00.027 . Memory (MB): peak = 2290.207 ; gain = 0.000
INFO: [Project 1-570] Preparing netlist for logic optimization

Processing XDC Constraints
Initializing timing engine
Parsing XDC File [c:/va/zcu104_ptg/zcu104_ptg.gen/sources_1/bd/design_1/ip/design_1_zynq_ultra_ps_e_0_0/design_1_zynq_ultra_ps_e_0_0/design_1_zynq_ultra_ps_e_0_0_in_context.xdc] for cell 'design_1_i/zynq_ultra_ps_e_0'
Finished Parsing XDC File [c:/va/zcu104_ptg/zcu104_ptg.gen/sources_1/bd/design_1/ip/design_1_zynq_ultra_ps_e_0_0/design_1_zynq_ultra_ps_e_0_0/design_1_zynq_ultra_ps_e_0_0_in_context.xdc] for cell 'design_1_i/zynq_ultra_ps_e_0'
Parsing XDC File [c:/va/zcu104_ptg/zcu104_ptg.gen/sources_1/bd/design_1/ip/design_1_v_tpg_0_0/design_1_v_tpg_0_0/design_1_v_tpg_0_0_in_context.xdc] for cell 'design_1_i/v_tpg_0'
Finished Parsing XDC File [c:/va/zcu104_ptg/zcu104_ptg.gen/sources_1/bd/design_1/ip/design_1_v_tpg_0_0/design_1_v_tpg_0_0/design_1_v_tpg_0_0_in_context.xdc] for cell 'design_1_i/v_tpg_0'
Parsing XDC File [c:/va/zcu104_ptg/zcu104_ptg.gen/sources_1/bd/design_1/ip/design_1_clk_wiz_0_0/design_1_clk_wiz_0_0/design_1_clk_wiz_0_0_in_context.xdc] for cell 'design_1_i/clk_wiz_0'
Finished Parsing XDC File [c:/va/zcu104_ptg/zcu104_ptg.gen/sources_1/bd/design_1/ip/design_1_clk_wiz_0_0/design_1_clk_wiz_0_0/design_1_clk_wiz_0_0_in_context.xdc] for cell 'design_1_i/clk_wiz_0'
Parsing XDC File [c:/va/zcu104_ptg/zcu104_ptg.gen/sources_1/bd/design_1/ip/design_1_v_axi4s_vid_out_0_0/design_1_v_axi4s_vid_out_0_0/design_1_v_axi4s_vid_out_0_0_in_context.xdc] for cell 'design_1_i/v_axi4s_vid_out_0'
Finished Parsing XDC File [c:/va/zcu104_ptg/zcu104_ptg.gen/sources_1/bd/design_1/ip/design_1_v_axi4s_vid_out_0_0/design_1_v_axi4s_vid_out_0_0/design_1_v_axi4s_vid_out_0_0_in_context.xdc] for cell 'design_1_i/v_axi4s_vid_out_0'
Parsing XDC File [c:/va/zcu104_ptg/zcu104_ptg.gen/sources_1/bd/design_1/ip/design_1_v_tc_0_0/design_1_v_tc_0_0/design_1_v_tc_0_0_in_context.xdc] for cell 'design_1_i/v_tc_0'
Finished Parsing XDC File [c:/va/zcu104_ptg/zcu104_ptg.gen/sources_1/bd/design_1/ip/design_1_v_tc_0_0/design_1_v_tc_0_0/design_1_v_tc_0_0_in_context.xdc] for cell 'design_1_i/v_tc_0'
Parsing XDC File [c:/va/zcu104_ptg/zcu104_ptg.gen/sources_1/bd/design_1/ip/design_1_xbar_0/design_1_xbar_0/design_1_xbar_0_in_context.xdc] for cell 'design_1_i/ps8_0_axi_periph/xbar'
Finished Parsing XDC File [c:/va/zcu104_ptg/zcu104_ptg.gen/sources_1/bd/design_1/ip/design_1_xbar_0/design_1_xbar_0/design_1_xbar_0_in_context.xdc] for cell 'design_1_i/ps8_0_axi_periph/xbar'
Parsing XDC File [c:/va/zcu104_ptg/zcu104_ptg.gen/sources_1/bd/design_1/ip/design_1_auto_ds_0/design_1_auto_ds_0/design_1_auto_ds_0_in_context.xdc] for cell 'design_1_i/ps8_0_axi_periph/s00_couplers/auto_ds'
Finished Parsing XDC File [c:/va/zcu104_ptg/zcu104_ptg.gen/sources_1/bd/design_1/ip/design_1_auto_ds_0/design_1_auto_ds_0/design_1_auto_ds_0_in_context.xdc] for cell 'design_1_i/ps8_0_axi_periph/s00_couplers/auto_ds'
Parsing XDC File [c:/va/zcu104_ptg/zcu104_ptg.gen/sources_1/bd/design_1/ip/design_1_auto_pc_0/design_1_auto_pc_0/design_1_auto_pc_0_in_context.xdc] for cell 'design_1_i/ps8_0_axi_periph/s00_couplers/auto_pc'
Finished Parsing XDC File [c:/va/zcu104_ptg/zcu104_ptg.gen/sources_1/bd/design_1/ip/design_1_auto_pc_0/design_1_auto_pc_0/design_1_auto_pc_0_in_context.xdc] for cell 'design_1_i/ps8_0_axi_periph/s00_couplers/auto_pc'
Parsing XDC File [c:/va/zcu104_ptg/zcu104_ptg.gen/sources_1/bd/design_1/ip/design_1_auto_cc_0/design_1_auto_cc_0/design_1_auto_cc_0_in_context.xdc] for cell 'design_1_i/ps8_0_axi_periph/m01_couplers/auto_cc'
Finished Parsing XDC File [c:/va/zcu104_ptg/zcu104_ptg.gen/sources_1/bd/design_1/ip/design_1_auto_cc_0/design_1_auto_cc_0/design_1_auto_cc_0_in_context.xdc] for cell 'design_1_i/ps8_0_axi_periph/m01_couplers/auto_cc'
Parsing XDC File [c:/va/zcu104_ptg/zcu104_ptg.gen/sources_1/bd/design_1/ip/design_1_rst_clk_wiz_0_100M_0/design_1_rst_clk_wiz_0_100M_0/design_1_rst_clk_wiz_0_100M_0_in_context.xdc] for cell 'design_1_i/rst_clk_wiz_0_100M'
Finished Parsing XDC File [c:/va/zcu104_ptg/zcu104_ptg.gen/sources_1/bd/design_1/ip/design_1_rst_clk_wiz_0_100M_0/design_1_rst_clk_wiz_0_100M_0/design_1_rst_clk_wiz_0_100M_0_in_context.xdc] for cell 'design_1_i/rst_clk_wiz_0_100M'
Parsing XDC File [c:/va/zcu104_ptg/zcu104_ptg.gen/sources_1/bd/design_1/ip/design_1_rst_clk_wiz_0_300M_0/design_1_rst_clk_wiz_0_300M_0/design_1_rst_clk_wiz_0_300M_0_in_context.xdc] for cell 'design_1_i/rst_clk_wiz_0_300M'
Finished Parsing XDC File [c:/va/zcu104_ptg/zcu104_ptg.gen/sources_1/bd/design_1/ip/design_1_rst_clk_wiz_0_300M_0/design_1_rst_clk_wiz_0_300M_0/design_1_rst_clk_wiz_0_300M_0_in_context.xdc] for cell 'design_1_i/rst_clk_wiz_0_300M'
Parsing XDC File [C:/va/zcu104_ptg/zcu104_ptg.runs/synth_1/dont_touch.xdc]
Finished Parsing XDC File [C:/va/zcu104_ptg/zcu104_ptg.runs/synth_1/dont_touch.xdc]
Completed Processing XDC Constraints

Netlist sorting complete. Time (s): cpu = 00:00:00 ; elapsed = 00:00:00 . Memory (MB): peak = 2323.031 ; gain = 0.000
INFO: [Project 1-111] Unisim Transformation Summary:
No Unisim elements were transformed.

The system cannot find the path specified.
Constraint Validation Runtime : Time (s): cpu = 00:00:00 ; elapsed = 00:00:00.006 . Memory (MB): peak = 2323.031 ; gain = 0.000
INFO: [Designutils 20-5440] No compile time benefit to using incremental synthesis; A full resynthesis will be run
INFO: [Designutils 20-4379] Flow is switching to default flow due to incremental criteria not met. If you would like to alter this behaviour and have the flow terminate instead, please set the following parameter config_implementation {autoIncr.Synth.RejectBehavior Terminate}
---------------------------------------------------------------------------------
Finished Constraint Validation : Time (s): cpu = 00:00:16 ; elapsed = 00:00:17 . Memory (MB): peak = 2323.031 ; gain = 553.867
---------------------------------------------------------------------------------
---------------------------------------------------------------------------------
Start Loading Part and Timing Information
---------------------------------------------------------------------------------
Loading part: xczu7ev-ffvc1156-2-e
INFO: [Synth 8-6742] Reading net delay rules and data
---------------------------------------------------------------------------------
Finished Loading Part and Timing Information : Time (s): cpu = 00:00:16 ; elapsed = 00:00:17 . Memory (MB): peak = 2323.031 ; gain = 553.867
---------------------------------------------------------------------------------
---------------------------------------------------------------------------------
Start Applying 'set_property' XDC Constraints
---------------------------------------------------------------------------------
Applied set_property KEEP_HIERARCHY = SOFT for design_1_i. (constraint file  auto generated constraint).
Applied set_property KEEP_HIERARCHY = SOFT for design_1_i/zynq_ultra_ps_e_0. (constraint file  auto generated constraint).
Applied set_property KEEP_HIERARCHY = SOFT for design_1_i/v_tpg_0. (constraint file  auto generated constraint).
Applied set_property KEEP_HIERARCHY = SOFT for design_1_i/clk_wiz_0. (constraint file  auto generated constraint).
Applied set_property KEEP_HIERARCHY = SOFT for design_1_i/v_axi4s_vid_out_0. (constraint file  auto generated constraint).
Applied set_property KEEP_HIERARCHY = SOFT for design_1_i/v_tc_0. (constraint file  auto generated constraint).
Applied set_property KEEP_HIERARCHY = SOFT for design_1_i/ps8_0_axi_periph/xbar. (constraint file  auto generated constraint).
Applied set_property KEEP_HIERARCHY = SOFT for design_1_i/ps8_0_axi_periph/s00_couplers/auto_ds. (constraint file  auto generated constraint).
Applied set_property KEEP_HIERARCHY = SOFT for design_1_i/ps8_0_axi_periph/s00_couplers/auto_pc. (constraint file  auto generated constraint).
Applied set_property KEEP_HIERARCHY = SOFT for design_1_i/ps8_0_axi_periph/m01_couplers/auto_cc. (constraint file  auto generated constraint).
Applied set_property KEEP_HIERARCHY = SOFT for design_1_i/ps8_0_axi_periph. (constraint file  auto generated constraint).
Applied set_property KEEP_HIERARCHY = SOFT for design_1_i/rst_clk_wiz_0_100M. (constraint file  auto generated constraint).
Applied set_property KEEP_HIERARCHY = SOFT for design_1_i/rst_clk_wiz_0_300M. (constraint file  auto generated constraint).
Applied set_property KEEP_HIERARCHY = SOFT for design_1_i/xlconcat_0. (constraint file  auto generated constraint).
---------------------------------------------------------------------------------
Finished applying 'set_property' XDC Constraints : Time (s): cpu = 00:00:17 ; elapsed = 00:00:17 . Memory (MB): peak = 2323.031 ; gain = 553.867
---------------------------------------------------------------------------------
---------------------------------------------------------------------------------
Finished RTL Optimization Phase 2 : Time (s): cpu = 00:00:17 ; elapsed = 00:00:17 . Memory (MB): peak = 2323.031 ; gain = 553.867
---------------------------------------------------------------------------------
---------------------------------------------------------------------------------
Start RTL Component Statistics 
---------------------------------------------------------------------------------
Detailed RTL Component Info : 
---------------------------------------------------------------------------------
Finished RTL Component Statistics 
---------------------------------------------------------------------------------
---------------------------------------------------------------------------------
Start Part Resource Summary
---------------------------------------------------------------------------------
Part Resources:
DSPs: 1728 (col length:144)
BRAMs: 624 (col length: RAMB18 144 RAMB36 72)
---------------------------------------------------------------------------------
Finished Part Resource Summary
---------------------------------------------------------------------------------
---------------------------------------------------------------------------------
Start Cross Boundary and Area Optimization
---------------------------------------------------------------------------------
WARNING: [Synth 8-7080] Parallel synthesis criteria is not met
---------------------------------------------------------------------------------
Finished Cross Boundary and Area Optimization : Time (s): cpu = 00:00:18 ; elapsed = 00:00:19 . Memory (MB): peak = 2323.031 ; gain = 553.867
---------------------------------------------------------------------------------
---------------------------------------------------------------------------------
Start Applying XDC Timing Constraints
---------------------------------------------------------------------------------
---------------------------------------------------------------------------------
Finished Applying XDC Timing Constraints : Time (s): cpu = 00:00:28 ; elapsed = 00:00:29 . Memory (MB): peak = 2818.965 ; gain = 1049.801
---------------------------------------------------------------------------------
---------------------------------------------------------------------------------
Start Timing Optimization
---------------------------------------------------------------------------------
---------------------------------------------------------------------------------
Finished Timing Optimization : Time (s): cpu = 00:00:28 ; elapsed = 00:00:29 . Memory (MB): peak = 2818.965 ; gain = 1049.801
---------------------------------------------------------------------------------
---------------------------------------------------------------------------------
Start Technology Mapping
---------------------------------------------------------------------------------
---------------------------------------------------------------------------------
Finished Technology Mapping : Time (s): cpu = 00:00:28 ; elapsed = 00:00:29 . Memory (MB): peak = 2829.035 ; gain = 1059.871
---------------------------------------------------------------------------------
---------------------------------------------------------------------------------
Start IO Insertion
---------------------------------------------------------------------------------
---------------------------------------------------------------------------------
Start Flattening Before IO Insertion
---------------------------------------------------------------------------------
---------------------------------------------------------------------------------
Finished Flattening Before IO Insertion
---------------------------------------------------------------------------------
---------------------------------------------------------------------------------
Start Final Netlist Cleanup
---------------------------------------------------------------------------------
---------------------------------------------------------------------------------
Finished Final Netlist Cleanup
---------------------------------------------------------------------------------
---------------------------------------------------------------------------------
Finished IO Insertion : Time (s): cpu = 00:00:31 ; elapsed = 00:00:33 . Memory (MB): peak = 2844.805 ; gain = 1075.641
---------------------------------------------------------------------------------
---------------------------------------------------------------------------------
Start Renaming Generated Instances
---------------------------------------------------------------------------------
---------------------------------------------------------------------------------
Finished Renaming Generated Instances : Time (s): cpu = 00:00:31 ; elapsed = 00:00:33 . Memory (MB): peak = 2844.805 ; gain = 1075.641
---------------------------------------------------------------------------------
---------------------------------------------------------------------------------
Start Rebuilding User Hierarchy
---------------------------------------------------------------------------------
---------------------------------------------------------------------------------
Finished Rebuilding User Hierarchy : Time (s): cpu = 00:00:31 ; elapsed = 00:00:33 . Memory (MB): peak = 2844.805 ; gain = 1075.641
---------------------------------------------------------------------------------
---------------------------------------------------------------------------------
Start Renaming Generated Ports
---------------------------------------------------------------------------------
---------------------------------------------------------------------------------
Finished Renaming Generated Ports : Time (s): cpu = 00:00:31 ; elapsed = 00:00:33 . Memory (MB): peak = 2844.805 ; gain = 1075.641
---------------------------------------------------------------------------------
---------------------------------------------------------------------------------
Start Handling Custom Attributes
---------------------------------------------------------------------------------
---------------------------------------------------------------------------------
Finished Handling Custom Attributes : Time (s): cpu = 00:00:31 ; elapsed = 00:00:33 . Memory (MB): peak = 2844.805 ; gain = 1075.641
---------------------------------------------------------------------------------
---------------------------------------------------------------------------------
Start Renaming Generated Nets
---------------------------------------------------------------------------------
---------------------------------------------------------------------------------
Finished Renaming Generated Nets : Time (s): cpu = 00:00:31 ; elapsed = 00:00:33 . Memory (MB): peak = 2844.805 ; gain = 1075.641
---------------------------------------------------------------------------------
---------------------------------------------------------------------------------
Start Writing Synthesis Report
---------------------------------------------------------------------------------

Report BlackBoxes: 
+------+------------------------------+----------+
|      |BlackBox name                 |Instances |
+------+------------------------------+----------+
|1     |design_1_xbar_0               |         1|
|2     |design_1_auto_cc_0            |         1|
|3     |design_1_auto_ds_0            |         1|
|4     |design_1_auto_pc_0            |         1|
|5     |design_1_clk_wiz_0_0          |         1|
|6     |design_1_rst_clk_wiz_0_100M_0 |         1|
|7     |design_1_rst_clk_wiz_0_300M_0 |         1|
|8     |design_1_v_axi4s_vid_out_0_0  |         1|
|9     |design_1_v_tc_0_0             |         1|
|10    |design_1_v_tpg_0_0            |         1|
|11    |design_1_zynq_ultra_ps_e_0_0  |         1|
+------+------------------------------+----------+

Report Cell Usage: 
+------+----------------------------+------+
|      |Cell                        |Count |
+------+----------------------------+------+
|1     |design_1_auto_cc            |     1|
|2     |design_1_auto_ds            |     1|
|3     |design_1_auto_pc            |     1|
|4     |design_1_clk_wiz_0          |     1|
|5     |design_1_rst_clk_wiz_0_100M |     1|
|6     |design_1_rst_clk_wiz_0_300M |     1|
|7     |design_1_v_axi4s_vid_out_0  |     1|
|8     |design_1_v_tc_0             |     1|
|9     |design_1_v_tpg_0            |     1|
|10    |design_1_xbar               |     1|
|11    |design_1_zynq_ultra_ps_e_0  |     1|
+------+----------------------------+------+
---------------------------------------------------------------------------------
Finished Writing Synthesis Report : Time (s): cpu = 00:00:31 ; elapsed = 00:00:33 . Memory (MB): peak = 2844.805 ; gain = 1075.641
---------------------------------------------------------------------------------
Synthesis finished with 0 errors, 0 critical warnings and 3 warnings.
Synthesis Optimization Runtime : Time (s): cpu = 00:00:20 ; elapsed = 00:00:27 . Memory (MB): peak = 2844.805 ; gain = 1042.816
Synthesis Optimization Complete : Time (s): cpu = 00:00:32 ; elapsed = 00:00:33 . Memory (MB): peak = 2844.805 ; gain = 1075.641
INFO: [Project 1-571] Translating synthesized netlist
Netlist sorting complete. Time (s): cpu = 00:00:00 ; elapsed = 00:00:00.024 . Memory (MB): peak = 2844.805 ; gain = 0.000
INFO: [Project 1-570] Preparing netlist for logic optimization
INFO: [Opt 31-138] Pushed 0 inverter(s) to 0 load pin(s).
Netlist sorting complete. Time (s): cpu = 00:00:00 ; elapsed = 00:00:00 . Memory (MB): peak = 2895.160 ; gain = 0.000
INFO: [Project 1-111] Unisim Transformation Summary:
No Unisim elements were transformed.

The system cannot find the path specified.
Synth Design complete | Checksum: 3304d736
INFO: [Common 17-83] Releasing license: Synthesis
61 Infos, 140 Warnings, 0 Critical Warnings and 0 Errors encountered.
synth_design completed successfully
synth_design: Time (s): cpu = 00:00:37 ; elapsed = 00:00:40 . Memory (MB): peak = 2900.141 ; gain = 2253.012
INFO: [Common 17-1381] The checkpoint 'C:/va/zcu104_ptg/zcu104_ptg.runs/synth_1/design_1_wrapper.dcp' has been generated.
INFO: [runtcl-4] Executing : report_utilization -file design_1_wrapper_utilization_synth.rpt -pb design_1_wrapper_utilization_synth.pb
INFO: [Common 17-206] Exiting Vivado at Thu Feb 22 15:42:33 2024...
