#-----------------------------------------------------------
# Webtalk v2015.1 (64-bit)
# SW Build 1209252 on Mon Apr 20 18:28:17 MDT 2015
# 
# Start of session at: Wed Apr 22 14:11:59 2015
# Process ID: 15676
# Log file: C:/vc707_bist/vc707_bist.sdk/webtalk/webtalk.log
# Journal file: C:/vc707_bist/vc707_bist.sdk/webtalk\webtalk.jou
#-----------------------------------------------------------
source sdk_webtalk.tcl
# webtalk_init -webtalk_dir C:\\vc707_bist\\vc707_bist.sdk\\webtalk
# webtalk_register_client -client project
# webtalk_add_data -client project -key date_generated -value "Wed Apr 22 14:11:58 2015" -context "software_version_and_target_device"
# webtalk_add_data -client project -key product_version -value "SDK v2015.1" -context "software_version_and_target_device"
# webtalk_add_data -client project -key build_version -value "2015.1" -context "software_version_and_target_device"
# webtalk_add_data -client project -key os_platform -value "amd64" -context "software_version_and_target_device"
# webtalk_add_data -client project -key registration_id -value "1_2_4_3" -context "software_version_and_target_device"
# webtalk_add_data -client project -key tool_flow -value "SDK" -context "software_version_and_target_device"
# webtalk_add_data -client project -key beta -value "false" -context "software_version_and_target_device"
# webtalk_add_data -client project -key route_design -value "NA" -context "software_version_and_target_device"
# webtalk_add_data -client project -key target_family -value "NA" -context "software_version_and_target_device"
# webtalk_add_data -client project -key target_device -value "NA" -context "software_version_and_target_device"
# webtalk_add_data -client project -key target_package -value "NA" -context "software_version_and_target_device"
# webtalk_add_data -client project -key target_speed -value "NA" -context "software_version_and_target_device"
# webtalk_add_data -client project -key random_id -value "1hs5s59mqbakhhunpnddq7isb3" -context "software_version_and_target_device"
# webtalk_add_data -client project -key project_id -value "2015.1_14" -context "software_version_and_target_device"
# webtalk_add_data -client project -key project_iteration -value "14" -context "software_version_and_target_device"
# webtalk_add_data -client project -key os_name -value "Microsoft Windows 7 , 64-bit" -context "user_environment"
# webtalk_add_data -client project -key os_release -value "Service Pack 1  (build 7601)" -context "user_environment"
# webtalk_add_data -client project -key cpu_name -value "Intel(R) Xeon(R) CPU E5-2680 0 @ 2.70GHz" -context "user_environment"
# webtalk_add_data -client project -key cpu_speed -value "2693 MHz" -context "user_environment"
# webtalk_add_data -client project -key total_processors -value "2" -context "user_environment"
# webtalk_add_data -client project -key system_ram -value "137.000 GB" -context "user_environment"
# webtalk_register_client -client sdk
# webtalk_add_data -client sdk -key uid -value "1429732957227" -context "sdk\\\\hardware/1429732957227"
# webtalk_add_data -client sdk -key isZynq -value "false" -context "sdk\\\\hardware/1429732957227"
# webtalk_add_data -client sdk -key Processors -value "1" -context "sdk\\\\hardware/1429732957227"
# webtalk_add_data -client sdk -key VivadoVersion -value "2015.1" -context "sdk\\\\hardware/1429732957227"
# webtalk_add_data -client sdk -key Arch -value "virtex7" -context "sdk\\\\hardware/1429732957227"
# webtalk_add_data -client sdk -key Device -value "7vx485t" -context "sdk\\\\hardware/1429732957227"
# webtalk_add_data -client sdk -key IsHandoff -value "true" -context "sdk\\\\hardware/1429732957227"
# webtalk_add_data -client sdk -key uid -value "1429732966116" -context "sdk\\\\bsp/1429732966116"
# webtalk_add_data -client sdk -key hwid -value "1429732957227" -context "sdk\\\\bsp/1429732966116"
# webtalk_add_data -client sdk -key os -value "standalone" -context "sdk\\\\bsp/1429732966116"
# webtalk_add_data -client sdk -key apptemplate -value "null" -context "sdk\\\\bsp/1429732966116"
# webtalk_add_data -client sdk -key uid -value "1429732996162" -context "sdk\\\\application/1429732996162"
# webtalk_add_data -client sdk -key hwid -value "1429732957227" -context "sdk\\\\application/1429732996162"
# webtalk_add_data -client sdk -key bspid -value "1429732966116" -context "sdk\\\\application/1429732996162"
# webtalk_add_data -client sdk -key newbsp -value "false" -context "sdk\\\\application/1429732996162"
# webtalk_add_data -client sdk -key os -value "standalone" -context "sdk\\\\application/1429732996162"
# webtalk_add_data -client sdk -key apptemplate -value "empty_application" -context "sdk\\\\application/1429732996162"
# webtalk_add_data -client sdk -key uid -value "1429733014769" -context "sdk\\\\application/1429733014769"
# webtalk_add_data -client sdk -key hwid -value "1429732957227" -context "sdk\\\\application/1429733014769"
# webtalk_add_data -client sdk -key bspid -value "1429732966116" -context "sdk\\\\application/1429733014769"
# webtalk_add_data -client sdk -key newbsp -value "false" -context "sdk\\\\application/1429733014769"
# webtalk_add_data -client sdk -key os -value "standalone" -context "sdk\\\\application/1429733014769"
# webtalk_add_data -client sdk -key apptemplate -value "empty_application" -context "sdk\\\\application/1429733014769"
# webtalk_add_data -client sdk -key uid -value "1429733030728" -context "sdk\\\\application/1429733030728"
# webtalk_add_data -client sdk -key hwid -value "1429732957227" -context "sdk\\\\application/1429733030728"
# webtalk_add_data -client sdk -key bspid -value "1429732966116" -context "sdk\\\\application/1429733030728"
# webtalk_add_data -client sdk -key newbsp -value "false" -context "sdk\\\\application/1429733030728"
# webtalk_add_data -client sdk -key os -value "standalone" -context "sdk\\\\application/1429733030728"
# webtalk_add_data -client sdk -key apptemplate -value "empty_application" -context "sdk\\\\application/1429733030728"
# webtalk_add_data -client sdk -key uid -value "1429733051439" -context "sdk\\\\bsp/1429733051439"
# webtalk_add_data -client sdk -key hwid -value "1429732957227" -context "sdk\\\\bsp/1429733051439"
# webtalk_add_data -client sdk -key os -value "standalone" -context "sdk\\\\bsp/1429733051439"
# webtalk_add_data -client sdk -key apptemplate -value "lwip_echo_server" -context "sdk\\\\bsp/1429733051439"
# webtalk_add_data -client sdk -key uid -value "1429733053271" -context "sdk\\\\application/1429733053271"
# webtalk_add_data -client sdk -key hwid -value "1429732957227" -context "sdk\\\\application/1429733053271"
# webtalk_add_data -client sdk -key bspid -value "1429733051439" -context "sdk\\\\application/1429733053271"
# webtalk_add_data -client sdk -key newbsp -value "true" -context "sdk\\\\application/1429733053271"
# webtalk_add_data -client sdk -key os -value "standalone" -context "sdk\\\\application/1429733053271"
# webtalk_add_data -client sdk -key apptemplate -value "lwip_echo_server" -context "sdk\\\\application/1429733053271"
# webtalk_transmit -clientid 2590184296 -regid "1_2_4_3" -xml C:\\vc707_bist\\vc707_bist.sdk\\webtalk\\usage_statistics_ext_sdk.xml -html C:\\vc707_bist\\vc707_bist.sdk\\webtalk\\usage_statistics_ext_sdk.html -wdm C:\\vc707_bist\\vc707_bist.sdk\\webtalk\\sdk_webtalk.wdm -intro "<H3>SDK Usage Report</H3><BR>"
INFO: [Common 17-186] 'C:\vc707_bist\vc707_bist.sdk\webtalk\usage_statistics_ext_sdk.xml' has been successfully sent to Xilinx on Wed Apr 22 14:12:02 2015. For additional details about this file, please refer to the WebTalk help file at C:/Xilinx/SDK/2015.1/doc/webtalk_introduction.html.
# webtalk_terminate
INFO: [Common 17-206] Exiting Webtalk at Wed Apr 22 14:12:02 2015...
