#-----------------------------------------------------------
# Webtalk v2015.1 (64-bit)
# SW Build 1215546 on Mon Apr 27 19:37:43 MDT 2015
# 
# Start of session at: Mon May 04 01:05:21 2015
# Process ID: 15216
# Log file: C:/vc707_bist/vc707_bist.sdk/webtalk/webtalk.log
# Journal file: C:/vc707_bist/vc707_bist.sdk/webtalk\webtalk.jou
#-----------------------------------------------------------
source sdk_webtalk.tcl
# webtalk_init -webtalk_dir C:\\vc707_bist\\vc707_bist.sdk\\webtalk
# webtalk_register_client -client project
# webtalk_add_data -client project -key date_generated -value "Mon May 4 01:05:20 2015" -context "software_version_and_target_device"
# webtalk_add_data -client project -key product_version -value "SDK v2015.1" -context "software_version_and_target_device"
# webtalk_add_data -client project -key build_version -value "2015.1" -context "software_version_and_target_device"
# webtalk_add_data -client project -key os_platform -value "amd64" -context "software_version_and_target_device"
# webtalk_add_data -client project -key registration_id -value "1_2_4_3" -context "software_version_and_target_device"
# webtalk_add_data -client project -key tool_flow -value "SDK" -context "software_version_and_target_device"
# webtalk_add_data -client project -key beta -value "false" -context "software_version_and_target_device"
# webtalk_add_data -client project -key route_design -value "NA" -context "software_version_and_target_device"
# webtalk_add_data -client project -key target_family -value "NA" -context "software_version_and_target_device"
# webtalk_add_data -client project -key target_device -value "NA" -context "software_version_and_target_device"
# webtalk_add_data -client project -key target_package -value "NA" -context "software_version_and_target_device"
# webtalk_add_data -client project -key target_speed -value "NA" -context "software_version_and_target_device"
# webtalk_add_data -client project -key random_id -value "qb83ermvbqel7776nu3o22aa3a" -context "software_version_and_target_device"
# webtalk_add_data -client project -key project_id -value "2015.1_13" -context "software_version_and_target_device"
# webtalk_add_data -client project -key project_iteration -value "13" -context "software_version_and_target_device"
# webtalk_add_data -client project -key os_name -value "Microsoft Windows 7 , 64-bit" -context "user_environment"
# webtalk_add_data -client project -key os_release -value "Service Pack 1  (build 7601)" -context "user_environment"
# webtalk_add_data -client project -key cpu_name -value "Intel(R) Xeon(R) CPU E5-2680 0 @ 2.70GHz" -context "user_environment"
# webtalk_add_data -client project -key cpu_speed -value "2693 MHz" -context "user_environment"
# webtalk_add_data -client project -key total_processors -value "2" -context "user_environment"
# webtalk_add_data -client project -key system_ram -value "137.000 GB" -context "user_environment"
# webtalk_register_client -client sdk
# webtalk_add_data -client sdk -key uid -value "1430722947687" -context "sdk\\\\bsp/1430722947687"
# webtalk_add_data -client sdk -key hwid -value "1429732957227" -context "sdk\\\\bsp/1430722947687"
# webtalk_add_data -client sdk -key os -value "standalone" -context "sdk\\\\bsp/1430722947687"
# webtalk_add_data -client sdk -key apptemplate -value "null" -context "sdk\\\\bsp/1430722947687"
# webtalk_add_data -client sdk -key uid -value "1430722973895" -context "sdk\\\\bsp/1430722973895"
# webtalk_add_data -client sdk -key hwid -value "1429732957227" -context "sdk\\\\bsp/1430722973895"
# webtalk_add_data -client sdk -key os -value "standalone" -context "sdk\\\\bsp/1430722973895"
# webtalk_add_data -client sdk -key apptemplate -value "lwip_echo_server" -context "sdk\\\\bsp/1430722973895"
# webtalk_add_data -client sdk -key uid -value "1430722976436" -context "sdk\\\\application/1430722976436"
# webtalk_add_data -client sdk -key hwid -value "1429732957227" -context "sdk\\\\application/1430722976436"
# webtalk_add_data -client sdk -key bspid -value "1430722973895" -context "sdk\\\\application/1430722976436"
# webtalk_add_data -client sdk -key newbsp -value "true" -context "sdk\\\\application/1430722976436"
# webtalk_add_data -client sdk -key os -value "standalone" -context "sdk\\\\application/1430722976436"
# webtalk_add_data -client sdk -key apptemplate -value "lwip_echo_server" -context "sdk\\\\application/1430722976436"
# webtalk_transmit -clientid 1385881077 -regid "1_2_4_3" -xml C:\\vc707_bist\\vc707_bist.sdk\\webtalk\\usage_statistics_ext_sdk.xml -html C:\\vc707_bist\\vc707_bist.sdk\\webtalk\\usage_statistics_ext_sdk.html -wdm C:\\vc707_bist\\vc707_bist.sdk\\webtalk\\sdk_webtalk.wdm -intro "<H3>SDK Usage Report</H3><BR>"

    while executing
"webtalk_transmit -clientid 1385881077 -regid "1_2_4_3" -xml C:\\vc707_bist\\vc707_bist.sdk\\webtalk\\usage_statistics_ext_sdk.xml -html C:\\vc707_bist..."
    (file "sdk_webtalk.tcl" line 39)
INFO: [Common 17-206] Exiting Webtalk at Mon May 04 01:05:22 2015...
