Copyright 1986-2015 Xilinx, Inc. All Rights Reserved.
------------------------------------------------------------------------------------
| Tool Version : Vivado v.2015.1 (win64) Build 1215546 Mon Apr 27 19:22:08 MDT 2015
| Date         : Wed May 06 22:50:32 2015
| Host         : XCOJAMESM22 running 64-bit Service Pack 1  (build 7601)
| Command      : report_drc
------------------------------------------------------------------------------------

Report DRC

Table of Contents
-----------------
1. REPORT SUMMARY
2. REPORT DETAILS

1. REPORT SUMMARY
-----------------
            Netlist: netlist
          Floorplan: design_1
      Design limits: <entire design considered>
           Ruledeck: default
             Max violations: <unlimited>
             Violations found: 9

2. REPORT DETAILS
-----------------
IOSR-1#1 Warning
IOB set reset sharing  
IO ulpi_data_io[0] connects to flops which have these system_i/axi_usb2_device_0/U0/ULPI.USB_CORE/CORE_WITHOUT_DMA.IPIC_IF/upar_rgacc_done_en1, system_i/axi_usb2_device_0/U0/CORE_WITHOUT_DMA.IPIC_IF/TEST_MODE_SYNC/ULPI_Data_O_mirror_reg[0][0] set/reset signals.  For optimal IOB flop packing there should be only one set/reset signal coming into the IOB.
Related violations: <none>

IOSR-1#2 Warning
IOB set reset sharing  
IO ulpi_data_io[1] connects to flops which have these system_i/axi_usb2_device_0/U0/ULPI.USB_CORE/CORE_WITHOUT_DMA.IPIC_IF/upar_rgacc_done_en1, system_i/axi_usb2_device_0/U0/CORE_WITHOUT_DMA.IPIC_IF/TEST_MODE_SYNC/ULPI_Data_O_mirror_reg[0][0] set/reset signals.  For optimal IOB flop packing there should be only one set/reset signal coming into the IOB.
Related violations: <none>

IOSR-1#3 Warning
IOB set reset sharing  
IO ulpi_data_io[2] connects to flops which have these system_i/axi_usb2_device_0/U0/ULPI.USB_CORE/CORE_WITHOUT_DMA.IPIC_IF/upar_rgacc_done_en1, system_i/axi_usb2_device_0/U0/CORE_WITHOUT_DMA.IPIC_IF/TEST_MODE_SYNC/ULPI_Data_O_mirror_reg[0][0] set/reset signals.  For optimal IOB flop packing there should be only one set/reset signal coming into the IOB.
Related violations: <none>

IOSR-1#4 Warning
IOB set reset sharing  
IO ulpi_data_io[3] connects to flops which have these system_i/axi_usb2_device_0/U0/ULPI.USB_CORE/CORE_WITHOUT_DMA.IPIC_IF/upar_rgacc_done_en1, system_i/axi_usb2_device_0/U0/CORE_WITHOUT_DMA.IPIC_IF/TEST_MODE_SYNC/ULPI_Data_O_mirror_reg[0][0] set/reset signals.  For optimal IOB flop packing there should be only one set/reset signal coming into the IOB.
Related violations: <none>

IOSR-1#5 Warning
IOB set reset sharing  
IO ulpi_data_io[4] connects to flops which have these system_i/axi_usb2_device_0/U0/ULPI.USB_CORE/CORE_WITHOUT_DMA.IPIC_IF/upar_rgacc_done_en1, system_i/axi_usb2_device_0/U0/CORE_WITHOUT_DMA.IPIC_IF/TEST_MODE_SYNC/ULPI_Data_O_mirror_reg[0][0] set/reset signals.  For optimal IOB flop packing there should be only one set/reset signal coming into the IOB.
Related violations: <none>

IOSR-1#6 Warning
IOB set reset sharing  
IO ulpi_data_io[5] connects to flops which have these system_i/axi_usb2_device_0/U0/ULPI.USB_CORE/CORE_WITHOUT_DMA.IPIC_IF/upar_rgacc_done_en1, system_i/axi_usb2_device_0/U0/CORE_WITHOUT_DMA.IPIC_IF/TEST_MODE_SYNC/ULPI_Data_O_mirror_reg[0][0] set/reset signals.  For optimal IOB flop packing there should be only one set/reset signal coming into the IOB.
Related violations: <none>

IOSR-1#7 Warning
IOB set reset sharing  
IO ulpi_data_io[6] connects to flops which have these system_i/axi_usb2_device_0/U0/ULPI.USB_CORE/CORE_WITHOUT_DMA.IPIC_IF/upar_rgacc_done_en1, system_i/axi_usb2_device_0/U0/CORE_WITHOUT_DMA.IPIC_IF/TEST_MODE_SYNC/ULPI_Data_O_mirror_reg[0][0] set/reset signals.  For optimal IOB flop packing there should be only one set/reset signal coming into the IOB.
Related violations: <none>

IOSR-1#8 Warning
IOB set reset sharing  
IO ulpi_data_io[7] connects to flops which have these system_i/axi_usb2_device_0/U0/ULPI.USB_CORE/CORE_WITHOUT_DMA.IPIC_IF/upar_rgacc_done_en1, system_i/axi_usb2_device_0/U0/CORE_WITHOUT_DMA.IPIC_IF/TEST_MODE_SYNC/ULPI_Data_O_mirror_reg[0][0] set/reset signals.  For optimal IOB flop packing there should be only one set/reset signal coming into the IOB.
Related violations: <none>

REQP-1709#1 Warning
Clock output buffering  
PLLE2_ADV connectivity violation. The signal system_i/mig_7series_0/u_system_mig_7series_0_0_mig/u_ddr3_infrastructure/pll_clk3_out on the system_i/mig_7series_0/u_system_mig_7series_0_0_mig/u_ddr3_infrastructure/plle2_i/CLKOUT3 pin of system_i/mig_7series_0/u_system_mig_7series_0_0_mig/u_ddr3_infrastructure/plle2_i does not drive the same kind of BUFFER load as the other CLKOUT pins. Routing from the different buffer types will not be phase aligned.
Related violations: <none>


