
*** Running vivado
    with args -log versal_ibert_util_ds_buf_2_0.vds -m64 -product Vivado -mode batch -messageDb vivado.pb -notrace -source versal_ibert_util_ds_buf_2_0.tcl



****** Vivado v2023.2 (64-bit)
  **** SW Build 4029153 on Fri Oct 13 20:14:34 MDT 2023
  **** IP Build 4028589 on Sat Oct 14 00:45:43 MDT 2023
  **** SharedData Build 4025554 on Tue Oct 10 17:18:54 MDT 2023
    ** Copyright 1986-2022 Xilinx, Inc. All Rights Reserved.
    ** Copyright 2022-2023 Advanced Micro Devices, Inc. All Rights Reserved.

source versal_ibert_util_ds_buf_2_0.tcl -notrace
create_project: Time (s): cpu = 00:00:07 ; elapsed = 00:00:13 . Memory (MB): peak = 583.266 ; gain = 182.703
INFO: [IP_Flow 19-6924] IPCACHE: Running cache check for IP inst: versal_ibert_util_ds_buf_2_0
Command: synth_design -top versal_ibert_util_ds_buf_2_0 -part xcvp1202-vsva2785-2MHP-e-S -incremental_mode off -mode out_of_context
Starting synth_design
Attempting to get a license for feature 'Synthesis' and/or device 'xcvp1202'
INFO: [Common 17-349] Got license for feature 'Synthesis' and/or device 'xcvp1202'
INFO: [Device 21-403] Loading part xcvp1202-vsva2785-2MHP-e-S
INFO: [Synth 8-7079] Multithreading enabled for synth_design using a maximum of 2 processes.
INFO: [Synth 8-7078] Launching helper process for spawning children vivado processes
INFO: [Synth 8-7075] Helper process launched with PID 16772
TclStackFree: incorrect freePtr. Call out of sequence?
