#-----------------------------------------------------------
# Vivado v2015.1 (64-bit)
# SW Build 1215546 on Mon Apr 27 19:22:08 MDT 2015
# IP Build 1209967 on Tue Apr 21 11:39:20 MDT 2015
# Start of session at: Sun May 03 16:54:34 2015
# Process ID: 8196
# Log file: c:/vc707_pcie/vc707_pcie_x8_gen2_example/vivado.log
# Journal file: c:/vc707_pcie/vc707_pcie_x8_gen2_example\vivado.jou
#-----------------------------------------------------------
source c:/vc707_pcie/vc707_pcie.srcs/sources_1/ip/vc707_pcie_x8_gen2/vc707_pcie_x8_gen2_ex.tcl
# set srcIpDir "c:/vc707_pcie/vc707_pcie.srcs/sources_1/ip/vc707_pcie_x8_gen2"
# create_project -name vc707_pcie_x8_gen2_example -force
# set_property part xc7vx485tffg1761-2 [current_project]
# set_property target_language verilog [current_project]
# set_property simulator_language MIXED [current_project]
# set_property enable_core_container false [current_project]
# set_property board_part xilinx.com:vc707:part0:1.2 [current_project]
# set returnCode 0
# import_ip -files [list [file join $srcIpDir vc707_pcie_x8_gen2.xci]] -name vc707_pcie_x8_gen2
INFO: [IP_Flow 19-234] Refreshing IP repositories
INFO: [IP_Flow 19-1704] No user IP repositories specified
INFO: [IP_Flow 19-2313] Loaded Vivado IP repository 'C:/Xilinx/Vivado/2015.1/data/ip'.
# reset_target {example} [get_ips vc707_pcie_x8_gen2]
WARNING: [Vivado 12-4104] The example target will be deprecated in a future release.
# proc _filter_supported_targets {targets ip} {
#   set res {}
#   set all [get_property SUPPORTED_TARGETS $ip]
#   foreach target $targets {
#     lappend res {*}[lsearch -all -inline -nocase $all $target]
#   }
#   return $res
# }
# generate_target [_filter_supported_targets {instantiation_template synthesis simulation implementation shared_logic} [get_ips vc707_pcie_x8_gen2]] [get_ips vc707_pcie_x8_gen2]
INFO: [IP_Flow 19-1706] Not generating 'Instantiation Template' target for IP 'vc707_pcie_x8_gen2'. Target already exists and is up to date.
INFO: [IP_Flow 19-1706] Not generating 'Synthesis' target for IP 'vc707_pcie_x8_gen2'. Target already exists and is up to date.
INFO: [IP_Flow 19-1706] Not generating 'Simulation' target for IP 'vc707_pcie_x8_gen2'. Target already exists and is up to date.
# add_files -scan_for_includes -quiet -fileset [current_fileset] \
#   [list [file join $srcIpDir example_design/EP_MEM.v]] \
#   [list [file join $srcIpDir example_design/PIO_EP_MEM_ACCESS.v]] \
#   [list [file join $srcIpDir example_design/PIO_EP.v]] \
#   [list [file join $srcIpDir example_design/PIO_RX_ENGINE.v]] \
#   [list [file join $srcIpDir example_design/PIO_TO_CTRL.v]] \
#   [list [file join $srcIpDir example_design/PIO_TX_ENGINE.v]] \
#   [list [file join $srcIpDir example_design/PIO.v]] \
#   [list [file join $srcIpDir example_design/pcie_app_7x.v]] \
#   [list [file join $srcIpDir example_design/xilinx_pcie_2_1_ep_7x.v]] \
#   [list [file join $srcIpDir example_design/support/vc707_pcie_x8_gen2_support.v]] \
#   [list [file join $srcIpDir example_design/support/vc707_pcie_x8_gen2_pipe_clock.v]]
# add_files -quiet -fileset [current_fileset] \
#   [list [file join $srcIpDir hierarchy.txt]]
# add_files -quiet -fileset [current_fileset -constrset] \
#   [list [file join $srcIpDir example_design/xilinx_pcie_7x_ep_x8g2_VC707.xdc]]
# if { [catch {current_fileset -simset} exc] } { create_fileset -simset sim_1 }
# add_files -quiet -scan_for_includes -fileset [current_fileset -simset] \
#   [list [file join $srcIpDir simulation/dsport/pci_exp_expect_tasks.vh]] \
#   [list [file join $srcIpDir simulation/dsport/pci_exp_usrapp_cfg.v]] \
#   [list [file join $srcIpDir simulation/dsport/pci_exp_usrapp_com.v]] \
#   [list [file join $srcIpDir simulation/dsport/pci_exp_usrapp_pl.v]] \
#   [list [file join $srcIpDir simulation/dsport/pci_exp_usrapp_rx.v]] \
#   [list [file join $srcIpDir simulation/dsport/pci_exp_usrapp_tx.v]] \
#   [list [file join $srcIpDir simulation/functional/sys_clk_gen_ds.v]] \
#   [list [file join $srcIpDir simulation/functional/sys_clk_gen.v]] \
#   [list [file join $srcIpDir simulation/dsport/pcie_axi_trn_bridge.v]] \
#   [list [file join $srcIpDir simulation/functional/board.v]] \
#   [list [file join $srcIpDir simulation/functional/board_common.vh]] \
#   [list [file join $srcIpDir simulation/tests/sample_tests1.vh]] \
#   [list [file join $srcIpDir simulation/tests/tests.vh]] \
#   [list [file join $srcIpDir simulation/dsport/pcie_2_1_rport_7x.v]] \
#   [list [file join $srcIpDir simulation/dsport/xilinx_pcie_2_1_rport_7x.v]]
# set_property USED_IN_SYNTHESIS false [get_files [list [file join $srcIpDir simulation/dsport/pci_exp_expect_tasks.vh]]]
# set_property USED_IN_SYNTHESIS false [get_files [list [file join $srcIpDir simulation/dsport/pci_exp_usrapp_cfg.v]]]
# set_property USED_IN_SYNTHESIS false [get_files [list [file join $srcIpDir simulation/dsport/pci_exp_usrapp_com.v]]]
# set_property USED_IN_SYNTHESIS false [get_files [list [file join $srcIpDir simulation/dsport/pci_exp_usrapp_pl.v]]]
# set_property USED_IN_SYNTHESIS false [get_files [list [file join $srcIpDir simulation/dsport/pci_exp_usrapp_rx.v]]]
# set_property USED_IN_SYNTHESIS false [get_files [list [file join $srcIpDir simulation/dsport/pci_exp_usrapp_tx.v]]]
# set_property USED_IN_SYNTHESIS false [get_files [list [file join $srcIpDir simulation/functional/sys_clk_gen_ds.v]]]
# set_property USED_IN_SYNTHESIS false [get_files [list [file join $srcIpDir simulation/functional/sys_clk_gen.v]]]
# set_property USED_IN_SYNTHESIS false [get_files [list [file join $srcIpDir simulation/dsport/pcie_axi_trn_bridge.v]]]
# set_property USED_IN_SYNTHESIS false [get_files [list [file join $srcIpDir simulation/functional/board.v]]]
# set_property USED_IN_SYNTHESIS false [get_files [list [file join $srcIpDir simulation/functional/board_common.vh]]]
# set_property USED_IN_SYNTHESIS false [get_files [list [file join $srcIpDir simulation/tests/sample_tests1.vh]]]
# set_property USED_IN_SYNTHESIS false [get_files [list [file join $srcIpDir simulation/tests/tests.vh]]]
# set_property USED_IN_SYNTHESIS false [get_files [list [file join $srcIpDir simulation/dsport/pcie_2_1_rport_7x.v]]]
# set_property USED_IN_SYNTHESIS false [get_files [list [file join $srcIpDir simulation/dsport/xilinx_pcie_2_1_rport_7x.v]]]
# import_files
# set_property TOP [lindex [find_top] 0] [current_fileset]
# update_compile_order -fileset [current_fileset]
# update_compile_order -fileset [current_fileset -simset]
# set dfile "c:/vc707_pcie/vc707_pcie.srcs/sources_1/ip/vc707_pcie_x8_gen2/oepdone.txt"
# set doneFile [open $dfile w]
# puts $doneFile "Open Example Project DONE"
# close $doneFile
# if { $returnCode != 0 } {
#   error "Problems were encountered while executing the example design script, please review the log files."
# }
INFO: [Common 17-206] Exiting Vivado at Sun May 03 16:54:43 2015...
