================================================================
== Design Size Report
================================================================

* Total Instructions per Compilation Phase
+---------------+-----------------------------+--------------+----------------------------------------------------------------------------------------+
| Phase         | Step                        | Instructions | Description                                                                            |
+---------------+-----------------------------+--------------+----------------------------------------------------------------------------------------+
| Compile/Link  |                             | 2,266        | After all functions are compiled and linked into a single design                       |
|               |                             |              |                                                                                        |
| Unroll/Inline |                             |              | After user unroll and inline pragmas are applied                                       |
|               | (1) unroll                  | 1,094        | user unroll pragmas are applied                                                        |
|               | (2) simplification          |   850        | simplification of applied user unroll pragmas                                          |
|               | (3) inline                  |   863        | user inline pragmas are applied                                                        |
|               | (4) simplification          |   860        | simplification of applied user inline pragmas                                          |
|               |                             |              |                                                                                        |
| Array/Struct  |                             |              | After user array partition and struct aggregate/disaggregate pragmas are applied       |
|               | (1) array partition         |   680        | user array partition pragmas are applied                                               |
|               | (2) simplification          |   680        | simplification of applied user array partition & struct aggregate/disaggregate pragmas |
|               | (3) aggregate/disaggregate  |   686        | user struct aggregate/disaggregate pragmas are applied                                 |
|               | (4) array reshape           |   760        | apply array reshape pragmas                                                            |
|               | (5) access patterns         |   816        | array access pattern optmizations                                                      |
|               |                             |              |                                                                                        |
| Performance   |                             |              | After transformations are applied to meet performance pragma targets                   |
|               | (1) loop simplification     |   823        | loop and instruction simplification                                                    |
|               | (2) parallelization         |   806        | loops are unrolled or pipelined to meet performance targets                            |
|               | (3) array partition         |   731        | arrays are partitioned to meet performance targets                                     |
|               | (4) simplification          |   731        | simplification of design after performance transformations                             |
|               |                             |              |                                                                                        |
| HW Transforms |                             |              | After hardware transfomations                                                          |
|               | (1) lowering                |   754        | initial conversion to HW specific instructions                                         |
|               | (2) optimizations           |   768        | high level synthesis optimizations                                                     |
+---------------+-----------------------------+--------------+----------------------------------------------------------------------------------------+

* Instructions per Function for each Compilation Phase
+--------------------------------------+----------------------+----------------+---------------+---------------+---------------+---------------+
| Function                             | Location             | Compile/Link   | Unroll/Inline | Array/Struct  | Performance   | HW Transforms |
+--------------------------------------+----------------------+----------------+---------------+---------------+---------------+---------------+
| + v_csc                              | v_csc.cpp:220        | 2,266          | 860           | 816           | 731           | 768           |
|  + AXIvideo2MultiPixStream           | v_csc.cpp:512        |  621           | 213           | 211           | 147           | 135           |
|     Scalar                           | hls_video_core.h:196 |    5           |               |               |               |               |
|     reg<unsigned short>              | x_hls_utils.h:222    |    2 (2 calls) |   2 (2 calls) |   2 (2 calls) |   2 (2 calls) |   8 (2 calls) |
|   + AXIGetBitFields<36, ap_uint<...  | hls_axi_io.h:83      |  222 (3 calls) |               |               |               |               |
|      AXIGetBitFields<36, ap_uint<... | hls_axi_io.h:60      |  204 (3 calls) |               |               |               |               |
|  + v_csc_core                        | v_csc.cpp:91         |  463           | 224           | 234           | 232           | 229           |
|     Scalar                           | hls_video_core.h:196 |   10 (2 calls) |               |               |               |               |
|  + MultiPixStream2AXIvideo           | v_csc.cpp:611        |  743           | 111           | 149           | 130           | 109           |
|     Scalar                           | hls_video_core.h:196 |    5           |               |               |               |               |
|     reg<unsigned short>              | x_hls_utils.h:222    |    2 (2 calls) |   2 (2 calls) |   2 (2 calls) |   2 (2 calls) |   8 (2 calls) |
+--------------------------------------+----------------------+----------------+---------------+---------------+---------------+---------------+

* Design Size Message Settings
+---------------------------------------------+--------+------------------------------------------------------------------+
| Message Setting                             | Value  | Description                                                      |
+---------------------------------------------+--------+------------------------------------------------------------------+
| config_compile -design_size_maximum_warning | 100000 | Show a warning when total design instructions exceeds this value |
+---------------------------------------------+--------+------------------------------------------------------------------+


