

================================================================
== Vitis HLS Report for 'MultiPixStream2AXIvideo'
================================================================
* Date:           Mon May  6 14:33:50 2024

* Version:        2023.2 (Build 4023990 on Oct 11 2023)
* Project:        prj
* Solution:       sol (Vivado IP Flow Target)
* Product family: virtex7
* Target device:  xc7vx485t-ffg1761-2


================================================================
== Performance Estimates
================================================================
+ Timing: 
    * Summary: 
    +--------+---------+----------+------------+
    |  Clock |  Target | Estimated| Uncertainty|
    +--------+---------+----------+------------+
    |ap_clk  |  6.74 ns|  3.511 ns|     1.82 ns|
    +--------+---------+----------+------------+

+ Latency: 
    * Summary: 
    +---------+---------+-----------+-----------+------+---------+---------+
    |  Latency (cycles) |   Latency (absolute)  |    Interval    | Pipeline|
    |   min   |   max   |    min    |    max    |  min |   max   |   Type  |
    +---------+---------+-----------+-----------+------+---------+---------+
    |     4483|  8307363|  30.202 us|  55.967 ms|  4483|  8307363|       no|
    +---------+---------+-----------+-----------+------+---------+---------+

    + Detail: 
        * Instance: 
        +--------------------------------------------------------------+---------------------------------------------------+---------+---------+----------+-----------+-----+------+---------+
        |                                                              |                                                   |  Latency (cycles) |  Latency (absolute)  |  Interval  | Pipeline|
        |                           Instance                           |                       Module                      |   min   |   max   |    min   |    max    | min |  max |   Type  |
        +--------------------------------------------------------------+---------------------------------------------------+---------+---------+----------+-----------+-----+------+---------+
        |grp_MultiPixStream2AXIvideo_Pipeline_VITIS_LOOP_664_2_fu_120  |MultiPixStream2AXIvideo_Pipeline_VITIS_LOOP_664_2  |       68|     3844|  0.458 us|  25.897 us|   68|  3844|       no|
        |grp_reg_unsigned_short_s_fu_145                               |reg_unsigned_short_s                               |        1|        1|  6.737 ns|   6.737 ns|    1|     1|      yes|
        |grp_reg_unsigned_short_s_fu_151                               |reg_unsigned_short_s                               |        1|        1|  6.737 ns|   6.737 ns|    1|     1|      yes|
        +--------------------------------------------------------------+---------------------------------------------------+---------+---------+----------+-----------+-----+------+---------+

        * Loop: 
        +--------------------+---------+---------+-----------+-----------+-----------+-----------+----------+
        |                    |  Latency (cycles) | Iteration |  Initiation Interval  |    Trip   |          |
        |      Loop Name     |   min   |   max   |  Latency  |  achieved |   target  |   Count   | Pipelined|
        +--------------------+---------+---------+-----------+-----------+-----------+-----------+----------+
        |- VITIS_LOOP_662_1  |     4480|  8307360|  70 ~ 3846|          -|          -|  64 ~ 2160|        no|
        +--------------------+---------+---------+-----------+-----------+-----------+-----------+----------+



================================================================
== Utilization Estimates
================================================================
* Summary: 
+-----------------+---------+------+--------+--------+-----+
|       Name      | BRAM_18K|  DSP |   FF   |   LUT  | URAM|
+-----------------+---------+------+--------+--------+-----+
|DSP              |        -|     -|       -|       -|    -|
|Expression       |        -|     -|       0|      61|    -|
|FIFO             |        -|     -|       -|       -|    -|
|Instance         |        -|     -|     135|     211|    -|
|Memory           |        -|     -|       -|       -|    -|
|Multiplexer      |        -|     -|       -|      70|    -|
|Register         |        -|     -|      56|       -|    -|
+-----------------+---------+------+--------+--------+-----+
|Total            |        0|     0|     191|     342|    0|
+-----------------+---------+------+--------+--------+-----+
|Available        |     2060|  2800|  607200|  303600|    0|
+-----------------+---------+------+--------+--------+-----+
|Utilization (%)  |        0|     0|      ~0|      ~0|    0|
+-----------------+---------+------+--------+--------+-----+

+ Detail: 
    * Instance: 
    +--------------------------------------------------------------+---------------------------------------------------+---------+----+----+-----+-----+
    |                           Instance                           |                       Module                      | BRAM_18K| DSP| FF | LUT | URAM|
    +--------------------------------------------------------------+---------------------------------------------------+---------+----+----+-----+-----+
    |grp_MultiPixStream2AXIvideo_Pipeline_VITIS_LOOP_664_2_fu_120  |MultiPixStream2AXIvideo_Pipeline_VITIS_LOOP_664_2  |        0|   0|  85|  185|    0|
    |grp_reg_unsigned_short_s_fu_145                               |reg_unsigned_short_s                               |        0|   0|  25|   13|    0|
    |grp_reg_unsigned_short_s_fu_151                               |reg_unsigned_short_s                               |        0|   0|  25|   13|    0|
    +--------------------------------------------------------------+---------------------------------------------------+---------+----+----+-----+-----+
    |Total                                                         |                                                   |        0|   0| 135|  211|    0|
    +--------------------------------------------------------------+---------------------------------------------------+---------+----+----+-----+-----+

    * DSP: 
    N/A

    * Memory: 
    N/A

    * FIFO: 
    N/A

    * Expression: 
    +----------------------------------------------------------------------------------+----------+----+---+----+------------+------------+
    |                                   Variable Name                                  | Operation| DSP| FF| LUT| Bitwidth P0| Bitwidth P1|
    +----------------------------------------------------------------------------------+----------+----+---+----+------------+------------+
    |i_2_fu_176_p2                                                                     |         +|   0|  0|  19|          12|           1|
    |sub_fu_162_p2                                                                     |         +|   0|  0|  19|          12|           2|
    |grp_MultiPixStream2AXIvideo_Pipeline_VITIS_LOOP_664_2_fu_120_m_axis_video_TREADY  |       and|   0|  0|   2|           1|           1|
    |icmp_ln662_fu_171_p2                                                              |      icmp|   0|  0|  19|          12|          12|
    |ap_block_state1                                                                   |        or|   0|  0|   2|           1|           1|
    +----------------------------------------------------------------------------------+----------+----+---+----+------------+------------+
    |Total                                                                             |          |   0|  0|  61|          38|          17|
    +----------------------------------------------------------------------------------+----------+----+---+----+------------+------------+

    * Multiplexer: 
    +-----------------+----+-----------+-----+-----------+
    |       Name      | LUT| Input Size| Bits| Total Bits|
    +-----------------+----+-----------+-----+-----------+
    |Height_blk_n     |   9|          2|    1|          2|
    |WidthOut_blk_n   |   9|          2|    1|          2|
    |ap_NS_fsm        |  25|          6|    1|          6|
    |ap_done          |   9|          2|    1|          2|
    |i_fu_84          |   9|          2|   12|         24|
    |stream_csc_read  |   9|          2|    1|          2|
    +-----------------+----+-----------+-----+-----------+
    |Total            |  70|         16|   17|         38|
    +-----------------+----+-----------+-----+-----------+

    * Register: 
    +---------------------------------------------------------------------------+----+----+-----+-----------+
    |                                    Name                                   | FF | LUT| Bits| Const Bits|
    +---------------------------------------------------------------------------+----+----+-----+-----------+
    |ap_CS_fsm                                                                  |   5|   0|    5|          0|
    |ap_done_reg                                                                |   1|   0|    1|          0|
    |cols_reg_204                                                               |  12|   0|   12|          0|
    |grp_MultiPixStream2AXIvideo_Pipeline_VITIS_LOOP_664_2_fu_120_ap_start_reg  |   1|   0|    1|          0|
    |i_fu_84                                                                    |  12|   0|   12|          0|
    |rows_reg_199                                                               |  12|   0|   12|          0|
    |sof_reg_106                                                                |   1|   0|    1|          0|
    |sub_reg_209                                                                |  12|   0|   12|          0|
    +---------------------------------------------------------------------------+----+----+-----+-----------+
    |Total                                                                      |  56|   0|   56|          0|
    +---------------------------------------------------------------------------+----+----+-----+-----------+



================================================================
== Interface
================================================================
* Summary: 
+---------------------------+-----+-----+------------+-------------------------+--------------+
|         RTL Ports         | Dir | Bits|  Protocol  |      Source Object      |    C Type    |
+---------------------------+-----+-----+------------+-------------------------+--------------+
|ap_clk                     |   in|    1|  ap_ctrl_hs|  MultiPixStream2AXIvideo|  return value|
|ap_rst                     |   in|    1|  ap_ctrl_hs|  MultiPixStream2AXIvideo|  return value|
|ap_start                   |   in|    1|  ap_ctrl_hs|  MultiPixStream2AXIvideo|  return value|
|ap_done                    |  out|    1|  ap_ctrl_hs|  MultiPixStream2AXIvideo|  return value|
|ap_continue                |   in|    1|  ap_ctrl_hs|  MultiPixStream2AXIvideo|  return value|
|ap_idle                    |  out|    1|  ap_ctrl_hs|  MultiPixStream2AXIvideo|  return value|
|ap_ready                   |  out|    1|  ap_ctrl_hs|  MultiPixStream2AXIvideo|  return value|
|stream_csc_dout            |   in|   36|     ap_fifo|               stream_csc|       pointer|
|stream_csc_num_data_valid  |   in|    5|     ap_fifo|               stream_csc|       pointer|
|stream_csc_fifo_cap        |   in|    5|     ap_fifo|               stream_csc|       pointer|
|stream_csc_empty_n         |   in|    1|     ap_fifo|               stream_csc|       pointer|
|stream_csc_read            |  out|    1|     ap_fifo|               stream_csc|       pointer|
|m_axis_video_TDATA         |  out|   40|        axis|    m_axis_video_V_data_V|       pointer|
|m_axis_video_TVALID        |  out|    1|        axis|    m_axis_video_V_dest_V|       pointer|
|m_axis_video_TREADY        |   in|    1|        axis|    m_axis_video_V_dest_V|       pointer|
|m_axis_video_TDEST         |  out|    1|        axis|    m_axis_video_V_dest_V|       pointer|
|m_axis_video_TKEEP         |  out|    5|        axis|    m_axis_video_V_keep_V|       pointer|
|m_axis_video_TSTRB         |  out|    5|        axis|    m_axis_video_V_strb_V|       pointer|
|m_axis_video_TUSER         |  out|    1|        axis|    m_axis_video_V_user_V|       pointer|
|m_axis_video_TLAST         |  out|    1|        axis|    m_axis_video_V_last_V|       pointer|
|m_axis_video_TID           |  out|    1|        axis|      m_axis_video_V_id_V|       pointer|
|Height_dout                |   in|   12|     ap_fifo|                   Height|       pointer|
|Height_num_data_valid      |   in|    3|     ap_fifo|                   Height|       pointer|
|Height_fifo_cap            |   in|    3|     ap_fifo|                   Height|       pointer|
|Height_empty_n             |   in|    1|     ap_fifo|                   Height|       pointer|
|Height_read                |  out|    1|     ap_fifo|                   Height|       pointer|
|WidthOut_dout              |   in|   12|     ap_fifo|                 WidthOut|       pointer|
|WidthOut_num_data_valid    |   in|    3|     ap_fifo|                 WidthOut|       pointer|
|WidthOut_fifo_cap          |   in|    3|     ap_fifo|                 WidthOut|       pointer|
|WidthOut_empty_n           |   in|    1|     ap_fifo|                 WidthOut|       pointer|
|WidthOut_read              |  out|    1|     ap_fifo|                 WidthOut|       pointer|
|p_read                     |   in|    8|     ap_none|                   p_read|        scalar|
+---------------------------+-----+-----+------------+-------------------------+--------------+

